0.18283999990671873	EXP	Created Window = Window( name=Window, fullscr=true, color=#808080, units=height, waitBlanking=true, autoLog=true, size=[1280,578] )
4.457374999765307	DATA	Keydown: Shift
4.896174999885261	DATA	Keydown: J
5.731209999881685	DATA	Keydown: a
6.122614999767393	DATA	Keydown: c
6.672154999803752	DATA	Keydown: k
6.89098499994725	DATA	Keydown:  
7.437914999667555	DATA	Keydown: Shift
7.945454999804497	DATA	Keydown: Shift
7.9776049996726215	DATA	Keydown: Shift
7.990894999820739	DATA	Keydown: L
8.730239999946207	DATA	Keydown: e
8.882634999696165	DATA	Keydown: s
9.131844999734312	DATA	Keydown: t
9.322229999583215	DATA	Keydown: e
9.515544999856502	DATA	Keydown: r
11.61322999978438	EXP	Created instText = TextStim( name=instText, win=Window( name=Window, fullscr=true, color=#808080, ~), autoDraw=null, autoLog=true, units=height, pos=[0,0], size=undefined, ori=null, opacity=1, depth=null, clipMask=null, boundingBox={"x":-0.49782258664035467,"y":-0.3711072664359862,~, text=In this game you will be asked to guess a random n~, alignHoriz=center, alignVert=center, flipHoriz=null, flipVert=null, font=Arial, height=0.05, wrapWidth=1, bold=null, italic=null, color=#FFFFFF, contrast=1 )
11.616609999909997	EXP	Created text_2 = TextStim( name=text_2, win=Window( name=Window, fullscr=true, color=#808080, ~), autoDraw=null, autoLog=true, units=height, pos=[0,0], size=undefined, ori=null, opacity=1, depth=null, clipMask=null, boundingBox={"x":-0.45600357847642736,"y":-0.3140138408304498,~, text=Type in your guess and press “enter” in order to s~, alignHoriz=center, alignVert=center, flipHoriz=null, flipVert=null, font=Arial, height=0.05, wrapWidth=1, bold=null, italic=null, color=#FFFFFF, contrast=1 )
11.617614999879152	EXP	Created instr = TextStim( name=instr, win=Window( name=Window, fullscr=true, color=#808080, ~), autoDraw=null, autoLog=true, units=height, pos=[-0.2,0.2], size=undefined, ori=null, opacity=1, depth=null, clipMask=null, boundingBox={"x":-0.6545826631433824,"y":0.17145328719723185,"~, text=Type your guess below and press “enter” , alignHoriz=center, alignVert=center, flipHoriz=null, flipVert=null, font=Arial, height=0.05, wrapWidth=1, bold=null, italic=null, color=#FFFFFF, contrast=1 )
11.62351999990642	EXP	Created text = TextStim( name=text, win=Window( name=Window, fullscr=true, color=#808080, ~), autoDraw=null, autoLog=true, units=height, pos=[0,0], size=undefined, ori=null, opacity=1, depth=-1, clipMask=null, boundingBox={"x":0,"y":-0.056228373702422146,"width":0,"height~, text=null, alignHoriz=center, alignVert=center, flipHoriz=null, flipVert=null, font=Arial, height=0.1, wrapWidth=1, bold=null, italic=null, color=#FFFFFF, contrast=1 )
11.624244999606162	EXP	Created feedback = TextStim( name=feedback, win=Window( name=Window, fullscr=true, color=#808080, ~), autoDraw=null, autoLog=true, units=height, pos=[0,0.1], size=undefined, ori=null, opacity=1, depth=-2, clipMask=null, boundingBox={"x":0,"y":0.04377162629757786,"width":0,"height":~, text=null, alignHoriz=center, alignVert=center, flipHoriz=null, flipVert=null, font=Arial, height=0.1, wrapWidth=1, bold=null, italic=null, color=#FFFFFF, contrast=1 )
11.626084999646991	EXP	Created game_over_text = TextStim( name=game_over_text, win=Window( name=Window, fullscr=true, color=#808080, ~), autoDraw=null, autoLog=true, units=height, pos=[0,0], size=undefined, ori=null, opacity=1, depth=null, clipMask=null, boundingBox={"x":-0.49364558553200694,"y":-0.19982698961937717~, text=Congrats! You win!

Please type the letter “y” if ~, alignHoriz=center, alignVert=center, flipHoriz=null, flipVert=null, font=Arial, height=0.05, wrapWidth=1, bold=null, italic=null, color=#FFFFFF, contrast=1 )
11.728709999937564	EXP	instText: units = height
11.728709999937564	EXP	instText: pos = [0,0]
11.728709999937564	EXP	instText: size = undefined
11.728709999937564	EXP	instText: ori = null
11.728709999937564	EXP	instText: opacity = 1
11.728709999937564	EXP	instText: depth = null
11.728709999937564	EXP	instText: clipMask = null
11.728709999937564	EXP	instText: boundingBox = {"x":0,"y":0,"width":0,"height":0,"type":1}
11.728709999937564	EXP	instText: text = In this game you will be asked to guess a random number from 1 to 1,000 (inclusive). 

Each time you guess, you will receive a hint. That hint will either tell you that your guess was too high or too low. You can use that feedback in your next turn. 

Please note that you must use the number row to type in guesses (not the number pad)! 

Press the space bar to continue...
11.728709999937564	EXP	instText: alignHoriz = center
11.728709999937564	EXP	instText: alignVert = center
11.728709999937564	EXP	instText: flipHoriz = null
11.728709999937564	EXP	instText: flipVert = null
11.728709999937564	EXP	instText: font = Arial
11.728709999937564	EXP	instText: height = 0.05
11.728709999937564	EXP	instText: wrapWidth = 1
11.728709999937564	EXP	instText: bold = null
11.728709999937564	EXP	instText: italic = null
11.728709999937564	EXP	instText: color = #FFFFFF
11.728709999937564	EXP	instText: contrast = 1
11.728709999937564	EXP	text_2: units = height
11.728709999937564	EXP	text_2: pos = [0,0]
11.728709999937564	EXP	text_2: size = undefined
11.728709999937564	EXP	text_2: ori = null
11.728709999937564	EXP	text_2: opacity = 1
11.728709999937564	EXP	text_2: depth = null
11.728709999937564	EXP	text_2: clipMask = null
11.728709999937564	EXP	text_2: boundingBox = {"x":0,"y":0,"width":0,"height":0,"type":1}
11.728709999937564	EXP	text_2: text = Type in your guess and press “enter” in order to submit that guess.

Your final score will be based on a combination of: 1) total time you took to submit each guess, and 2) the number of guesses it took for you to finally get the correct number. 

Press the space bar to start the game…

11.728709999937564	EXP	text_2: alignHoriz = center
11.728709999937564	EXP	text_2: alignVert = center
11.728709999937564	EXP	text_2: flipHoriz = null
11.728709999937564	EXP	text_2: flipVert = null
11.728709999937564	EXP	text_2: font = Arial
11.728709999937564	EXP	text_2: height = 0.05
11.728709999937564	EXP	text_2: wrapWidth = 1
11.728709999937564	EXP	text_2: bold = null
11.728709999937564	EXP	text_2: italic = null
11.728709999937564	EXP	text_2: color = #FFFFFF
11.728709999937564	EXP	text_2: contrast = 1
11.728709999937564	EXP	instr: units = height
11.728709999937564	EXP	instr: pos = [-0.2,0.2]
11.728709999937564	EXP	instr: size = undefined
11.728709999937564	EXP	instr: ori = null
11.728709999937564	EXP	instr: opacity = 1
11.728709999937564	EXP	instr: depth = null
11.728709999937564	EXP	instr: clipMask = null
11.728709999937564	EXP	instr: boundingBox = {"x":0,"y":0,"width":0,"height":0,"type":1}
11.728709999937564	EXP	instr: text = Type your guess below and press “enter” 
11.728709999937564	EXP	instr: alignHoriz = center
11.728709999937564	EXP	instr: alignVert = center
11.728709999937564	EXP	instr: flipHoriz = null
11.728709999937564	EXP	instr: flipVert = null
11.728709999937564	EXP	instr: font = Arial
11.728709999937564	EXP	instr: height = 0.05
11.728709999937564	EXP	instr: wrapWidth = 1
11.728709999937564	EXP	instr: bold = null
11.728709999937564	EXP	instr: italic = null
11.728709999937564	EXP	instr: color = #FFFFFF
11.728709999937564	EXP	instr: contrast = 1
11.728709999937564	EXP	text: units = height
11.728709999937564	EXP	text: pos = [0,0]
11.728709999937564	EXP	text: size = undefined
11.728709999937564	EXP	text: ori = null
11.728709999937564	EXP	text: opacity = 1
11.728709999937564	EXP	text: depth = -1
11.728709999937564	EXP	text: clipMask = null
11.728709999937564	EXP	text: boundingBox = {"x":0,"y":0,"width":0,"height":0,"type":1}
11.728709999937564	EXP	text: text = null
11.728709999937564	EXP	text: alignHoriz = center
11.728709999937564	EXP	text: alignVert = center
11.728709999937564	EXP	text: flipHoriz = null
11.728709999937564	EXP	text: flipVert = null
11.728709999937564	EXP	text: font = Arial
11.728709999937564	EXP	text: height = 0.1
11.728709999937564	EXP	text: wrapWidth = 1
11.728709999937564	EXP	text: bold = null
11.728709999937564	EXP	text: italic = null
11.728709999937564	EXP	text: color = #FFFFFF
11.728709999937564	EXP	text: contrast = 1
11.728709999937564	EXP	feedback: units = height
11.728709999937564	EXP	feedback: pos = [0,0.1]
11.728709999937564	EXP	feedback: size = undefined
11.728709999937564	EXP	feedback: ori = null
11.728709999937564	EXP	feedback: opacity = 1
11.728709999937564	EXP	feedback: depth = -2
11.728709999937564	EXP	feedback: clipMask = null
11.728709999937564	EXP	feedback: boundingBox = {"x":0,"y":0,"width":0,"height":0,"type":1}
11.728709999937564	EXP	feedback: text = null
11.728709999937564	EXP	feedback: alignHoriz = center
11.728709999937564	EXP	feedback: alignVert = center
11.728709999937564	EXP	feedback: flipHoriz = null
11.728709999937564	EXP	feedback: flipVert = null
11.728709999937564	EXP	feedback: font = Arial
11.728709999937564	EXP	feedback: height = 0.1
11.728709999937564	EXP	feedback: wrapWidth = 1
11.728709999937564	EXP	feedback: bold = null
11.728709999937564	EXP	feedback: italic = null
11.728709999937564	EXP	feedback: color = #FFFFFF
11.728709999937564	EXP	feedback: contrast = 1
11.728709999937564	EXP	game_over_text: units = height
11.728709999937564	EXP	game_over_text: pos = [0,0]
11.728709999937564	EXP	game_over_text: size = undefined
11.728709999937564	EXP	game_over_text: ori = null
11.728709999937564	EXP	game_over_text: opacity = 1
11.728709999937564	EXP	game_over_text: depth = null
11.728709999937564	EXP	game_over_text: clipMask = null
11.728709999937564	EXP	game_over_text: boundingBox = {"x":0,"y":0,"width":0,"height":0,"type":1}
11.728709999937564	EXP	game_over_text: text = Congrats! You win!

Please type the letter “y” if you are familiar with binary or bisection search. 
Type the letter “n” if you have never heard of or do not know what binary or bisection search is.
11.728709999937564	EXP	game_over_text: alignHoriz = center
11.728709999937564	EXP	game_over_text: alignVert = center
11.728709999937564	EXP	game_over_text: flipHoriz = null
11.728709999937564	EXP	game_over_text: flipVert = null
11.728709999937564	EXP	game_over_text: font = Arial
11.728709999937564	EXP	game_over_text: height = 0.05
11.728709999937564	EXP	game_over_text: wrapWidth = 1
11.728709999937564	EXP	game_over_text: bold = null
11.728709999937564	EXP	game_over_text: italic = null
11.728709999937564	EXP	game_over_text: color = #FFFFFF
11.728709999937564	EXP	game_over_text: contrast = 1
11.728709999937564	EXP	instText: autoDraw = true
27.423439999576658	DATA	Keydown:  
27.451109999790788	EXP	instText: autoDraw = null
27.451109999790788	EXP	text_2: autoDraw = true
35.236969999969006	DATA	Keydown:  
35.2685099998489	EXP	text_2: autoDraw = null
35.2685099998489	EXP	text: text = null
35.2685099998489	EXP	instr: autoDraw = true
35.2685099998489	EXP	text: autoDraw = true
35.2685099998489	EXP	feedback: autoDraw = true
40.653719999827445	DATA	Keydown: 7
40.6595599995926	EXP	text: text = 7
40.869294999632984	DATA	Keydown: 6
40.90781499957666	EXP	text: text = 76
41.11756499996409	DATA	Keydown: 4
41.13659999985248	EXP	text: text = 764
41.90469999983907	DATA	Keydown: Enter
41.92822499992326	EXP	feedback: text = Too high!
41.92822499992326	EXP	text: text = null
44.45909499982372	DATA	Keydown: 5
44.49134499998763	EXP	text: text = 5
45.020529999863356	DATA	Keydown: 0
45.05278999963775	EXP	text: text = 50
45.1795399999246	DATA	Keydown: 0
45.19989499961957	EXP	text: text = 500
45.857504999730736	DATA	Keydown: Enter
45.88592999987304	EXP	feedback: text = Too low!
45.88592999987304	EXP	text: text = null
47.13815000001341	DATA	Keydown: 6
47.17737999977544	EXP	text: text = 6
47.32473499979824	DATA	Keydown: 6
47.36526499968022	EXP	text: text = 66
47.57799499994144	DATA	Keydown: 7
47.61556499963626	EXP	text: text = 667
48.37772999983281	DATA	Keydown: Enter
48.40686499979347	EXP	feedback: text = Too high!
48.40686499979347	EXP	text: text = null
49.870499999728054	DATA	Keydown: 6
49.90715499967337	EXP	text: text = 6
50.240039999596775	DATA	Keydown: 3
50.260619999840856	EXP	text: text = 63
50.880604999605566	DATA	Keydown: 0
50.906474999617785	EXP	text: text = 630
51.25666999956593	DATA	Keydown: Enter
51.28110999986529	EXP	feedback: text = Too high!
51.28110999986529	EXP	text: text = null
52.74566499982029	DATA	Keydown: 6
52.78154999995604	EXP	text: text = 6
53.24826499959454	DATA	Keydown: 0
53.28139999974519	EXP	text: text = 60
53.38594999955967	DATA	Keydown: 0
53.42691499972716	EXP	text: text = 600
53.764324999880046	DATA	Keydown: Enter
53.80182499997318	EXP	feedback: text = Too high!
53.80182499997318	EXP	text: text = null
54.9494899995625	DATA	Keydown: 5
54.96905499976128	EXP	text: text = 5
55.51280999975279	DATA	Keydown: 7
55.55229999963194	EXP	text: text = 57
55.87317499984056	DATA	Keydown: 5
55.9055249998346	EXP	text: text = 575
56.516799999866635	DATA	Keydown: Enter
56.55157999973744	EXP	feedback: text = Too high!
56.55157999973744	EXP	text: text = null
57.7180799995549	DATA	Keydown: 5
57.73918499983847	EXP	text: text = 5
57.955909999553114	DATA	Keydown: 6
57.98875999962911	EXP	text: text = 56
58.37679999973625	DATA	Keydown: 0
58.40635999990627	EXP	text: text = 560
58.765404999721795	DATA	Keydown: Enter
58.801374999806285	EXP	feedback: text = Too high!
58.801374999806285	EXP	text: text = null
60.94920999975875	DATA	Keydown: 5
60.96841500001028	EXP	text: text = 5
61.13442999962717	DATA	Keydown: 3
61.15513499965891	EXP	text: text = 53
61.75935499975458	DATA	Keydown: 0
61.780329999979585	EXP	text: text = 530
62.28215999994427	DATA	Keydown: Enter
62.32185499975458	EXP	feedback: text = Too low!
62.32185499975458	EXP	text: text = null
63.58007999975234	DATA	Keydown: 5
63.6132749998942	EXP	text: text = 5
63.84597999975085	DATA	Keydown: 4
63.884179999586195	EXP	text: text = 54
64.37757000001147	DATA	Keydown: 0
64.40512499958277	EXP	text: text = 540
64.73338999971747	DATA	Keydown: Enter
64.75866499962285	EXP	feedback: text = Too low!
64.75866499962285	EXP	text: text = null
66.4151999996975	DATA	Keydown: 5
66.42874999996275	EXP	text: text = 5
66.58795999968424	DATA	Keydown: 5
66.61282999999821	EXP	text: text = 55
66.83674499997869	DATA	Keydown: 5
66.86317499959841	EXP	text: text = 555
67.51252999994904	DATA	Keydown: Enter
67.5507749998942	EXP	feedback: text = Too high!
67.5507749998942	EXP	text: text = null
69.09819999989122	DATA	Keydown: 5
69.13349999999627	EXP	text: text = 5
69.60211499966681	DATA	Keydown: 4
69.63337499974295	EXP	text: text = 54
69.77009499957785	DATA	Keydown: 5
69.79933999991044	EXP	text: text = 545
70.30718499980867	DATA	Keydown: Enter
70.3416399997659	EXP	feedback: text = Too low!
70.3416399997659	EXP	text: text = null
73.29507499979809	DATA	Keydown: 5
73.32046999968588	EXP	text: text = 5
73.59895999962464	DATA	Keydown: 4
73.63374999957159	EXP	text: text = 54
73.88746499968693	DATA	Keydown: 6
73.92452499968931	EXP	text: text = 546
74.5773199996911	DATA	Keydown: Enter
74.61281999992207	EXP	instr: autoDraw = null
74.61281999992207	EXP	text: autoDraw = null
74.61281999992207	EXP	feedback: autoDraw = null
74.61281999992207	EXP	text: text = null
74.61281999992207	EXP	game_over_text: autoDraw = true
82.41350499959663	DATA	Keydown: y
