0.11999999999999988	EXP	Created Window = Window( name=Window, fullscr=true, color=#808080, units=height, waitBlanking=true, autoLog=true, size=[1324,902] )
3.242	DATA	Keydown: k
3.3120000000000003	DATA	Keydown: e
3.442	DATA	Keydown: v
3.4909999999999997	DATA	Keydown: i
3.6239999999999997	DATA	Keydown: n
9.346	EXP	Created instText = TextStim( name=instText, win=Window( name=Window, fullscr=true, color=#808080, ~), autoDraw=null, autoLog=true, units=height, pos=[0,0], size=undefined, ori=null, opacity=1, depth=null, clipMask=null, boundingBox={"x":-0.495005943822755,"y":-0.36751662971175164,"~, text=In this game you will be asked to guess a random n~, alignHoriz=center, alignVert=center, flipHoriz=null, flipVert=null, font=Arial, height=0.05, wrapWidth=1, bold=null, italic=null, color=#FFFFFF, contrast=1 )
9.349	EXP	Created text_2 = TextStim( name=text_2, win=Window( name=Window, fullscr=true, color=#808080, ~), autoDraw=null, autoLog=true, units=height, pos=[0,0], size=undefined, ori=null, opacity=1, depth=null, clipMask=null, boundingBox={"x":-0.4977586158363359,"y":-0.31097560975609756,~, text=Type in your guess and press “enter” in order to s~, alignHoriz=center, alignVert=center, flipHoriz=null, flipVert=null, font=Arial, height=0.05, wrapWidth=1, bold=null, italic=null, color=#FFFFFF, contrast=1 )
9.349	EXP	Created instr = TextStim( name=instr, win=Window( name=Window, fullscr=true, color=#808080, ~), autoDraw=null, autoLog=true, units=height, pos=[-0.2,0.2], size=undefined, ori=null, opacity=1, depth=null, clipMask=null, boundingBox={"x":-0.6520106685663802,"y":0.17172949002217297,"~, text=Type your guess below and press “enter” , alignHoriz=center, alignVert=center, flipHoriz=null, flipVert=null, font=Arial, height=0.05, wrapWidth=1, bold=null, italic=null, color=#FFFFFF, contrast=1 )
9.352	EXP	Created text = TextStim( name=text, win=Window( name=Window, fullscr=true, color=#808080, ~), autoDraw=null, autoLog=true, units=height, pos=[0,0], size=undefined, ori=null, opacity=1, depth=-1, clipMask=null, boundingBox={"x":0,"y":-0.05598669623059867,"width":0,"height"~, text=null, alignHoriz=center, alignVert=center, flipHoriz=null, flipVert=null, font=Arial, height=0.1, wrapWidth=1, bold=null, italic=null, color=#FFFFFF, contrast=1 )
9.353000000000002	EXP	Created feedback = TextStim( name=feedback, win=Window( name=Window, fullscr=true, color=#808080, ~), autoDraw=null, autoLog=true, units=height, pos=[0,0.1], size=undefined, ori=null, opacity=1, depth=-2, clipMask=null, boundingBox={"x":0,"y":0.04401330376940134,"width":0,"height":~, text=null, alignHoriz=center, alignVert=center, flipHoriz=null, flipVert=null, font=Arial, height=0.1, wrapWidth=1, bold=null, italic=null, color=#FFFFFF, contrast=1 )
9.354	EXP	Created game_over_text = TextStim( name=game_over_text, win=Window( name=Window, fullscr=true, color=#808080, ~), autoDraw=null, autoLog=true, units=height, pos=[0,0], size=undefined, ori=null, opacity=1, depth=null, clipMask=null, boundingBox={"x":-0.49085257587305986,"y":-0.19789356984478937~, text=Congrats! You win!

Please type the letter “y” if ~, alignHoriz=center, alignVert=center, flipHoriz=null, flipVert=null, font=Arial, height=0.05, wrapWidth=1, bold=null, italic=null, color=#FFFFFF, contrast=1 )
9.402000000000001	EXP	instText: units = height
9.402000000000001	EXP	instText: pos = [0,0]
9.402000000000001	EXP	instText: size = undefined
9.402000000000001	EXP	instText: ori = null
9.402000000000001	EXP	instText: opacity = 1
9.402000000000001	EXP	instText: depth = null
9.402000000000001	EXP	instText: clipMask = null
9.402000000000001	EXP	instText: boundingBox = {"x":0,"y":0,"width":0,"height":0,"type":1}
9.402000000000001	EXP	instText: text = In this game you will be asked to guess a random number from 1 to 1,000 (inclusive). 

Each time you guess, you will receive a hint. That hint will either tell you that your guess was too high or too low. You can use that feedback in your next turn. 

Please note that you must use the number row to type in guesses (not the number pad)! 

Press the space bar to continue...
9.402000000000001	EXP	instText: alignHoriz = center
9.402000000000001	EXP	instText: alignVert = center
9.402000000000001	EXP	instText: flipHoriz = null
9.402000000000001	EXP	instText: flipVert = null
9.402000000000001	EXP	instText: font = Arial
9.402000000000001	EXP	instText: height = 0.05
9.402000000000001	EXP	instText: wrapWidth = 1
9.402000000000001	EXP	instText: bold = null
9.402000000000001	EXP	instText: italic = null
9.402000000000001	EXP	instText: color = #FFFFFF
9.402000000000001	EXP	instText: contrast = 1
9.402000000000001	EXP	text_2: units = height
9.402000000000001	EXP	text_2: pos = [0,0]
9.402000000000001	EXP	text_2: size = undefined
9.402000000000001	EXP	text_2: ori = null
9.402000000000001	EXP	text_2: opacity = 1
9.402000000000001	EXP	text_2: depth = null
9.402000000000001	EXP	text_2: clipMask = null
9.402000000000001	EXP	text_2: boundingBox = {"x":0,"y":0,"width":0,"height":0,"type":1}
9.402000000000001	EXP	text_2: text = Type in your guess and press “enter” in order to submit that guess.

Your final score will be based on a combination of: 1) total time you took to submit each guess, and 2) the number of guesses it took for you to finally get the correct number. 

Press the space bar to start the game…

9.402000000000001	EXP	text_2: alignHoriz = center
9.402000000000001	EXP	text_2: alignVert = center
9.402000000000001	EXP	text_2: flipHoriz = null
9.402000000000001	EXP	text_2: flipVert = null
9.402000000000001	EXP	text_2: font = Arial
9.402000000000001	EXP	text_2: height = 0.05
9.402000000000001	EXP	text_2: wrapWidth = 1
9.402000000000001	EXP	text_2: bold = null
9.402000000000001	EXP	text_2: italic = null
9.402000000000001	EXP	text_2: color = #FFFFFF
9.402000000000001	EXP	text_2: contrast = 1
9.402000000000001	EXP	instr: units = height
9.402000000000001	EXP	instr: pos = [-0.2,0.2]
9.402000000000001	EXP	instr: size = undefined
9.402000000000001	EXP	instr: ori = null
9.402000000000001	EXP	instr: opacity = 1
9.402000000000001	EXP	instr: depth = null
9.402000000000001	EXP	instr: clipMask = null
9.402000000000001	EXP	instr: boundingBox = {"x":0,"y":0,"width":0,"height":0,"type":1}
9.402000000000001	EXP	instr: text = Type your guess below and press “enter” 
9.402000000000001	EXP	instr: alignHoriz = center
9.402000000000001	EXP	instr: alignVert = center
9.402000000000001	EXP	instr: flipHoriz = null
9.402000000000001	EXP	instr: flipVert = null
9.402000000000001	EXP	instr: font = Arial
9.402000000000001	EXP	instr: height = 0.05
9.402000000000001	EXP	instr: wrapWidth = 1
9.402000000000001	EXP	instr: bold = null
9.402000000000001	EXP	instr: italic = null
9.402000000000001	EXP	instr: color = #FFFFFF
9.402000000000001	EXP	instr: contrast = 1
9.402000000000001	EXP	text: units = height
9.402000000000001	EXP	text: pos = [0,0]
9.402000000000001	EXP	text: size = undefined
9.402000000000001	EXP	text: ori = null
9.402000000000001	EXP	text: opacity = 1
9.402000000000001	EXP	text: depth = -1
9.402000000000001	EXP	text: clipMask = null
9.402000000000001	EXP	text: boundingBox = {"x":0,"y":0,"width":0,"height":0,"type":1}
9.402000000000001	EXP	text: text = null
9.402000000000001	EXP	text: alignHoriz = center
9.402000000000001	EXP	text: alignVert = center
9.402000000000001	EXP	text: flipHoriz = null
9.402000000000001	EXP	text: flipVert = null
9.402000000000001	EXP	text: font = Arial
9.402000000000001	EXP	text: height = 0.1
9.402000000000001	EXP	text: wrapWidth = 1
9.402000000000001	EXP	text: bold = null
9.402000000000001	EXP	text: italic = null
9.402000000000001	EXP	text: color = #FFFFFF
9.402000000000001	EXP	text: contrast = 1
9.402000000000001	EXP	feedback: units = height
9.402000000000001	EXP	feedback: pos = [0,0.1]
9.402000000000001	EXP	feedback: size = undefined
9.402000000000001	EXP	feedback: ori = null
9.402000000000001	EXP	feedback: opacity = 1
9.402000000000001	EXP	feedback: depth = -2
9.402000000000001	EXP	feedback: clipMask = null
9.402000000000001	EXP	feedback: boundingBox = {"x":0,"y":0,"width":0,"height":0,"type":1}
9.402000000000001	EXP	feedback: text = null
9.402000000000001	EXP	feedback: alignHoriz = center
9.402000000000001	EXP	feedback: alignVert = center
9.402000000000001	EXP	feedback: flipHoriz = null
9.402000000000001	EXP	feedback: flipVert = null
9.402000000000001	EXP	feedback: font = Arial
9.402000000000001	EXP	feedback: height = 0.1
9.402000000000001	EXP	feedback: wrapWidth = 1
9.402000000000001	EXP	feedback: bold = null
9.402000000000001	EXP	feedback: italic = null
9.402000000000001	EXP	feedback: color = #FFFFFF
9.402000000000001	EXP	feedback: contrast = 1
9.402000000000001	EXP	game_over_text: units = height
9.402000000000001	EXP	game_over_text: pos = [0,0]
9.402000000000001	EXP	game_over_text: size = undefined
9.402000000000001	EXP	game_over_text: ori = null
9.402000000000001	EXP	game_over_text: opacity = 1
9.402000000000001	EXP	game_over_text: depth = null
9.402000000000001	EXP	game_over_text: clipMask = null
9.402000000000001	EXP	game_over_text: boundingBox = {"x":0,"y":0,"width":0,"height":0,"type":1}
9.402000000000001	EXP	game_over_text: text = Congrats! You win!

Please type the letter “y” if you are familiar with binary or bisection search. 
Type the letter “n” if you have never heard of or do not know what binary or bisection search is.
9.402000000000001	EXP	game_over_text: alignHoriz = center
9.402000000000001	EXP	game_over_text: alignVert = center
9.402000000000001	EXP	game_over_text: flipHoriz = null
9.402000000000001	EXP	game_over_text: flipVert = null
9.402000000000001	EXP	game_over_text: font = Arial
9.402000000000001	EXP	game_over_text: height = 0.05
9.402000000000001	EXP	game_over_text: wrapWidth = 1
9.402000000000001	EXP	game_over_text: bold = null
9.402000000000001	EXP	game_over_text: italic = null
9.402000000000001	EXP	game_over_text: color = #FFFFFF
9.402000000000001	EXP	game_over_text: contrast = 1
9.402000000000001	EXP	instText: autoDraw = true
29.041	DATA	Keydown:  
29.068	EXP	instText: autoDraw = null
29.068	EXP	text_2: autoDraw = true
38.138	DATA	Keydown:  
38.169999999999995	EXP	text_2: autoDraw = null
38.169999999999995	EXP	text: text = null
38.169999999999995	EXP	instr: autoDraw = true
38.169999999999995	EXP	text: autoDraw = true
38.169999999999995	EXP	feedback: autoDraw = true
39.135999999999996	DATA	Keydown: 5
39.153	EXP	text: text = 5
39.403	DATA	Keydown: 0
39.419999999999995	EXP	text: text = 50
39.588	DATA	Keydown: 0
39.603	EXP	text: text = 500
40.123999999999995	DATA	Keydown: Enter
40.137	EXP	feedback: text = Too high!
40.137	EXP	text: text = null
41.76	DATA	Keydown: 2
41.769999999999996	EXP	text: text = 2
42.254	DATA	Keydown: 5
42.269999999999996	EXP	text: text = 25
42.437	DATA	Keydown: 0
42.454	EXP	text: text = 250
42.753	DATA	Keydown: Enter
42.770999999999994	EXP	feedback: text = Too high!
42.770999999999994	EXP	text: text = null
44.387	DATA	Keydown: 1
44.403999999999996	EXP	text: text = 1
44.542	DATA	Keydown: 2
44.553	EXP	text: text = 12
44.791	DATA	Keydown: 5
44.803999999999995	EXP	text: text = 125
45.144999999999996	DATA	Keydown: Enter
45.153	EXP	feedback: text = Too high!
45.153	EXP	text: text = null
54.487	DATA	Keydown: 6
54.503	EXP	text: text = 6
54.82	DATA	Keydown: 5
54.836999999999996	EXP	text: text = 65
55.236	DATA	Keydown: Enter
55.253	EXP	feedback: text = Too low!
55.253	EXP	text: text = null
60.623	DATA	Keydown: 9
60.635999999999996	EXP	text: text = 9
60.856	DATA	Keydown: 0
60.87	EXP	text: text = 90
61.236	DATA	Keydown: Enter
61.253	EXP	feedback: text = Too low!
61.253	EXP	text: text = null
67.10300000000001	DATA	Keydown: 1
67.12	EXP	text: text = 1
67.236	DATA	Keydown: 0
67.253	EXP	text: text = 10
67.494	DATA	Keydown: 5
67.50200000000001	EXP	text: text = 105
67.92	DATA	Keydown: Enter
67.936	EXP	feedback: text = Too high!
67.936	EXP	text: text = null
69.92500000000001	DATA	Keydown: 1
69.936	EXP	text: text = 1
70.07100000000001	DATA	Keydown: 0
70.087	EXP	text: text = 10
70.25200000000001	DATA	Keydown: 0
70.27000000000001	EXP	text: text = 100
71.186	DATA	Keydown: Enter
71.20200000000001	EXP	feedback: text = Too high!
71.20200000000001	EXP	text: text = null
72.855	DATA	Keydown: 9
72.869	EXP	text: text = 9
73.087	DATA	Keydown: 5
73.10300000000001	EXP	text: text = 95
73.236	DATA	Keydown: Enter
73.25200000000001	EXP	feedback: text = Too low!
73.25200000000001	EXP	text: text = null
75.57000000000001	DATA	Keydown: 9
75.58600000000001	EXP	text: text = 9
75.855	DATA	Keydown: 7
75.87	EXP	text: text = 97
76.17	DATA	Keydown: Enter
76.186	EXP	feedback: text = Too low!
76.186	EXP	text: text = null
77.492	DATA	Keydown: 9
77.503	EXP	text: text = 9
77.769	DATA	Keydown: 8
77.786	EXP	text: text = 98
78.053	DATA	Keydown: Enter
78.084	EXP	instr: autoDraw = null
78.084	EXP	text: autoDraw = null
78.084	EXP	feedback: autoDraw = null
78.084	EXP	text: text = null
78.084	EXP	game_over_text: autoDraw = true
83.936	DATA	Keydown: y
