0.27621500000168453	EXP	Created Window = Window( name=Window, fullscr=true, color=#808080, units=height, waitBlanking=true, autoLog=true, size=[1536,722] )
3.1925699999992503	DATA	Keydown: Shift
3.2996800000000803	DATA	Keydown: M
3.4842199999984587	DATA	Keydown: a
3.5404149999994843	DATA	Keydown: g
3.673255000001518	DATA	Keydown: g
3.739720000001398	DATA	Keydown: i
3.7932399999990594	DATA	Keydown: e
3.8997400000007474	DATA	Keydown:  
3.9927800000004936	DATA	Keydown: Shift
4.057284999998956	DATA	Keydown: B
4.189450000001671	DATA	Keydown: r
4.277539999999135	DATA	Keydown: e
4.291130000001431	DATA	Keydown: i
4.366955000001326	DATA	Keydown: t
4.473135000000184	DATA	Keydown: e
4.572779999998602	DATA	Keydown: n
4.68925500000114	DATA	Keydown: s
4.756195000001753	DATA	Keydown: t
4.856325000000652	DATA	Keydown: e
4.912804999999935	DATA	Keydown: i
5.045320000001084	DATA	Keydown: n
7.02922000000035	EXP	Created instText = TextStim( name=instText, win=Window( name=Window, fullscr=true, color=#808080, ~), autoDraw=null, autoLog=true, units=height, pos=[0,0], size=undefined, ori=null, opacity=1, depth=null, clipMask=null, boundingBox={"x":-0.4947317023026316,"y":-0.3601108033240997,"~, text=In this game you will be asked to guess a random n~, alignHoriz=center, alignVert=center, flipHoriz=null, flipVert=null, font=Arial, height=0.05, wrapWidth=1, bold=null, italic=null, color=#FFFFFF, contrast=1 )
7.0335699999995995	EXP	Created text_2 = TextStim( name=text_2, win=Window( name=Window, fullscr=true, color=#808080, ~), autoDraw=null, autoLog=true, units=height, pos=[0,0], size=undefined, ori=null, opacity=1, depth=null, clipMask=null, boundingBox={"x":-0.49748284929016623,"y":-0.3047091412742382,~, text=Type in your guess and press “enter” in order to s~, alignHoriz=center, alignVert=center, flipHoriz=null, flipVert=null, font=Arial, height=0.05, wrapWidth=1, bold=null, italic=null, color=#FFFFFF, contrast=1 )
7.0347750000000815	EXP	Created instr = TextStim( name=instr, win=Window( name=Window, fullscr=true, color=#808080, ~), autoDraw=null, autoLog=true, units=height, pos=[-0.2,0.2], size=undefined, ori=null, opacity=1, depth=null, clipMask=null, boundingBox={"x":-0.6517602471433518,"y":0.17229916897506925,"~, text=Type your guess below and press “enter” , alignHoriz=center, alignVert=center, flipHoriz=null, flipVert=null, font=Arial, height=0.05, wrapWidth=1, bold=null, italic=null, color=#FFFFFF, contrast=1 )
7.0423699999992095	EXP	Created text = TextStim( name=text, win=Window( name=Window, fullscr=true, color=#808080, ~), autoDraw=null, autoLog=true, units=height, pos=[0,0], size=undefined, ori=null, opacity=1, depth=-1, clipMask=null, boundingBox={"x":0,"y":-0.055401662049861494,"width":0,"height~, text=null, alignHoriz=center, alignVert=center, flipHoriz=null, flipVert=null, font=Arial, height=0.1, wrapWidth=1, bold=null, italic=null, color=#FFFFFF, contrast=1 )
7.043095000000903	EXP	Created feedback = TextStim( name=feedback, win=Window( name=Window, fullscr=true, color=#808080, ~), autoDraw=null, autoLog=true, units=height, pos=[0,0.1], size=undefined, ori=null, opacity=1, depth=-2, clipMask=null, boundingBox={"x":0,"y":0.04459833795013851,"width":0,"height":~, text=null, alignHoriz=center, alignVert=center, flipHoriz=null, flipVert=null, font=Arial, height=0.1, wrapWidth=1, bold=null, italic=null, color=#FFFFFF, contrast=1 )
7.04437500000131	EXP	Created game_over_text = TextStim( name=game_over_text, win=Window( name=Window, fullscr=true, color=#808080, ~), autoDraw=null, autoLog=true, units=height, pos=[0,0], size=undefined, ori=null, opacity=1, depth=null, clipMask=null, boundingBox={"x":-0.49058063538781166,"y":-0.19390581717451524~, text=Congrats! You win!

Please type the letter “y” if ~, alignHoriz=center, alignVert=center, flipHoriz=null, flipVert=null, font=Arial, height=0.05, wrapWidth=1, bold=null, italic=null, color=#FFFFFF, contrast=1 )
7.076684999999998	EXP	instText: units = height
7.076684999999998	EXP	instText: pos = [0,0]
7.076684999999998	EXP	instText: size = undefined
7.076684999999998	EXP	instText: ori = null
7.076684999999998	EXP	instText: opacity = 1
7.076684999999998	EXP	instText: depth = null
7.076684999999998	EXP	instText: clipMask = null
7.076684999999998	EXP	instText: boundingBox = {"x":0,"y":0,"width":0,"height":0,"type":1}
7.076684999999998	EXP	instText: text = In this game you will be asked to guess a random number from 1 to 1,000 (inclusive). 

Each time you guess, you will receive a hint. That hint will either tell you that your guess was too high or too low. You can use that feedback in your next turn. 

Please note that you must use the number row to type in guesses (not the number pad)! 

Press the space bar to continue...
7.076684999999998	EXP	instText: alignHoriz = center
7.076684999999998	EXP	instText: alignVert = center
7.076684999999998	EXP	instText: flipHoriz = null
7.076684999999998	EXP	instText: flipVert = null
7.076684999999998	EXP	instText: font = Arial
7.076684999999998	EXP	instText: height = 0.05
7.076684999999998	EXP	instText: wrapWidth = 1
7.076684999999998	EXP	instText: bold = null
7.076684999999998	EXP	instText: italic = null
7.076684999999998	EXP	instText: color = #FFFFFF
7.076684999999998	EXP	instText: contrast = 1
7.076684999999998	EXP	text_2: units = height
7.076684999999998	EXP	text_2: pos = [0,0]
7.076684999999998	EXP	text_2: size = undefined
7.076684999999998	EXP	text_2: ori = null
7.076684999999998	EXP	text_2: opacity = 1
7.076684999999998	EXP	text_2: depth = null
7.076684999999998	EXP	text_2: clipMask = null
7.076684999999998	EXP	text_2: boundingBox = {"x":0,"y":0,"width":0,"height":0,"type":1}
7.076684999999998	EXP	text_2: text = Type in your guess and press “enter” in order to submit that guess.

Your final score will be based on a combination of: 1) total time you took to submit each guess, and 2) the number of guesses it took for you to finally get the correct number. 

Press the space bar to start the game…

7.076684999999998	EXP	text_2: alignHoriz = center
7.076684999999998	EXP	text_2: alignVert = center
7.076684999999998	EXP	text_2: flipHoriz = null
7.076684999999998	EXP	text_2: flipVert = null
7.076684999999998	EXP	text_2: font = Arial
7.076684999999998	EXP	text_2: height = 0.05
7.076684999999998	EXP	text_2: wrapWidth = 1
7.076684999999998	EXP	text_2: bold = null
7.076684999999998	EXP	text_2: italic = null
7.076684999999998	EXP	text_2: color = #FFFFFF
7.076684999999998	EXP	text_2: contrast = 1
7.076684999999998	EXP	instr: units = height
7.076684999999998	EXP	instr: pos = [-0.2,0.2]
7.076684999999998	EXP	instr: size = undefined
7.076684999999998	EXP	instr: ori = null
7.076684999999998	EXP	instr: opacity = 1
7.076684999999998	EXP	instr: depth = null
7.076684999999998	EXP	instr: clipMask = null
7.076684999999998	EXP	instr: boundingBox = {"x":0,"y":0,"width":0,"height":0,"type":1}
7.076684999999998	EXP	instr: text = Type your guess below and press “enter” 
7.076684999999998	EXP	instr: alignHoriz = center
7.076684999999998	EXP	instr: alignVert = center
7.076684999999998	EXP	instr: flipHoriz = null
7.076684999999998	EXP	instr: flipVert = null
7.076684999999998	EXP	instr: font = Arial
7.076684999999998	EXP	instr: height = 0.05
7.076684999999998	EXP	instr: wrapWidth = 1
7.076684999999998	EXP	instr: bold = null
7.076684999999998	EXP	instr: italic = null
7.076684999999998	EXP	instr: color = #FFFFFF
7.076684999999998	EXP	instr: contrast = 1
7.076684999999998	EXP	text: units = height
7.076684999999998	EXP	text: pos = [0,0]
7.076684999999998	EXP	text: size = undefined
7.076684999999998	EXP	text: ori = null
7.076684999999998	EXP	text: opacity = 1
7.076684999999998	EXP	text: depth = -1
7.076684999999998	EXP	text: clipMask = null
7.076684999999998	EXP	text: boundingBox = {"x":0,"y":0,"width":0,"height":0,"type":1}
7.076684999999998	EXP	text: text = null
7.076684999999998	EXP	text: alignHoriz = center
7.076684999999998	EXP	text: alignVert = center
7.076684999999998	EXP	text: flipHoriz = null
7.076684999999998	EXP	text: flipVert = null
7.076684999999998	EXP	text: font = Arial
7.076684999999998	EXP	text: height = 0.1
7.076684999999998	EXP	text: wrapWidth = 1
7.076684999999998	EXP	text: bold = null
7.076684999999998	EXP	text: italic = null
7.076684999999998	EXP	text: color = #FFFFFF
7.076684999999998	EXP	text: contrast = 1
7.076684999999998	EXP	feedback: units = height
7.076684999999998	EXP	feedback: pos = [0,0.1]
7.076684999999998	EXP	feedback: size = undefined
7.076684999999998	EXP	feedback: ori = null
7.076684999999998	EXP	feedback: opacity = 1
7.076684999999998	EXP	feedback: depth = -2
7.076684999999998	EXP	feedback: clipMask = null
7.076684999999998	EXP	feedback: boundingBox = {"x":0,"y":0,"width":0,"height":0,"type":1}
7.076684999999998	EXP	feedback: text = null
7.076684999999998	EXP	feedback: alignHoriz = center
7.076684999999998	EXP	feedback: alignVert = center
7.076684999999998	EXP	feedback: flipHoriz = null
7.076684999999998	EXP	feedback: flipVert = null
7.076684999999998	EXP	feedback: font = Arial
7.076684999999998	EXP	feedback: height = 0.1
7.076684999999998	EXP	feedback: wrapWidth = 1
7.076684999999998	EXP	feedback: bold = null
7.076684999999998	EXP	feedback: italic = null
7.076684999999998	EXP	feedback: color = #FFFFFF
7.076684999999998	EXP	feedback: contrast = 1
7.076684999999998	EXP	game_over_text: units = height
7.076684999999998	EXP	game_over_text: pos = [0,0]
7.076684999999998	EXP	game_over_text: size = undefined
7.076684999999998	EXP	game_over_text: ori = null
7.076684999999998	EXP	game_over_text: opacity = 1
7.076684999999998	EXP	game_over_text: depth = null
7.076684999999998	EXP	game_over_text: clipMask = null
7.076684999999998	EXP	game_over_text: boundingBox = {"x":0,"y":0,"width":0,"height":0,"type":1}
7.076684999999998	EXP	game_over_text: text = Congrats! You win!

Please type the letter “y” if you are familiar with binary or bisection search. 
Type the letter “n” if you have never heard of or do not know what binary or bisection search is.
7.076684999999998	EXP	game_over_text: alignHoriz = center
7.076684999999998	EXP	game_over_text: alignVert = center
7.076684999999998	EXP	game_over_text: flipHoriz = null
7.076684999999998	EXP	game_over_text: flipVert = null
7.076684999999998	EXP	game_over_text: font = Arial
7.076684999999998	EXP	game_over_text: height = 0.05
7.076684999999998	EXP	game_over_text: wrapWidth = 1
7.076684999999998	EXP	game_over_text: bold = null
7.076684999999998	EXP	game_over_text: italic = null
7.076684999999998	EXP	game_over_text: color = #FFFFFF
7.076684999999998	EXP	game_over_text: contrast = 1
7.076684999999998	EXP	instText: autoDraw = true
7.9426950000015495	DATA	Keydown:  
7.965159999999742	EXP	instText: autoDraw = null
7.965159999999742	EXP	text_2: autoDraw = true
16.708239999999932	DATA	Keydown:  
16.75044500000149	EXP	text_2: autoDraw = null
16.75044500000149	EXP	text: text = null
16.75044500000149	EXP	instr: autoDraw = true
16.75044500000149	EXP	text: autoDraw = true
16.75044500000149	EXP	feedback: autoDraw = true
18.934089999998832	DATA	Keydown: 1
18.949039999999513	EXP	text: text = 1
20.22149999999965	DATA	Keydown: Backspace
20.231964999999036	EXP	text: text = null
20.46842000000106	DATA	Keydown: 5
20.48187500000131	EXP	text: text = 5
20.587980000000243	DATA	Keydown: 0
20.59839500000089	EXP	text: text = 50
20.72099000000162	DATA	Keydown: 0
20.731810000001133	EXP	text: text = 500
20.856230000001233	DATA	Keydown: Enter
20.863055000001623	EXP	feedback: text = Too high!
20.863055000001623	EXP	text: text = null
22.53720500000054	DATA	Keydown: 3
22.547545000001264	EXP	text: text = 3
22.641234999999142	DATA	Keydown: 0
22.647249999998166	EXP	text: text = 30
22.781019999998534	DATA	Keydown: 0
22.797529999999824	EXP	text: text = 300
22.944774999999936	DATA	Keydown: Enter
22.96230999999898	EXP	feedback: text = Too high!
22.96230999999898	EXP	text: text = null
24.029034999999567	DATA	Keydown: 1
24.046729999998206	EXP	text: text = 1
24.10655499999848	DATA	Keydown: 0
24.11319999999978	EXP	text: text = 10
24.245449999998527	DATA	Keydown: 0
24.263575000000856	EXP	text: text = 100
24.405275000000984	DATA	Keydown: Enter
24.411370000001625	EXP	feedback: text = Too high!
24.411370000001625	EXP	text: text = null
25.887249999999767	DATA	Keydown: 5
25.89618999999948	EXP	text: text = 5
25.989959999998973	DATA	Keydown: 0
25.995804999998654	EXP	text: text = 50
26.0695999999989	DATA	Keydown: Enter
26.077470000000176	EXP	feedback: text = Too high!
26.077470000000176	EXP	text: text = null
27.14582000000155	DATA	Keydown: 1
27.160704999998416	EXP	text: text = 1
27.22787999999855	DATA	Keydown: 0
27.245644999999058	EXP	text: text = 10
27.393284999998286	DATA	Keydown: Enter
27.40990999999849	EXP	feedback: text = Too low!
27.40990999999849	EXP	text: text = null
28.633060000000114	DATA	Keydown: 1
28.643025000001217	EXP	text: text = 1
29.809955000000627	DATA	Keydown: 6
29.82773499999894	EXP	text: text = 16
29.909270000000106	DATA	Keydown: Enter
29.92558999999892	EXP	feedback: text = Too low!
29.92558999999892	EXP	text: text = null
30.827509999999165	DATA	Keydown: 2
30.844065000001137	EXP	text: text = 2
30.883490000000165	DATA	Keydown: 0
30.894045000000915	EXP	text: text = 20
31.025570000001608	DATA	Keydown: Enter
31.042130000001634	EXP	feedback: text = Too low!
31.042130000001634	EXP	text: text = null
31.88449000000037	DATA	Keydown: 3
31.891554999998334	EXP	text: text = 3
31.94225500000175	DATA	Keydown: 0
31.958279999998922	EXP	text: text = 30
32.05943499999921	DATA	Keydown: Enter
32.0749250000008	EXP	feedback: text = Too high!
32.0749250000008	EXP	text: text = null
33.0839100000012	DATA	Keydown: 2
33.09118500000113	EXP	text: text = 2
33.19542000000001	DATA	Keydown: 5
33.209374999998545	EXP	text: text = 25
33.323404999999184	DATA	Keydown: Enter
33.34342000000106	EXP	instr: autoDraw = null
33.34342000000106	EXP	text: autoDraw = null
33.34342000000106	EXP	feedback: autoDraw = null
33.34342000000106	EXP	text: text = null
33.34342000000106	EXP	game_over_text: autoDraw = true
38.460354999999254	DATA	Keydown: n
