0.1796699999831617	EXP	Created Window = Window( name=Window, fullscr=true, color=#808080, units=height, waitBlanking=true, autoLog=true, size=[1280,665] )
6.930844999966212	DATA	Keydown: m
7.184594999998808	DATA	Keydown: e
9.089754999964498	EXP	Created instText = TextStim( name=instText, win=Window( name=Window, fullscr=true, color=#808080, ~), autoDraw=null, autoLog=true, units=height, pos=[0,0], size=undefined, ori=null, opacity=1, depth=null, clipMask=null, boundingBox={"x":-0.4923758370535714,"y":-0.33383458646616543,~, text=In this game you will be asked to guess a random n~, alignHoriz=center, alignVert=center, flipHoriz=null, flipVert=null, font=Arial, height=0.05, wrapWidth=1, bold=null, italic=null, color=#FFFFFF, contrast=1 )
9.095704999985173	EXP	Created text_2 = TextStim( name=text_2, win=Window( name=Window, fullscr=true, color=#808080, ~), autoDraw=null, autoLog=true, units=height, pos=[0,0], size=undefined, ori=null, opacity=1, depth=null, clipMask=null, boundingBox={"x":-0.49928152901785716,"y":-0.36165413533834584~, text=Type in your guess and press “enter” in order to s~, alignHoriz=center, alignVert=center, flipHoriz=null, flipVert=null, font=Arial, height=0.05, wrapWidth=1, bold=null, italic=null, color=#FFFFFF, contrast=1 )
9.097979999962263	EXP	Created instr = TextStim( name=instr, win=Window( name=Window, fullscr=true, color=#808080, ~), autoDraw=null, autoLog=true, units=height, pos=[-0.2,0.2], size=undefined, ori=null, opacity=1, depth=null, clipMask=null, boundingBox={"x":-0.6496090078712407,"y":0.17218045112781954,"~, text=Type your guess below and press “enter” , alignHoriz=center, alignVert=center, flipHoriz=null, flipVert=null, font=Arial, height=0.05, wrapWidth=1, bold=null, italic=null, color=#FFFFFF, contrast=1 )
9.112235000007786	EXP	Created text = TextStim( name=text, win=Window( name=Window, fullscr=true, color=#808080, ~), autoDraw=null, autoLog=true, units=height, pos=[0,0], size=undefined, ori=null, opacity=1, depth=-1, clipMask=null, boundingBox={"x":0,"y":-0.05714285714285714,"width":0,"height"~, text=null, alignHoriz=center, alignVert=center, flipHoriz=null, flipVert=null, font=Arial, height=0.1, wrapWidth=1, bold=null, italic=null, color=#FFFFFF, contrast=1 )
9.115370000014082	EXP	Created feedback = TextStim( name=feedback, win=Window( name=Window, fullscr=true, color=#808080, ~), autoDraw=null, autoLog=true, units=height, pos=[0,0.1], size=undefined, ori=null, opacity=1, depth=-2, clipMask=null, boundingBox={"x":0,"y":0.042857142857142864,"width":0,"height"~, text=null, alignHoriz=center, alignVert=center, flipHoriz=null, flipVert=null, font=Arial, height=0.1, wrapWidth=1, bold=null, italic=null, color=#FFFFFF, contrast=1 )
9.128304999961983	EXP	Created game_over_text = TextStim( name=game_over_text, win=Window( name=Window, fullscr=true, color=#808080, ~), autoDraw=null, autoLog=true, units=height, pos=[0,0], size=undefined, ori=null, opacity=1, depth=null, clipMask=null, boundingBox={"x":-0.48824453712406013,"y":-0.19473684210526315~, text=Congrats! You win!

Please type the letter “y” if ~, alignHoriz=center, alignVert=center, flipHoriz=null, flipVert=null, font=Arial, height=0.05, wrapWidth=1, bold=null, italic=null, color=#FFFFFF, contrast=1 )
9.352639999997336	EXP	instText: units = height
9.352639999997336	EXP	instText: pos = [0,0]
9.352639999997336	EXP	instText: size = undefined
9.352639999997336	EXP	instText: ori = null
9.352639999997336	EXP	instText: opacity = 1
9.352639999997336	EXP	instText: depth = null
9.352639999997336	EXP	instText: clipMask = null
9.352639999997336	EXP	instText: boundingBox = {"x":0,"y":0,"width":0,"height":0,"type":1}
9.352639999997336	EXP	instText: text = In this game you will be asked to guess a random number from 1 to 1,000 (inclusive). 

Each time you guess, you will receive a hint. That hint will either tell you that your guess was too high or too low. You can use that feedback in your next turn. 

Please note that you must use the number row to type in guesses (not the number pad)! 

Press the space bar to continue...
9.352639999997336	EXP	instText: alignHoriz = center
9.352639999997336	EXP	instText: alignVert = center
9.352639999997336	EXP	instText: flipHoriz = null
9.352639999997336	EXP	instText: flipVert = null
9.352639999997336	EXP	instText: font = Arial
9.352639999997336	EXP	instText: height = 0.05
9.352639999997336	EXP	instText: wrapWidth = 1
9.352639999997336	EXP	instText: bold = null
9.352639999997336	EXP	instText: italic = null
9.352639999997336	EXP	instText: color = #FFFFFF
9.352639999997336	EXP	instText: contrast = 1
9.352639999997336	EXP	text_2: units = height
9.352639999997336	EXP	text_2: pos = [0,0]
9.352639999997336	EXP	text_2: size = undefined
9.352639999997336	EXP	text_2: ori = null
9.352639999997336	EXP	text_2: opacity = 1
9.352639999997336	EXP	text_2: depth = null
9.352639999997336	EXP	text_2: clipMask = null
9.352639999997336	EXP	text_2: boundingBox = {"x":0,"y":0,"width":0,"height":0,"type":1}
9.352639999997336	EXP	text_2: text = Type in your guess and press “enter” in order to submit that guess.

Your final score will be based on a combination of: 1) total time you took to submit each guess, and 2) the number of guesses it took for you to finally get the correct number. You are not permitted to use a calculator or write anything down during the game! 

Press the space bar to start the game…

9.352639999997336	EXP	text_2: alignHoriz = center
9.352639999997336	EXP	text_2: alignVert = center
9.352639999997336	EXP	text_2: flipHoriz = null
9.352639999997336	EXP	text_2: flipVert = null
9.352639999997336	EXP	text_2: font = Arial
9.352639999997336	EXP	text_2: height = 0.05
9.352639999997336	EXP	text_2: wrapWidth = 1
9.352639999997336	EXP	text_2: bold = null
9.352639999997336	EXP	text_2: italic = null
9.352639999997336	EXP	text_2: color = #FFFFFF
9.352639999997336	EXP	text_2: contrast = 1
9.352639999997336	EXP	instr: units = height
9.352639999997336	EXP	instr: pos = [-0.2,0.2]
9.352639999997336	EXP	instr: size = undefined
9.352639999997336	EXP	instr: ori = null
9.352639999997336	EXP	instr: opacity = 1
9.352639999997336	EXP	instr: depth = null
9.352639999997336	EXP	instr: clipMask = null
9.352639999997336	EXP	instr: boundingBox = {"x":0,"y":0,"width":0,"height":0,"type":1}
9.352639999997336	EXP	instr: text = Type your guess below and press “enter” 
9.352639999997336	EXP	instr: alignHoriz = center
9.352639999997336	EXP	instr: alignVert = center
9.352639999997336	EXP	instr: flipHoriz = null
9.352639999997336	EXP	instr: flipVert = null
9.352639999997336	EXP	instr: font = Arial
9.352639999997336	EXP	instr: height = 0.05
9.352639999997336	EXP	instr: wrapWidth = 1
9.352639999997336	EXP	instr: bold = null
9.352639999997336	EXP	instr: italic = null
9.352639999997336	EXP	instr: color = #FFFFFF
9.352639999997336	EXP	instr: contrast = 1
9.352639999997336	EXP	text: units = height
9.352639999997336	EXP	text: pos = [0,0]
9.352639999997336	EXP	text: size = undefined
9.352639999997336	EXP	text: ori = null
9.352639999997336	EXP	text: opacity = 1
9.352639999997336	EXP	text: depth = -1
9.352639999997336	EXP	text: clipMask = null
9.352639999997336	EXP	text: boundingBox = {"x":0,"y":0,"width":0,"height":0,"type":1}
9.352639999997336	EXP	text: text = null
9.352639999997336	EXP	text: alignHoriz = center
9.352639999997336	EXP	text: alignVert = center
9.352639999997336	EXP	text: flipHoriz = null
9.352639999997336	EXP	text: flipVert = null
9.352639999997336	EXP	text: font = Arial
9.352639999997336	EXP	text: height = 0.1
9.352639999997336	EXP	text: wrapWidth = 1
9.352639999997336	EXP	text: bold = null
9.352639999997336	EXP	text: italic = null
9.352639999997336	EXP	text: color = #FFFFFF
9.352639999997336	EXP	text: contrast = 1
9.352639999997336	EXP	feedback: units = height
9.352639999997336	EXP	feedback: pos = [0,0.1]
9.352639999997336	EXP	feedback: size = undefined
9.352639999997336	EXP	feedback: ori = null
9.352639999997336	EXP	feedback: opacity = 1
9.352639999997336	EXP	feedback: depth = -2
9.352639999997336	EXP	feedback: clipMask = null
9.352639999997336	EXP	feedback: boundingBox = {"x":0,"y":0,"width":0,"height":0,"type":1}
9.352639999997336	EXP	feedback: text = null
9.352639999997336	EXP	feedback: alignHoriz = center
9.352639999997336	EXP	feedback: alignVert = center
9.352639999997336	EXP	feedback: flipHoriz = null
9.352639999997336	EXP	feedback: flipVert = null
9.352639999997336	EXP	feedback: font = Arial
9.352639999997336	EXP	feedback: height = 0.1
9.352639999997336	EXP	feedback: wrapWidth = 1
9.352639999997336	EXP	feedback: bold = null
9.352639999997336	EXP	feedback: italic = null
9.352639999997336	EXP	feedback: color = #FFFFFF
9.352639999997336	EXP	feedback: contrast = 1
9.352639999997336	EXP	game_over_text: units = height
9.352639999997336	EXP	game_over_text: pos = [0,0]
9.352639999997336	EXP	game_over_text: size = undefined
9.352639999997336	EXP	game_over_text: ori = null
9.352639999997336	EXP	game_over_text: opacity = 1
9.352639999997336	EXP	game_over_text: depth = null
9.352639999997336	EXP	game_over_text: clipMask = null
9.352639999997336	EXP	game_over_text: boundingBox = {"x":0,"y":0,"width":0,"height":0,"type":1}
9.352639999997336	EXP	game_over_text: text = Congrats! You win!

Please type the letter “y” if you are familiar with binary or bisection search. 
Type the letter “n” if you have never heard of or do not know what binary or bisection search is.
9.352639999997336	EXP	game_over_text: alignHoriz = center
9.352639999997336	EXP	game_over_text: alignVert = center
9.352639999997336	EXP	game_over_text: flipHoriz = null
9.352639999997336	EXP	game_over_text: flipVert = null
9.352639999997336	EXP	game_over_text: font = Arial
9.352639999997336	EXP	game_over_text: height = 0.05
9.352639999997336	EXP	game_over_text: wrapWidth = 1
9.352639999997336	EXP	game_over_text: bold = null
9.352639999997336	EXP	game_over_text: italic = null
9.352639999997336	EXP	game_over_text: color = #FFFFFF
9.352639999997336	EXP	game_over_text: contrast = 1
9.352639999997336	EXP	instText: autoDraw = true
10.964815000013914	DATA	Mouse: 0 button down, pos=(830.91796875,579.6015625)
11.043880000011995	DATA	Mouse: 0 button down, pos=(830.91796875,579.6015625)
12.311370000010356	DATA	Keydown:  
12.336215000017546	EXP	instText: autoDraw = null
12.336215000017546	EXP	text_2: autoDraw = true
14.987114999967162	DATA	Keydown:  
15.012694999983069	EXP	text_2: autoDraw = null
15.012694999983069	EXP	text: text = null
15.012694999983069	EXP	instr: autoDraw = true
15.012694999983069	EXP	text: autoDraw = true
15.012694999983069	EXP	feedback: autoDraw = true
16.076699999975972	DATA	Keydown:  
16.593995000002906	DATA	Keydown: Enter
16.60837500001071	EXP	feedback: text = Too low!
16.60837500001071	EXP	text: text = null
18.227624999999534	DATA	Keydown: 1
18.242069999978412	EXP	text: text = 1
18.561439999961294	DATA	Keydown: Enter
18.576239999965765	EXP	feedback: text = Too low!
18.576239999965765	EXP	text: text = null
19.297979999973904	DATA	Keydown: 4
19.309914999990724	EXP	text: text = 4
19.628395000007004	DATA	Keydown: Enter
19.643095000006724	EXP	feedback: text = Too low!
19.643095000006724	EXP	text: text = null
20.58438999997452	DATA	Keydown: 9
20.594619999988936	EXP	text: text = 9
20.817984999972396	DATA	Keydown: Enter
20.827835000003688	EXP	feedback: text = Too low!
20.827835000003688	EXP	text: text = null
21.24529499997152	DATA	Keydown: 1
21.2626750000054	EXP	text: text = 1
21.680980000004638	DATA	Keydown: 0
21.694019999995362	EXP	text: text = 10
21.830770000000484	DATA	Keydown: 0
21.844830000016373	EXP	text: text = 100
21.962159999995492	DATA	Keydown: 0
21.977964999969117	EXP	text: text = 1000
22.097334999998566	DATA	Keydown: 0
22.114669999980833	EXP	text: text = 10000
22.312779999978375	DATA	Keydown: Enter
22.327479999978095	EXP	feedback: text = Too high!
22.327479999978095	EXP	text: text = null
23.76360999996541	DATA	Keydown: 5
23.77859499998158	EXP	text: text = 5
23.905879999976605	DATA	Keydown: 0
23.926834999991115	EXP	text: text = 50
24.031114999961574	DATA	Keydown: 0
24.045489999989513	EXP	text: text = 500
24.21459499996854	DATA	Keydown: Enter
24.228705000015907	EXP	feedback: text = Too high!
24.228705000015907	EXP	text: text = null
25.181500000006054	DATA	Keydown: 2
25.195639999990817	EXP	text: text = 2
25.531604999967385	DATA	Keydown: 0
25.547420000017155	EXP	text: text = 20
25.665804999996908	DATA	Keydown: 0
25.67534000001615	EXP	text: text = 200
25.797480000008363	DATA	Keydown: Enter
25.81200999999419	EXP	feedback: text = Too low!
25.81200999999419	EXP	text: text = null
27.063169999979436	DATA	Keydown: 2
27.07949999999255	EXP	text: text = 2
27.2491849999642	DATA	Keydown: 5
27.263655000017025	EXP	text: text = 25
27.319339999987278	DATA	Keydown: 0
27.341439999989234	EXP	text: text = 250
27.482039999973495	DATA	Keydown: Enter
27.496240000007674	EXP	feedback: text = Too low!
27.496240000007674	EXP	text: text = null
28.466139999974985	DATA	Keydown: 2
28.480340000009164	EXP	text: text = 2
28.733115000010002	DATA	Keydown: 6
28.746994999994058	EXP	text: text = 26
28.798959999985527	DATA	Keydown: 0
28.81349999998929	EXP	text: text = 260
28.933015000016894	DATA	Keydown: Enter
28.946759999962524	EXP	feedback: text = Too low!
28.946759999962524	EXP	text: text = null
29.549170000012964	DATA	Keydown: 2
29.563885000010487	EXP	text: text = 2
29.750269999960437	DATA	Keydown: 8
29.765329999965616	EXP	text: text = 28
29.832944999972824	DATA	Keydown: 0
29.84876500000246	EXP	text: text = 280
29.9831000000122	DATA	Keydown: Enter
29.9979099999764	EXP	feedback: text = Too low!
29.9979099999764	EXP	text: text = null
31.066285000008065	DATA	Keydown: 2
31.082010000012815	EXP	text: text = 2
31.69985999999335	DATA	Keydown: Backspace
31.715804999985266	EXP	text: text = null
31.83338999998523	DATA	Keydown: 3
31.848950000014156	EXP	text: text = 3
31.95102500001667	DATA	Keydown: 2
31.965320000017527	EXP	text: text = 32
32.09414499998093	DATA	Keydown: 0
32.10133500001393	EXP	text: text = 320
32.233064999978524	DATA	Keydown: Enter
32.24406499997713	EXP	feedback: text = Too low!
32.24406499997713	EXP	text: text = null
33.53479999996489	DATA	Keydown: 4
33.55024999997113	EXP	text: text = 4
33.60422500001732	DATA	Keydown: 0
33.61693999997806	EXP	text: text = 40
33.76748999999836	DATA	Keydown: 0
33.77852499997243	EXP	text: text = 400
33.88514500000747	DATA	Keydown: Enter
33.90003499999875	EXP	feedback: text = Too low!
33.90003499999875	EXP	text: text = null
34.95230000000447	DATA	Keydown: 4
34.967004999984056	EXP	text: text = 4
35.13491999998223	DATA	Keydown: 5
35.150740000011865	EXP	text: text = 45
35.17064500000561	DATA	Keydown: 0
35.18434500001604	EXP	text: text = 450
35.3076599999913	DATA	Keydown: Enter
35.31779000000097	EXP	feedback: text = Too high!
35.31779000000097	EXP	text: text = null
37.36978999996791	DATA	Keydown: 4
37.38442000001669	EXP	text: text = 4
37.78659999999218	DATA	Keydown: 7
37.8012999999919	EXP	text: text = 47
37.86970999999903	DATA	Keydown: 9
37.883949999988545	EXP	text: text = 479
38.067410000017844	DATA	Keydown: Enter
38.08502499997849	EXP	feedback: text = Too high!
38.08502499997849	EXP	text: text = null
39.30434500001138	DATA	Keydown: 4
39.31845500000054	EXP	text: text = 4
39.43638500000816	DATA	Keydown: 7
39.45187499996973	EXP	text: text = 47
39.53758999996353	DATA	Keydown: 0
39.5528049999848	EXP	text: text = 470
39.85607500001788	DATA	Keydown: Enter
39.86890999996103	EXP	feedback: text = Too high!
39.86890999996103	EXP	text: text = null
40.75312999996822	DATA	Keydown: 4
40.76955500000622	EXP	text: text = 4
41.10570999997435	DATA	Keydown: 6
41.12023499998031	EXP	text: text = 46
41.455784999998286	DATA	Keydown: 5
41.46563499997137	EXP	text: text = 465
41.624864999961574	DATA	Keydown: Enter
41.63714499998605	EXP	feedback: text = Too high!
41.63714499998605	EXP	text: text = null
43.55419499997515	DATA	Keydown: 4
43.571200000005774	EXP	text: text = 4
43.9432299999753	DATA	Keydown: 6
43.95652999996673	EXP	text: text = 46
44.03890499996487	DATA	Keydown: 4
44.054684999980964	EXP	text: text = 464
44.17313000001013	DATA	Keydown: Enter
44.18847499997355	EXP	feedback: text = Too high!
44.18847499997355	EXP	text: text = null
45.273434999980964	DATA	Keydown: 4
45.28436499997042	EXP	text: text = 4
46.976924999966286	DATA	Keydown: 5
46.98925499996403	EXP	text: text = 45
47.19153000001097	DATA	Keydown: 0
47.206535000004806	EXP	text: text = 450
47.34295999997994	DATA	Keydown: Enter
47.356629999994766	EXP	feedback: text = Too high!
47.356629999994766	EXP	text: text = null
48.256909999996424	DATA	Keydown: 4
48.27263999998104	EXP	text: text = 4
48.40769999998156	DATA	Keydown: 4
48.423354999977164	EXP	text: text = 44
48.49310999998124	DATA	Keydown: 0
48.50711999996565	EXP	text: text = 440
48.6448499999824	DATA	Keydown: Enter
48.65688500000397	EXP	feedback: text = Too high!
48.65688500000397	EXP	text: text = null
49.39538999996148	DATA	Keydown: 4
49.40292999998201	EXP	text: text = 4
49.642894999997225	DATA	Keydown: 2
49.658144999993965	EXP	text: text = 42
49.742449999961536	DATA	Keydown: 0
49.75785499997437	EXP	text: text = 420
49.91122999996878	DATA	Keydown: Enter
49.92475999996532	EXP	feedback: text = Too low!
49.92475999996532	EXP	text: text = null
50.82591000001412	DATA	Keydown: 4
50.841164999990724	EXP	text: text = 4
50.92647999996552	DATA	Keydown: 3
50.941434999986086	EXP	text: text = 43
51.04271999996854	DATA	Keydown: 0
51.05760000000009	EXP	text: text = 430
51.194250000000466	DATA	Keydown: Enter
51.20801499998197	EXP	feedback: text = Too low!
51.20801499998197	EXP	text: text = null
52.26123000000371	DATA	Keydown: 4
52.27520999999251	EXP	text: text = 4
52.49605999997584	DATA	Keydown: 4
52.509149999998044	EXP	text: text = 44
52.810779999999795	DATA	Keydown: 0
52.82552499999292	EXP	text: text = 440
53.00838999997359	DATA	Keydown: Enter
53.0251200000057	EXP	feedback: text = Too high!
53.0251200000057	EXP	text: text = null
54.477699999988545	DATA	Keydown: 4
54.49345999996876	EXP	text: text = 4
54.92813999997452	DATA	Keydown: 3
54.94371999998111	EXP	text: text = 43
55.329404999967664	DATA	Keydown: 5
55.344579999975394	EXP	text: text = 435
55.94501999998465	DATA	Keydown: Enter
55.96001999999862	EXP	feedback: text = Too high!
55.96001999999862	EXP	text: text = null
56.98033499997109	DATA	Keydown: 4
56.994449999998324	EXP	text: text = 4
57.46367500000633	DATA	Keydown: 3
57.477849999966566	EXP	text: text = 43
57.662624999997206	DATA	Keydown: 4
57.678324999986216	EXP	text: text = 434
57.8627550000092	DATA	Keydown: Enter
57.878235000011045	EXP	feedback: text = Too high!
57.878235000011045	EXP	text: text = null
58.39705500000855	DATA	Keydown: 4
58.41182999999728	EXP	text: text = 4
58.59697999997297	DATA	Keydown: 3
58.61209000000963	EXP	text: text = 43
58.76361999998335	DATA	Keydown: 2
58.77916500001447	EXP	text: text = 432
59.11576000001514	DATA	Keydown: Enter
59.1324049999821	EXP	feedback: text = Too low!
59.1324049999821	EXP	text: text = null
61.73259500000859	DATA	Keydown: 4
61.746589999995194	EXP	text: text = 4
61.99225499999011	DATA	Keydown: 3
62.000319999991916	EXP	text: text = 43
62.28096499998355	DATA	Keydown: 2
62.296854999964125	EXP	text: text = 432
62.616399999998976	DATA	Keydown: Enter
62.63088999997126	EXP	feedback: text = Too low!
62.63088999997126	EXP	text: text = null
63.09921999997459	DATA	Keydown: 4
63.11407000001054	EXP	text: text = 4
63.31541499996092	DATA	Keydown: 3
63.33097499998985	EXP	text: text = 43
63.549019999976736	DATA	Keydown: 2
63.56372500001453	EXP	text: text = 432
63.88374499999918	DATA	Keydown: Enter
63.89765499997884	EXP	feedback: text = Too low!
63.89765499997884	EXP	text: text = null
64.41618000000017	DATA	Keydown: 4
64.43122500000754	EXP	text: text = 4
64.68122500000754	DATA	Keydown: 3
64.70178000000305	EXP	text: text = 43
65.1180549999699	DATA	Keydown: 4
65.13133499998366	EXP	text: text = 434
65.76942999998573	DATA	Keydown: Enter
65.78177000000142	EXP	feedback: text = Too high!
65.78177000000142	EXP	text: text = null
66.11913000000641	DATA	Keydown: 4
66.13227499998175	EXP	text: text = 4
66.16688500001328	DATA	Keydown: 3
66.17716999998083	EXP	text: text = 43
66.68349999998463	DATA	Keydown: 3
66.69939500000328	EXP	text: text = 433
66.86759999999776	DATA	Keydown: Enter
66.89182999997865	EXP	instr: autoDraw = null
66.89182999997865	EXP	text: autoDraw = null
66.89182999997865	EXP	feedback: autoDraw = null
66.89182999997865	EXP	text: text = null
66.89182999997865	EXP	game_over_text: autoDraw = true
92.19719999999506	DATA	Keydown: y
