0.0833250000141561	EXP	Created Window = Window( name=Window, fullscr=true, color=#808080, units=height, waitBlanking=true, autoLog=true, size=[1252,715] )
2.9185500000603497	DATA	Keydown: Shift
2.9919300000183284	DATA	Keydown: M
3.1683000000193715	DATA	Keydown: i
3.220960000064224	DATA	Keydown: c
3.3035349999554455	DATA	Keydown: h
3.375454999972135	DATA	Keydown: a
3.455755000002682	DATA	Keydown: e
3.5048199999146163	DATA	Keydown: l
3.6523899999447167	DATA	Keydown:  
3.6718699999619275	DATA	Keydown: Shift
3.7476500000339	DATA	Keydown: H
3.858765000011772	DATA	Keydown: i
3.9279350000433624	DATA	Keydown: e
4.018794999923557	DATA	Keydown: b
4.068819999927655	DATA	Keydown: e
4.136789999902248	DATA	Keydown: r
4.268064999952912	DATA	Keydown: t
5.2540599999483675	EXP	Created instText = TextStim( name=instText, win=Window( name=Window, fullscr=true, color=#808080, ~), autoDraw=null, autoLog=true, units=height, pos=[0,0], size=undefined, ori=null, opacity=1, depth=null, clipMask=null, boundingBox={"x":-0.49957522945804195,"y":-0.37272727272727274~, text=In this game you will be asked to guess a random n~, alignHoriz=center, alignVert=center, flipHoriz=null, flipVert=null, font=Arial, height=0.05, wrapWidth=1, bold=null, italic=null, color=#FFFFFF, contrast=1 )
5.256515000015497	EXP	Created text_2 = TextStim( name=text_2, win=Window( name=Window, fullscr=true, color=#808080, ~), autoDraw=null, autoLog=true, units=height, pos=[0,0], size=undefined, ori=null, opacity=1, depth=null, clipMask=null, boundingBox={"x":-0.4576089925699301,"y":-0.3153846153846154,"~, text=Type in your guess and press “enter” in order to s~, alignHoriz=center, alignVert=center, flipHoriz=null, flipVert=null, font=Arial, height=0.05, wrapWidth=1, bold=null, italic=null, color=#FFFFFF, contrast=1 )
5.257294999901205	EXP	Created instr = TextStim( name=instr, win=Window( name=Window, fullscr=true, color=#808080, ~), autoDraw=null, autoLog=true, units=height, pos=[-0.2,0.2], size=undefined, ori=null, opacity=1, depth=null, clipMask=null, boundingBox={"x":-0.6561830747377623,"y":0.17132867132867133,"~, text=Type your guess below and press “enter” , alignHoriz=center, alignVert=center, flipHoriz=null, flipVert=null, font=Arial, height=0.05, wrapWidth=1, bold=null, italic=null, color=#FFFFFF, contrast=1 )
5.263620000099763	EXP	Created text = TextStim( name=text, win=Window( name=Window, fullscr=true, color=#808080, ~), autoDraw=null, autoLog=true, units=height, pos=[0,0], size=undefined, ori=null, opacity=1, depth=-1, clipMask=null, boundingBox={"x":0,"y":-0.057342657342657345,"width":0,"height~, text=null, alignHoriz=center, alignVert=center, flipHoriz=null, flipVert=null, font=Arial, height=0.1, wrapWidth=1, bold=null, italic=null, color=#FFFFFF, contrast=1 )
5.264130000025034	EXP	Created feedback = TextStim( name=feedback, win=Window( name=Window, fullscr=true, color=#808080, ~), autoDraw=null, autoLog=true, units=height, pos=[0,0.1], size=undefined, ori=null, opacity=1, depth=-2, clipMask=null, boundingBox={"x":0,"y":0.04265734265734266,"width":0,"height":~, text=null, alignHoriz=center, alignVert=center, flipHoriz=null, flipVert=null, font=Arial, height=0.1, wrapWidth=1, bold=null, italic=null, color=#FFFFFF, contrast=1 )
5.2650600001215935	EXP	Created game_over_text = TextStim( name=game_over_text, win=Window( name=Window, fullscr=true, color=#808080, ~), autoDraw=null, autoLog=true, units=height, pos=[0,0], size=undefined, ori=null, opacity=1, depth=null, clipMask=null, boundingBox={"x":-0.4953835227272727,"y":-0.2006993006993007,"~, text=Congrats! You win!

Please type the letter “y” if ~, alignHoriz=center, alignVert=center, flipHoriz=null, flipVert=null, font=Arial, height=0.05, wrapWidth=1, bold=null, italic=null, color=#FFFFFF, contrast=1 )
5.3024399999994785	EXP	instText: units = height
5.3024399999994785	EXP	instText: pos = [0,0]
5.3024399999994785	EXP	instText: size = undefined
5.3024399999994785	EXP	instText: ori = null
5.3024399999994785	EXP	instText: opacity = 1
5.3024399999994785	EXP	instText: depth = null
5.3024399999994785	EXP	instText: clipMask = null
5.3024399999994785	EXP	instText: boundingBox = {"x":0,"y":0,"width":0,"height":0,"type":1}
5.3024399999994785	EXP	instText: text = In this game you will be asked to guess a random number from 1 to 1,000 (inclusive). 

Each time you guess, you will receive a hint. That hint will either tell you that your guess was too high or too low. You can use that feedback in your next turn. 

Please note that you must use the number row to type in guesses (not the number pad)! 

Press the space bar to continue...
5.3024399999994785	EXP	instText: alignHoriz = center
5.3024399999994785	EXP	instText: alignVert = center
5.3024399999994785	EXP	instText: flipHoriz = null
5.3024399999994785	EXP	instText: flipVert = null
5.3024399999994785	EXP	instText: font = Arial
5.3024399999994785	EXP	instText: height = 0.05
5.3024399999994785	EXP	instText: wrapWidth = 1
5.3024399999994785	EXP	instText: bold = null
5.3024399999994785	EXP	instText: italic = null
5.3024399999994785	EXP	instText: color = #FFFFFF
5.3024399999994785	EXP	instText: contrast = 1
5.3024399999994785	EXP	text_2: units = height
5.3024399999994785	EXP	text_2: pos = [0,0]
5.3024399999994785	EXP	text_2: size = undefined
5.3024399999994785	EXP	text_2: ori = null
5.3024399999994785	EXP	text_2: opacity = 1
5.3024399999994785	EXP	text_2: depth = null
5.3024399999994785	EXP	text_2: clipMask = null
5.3024399999994785	EXP	text_2: boundingBox = {"x":0,"y":0,"width":0,"height":0,"type":1}
5.3024399999994785	EXP	text_2: text = Type in your guess and press “enter” in order to submit that guess.

Your final score will be based on a combination of: 1) total time you took to submit each guess, and 2) the number of guesses it took for you to finally get the correct number. 

Press the space bar to start the game…

5.3024399999994785	EXP	text_2: alignHoriz = center
5.3024399999994785	EXP	text_2: alignVert = center
5.3024399999994785	EXP	text_2: flipHoriz = null
5.3024399999994785	EXP	text_2: flipVert = null
5.3024399999994785	EXP	text_2: font = Arial
5.3024399999994785	EXP	text_2: height = 0.05
5.3024399999994785	EXP	text_2: wrapWidth = 1
5.3024399999994785	EXP	text_2: bold = null
5.3024399999994785	EXP	text_2: italic = null
5.3024399999994785	EXP	text_2: color = #FFFFFF
5.3024399999994785	EXP	text_2: contrast = 1
5.3024399999994785	EXP	instr: units = height
5.3024399999994785	EXP	instr: pos = [-0.2,0.2]
5.3024399999994785	EXP	instr: size = undefined
5.3024399999994785	EXP	instr: ori = null
5.3024399999994785	EXP	instr: opacity = 1
5.3024399999994785	EXP	instr: depth = null
5.3024399999994785	EXP	instr: clipMask = null
5.3024399999994785	EXP	instr: boundingBox = {"x":0,"y":0,"width":0,"height":0,"type":1}
5.3024399999994785	EXP	instr: text = Type your guess below and press “enter” 
5.3024399999994785	EXP	instr: alignHoriz = center
5.3024399999994785	EXP	instr: alignVert = center
5.3024399999994785	EXP	instr: flipHoriz = null
5.3024399999994785	EXP	instr: flipVert = null
5.3024399999994785	EXP	instr: font = Arial
5.3024399999994785	EXP	instr: height = 0.05
5.3024399999994785	EXP	instr: wrapWidth = 1
5.3024399999994785	EXP	instr: bold = null
5.3024399999994785	EXP	instr: italic = null
5.3024399999994785	EXP	instr: color = #FFFFFF
5.3024399999994785	EXP	instr: contrast = 1
5.3024399999994785	EXP	text: units = height
5.3024399999994785	EXP	text: pos = [0,0]
5.3024399999994785	EXP	text: size = undefined
5.3024399999994785	EXP	text: ori = null
5.3024399999994785	EXP	text: opacity = 1
5.3024399999994785	EXP	text: depth = -1
5.3024399999994785	EXP	text: clipMask = null
5.3024399999994785	EXP	text: boundingBox = {"x":0,"y":0,"width":0,"height":0,"type":1}
5.3024399999994785	EXP	text: text = null
5.3024399999994785	EXP	text: alignHoriz = center
5.3024399999994785	EXP	text: alignVert = center
5.3024399999994785	EXP	text: flipHoriz = null
5.3024399999994785	EXP	text: flipVert = null
5.3024399999994785	EXP	text: font = Arial
5.3024399999994785	EXP	text: height = 0.1
5.3024399999994785	EXP	text: wrapWidth = 1
5.3024399999994785	EXP	text: bold = null
5.3024399999994785	EXP	text: italic = null
5.3024399999994785	EXP	text: color = #FFFFFF
5.3024399999994785	EXP	text: contrast = 1
5.3024399999994785	EXP	feedback: units = height
5.3024399999994785	EXP	feedback: pos = [0,0.1]
5.3024399999994785	EXP	feedback: size = undefined
5.3024399999994785	EXP	feedback: ori = null
5.3024399999994785	EXP	feedback: opacity = 1
5.3024399999994785	EXP	feedback: depth = -2
5.3024399999994785	EXP	feedback: clipMask = null
5.3024399999994785	EXP	feedback: boundingBox = {"x":0,"y":0,"width":0,"height":0,"type":1}
5.3024399999994785	EXP	feedback: text = null
5.3024399999994785	EXP	feedback: alignHoriz = center
5.3024399999994785	EXP	feedback: alignVert = center
5.3024399999994785	EXP	feedback: flipHoriz = null
5.3024399999994785	EXP	feedback: flipVert = null
5.3024399999994785	EXP	feedback: font = Arial
5.3024399999994785	EXP	feedback: height = 0.1
5.3024399999994785	EXP	feedback: wrapWidth = 1
5.3024399999994785	EXP	feedback: bold = null
5.3024399999994785	EXP	feedback: italic = null
5.3024399999994785	EXP	feedback: color = #FFFFFF
5.3024399999994785	EXP	feedback: contrast = 1
5.3024399999994785	EXP	game_over_text: units = height
5.3024399999994785	EXP	game_over_text: pos = [0,0]
5.3024399999994785	EXP	game_over_text: size = undefined
5.3024399999994785	EXP	game_over_text: ori = null
5.3024399999994785	EXP	game_over_text: opacity = 1
5.3024399999994785	EXP	game_over_text: depth = null
5.3024399999994785	EXP	game_over_text: clipMask = null
5.3024399999994785	EXP	game_over_text: boundingBox = {"x":0,"y":0,"width":0,"height":0,"type":1}
5.3024399999994785	EXP	game_over_text: text = Congrats! You win!

Please type the letter “y” if you are familiar with binary or bisection search. 
Type the letter “n” if you have never heard of or do not know what binary or bisection search is.
5.3024399999994785	EXP	game_over_text: alignHoriz = center
5.3024399999994785	EXP	game_over_text: alignVert = center
5.3024399999994785	EXP	game_over_text: flipHoriz = null
5.3024399999994785	EXP	game_over_text: flipVert = null
5.3024399999994785	EXP	game_over_text: font = Arial
5.3024399999994785	EXP	game_over_text: height = 0.05
5.3024399999994785	EXP	game_over_text: wrapWidth = 1
5.3024399999994785	EXP	game_over_text: bold = null
5.3024399999994785	EXP	game_over_text: italic = null
5.3024399999994785	EXP	game_over_text: color = #FFFFFF
5.3024399999994785	EXP	game_over_text: contrast = 1
5.3024399999994785	EXP	instText: autoDraw = true
6.920979999937117	DATA	Keydown:  
6.940179999917746	EXP	instText: autoDraw = null
6.940179999917746	EXP	text_2: autoDraw = true
12.885745000094175	DATA	Keydown:  
12.911975000053644	EXP	text_2: autoDraw = null
12.911975000053644	EXP	text: text = null
12.911975000053644	EXP	instr: autoDraw = true
12.911975000053644	EXP	text: autoDraw = true
12.911975000053644	EXP	feedback: autoDraw = true
15.153205000096932	DATA	Keydown: 4
15.166250000009313	EXP	text: text = 4
15.261944999918342	DATA	Keydown: 5
15.26600500009954	EXP	text: text = 45
15.469335000030696	DATA	Keydown: Enter
15.4896899999585	EXP	feedback: text = Too low!
15.4896899999585	EXP	text: text = null
17.59391999989748	DATA	Keydown: 6
17.599729999899864	EXP	text: text = 6
17.95729500008747	DATA	Keydown: 5
17.965695000020787	EXP	text: text = 65
18.213995000114664	DATA	Keydown: Enter
18.222450000001118	EXP	feedback: text = Too low!
18.222450000001118	EXP	text: text = null
19.554745000088587	DATA	Keydown: 1
19.572824999922886	EXP	text: text = 1
19.82226000004448	DATA	Keydown: 5
19.838870000094175	EXP	text: text = 15
19.884474999969825	DATA	Keydown: 0
19.899385000113398	EXP	text: text = 150
20.12766500003636	DATA	Keydown: Enter
20.13188000000082	EXP	feedback: text = Too low!
20.13188000000082	EXP	text: text = null
21.255594999995083	DATA	Keydown: 1
21.265290000010282	EXP	text: text = 1
21.422100000083447	DATA	Keydown: 1
21.432599999941885	EXP	text: text = 11
22.85923000006005	DATA	Keydown: 5
22.86517499992624	EXP	text: text = 115
22.922950000036508	DATA	Keydown: 0
22.93184500001371	EXP	text: text = 1150
23.123175000073388	DATA	Keydown: Enter
23.13344500004314	EXP	feedback: text = Too high!
23.13344500004314	EXP	text: text = null
24.525219999952242	DATA	Keydown: 7
24.53878999990411	EXP	text: text = 7
24.72444500005804	DATA	Keydown: 5
24.732314999913797	EXP	text: text = 75
24.80438999994658	DATA	Keydown: 0
24.816705000121146	EXP	text: text = 750
25.010389999952167	DATA	Keydown: Enter
25.015164999989793	EXP	feedback: text = Too low!
25.015164999989793	EXP	text: text = null
26.80223000003025	DATA	Keydown: 8
26.822434999980032	EXP	text: text = 8
26.868955000070855	DATA	Keydown: 0
26.882965000113472	EXP	text: text = 80
27.035575000103563	DATA	Keydown: 0
27.050395000027493	EXP	text: text = 800
27.305984999984503	DATA	Keydown: Enter
27.314909999957308	EXP	feedback: text = Too low!
27.314909999957308	EXP	text: text = null
28.31230999995023	DATA	Keydown: 9
28.32255499996245	EXP	text: text = 9
28.4542449999135	DATA	Keydown: 0
28.472354999976233	EXP	text: text = 90
28.60626500006765	DATA	Keydown: 0
28.616140000056475	EXP	text: text = 900
28.8105500000529	DATA	Keydown: Enter
28.81523000006564	EXP	feedback: text = Too low!
28.81523000006564	EXP	text: text = null
29.917970000067726	DATA	Keydown: 1
29.932470000116155	EXP	text: text = 1
29.953595000086352	DATA	Keydown: 0
29.972374999895692	EXP	text: text = 10
30.091939999954775	DATA	Keydown: 0
30.099089999916032	EXP	text: text = 100
30.22169500007294	DATA	Keydown: 0
30.233895000070333	EXP	text: text = 1000
30.53679500008002	DATA	Keydown: Enter
30.54989999998361	EXP	feedback: text = Too high!
30.54989999998361	EXP	text: text = null
31.95769999991171	DATA	Keydown: 9
31.965370000107214	EXP	text: text = 9
32.32707000011578	DATA	Keydown: 5
32.338214999996126	EXP	text: text = 95
32.5181899999734	DATA	Keydown: 6
32.532594999996945	EXP	text: text = 956
32.67902999999933	DATA	Keydown: Enter
32.68203500006348	EXP	feedback: text = Too high!
32.68203500006348	EXP	text: text = null
34.13360000005923	DATA	Keydown: 9
34.15571999992244	EXP	text: text = 9
34.61706500011496	DATA	Keydown: 3
34.6323750000447	EXP	text: text = 93
34.76869500009343	DATA	Keydown: 2
34.78910499997437	EXP	text: text = 932
34.8760150000453	DATA	Keydown: Enter
34.882315000053495	EXP	feedback: text = Too high!
34.882315000053495	EXP	text: text = null
35.94081000005826	DATA	Keydown: 9
35.94874999998137	EXP	text: text = 9
36.02419500006363	DATA	Keydown: 1
36.03139499993995	EXP	text: text = 91
36.20183499995619	DATA	Keydown: 5
36.216070000082254	EXP	text: text = 915
36.261829999974	DATA	Keydown: Enter
36.26532500004396	EXP	feedback: text = Too high!
36.26532500004396	EXP	text: text = null
37.660325000062585	DATA	Keydown: 9
37.66522999992594	EXP	text: text = 9
38.00197000009939	DATA	Keydown: 0
38.01591500011273	EXP	text: text = 90
38.25118499994278	DATA	Keydown: 8
38.266060000052676	EXP	text: text = 908
38.38951999996789	DATA	Keydown: Enter
38.399294999893755	EXP	feedback: text = Too high!
38.399294999893755	EXP	text: text = null
39.471619999967515	DATA	Keydown: 9
39.482545000035316	EXP	text: text = 9
39.685564999934286	DATA	Keydown: 0
39.69919000007212	EXP	text: text = 90
39.943840000079945	DATA	Keydown: 5
39.94947999995202	EXP	text: text = 905
40.0882200000342	DATA	Keydown: Enter
40.106085000094026	EXP	instr: autoDraw = null
40.106085000094026	EXP	text: autoDraw = null
40.106085000094026	EXP	feedback: autoDraw = null
40.106085000094026	EXP	text: text = null
40.106085000094026	EXP	game_over_text: autoDraw = true
45.736969999969006	DATA	Keydown: y
