0.067	EXP	Created Window = Window( name=Window, fullscr=true, color=#808080, units=height, waitBlanking=true, autoLog=true, size=[1482,994] )
3.8760000000000003	DATA	Keydown: m
3.9560000000000004	DATA	Keydown: i
4.010000000000001	DATA	Keydown: t
4.19	DATA	Keydown: c
4.271	DATA	Keydown: h
7.452	EXP	Created instText = TextStim( name=instText, win=Window( name=Window, fullscr=true, color=#808080, ~), autoDraw=null, autoLog=true, units=height, pos=[0,0], size=undefined, ori=null, opacity=1, depth=null, clipMask=null, boundingBox={"x":-0.49910056039361167,"y":-0.3727364185110664,~, text=In this game you will be asked to guess a random n~, alignHoriz=center, alignVert=center, flipHoriz=null, flipVert=null, font=Arial, height=0.05, wrapWidth=1, bold=null, italic=null, color=#FFFFFF, contrast=1 )
7.454	EXP	Created text_2 = TextStim( name=text_2, win=Window( name=Window, fullscr=true, color=#808080, ~), autoDraw=null, autoLog=true, units=height, pos=[0,0], size=undefined, ori=null, opacity=1, depth=null, clipMask=null, boundingBox={"x":-0.4571741975289235,"y":-0.3153923541247485,"~, text=Type in your guess and press “enter” in order to s~, alignHoriz=center, alignVert=center, flipHoriz=null, flipVert=null, font=Arial, height=0.05, wrapWidth=1, bold=null, italic=null, color=#FFFFFF, contrast=1 )
7.455	EXP	Created instr = TextStim( name=instr, win=Window( name=Window, fullscr=true, color=#808080, ~), autoDraw=null, autoLog=true, units=height, pos=[-0.2,0.2], size=undefined, ori=null, opacity=1, depth=null, clipMask=null, boundingBox={"x":-0.6557496345259055,"y":0.17132796780684106,"~, text=Type your guess below and press “enter” , alignHoriz=center, alignVert=center, flipHoriz=null, flipVert=null, font=Arial, height=0.05, wrapWidth=1, bold=null, italic=null, color=#FFFFFF, contrast=1 )
7.458	EXP	Created text = TextStim( name=text, win=Window( name=Window, fullscr=true, color=#808080, ~), autoDraw=null, autoLog=true, units=height, pos=[0,0], size=undefined, ori=null, opacity=1, depth=-1, clipMask=null, boundingBox={"x":0,"y":-0.05583501006036217,"width":0,"height"~, text=null, alignHoriz=center, alignVert=center, flipHoriz=null, flipVert=null, font=Arial, height=0.1, wrapWidth=1, bold=null, italic=null, color=#FFFFFF, contrast=1 )
7.458	EXP	Created feedback = TextStim( name=feedback, win=Window( name=Window, fullscr=true, color=#808080, ~), autoDraw=null, autoLog=true, units=height, pos=[0,0.1], size=undefined, ori=null, opacity=1, depth=-2, clipMask=null, boundingBox={"x":0,"y":0.044164989939637835,"width":0,"height"~, text=null, alignHoriz=center, alignVert=center, flipHoriz=null, flipVert=null, font=Arial, height=0.1, wrapWidth=1, bold=null, italic=null, color=#FFFFFF, contrast=1 )
7.46	EXP	Created game_over_text = TextStim( name=game_over_text, win=Window( name=Window, fullscr=true, color=#808080, ~), autoDraw=null, autoLog=true, units=height, pos=[0,0], size=undefined, ori=null, opacity=1, depth=null, clipMask=null, boundingBox={"x":-0.49491283639336014,"y":-0.2007042253521127,~, text=Congrats! You win!

Please type the letter “y” if ~, alignHoriz=center, alignVert=center, flipHoriz=null, flipVert=null, font=Arial, height=0.05, wrapWidth=1, bold=null, italic=null, color=#FFFFFF, contrast=1 )
7.489000000000001	EXP	instText: units = height
7.489000000000001	EXP	instText: pos = [0,0]
7.489000000000001	EXP	instText: size = undefined
7.489000000000001	EXP	instText: ori = null
7.489000000000001	EXP	instText: opacity = 1
7.489000000000001	EXP	instText: depth = null
7.489000000000001	EXP	instText: clipMask = null
7.489000000000001	EXP	instText: boundingBox = {"x":0,"y":0,"width":0,"height":0,"type":1}
7.489000000000001	EXP	instText: text = In this game you will be asked to guess a random number from 1 to 1,000 (inclusive). 

Each time you guess, you will receive a hint. That hint will either tell you that your guess was too high or too low. You can use that feedback in your next turn. 

Please note that you must use the number row to type in guesses (not the number pad)! 

Press the space bar to continue...
7.489000000000001	EXP	instText: alignHoriz = center
7.489000000000001	EXP	instText: alignVert = center
7.489000000000001	EXP	instText: flipHoriz = null
7.489000000000001	EXP	instText: flipVert = null
7.489000000000001	EXP	instText: font = Arial
7.489000000000001	EXP	instText: height = 0.05
7.489000000000001	EXP	instText: wrapWidth = 1
7.489000000000001	EXP	instText: bold = null
7.489000000000001	EXP	instText: italic = null
7.489000000000001	EXP	instText: color = #FFFFFF
7.489000000000001	EXP	instText: contrast = 1
7.489000000000001	EXP	text_2: units = height
7.489000000000001	EXP	text_2: pos = [0,0]
7.489000000000001	EXP	text_2: size = undefined
7.489000000000001	EXP	text_2: ori = null
7.489000000000001	EXP	text_2: opacity = 1
7.489000000000001	EXP	text_2: depth = null
7.489000000000001	EXP	text_2: clipMask = null
7.489000000000001	EXP	text_2: boundingBox = {"x":0,"y":0,"width":0,"height":0,"type":1}
7.489000000000001	EXP	text_2: text = Type in your guess and press “enter” in order to submit that guess.

Your final score will be based on a combination of: 1) total time you took to submit each guess, and 2) the number of guesses it took for you to finally get the correct number. 

Press the space bar to start the game…

7.489000000000001	EXP	text_2: alignHoriz = center
7.489000000000001	EXP	text_2: alignVert = center
7.489000000000001	EXP	text_2: flipHoriz = null
7.489000000000001	EXP	text_2: flipVert = null
7.489000000000001	EXP	text_2: font = Arial
7.489000000000001	EXP	text_2: height = 0.05
7.489000000000001	EXP	text_2: wrapWidth = 1
7.489000000000001	EXP	text_2: bold = null
7.489000000000001	EXP	text_2: italic = null
7.489000000000001	EXP	text_2: color = #FFFFFF
7.489000000000001	EXP	text_2: contrast = 1
7.489000000000001	EXP	instr: units = height
7.489000000000001	EXP	instr: pos = [-0.2,0.2]
7.489000000000001	EXP	instr: size = undefined
7.489000000000001	EXP	instr: ori = null
7.489000000000001	EXP	instr: opacity = 1
7.489000000000001	EXP	instr: depth = null
7.489000000000001	EXP	instr: clipMask = null
7.489000000000001	EXP	instr: boundingBox = {"x":0,"y":0,"width":0,"height":0,"type":1}
7.489000000000001	EXP	instr: text = Type your guess below and press “enter” 
7.489000000000001	EXP	instr: alignHoriz = center
7.489000000000001	EXP	instr: alignVert = center
7.489000000000001	EXP	instr: flipHoriz = null
7.489000000000001	EXP	instr: flipVert = null
7.489000000000001	EXP	instr: font = Arial
7.489000000000001	EXP	instr: height = 0.05
7.489000000000001	EXP	instr: wrapWidth = 1
7.489000000000001	EXP	instr: bold = null
7.489000000000001	EXP	instr: italic = null
7.489000000000001	EXP	instr: color = #FFFFFF
7.489000000000001	EXP	instr: contrast = 1
7.489000000000001	EXP	text: units = height
7.489000000000001	EXP	text: pos = [0,0]
7.489000000000001	EXP	text: size = undefined
7.489000000000001	EXP	text: ori = null
7.489000000000001	EXP	text: opacity = 1
7.489000000000001	EXP	text: depth = -1
7.489000000000001	EXP	text: clipMask = null
7.489000000000001	EXP	text: boundingBox = {"x":0,"y":0,"width":0,"height":0,"type":1}
7.489000000000001	EXP	text: text = null
7.489000000000001	EXP	text: alignHoriz = center
7.489000000000001	EXP	text: alignVert = center
7.489000000000001	EXP	text: flipHoriz = null
7.489000000000001	EXP	text: flipVert = null
7.489000000000001	EXP	text: font = Arial
7.489000000000001	EXP	text: height = 0.1
7.489000000000001	EXP	text: wrapWidth = 1
7.489000000000001	EXP	text: bold = null
7.489000000000001	EXP	text: italic = null
7.489000000000001	EXP	text: color = #FFFFFF
7.489000000000001	EXP	text: contrast = 1
7.489000000000001	EXP	feedback: units = height
7.489000000000001	EXP	feedback: pos = [0,0.1]
7.489000000000001	EXP	feedback: size = undefined
7.489000000000001	EXP	feedback: ori = null
7.489000000000001	EXP	feedback: opacity = 1
7.489000000000001	EXP	feedback: depth = -2
7.489000000000001	EXP	feedback: clipMask = null
7.489000000000001	EXP	feedback: boundingBox = {"x":0,"y":0,"width":0,"height":0,"type":1}
7.489000000000001	EXP	feedback: text = null
7.489000000000001	EXP	feedback: alignHoriz = center
7.489000000000001	EXP	feedback: alignVert = center
7.489000000000001	EXP	feedback: flipHoriz = null
7.489000000000001	EXP	feedback: flipVert = null
7.489000000000001	EXP	feedback: font = Arial
7.489000000000001	EXP	feedback: height = 0.1
7.489000000000001	EXP	feedback: wrapWidth = 1
7.489000000000001	EXP	feedback: bold = null
7.489000000000001	EXP	feedback: italic = null
7.489000000000001	EXP	feedback: color = #FFFFFF
7.489000000000001	EXP	feedback: contrast = 1
7.489000000000001	EXP	game_over_text: units = height
7.489000000000001	EXP	game_over_text: pos = [0,0]
7.489000000000001	EXP	game_over_text: size = undefined
7.489000000000001	EXP	game_over_text: ori = null
7.489000000000001	EXP	game_over_text: opacity = 1
7.489000000000001	EXP	game_over_text: depth = null
7.489000000000001	EXP	game_over_text: clipMask = null
7.489000000000001	EXP	game_over_text: boundingBox = {"x":0,"y":0,"width":0,"height":0,"type":1}
7.489000000000001	EXP	game_over_text: text = Congrats! You win!

Please type the letter “y” if you are familiar with binary or bisection search. 
Type the letter “n” if you have never heard of or do not know what binary or bisection search is.
7.489000000000001	EXP	game_over_text: alignHoriz = center
7.489000000000001	EXP	game_over_text: alignVert = center
7.489000000000001	EXP	game_over_text: flipHoriz = null
7.489000000000001	EXP	game_over_text: flipVert = null
7.489000000000001	EXP	game_over_text: font = Arial
7.489000000000001	EXP	game_over_text: height = 0.05
7.489000000000001	EXP	game_over_text: wrapWidth = 1
7.489000000000001	EXP	game_over_text: bold = null
7.489000000000001	EXP	game_over_text: italic = null
7.489000000000001	EXP	game_over_text: color = #FFFFFF
7.489000000000001	EXP	game_over_text: contrast = 1
7.489000000000001	EXP	instText: autoDraw = true
18.512	DATA	Keydown:  
18.532	EXP	instText: autoDraw = null
18.532	EXP	text_2: autoDraw = true
25.791	DATA	Keydown:  
25.805	EXP	text_2: autoDraw = null
25.805	EXP	text: text = null
25.805	EXP	instr: autoDraw = true
25.805	EXP	text: autoDraw = true
25.805	EXP	feedback: autoDraw = true
30.944	DATA	Keydown: 5
30.952	EXP	text: text = 5
31.259	DATA	Keydown: 0
31.269000000000002	EXP	text: text = 50
31.428	DATA	Keydown: 0
31.436	EXP	text: text = 500
32.473	DATA	Keydown: Enter
32.487	EXP	feedback: text = Too high!
32.487	EXP	text: text = null
34.095	DATA	Keydown: 2
34.106	EXP	text: text = 2
34.431	DATA	Keydown: 5
34.439	EXP	text: text = 25
34.634	DATA	Keydown: 0
34.639	EXP	text: text = 250
35.275	DATA	Keydown: Enter
35.291000000000004	EXP	feedback: text = Too low!
35.291000000000004	EXP	text: text = null
37.065	DATA	Keydown: 3
37.076	EXP	text: text = 3
37.548	DATA	Keydown: 7
37.559	EXP	text: text = 37
37.683	DATA	Keydown: 5
37.693	EXP	text: text = 375
38.201	DATA	Keydown: Enter
38.21	EXP	feedback: text = Too high!
38.21	EXP	text: text = null
59.251000000000005	DATA	Keydown: 3
59.267	EXP	text: text = 3
59.858000000000004	DATA	Keydown: 4
59.867000000000004	EXP	text: text = 34
60.195	DATA	Keydown: 5
60.201	EXP	text: text = 345
60.679	DATA	Keydown: Enter
60.685	EXP	feedback: text = Too low!
60.685	EXP	text: text = null
67.06899999999999	DATA	Keydown: 3
67.07499999999999	EXP	text: text = 3
67.565	DATA	Keydown: 6
67.576	EXP	text: text = 36
67.69999999999999	DATA	Keydown: 0
67.70899999999999	EXP	text: text = 360
68.419	DATA	Keydown: Enter
68.42699999999999	EXP	feedback: text = Too high!
68.42699999999999	EXP	text: text = null
71.32199999999999	DATA	Keydown: 3
71.33	EXP	text: text = 3
71.73899999999999	DATA	Keydown: 5
71.746	EXP	text: text = 35
72.3	DATA	Keydown: 2
72.314	EXP	text: text = 352
72.639	DATA	Keydown: Enter
72.648	EXP	feedback: text = Too high!
72.648	EXP	text: text = null
75.856	DATA	Keydown: 3
75.868	EXP	text: text = 3
76.118	DATA	Keydown: 4
76.13499999999999	EXP	text: text = 34
76.789	DATA	Keydown: 7
76.803	EXP	text: text = 347
77.027	DATA	Keydown: Enter
77.036	EXP	feedback: text = Too low!
77.036	EXP	text: text = null
78.321	DATA	Keydown: 3
78.33699999999999	EXP	text: text = 3
78.58999999999999	DATA	Keydown: 4
78.60499999999999	EXP	text: text = 34
79.895	DATA	Keydown: 9
79.90599999999999	EXP	text: text = 349
80.19	DATA	Keydown: Enter
80.207	EXP	feedback: text = Too high!
80.207	EXP	text: text = null
81.032	DATA	Keydown: 3
81.03999999999999	EXP	text: text = 3
81.23299999999999	DATA	Keydown: 4
81.24	EXP	text: text = 34
81.64099999999999	DATA	Keydown: 8
81.658	EXP	text: text = 348
81.842	DATA	Keydown: Enter
81.866	EXP	instr: autoDraw = null
81.866	EXP	text: autoDraw = null
81.866	EXP	feedback: autoDraw = null
81.866	EXP	text: text = null
81.866	EXP	game_over_text: autoDraw = true
87.22	DATA	Keydown: y
