0.1080000000000001	EXP	Created Window = Window( name=Window, fullscr=true, color=#808080, units=height, waitBlanking=true, autoLog=true, size=[718,747] )
3.9120000000000004	DATA	Keydown: n
4.082000000000001	DATA	Keydown: o
4.365	DATA	Keydown: r
4.547000000000001	DATA	Keydown: y
5.629	EXP	Created instText = TextStim( name=instText, win=Window( name=Window, fullscr=true, color=#808080, ~), autoDraw=null, autoLog=true, units=height, pos=[0,0], size=undefined, ori=null, opacity=1, depth=null, clipMask=null, boundingBox={"x":-0.49767875140091833,"y":-0.3711699164345404,~, text=In this game you will be asked to guess a random n~, alignHoriz=center, alignVert=center, flipHoriz=null, flipVert=null, font=Arial, height=0.05, wrapWidth=1, bold=null, italic=null, color=#FFFFFF, contrast=1 )
5.632	EXP	Created text_2 = TextStim( name=text_2, win=Window( name=Window, fullscr=true, color=#808080, ~), autoDraw=null, autoLog=true, units=height, pos=[0,0], size=undefined, ori=null, opacity=1, depth=null, clipMask=null, boundingBox={"x":-0.495357460298246,"y":-0.3711699164345404,"w~, text=Type in your guess and press “enter” in order to s~, alignHoriz=center, alignVert=center, flipHoriz=null, flipVert=null, font=Arial, height=0.05, wrapWidth=1, bold=null, italic=null, color=#FFFFFF, contrast=1 )
5.633000000000001	EXP	Created instr = TextStim( name=instr, win=Window( name=Window, fullscr=true, color=#808080, ~), autoDraw=null, autoLog=true, units=height, pos=[-0.2,0.2], size=undefined, ori=null, opacity=1, depth=null, clipMask=null, boundingBox={"x":-0.6544568075110986,"y":0.17144846796657381,"~, text=Type your guess below and press “enter” , alignHoriz=center, alignVert=center, flipHoriz=null, flipVert=null, font=Arial, height=0.05, wrapWidth=1, bold=null, italic=null, color=#FFFFFF, contrast=1 )
5.6370000000000005	EXP	Created text = TextStim( name=text, win=Window( name=Window, fullscr=true, color=#808080, ~), autoDraw=null, autoLog=true, units=height, pos=[0,0], size=undefined, ori=null, opacity=1, depth=-1, clipMask=null, boundingBox={"x":0,"y":-0.057103064066852366,"width":0,"height~, text=null, alignHoriz=center, alignVert=center, flipHoriz=null, flipVert=null, font=Arial, height=0.1, wrapWidth=1, bold=null, italic=null, color=#FFFFFF, contrast=1 )
5.638	EXP	Created feedback = TextStim( name=feedback, win=Window( name=Window, fullscr=true, color=#808080, ~), autoDraw=null, autoLog=true, units=height, pos=[0,0.1], size=undefined, ori=null, opacity=1, depth=-2, clipMask=null, boundingBox={"x":0,"y":0.04289693593314764,"width":0,"height":~, text=null, alignHoriz=center, alignVert=center, flipHoriz=null, flipVert=null, font=Arial, height=0.1, wrapWidth=1, bold=null, italic=null, color=#FFFFFF, contrast=1 )
5.652000000000001	EXP	Created game_over_text = TextStim( name=game_over_text, win=Window( name=Window, fullscr=true, color=#808080, ~), autoDraw=null, autoLog=true, units=height, pos=[0,0], size=undefined, ori=null, opacity=1, depth=null, clipMask=null, boundingBox={"x":-0.49350047842041694,"y":-0.1998607242339833,~, text=Congrats! You win!

Please type the letter “y” if ~, alignHoriz=center, alignVert=center, flipHoriz=null, flipVert=null, font=Arial, height=0.05, wrapWidth=1, bold=null, italic=null, color=#FFFFFF, contrast=1 )
5.775	EXP	instText: units = height
5.775	EXP	instText: pos = [0,0]
5.775	EXP	instText: size = undefined
5.775	EXP	instText: ori = null
5.775	EXP	instText: opacity = 1
5.775	EXP	instText: depth = null
5.775	EXP	instText: clipMask = null
5.775	EXP	instText: boundingBox = {"x":0,"y":0,"width":0,"height":0,"type":1}
5.775	EXP	instText: text = In this game you will be asked to guess a random number from 1 to 1,000 (inclusive). 

Each time you guess, you will receive a hint. That hint will either tell you that your guess was too high or too low. You can use that feedback in your next turn. 

Please note that you must use the number row to type in guesses (not the number pad)! 

Press the space bar to continue...
5.775	EXP	instText: alignHoriz = center
5.775	EXP	instText: alignVert = center
5.775	EXP	instText: flipHoriz = null
5.775	EXP	instText: flipVert = null
5.775	EXP	instText: font = Arial
5.775	EXP	instText: height = 0.05
5.775	EXP	instText: wrapWidth = 1
5.775	EXP	instText: bold = null
5.775	EXP	instText: italic = null
5.775	EXP	instText: color = #FFFFFF
5.775	EXP	instText: contrast = 1
5.775	EXP	text_2: units = height
5.775	EXP	text_2: pos = [0,0]
5.775	EXP	text_2: size = undefined
5.775	EXP	text_2: ori = null
5.775	EXP	text_2: opacity = 1
5.775	EXP	text_2: depth = null
5.775	EXP	text_2: clipMask = null
5.775	EXP	text_2: boundingBox = {"x":0,"y":0,"width":0,"height":0,"type":1}
5.775	EXP	text_2: text = Type in your guess and press “enter” in order to submit that guess.

Your final score will be based on a combination of: 1) total time you took to submit each guess, and 2) the number of guesses it took for you to finally get the correct number. You are not permitted to use a calculator or write anything down during the game! 

Press the space bar to start the game…

5.775	EXP	text_2: alignHoriz = center
5.775	EXP	text_2: alignVert = center
5.775	EXP	text_2: flipHoriz = null
5.775	EXP	text_2: flipVert = null
5.775	EXP	text_2: font = Arial
5.775	EXP	text_2: height = 0.05
5.775	EXP	text_2: wrapWidth = 1
5.775	EXP	text_2: bold = null
5.775	EXP	text_2: italic = null
5.775	EXP	text_2: color = #FFFFFF
5.775	EXP	text_2: contrast = 1
5.775	EXP	instr: units = height
5.775	EXP	instr: pos = [-0.2,0.2]
5.775	EXP	instr: size = undefined
5.775	EXP	instr: ori = null
5.775	EXP	instr: opacity = 1
5.775	EXP	instr: depth = null
5.775	EXP	instr: clipMask = null
5.775	EXP	instr: boundingBox = {"x":0,"y":0,"width":0,"height":0,"type":1}
5.775	EXP	instr: text = Type your guess below and press “enter” 
5.775	EXP	instr: alignHoriz = center
5.775	EXP	instr: alignVert = center
5.775	EXP	instr: flipHoriz = null
5.775	EXP	instr: flipVert = null
5.775	EXP	instr: font = Arial
5.775	EXP	instr: height = 0.05
5.775	EXP	instr: wrapWidth = 1
5.775	EXP	instr: bold = null
5.775	EXP	instr: italic = null
5.775	EXP	instr: color = #FFFFFF
5.775	EXP	instr: contrast = 1
5.775	EXP	text: units = height
5.775	EXP	text: pos = [0,0]
5.775	EXP	text: size = undefined
5.775	EXP	text: ori = null
5.775	EXP	text: opacity = 1
5.775	EXP	text: depth = -1
5.775	EXP	text: clipMask = null
5.775	EXP	text: boundingBox = {"x":0,"y":0,"width":0,"height":0,"type":1}
5.775	EXP	text: text = null
5.775	EXP	text: alignHoriz = center
5.775	EXP	text: alignVert = center
5.775	EXP	text: flipHoriz = null
5.775	EXP	text: flipVert = null
5.775	EXP	text: font = Arial
5.775	EXP	text: height = 0.1
5.775	EXP	text: wrapWidth = 1
5.775	EXP	text: bold = null
5.775	EXP	text: italic = null
5.775	EXP	text: color = #FFFFFF
5.775	EXP	text: contrast = 1
5.775	EXP	feedback: units = height
5.775	EXP	feedback: pos = [0,0.1]
5.775	EXP	feedback: size = undefined
5.775	EXP	feedback: ori = null
5.775	EXP	feedback: opacity = 1
5.775	EXP	feedback: depth = -2
5.775	EXP	feedback: clipMask = null
5.775	EXP	feedback: boundingBox = {"x":0,"y":0,"width":0,"height":0,"type":1}
5.775	EXP	feedback: text = null
5.775	EXP	feedback: alignHoriz = center
5.775	EXP	feedback: alignVert = center
5.775	EXP	feedback: flipHoriz = null
5.775	EXP	feedback: flipVert = null
5.775	EXP	feedback: font = Arial
5.775	EXP	feedback: height = 0.1
5.775	EXP	feedback: wrapWidth = 1
5.775	EXP	feedback: bold = null
5.775	EXP	feedback: italic = null
5.775	EXP	feedback: color = #FFFFFF
5.775	EXP	feedback: contrast = 1
5.775	EXP	game_over_text: units = height
5.775	EXP	game_over_text: pos = [0,0]
5.775	EXP	game_over_text: size = undefined
5.775	EXP	game_over_text: ori = null
5.775	EXP	game_over_text: opacity = 1
5.775	EXP	game_over_text: depth = null
5.775	EXP	game_over_text: clipMask = null
5.775	EXP	game_over_text: boundingBox = {"x":0,"y":0,"width":0,"height":0,"type":1}
5.775	EXP	game_over_text: text = Congrats! You win!

Please type the letter “y” if you are familiar with binary or bisection search. 
Type the letter “n” if you have never heard of or do not know what binary or bisection search is.
5.775	EXP	game_over_text: alignHoriz = center
5.775	EXP	game_over_text: alignVert = center
5.775	EXP	game_over_text: flipHoriz = null
5.775	EXP	game_over_text: flipVert = null
5.775	EXP	game_over_text: font = Arial
5.775	EXP	game_over_text: height = 0.05
5.775	EXP	game_over_text: wrapWidth = 1
5.775	EXP	game_over_text: bold = null
5.775	EXP	game_over_text: italic = null
5.775	EXP	game_over_text: color = #FFFFFF
5.775	EXP	game_over_text: contrast = 1
5.775	EXP	instText: autoDraw = true
15.304	DATA	Keydown:  
15.442000000000002	EXP	instText: autoDraw = null
15.442000000000002	EXP	text_2: autoDraw = true
19.430999999999997	DATA	Keydown:  
19.456	EXP	text_2: autoDraw = null
19.456	EXP	text: text = null
19.456	EXP	instr: autoDraw = true
19.456	EXP	text: autoDraw = true
19.456	EXP	feedback: autoDraw = true
21.139	DATA	Keydown: 9
21.151999999999997	EXP	text: text = 9
21.759	DATA	Keydown: Enter
21.788	EXP	feedback: text = Too low!
21.788	EXP	text: text = null
23.467	DATA	Keydown: 2
23.494999999999997	EXP	text: text = 2
23.587	DATA	Keydown: 5
23.593999999999998	EXP	text: text = 25
23.7	DATA	Keydown: Enter
23.712	EXP	feedback: text = Too low!
23.712	EXP	text: text = null
25.145999999999997	DATA	Keydown: 1
25.174	EXP	text: text = 1
25.266	DATA	Keydown: 0
25.276999999999997	EXP	text: text = 10
25.433	DATA	Keydown: 0
25.444	EXP	text: text = 100
25.647	DATA	Keydown: Enter
25.660999999999998	EXP	feedback: text = Too low!
25.660999999999998	EXP	text: text = null
27.281	DATA	Keydown: 5
27.293	EXP	text: text = 5
27.397	DATA	Keydown: 0
27.407	EXP	text: text = 50
27.596999999999998	DATA	Keydown: 0
27.608999999999998	EXP	text: text = 500
27.826999999999998	DATA	Keydown: Enter
27.852	EXP	feedback: text = Too high!
27.852	EXP	text: text = null
29.464	DATA	Keydown: 3
29.484	EXP	text: text = 3
29.525999999999996	DATA	Keydown: 0
29.54	EXP	text: text = 30
29.689999999999998	DATA	Keydown: 0
29.704	EXP	text: text = 300
29.905	DATA	Keydown: Enter
29.918	EXP	feedback: text = Too low!
29.918	EXP	text: text = null
31.223999999999997	DATA	Keydown: 4
31.251999999999995	EXP	text: text = 4
31.326999999999998	DATA	Keydown: 0
31.338	EXP	text: text = 40
31.506	DATA	Keydown: 0
31.536	EXP	text: text = 400
31.71	DATA	Keydown: Enter
31.722	EXP	feedback: text = Too low!
31.722	EXP	text: text = null
33.326	DATA	Keydown: 4
33.338	EXP	text: text = 4
33.577	DATA	Keydown: 5
33.588	EXP	text: text = 45
33.693	DATA	Keydown: 0
33.719	EXP	text: text = 450
33.969	DATA	Keydown: Enter
33.99	EXP	feedback: text = Too high!
33.99	EXP	text: text = null
35.394	DATA	Keydown: 4
35.400999999999996	EXP	text: text = 4
35.558	DATA	Keydown: 2
35.586	EXP	text: text = 42
35.739	DATA	Keydown: 5
35.769999999999996	EXP	text: text = 425
35.888999999999996	DATA	Keydown: Enter
35.92	EXP	feedback: text = Too low!
35.92	EXP	text: text = null
39.43	DATA	Keydown: 4
39.439	EXP	text: text = 4
40.178	DATA	Keydown: 4
40.205	EXP	text: text = 44
40.881	DATA	Keydown: 2
40.891	EXP	text: text = 442
42.83	DATA	Keydown: Enter
42.855	EXP	feedback: text = Too high!
42.855	EXP	text: text = null
44.846	DATA	Keydown: 4
44.857	EXP	text: text = 4
45.024	DATA	Keydown: 3
45.039	EXP	text: text = 43
45.527	DATA	Keydown: 3
45.53	DATA	Keydown: 5
45.556	EXP	text: text = 435
45.929	DATA	Keydown: Enter
45.937999999999995	EXP	feedback: text = Too high!
45.937999999999995	EXP	text: text = null
48.268	DATA	Keydown: 4
48.275999999999996	EXP	text: text = 4
48.445	DATA	Keydown: 3
48.458999999999996	EXP	text: text = 43
48.604	DATA	Keydown: 0
48.623999999999995	EXP	text: text = 430
48.9	DATA	Keydown: Enter
48.911	EXP	feedback: text = Too low!
48.911	EXP	text: text = null
50.906	DATA	Keydown: 4
50.926	EXP	text: text = 4
51.061	DATA	Keydown: 3
51.074	EXP	text: text = 43
51.262	DATA	Keydown: 2
51.289	EXP	text: text = 432
51.515	DATA	Keydown: Enter
51.525	EXP	feedback: text = Too low!
51.525	EXP	text: text = null
53.277	DATA	Keydown: 4
53.287	EXP	text: text = 4
53.510999999999996	DATA	Keydown: 3
53.522999999999996	EXP	text: text = 43
53.918	DATA	Keydown: 3
53.937	EXP	text: text = 433
54.112	DATA	Keydown: Enter
54.156	EXP	instr: autoDraw = null
54.156	EXP	text: autoDraw = null
54.156	EXP	feedback: autoDraw = null
54.156	EXP	text: text = null
54.156	EXP	game_over_text: autoDraw = true
56.93	DATA	Keydown: y
