0.24355500000092434	EXP	Created Window = Window( name=Window, fullscr=true, color=#808080, units=height, waitBlanking=true, autoLog=true, size=[1440,757] )
6.0093699999997625	DATA	Keydown: Shift
6.151799999999639	DATA	Keydown: W
6.4578700000020035	DATA	Keydown: R
8.051845000001776	DATA	Keydown: L
10.119730000002164	DATA	Keydown: Shift
10.603315000000293	DATA	Keydown: M
10.770124999999098	DATA	Keydown: a
10.820055000000139	DATA	Keydown: n
14.405735000000277	EXP	Created instText = TextStim( name=instText, win=Window( name=Window, fullscr=true, color=#808080, ~), autoDraw=null, autoLog=true, units=height, pos=[0,0], size=undefined, ori=null, opacity=1, depth=null, clipMask=null, boundingBox={"x":-0.49807203083718626,"y":-0.36922060766182296~, text=In this game you will be asked to guess a random n~, alignHoriz=center, alignVert=center, flipHoriz=null, flipVert=null, font=Arial, height=0.05, wrapWidth=1, bold=null, italic=null, color=#FFFFFF, contrast=1 )
14.409715000001597	EXP	Created text_2 = TextStim( name=text_2, win=Window( name=Window, fullscr=true, color=#808080, ~), autoDraw=null, autoLog=true, units=height, pos=[0,0], size=undefined, ori=null, opacity=1, depth=null, clipMask=null, boundingBox={"x":-0.45623206840323643,"y":-0.31241743725231175~, text=Type in your guess and press “enter” in order to s~, alignHoriz=center, alignVert=center, flipHoriz=null, flipVert=null, font=Arial, height=0.05, wrapWidth=1, bold=null, italic=null, color=#FFFFFF, contrast=1 )
14.411169999999402	EXP	Created instr = TextStim( name=instr, win=Window( name=Window, fullscr=true, color=#808080, ~), autoDraw=null, autoLog=true, units=height, pos=[-0.2,0.2], size=undefined, ori=null, opacity=1, depth=null, clipMask=null, boundingBox={"x":-0.6548104410914795,"y":0.1715984147952444,"w~, text=Type your guess below and press “enter” , alignHoriz=center, alignVert=center, flipHoriz=null, flipVert=null, font=Arial, height=0.05, wrapWidth=1, bold=null, italic=null, color=#FFFFFF, contrast=1 )
14.418604999998934	EXP	Created text = TextStim( name=text, win=Window( name=Window, fullscr=true, color=#808080, ~), autoDraw=null, autoLog=true, units=height, pos=[0,0], size=undefined, ori=null, opacity=1, depth=-1, clipMask=null, boundingBox={"x":0,"y":-0.05548216644649934,"width":0,"height"~, text=null, alignHoriz=center, alignVert=center, flipHoriz=null, flipVert=null, font=Arial, height=0.1, wrapWidth=1, bold=null, italic=null, color=#FFFFFF, contrast=1 )
14.421425000000454	EXP	Created feedback = TextStim( name=feedback, win=Window( name=Window, fullscr=true, color=#808080, ~), autoDraw=null, autoLog=true, units=height, pos=[0,0.1], size=undefined, ori=null, opacity=1, depth=-2, clipMask=null, boundingBox={"x":0,"y":0.04451783355350067,"width":0,"height":~, text=null, alignHoriz=center, alignVert=center, flipHoriz=null, flipVert=null, font=Arial, height=0.1, wrapWidth=1, bold=null, italic=null, color=#FFFFFF, contrast=1 )
14.424614999999903	EXP	Created game_over_text = TextStim( name=game_over_text, win=Window( name=Window, fullscr=true, color=#808080, ~), autoDraw=null, autoLog=true, units=height, pos=[0,0], size=undefined, ori=null, opacity=1, depth=null, clipMask=null, boundingBox={"x":-0.4938929367569353,"y":-0.19881109643328929,~, text=Congrats! You win!

Please type the letter “y” if ~, alignHoriz=center, alignVert=center, flipHoriz=null, flipVert=null, font=Arial, height=0.05, wrapWidth=1, bold=null, italic=null, color=#FFFFFF, contrast=1 )
14.513364999998885	EXP	instText: units = height
14.513364999998885	EXP	instText: pos = [0,0]
14.513364999998885	EXP	instText: size = undefined
14.513364999998885	EXP	instText: ori = null
14.513364999998885	EXP	instText: opacity = 1
14.513364999998885	EXP	instText: depth = null
14.513364999998885	EXP	instText: clipMask = null
14.513364999998885	EXP	instText: boundingBox = {"x":0,"y":0,"width":0,"height":0,"type":1}
14.513364999998885	EXP	instText: text = In this game you will be asked to guess a random number from 1 to 1,000 (inclusive). 

Each time you guess, you will receive a hint. That hint will either tell you that your guess was too high or too low. You can use that feedback in your next turn. 

Please note that you must use the number row to type in guesses (not the number pad)! 

Press the space bar to continue...
14.513364999998885	EXP	instText: alignHoriz = center
14.513364999998885	EXP	instText: alignVert = center
14.513364999998885	EXP	instText: flipHoriz = null
14.513364999998885	EXP	instText: flipVert = null
14.513364999998885	EXP	instText: font = Arial
14.513364999998885	EXP	instText: height = 0.05
14.513364999998885	EXP	instText: wrapWidth = 1
14.513364999998885	EXP	instText: bold = null
14.513364999998885	EXP	instText: italic = null
14.513364999998885	EXP	instText: color = #FFFFFF
14.513364999998885	EXP	instText: contrast = 1
14.513364999998885	EXP	text_2: units = height
14.513364999998885	EXP	text_2: pos = [0,0]
14.513364999998885	EXP	text_2: size = undefined
14.513364999998885	EXP	text_2: ori = null
14.513364999998885	EXP	text_2: opacity = 1
14.513364999998885	EXP	text_2: depth = null
14.513364999998885	EXP	text_2: clipMask = null
14.513364999998885	EXP	text_2: boundingBox = {"x":0,"y":0,"width":0,"height":0,"type":1}
14.513364999998885	EXP	text_2: text = Type in your guess and press “enter” in order to submit that guess.

Your final score will be based on a combination of: 1) total time you took to submit each guess, and 2) the number of guesses it took for you to finally get the correct number. 

Press the space bar to start the game…

14.513364999998885	EXP	text_2: alignHoriz = center
14.513364999998885	EXP	text_2: alignVert = center
14.513364999998885	EXP	text_2: flipHoriz = null
14.513364999998885	EXP	text_2: flipVert = null
14.513364999998885	EXP	text_2: font = Arial
14.513364999998885	EXP	text_2: height = 0.05
14.513364999998885	EXP	text_2: wrapWidth = 1
14.513364999998885	EXP	text_2: bold = null
14.513364999998885	EXP	text_2: italic = null
14.513364999998885	EXP	text_2: color = #FFFFFF
14.513364999998885	EXP	text_2: contrast = 1
14.513364999998885	EXP	instr: units = height
14.513364999998885	EXP	instr: pos = [-0.2,0.2]
14.513364999998885	EXP	instr: size = undefined
14.513364999998885	EXP	instr: ori = null
14.513364999998885	EXP	instr: opacity = 1
14.513364999998885	EXP	instr: depth = null
14.513364999998885	EXP	instr: clipMask = null
14.513364999998885	EXP	instr: boundingBox = {"x":0,"y":0,"width":0,"height":0,"type":1}
14.513364999998885	EXP	instr: text = Type your guess below and press “enter” 
14.513364999998885	EXP	instr: alignHoriz = center
14.513364999998885	EXP	instr: alignVert = center
14.513364999998885	EXP	instr: flipHoriz = null
14.513364999998885	EXP	instr: flipVert = null
14.513364999998885	EXP	instr: font = Arial
14.513364999998885	EXP	instr: height = 0.05
14.513364999998885	EXP	instr: wrapWidth = 1
14.513364999998885	EXP	instr: bold = null
14.513364999998885	EXP	instr: italic = null
14.513364999998885	EXP	instr: color = #FFFFFF
14.513364999998885	EXP	instr: contrast = 1
14.513364999998885	EXP	text: units = height
14.513364999998885	EXP	text: pos = [0,0]
14.513364999998885	EXP	text: size = undefined
14.513364999998885	EXP	text: ori = null
14.513364999998885	EXP	text: opacity = 1
14.513364999998885	EXP	text: depth = -1
14.513364999998885	EXP	text: clipMask = null
14.513364999998885	EXP	text: boundingBox = {"x":0,"y":0,"width":0,"height":0,"type":1}
14.513364999998885	EXP	text: text = null
14.513364999998885	EXP	text: alignHoriz = center
14.513364999998885	EXP	text: alignVert = center
14.513364999998885	EXP	text: flipHoriz = null
14.513364999998885	EXP	text: flipVert = null
14.513364999998885	EXP	text: font = Arial
14.513364999998885	EXP	text: height = 0.1
14.513364999998885	EXP	text: wrapWidth = 1
14.513364999998885	EXP	text: bold = null
14.513364999998885	EXP	text: italic = null
14.513364999998885	EXP	text: color = #FFFFFF
14.513364999998885	EXP	text: contrast = 1
14.513364999998885	EXP	feedback: units = height
14.513364999998885	EXP	feedback: pos = [0,0.1]
14.513364999998885	EXP	feedback: size = undefined
14.513364999998885	EXP	feedback: ori = null
14.513364999998885	EXP	feedback: opacity = 1
14.513364999998885	EXP	feedback: depth = -2
14.513364999998885	EXP	feedback: clipMask = null
14.513364999998885	EXP	feedback: boundingBox = {"x":0,"y":0,"width":0,"height":0,"type":1}
14.513364999998885	EXP	feedback: text = null
14.513364999998885	EXP	feedback: alignHoriz = center
14.513364999998885	EXP	feedback: alignVert = center
14.513364999998885	EXP	feedback: flipHoriz = null
14.513364999998885	EXP	feedback: flipVert = null
14.513364999998885	EXP	feedback: font = Arial
14.513364999998885	EXP	feedback: height = 0.1
14.513364999998885	EXP	feedback: wrapWidth = 1
14.513364999998885	EXP	feedback: bold = null
14.513364999998885	EXP	feedback: italic = null
14.513364999998885	EXP	feedback: color = #FFFFFF
14.513364999998885	EXP	feedback: contrast = 1
14.513364999998885	EXP	game_over_text: units = height
14.513364999998885	EXP	game_over_text: pos = [0,0]
14.513364999998885	EXP	game_over_text: size = undefined
14.513364999998885	EXP	game_over_text: ori = null
14.513364999998885	EXP	game_over_text: opacity = 1
14.513364999998885	EXP	game_over_text: depth = null
14.513364999998885	EXP	game_over_text: clipMask = null
14.513364999998885	EXP	game_over_text: boundingBox = {"x":0,"y":0,"width":0,"height":0,"type":1}
14.513364999998885	EXP	game_over_text: text = Congrats! You win!

Please type the letter “y” if you are familiar with binary or bisection search. 
Type the letter “n” if you have never heard of or do not know what binary or bisection search is.
14.513364999998885	EXP	game_over_text: alignHoriz = center
14.513364999998885	EXP	game_over_text: alignVert = center
14.513364999998885	EXP	game_over_text: flipHoriz = null
14.513364999998885	EXP	game_over_text: flipVert = null
14.513364999998885	EXP	game_over_text: font = Arial
14.513364999998885	EXP	game_over_text: height = 0.05
14.513364999998885	EXP	game_over_text: wrapWidth = 1
14.513364999998885	EXP	game_over_text: bold = null
14.513364999998885	EXP	game_over_text: italic = null
14.513364999998885	EXP	game_over_text: color = #FFFFFF
14.513364999998885	EXP	game_over_text: contrast = 1
14.513364999998885	EXP	instText: autoDraw = true
36.63436500000171	DATA	Keydown:  
36.65883000000031	EXP	instText: autoDraw = null
36.65883000000031	EXP	text_2: autoDraw = true
50.06787500000064	DATA	Keydown:  
50.09623999999894	EXP	text_2: autoDraw = null
50.09623999999894	EXP	text: text = null
50.09623999999894	EXP	instr: autoDraw = true
50.09623999999894	EXP	text: autoDraw = true
50.09623999999894	EXP	feedback: autoDraw = true
52.21761500000139	DATA	Keydown: 0
52.23384000000078	EXP	text: text = 0
52.38341500000024	DATA	Keydown: 0
52.40005999999994	EXP	text: text = 00
53.717994999999064	DATA	Keydown: Backspace
53.734355000000505	EXP	text: text = 0
53.98512499999924	DATA	Keydown: Backspace
54.00081499999942	EXP	text: text = null
54.90198000000237	DATA	Keydown: 5
54.91774499999883	EXP	text: text = 5
55.83528999999908	DATA	Keydown: 0
55.851370000000315	EXP	text: text = 50
56.01518000000215	DATA	Keydown: 0
56.034920000001875	EXP	text: text = 500
57.219175000002	DATA	Keydown:  
58.04088000000047	DATA	Keydown: Enter
58.05204000000231	EXP	feedback: text = Too low!
58.05204000000231	EXP	text: text = null
61.18747000000076	DATA	Keydown: 8
61.20366500000091	EXP	text: text = 8
61.84089500000118	DATA	Keydown: 0
61.853275000001304	EXP	text: text = 80
61.9872749999995	DATA	Keydown: 0
62.00304999999935	EXP	text: text = 800
62.92054999999891	DATA	Keydown: Enter
62.93652999999904	EXP	feedback: text = Too high!
62.93652999999904	EXP	text: text = null
65.78888500000176	DATA	Keydown: 7
65.80471500000203	EXP	text: text = 7
66.0726050000012	DATA	Keydown: 0
66.08772999999928	EXP	text: text = 70
66.20892000000094	DATA	Keydown: 0
66.22160500000246	EXP	text: text = 700
66.95167500000025	DATA	Keydown: Enter
66.9713699999993	EXP	feedback: text = Too high!
66.9713699999993	EXP	text: text = null
73.10704500000065	DATA	Keydown: 0
73.12364499999967	EXP	text: text = 0
73.24070500000016	DATA	Keydown: 0
73.25677500000165	EXP	text: text = 00
74.15740000000005	DATA	Keydown: Backspace
74.17398999999932	EXP	text: text = 0
74.29079999999885	DATA	Keydown: Backspace
74.30669499999931	EXP	text: text = null
75.17130499999985	DATA	Keydown: 6
75.19078000000081	EXP	text: text = 6
75.49052999999913	DATA	Keydown: 0
75.50725000000239	EXP	text: text = 60
75.60837000000174	DATA	Keydown: 0
75.62415500000134	EXP	text: text = 600
76.31301000000167	DATA	Keydown: Enter
76.32409499999994	EXP	feedback: text = Too low!
76.32409499999994	EXP	text: text = null
79.49711000000025	DATA	Keydown: 5
79.50846499999898	EXP	text: text = 5
79.9892600000021	DATA	Keydown: 0
80.00917000000118	EXP	text: text = 50
80.82554000000164	DATA	Keydown: Backspace
80.84211000000141	EXP	text: text = 5
80.97615000000224	DATA	Keydown: Backspace
80.99231499999951	EXP	text: text = null
82.05951500000083	DATA	Keydown: 6
82.07611000000179	EXP	text: text = 6
82.32855500000005	DATA	Keydown: 5
82.34294000000227	EXP	text: text = 65
82.6902450000016	DATA	Keydown: 0
82.70962000000145	EXP	text: text = 650
83.55919999999969	DATA	Keydown: Enter
83.57613499999934	EXP	feedback: text = Too high!
83.57613499999934	EXP	text: text = null
85.9609100000016	DATA	Keydown: 6
85.97732499999984	EXP	text: text = 6
87.69680000000153	DATA	Keydown: 2
87.71076499999981	EXP	text: text = 62
88.23276500000065	DATA	Keydown: 5
88.24487500000032	EXP	text: text = 625
88.66426000000138	DATA	Keydown: Enter
88.67783000000054	EXP	feedback: text = Too high!
88.67783000000054	EXP	text: text = null
92.66447999999946	DATA	Keydown: 6
92.67915500000163	EXP	text: text = 6
93.26441999999952	DATA	Keydown: 1
93.27914500000043	EXP	text: text = 61
94.29564000000028	DATA	Keydown: 0
94.31304000000091	EXP	text: text = 610
95.0103850000014	DATA	Keydown: Enter
95.02964000000065	EXP	feedback: text = Too low!
95.02964000000065	EXP	text: text = null
97.34408500000063	DATA	Keydown: 6
97.36395500000071	EXP	text: text = 6
97.66413499999908	DATA	Keydown: 1
97.68107000000236	EXP	text: text = 61
98.64822500000082	DATA	Keydown: 5
98.663915000001	EXP	text: text = 615
99.23225000000093	DATA	Keydown: Enter
99.24757999999929	EXP	feedback: text = Too high!
99.24757999999929	EXP	text: text = null
102.68044500000178	DATA	Keydown: 1
102.69865000000209	EXP	text: text = 1
103.04941500000132	DATA	Keydown: 2
103.06558500000028	EXP	text: text = 12
104.51380500000232	DATA	Keydown: Backspace
104.53252500000235	EXP	text: text = 1
104.6669350000011	DATA	Keydown: Backspace
104.68548999999985	EXP	text: text = null
105.78407499999958	DATA	Keydown: 6
105.79973500000051	EXP	text: text = 6
106.04658500000005	DATA	Keydown: 1
106.06630000000223	EXP	text: text = 61
106.2644650000002	DATA	Keydown: 2
106.28352499999892	EXP	text: text = 612
107.10399999999936	DATA	Keydown: Enter
107.12293000000136	EXP	instr: autoDraw = null
107.12293000000136	EXP	text: autoDraw = null
107.12293000000136	EXP	feedback: autoDraw = null
107.12293000000136	EXP	text: text = null
107.12293000000136	EXP	game_over_text: autoDraw = true
115.28850000000239	DATA	Keydown: n
