0.022000000000000006	EXP	Created Window = Window( name=Window, fullscr=true, color=#808080, units=height, waitBlanking=true, autoLog=true, size=[1324,734] )
3.991	DATA	Keydown: Shift
4.28	DATA	Keydown: Z
4.513	DATA	Keydown: a
4.591	DATA	Keydown: c
4.724	DATA	Keydown: h
6.699000000000001	DATA	Keydown: Backspace
6.988	DATA	Keydown: Backspace
7.242	DATA	Keydown: Backspace
9.219	DATA	Keydown: 0
9.769	DATA	Keydown: 1
9.934999999999999	DATA	Keydown: 1
10.484	DATA	Keydown: Backspace
10.690999999999999	DATA	Keydown: Backspace
10.907	DATA	Keydown: Backspace
12.123999999999999	DATA	Keydown: 0
12.857999999999999	DATA	Keydown: 0
13.863	DATA	Keydown: 1
16.832	EXP	Created instText = TextStim( name=instText, win=Window( name=Window, fullscr=true, color=#808080, ~), autoDraw=null, autoLog=true, units=height, pos=[0,0], size=undefined, ori=null, opacity=1, depth=null, clipMask=null, boundingBox={"x":-0.4945247972368869,"y":-0.37193460490463215,~, text=In this game you will be asked to guess a random n~, alignHoriz=center, alignVert=center, flipHoriz=null, flipVert=null, font=Arial, height=0.05, wrapWidth=1, bold=null, italic=null, color=#FFFFFF, contrast=1 )
16.835	EXP	Created text_2 = TextStim( name=text_2, win=Window( name=Window, fullscr=true, color=#808080, ~), autoDraw=null, autoLog=true, units=height, pos=[0,0], size=undefined, ori=null, opacity=1, depth=null, clipMask=null, boundingBox={"x":-0.45814584841195505,"y":-0.31471389645776565~, text=Type in your guess and press “enter” in order to s~, alignHoriz=center, alignVert=center, flipHoriz=null, flipVert=null, font=Arial, height=0.05, wrapWidth=1, bold=null, italic=null, color=#FFFFFF, contrast=1 )
16.836	EXP	Created instr = TextStim( name=instr, win=Window( name=Window, fullscr=true, color=#808080, ~), autoDraw=null, autoLog=true, units=height, pos=[-0.2,0.2], size=undefined, ori=null, opacity=1, depth=null, clipMask=null, boundingBox={"x":-0.6567182577273502,"y":0.17138964577656676,"~, text=Type your guess below and press “enter” , alignHoriz=center, alignVert=center, flipHoriz=null, flipVert=null, font=Arial, height=0.05, wrapWidth=1, bold=null, italic=null, color=#FFFFFF, contrast=1 )
16.84	EXP	Created text = TextStim( name=text, win=Window( name=Window, fullscr=true, color=#808080, ~), autoDraw=null, autoLog=true, units=height, pos=[0,0], size=undefined, ori=null, opacity=1, depth=-1, clipMask=null, boundingBox={"x":0,"y":-0.05653950953678474,"width":0,"height"~, text=null, alignHoriz=center, alignVert=center, flipHoriz=null, flipVert=null, font=Arial, height=0.1, wrapWidth=1, bold=null, italic=null, color=#FFFFFF, contrast=1 )
16.841	EXP	Created feedback = TextStim( name=feedback, win=Window( name=Window, fullscr=true, color=#808080, ~), autoDraw=null, autoLog=true, units=height, pos=[0,0.1], size=undefined, ori=null, opacity=1, depth=-2, clipMask=null, boundingBox={"x":0,"y":0.04346049046321526,"width":0,"height":~, text=null, alignHoriz=center, alignVert=center, flipHoriz=null, flipVert=null, font=Arial, height=0.1, wrapWidth=1, bold=null, italic=null, color=#FFFFFF, contrast=1 )
16.842	EXP	Created game_over_text = TextStim( name=game_over_text, win=Window( name=Window, fullscr=true, color=#808080, ~), autoDraw=null, autoLog=true, units=height, pos=[0,0], size=undefined, ori=null, opacity=1, depth=null, clipMask=null, boundingBox={"x":-0.4959646947377384,"y":-0.20027247956403268,~, text=Congrats! You win!

Please type the letter “y” if ~, alignHoriz=center, alignVert=center, flipHoriz=null, flipVert=null, font=Arial, height=0.05, wrapWidth=1, bold=null, italic=null, color=#FFFFFF, contrast=1 )
16.896	EXP	instText: units = height
16.896	EXP	instText: pos = [0,0]
16.896	EXP	instText: size = undefined
16.896	EXP	instText: ori = null
16.896	EXP	instText: opacity = 1
16.896	EXP	instText: depth = null
16.896	EXP	instText: clipMask = null
16.896	EXP	instText: boundingBox = {"x":0,"y":0,"width":0,"height":0,"type":1}
16.896	EXP	instText: text = In this game you will be asked to guess a random number from 1 to 1,000 (inclusive). 

Each time you guess, you will receive a hint. That hint will either tell you that your guess was too high or too low. You can use that feedback in your next turn. 

Please note that you must use the number row to type in guesses (not the number pad)! 

Press the space bar to continue...
16.896	EXP	instText: alignHoriz = center
16.896	EXP	instText: alignVert = center
16.896	EXP	instText: flipHoriz = null
16.896	EXP	instText: flipVert = null
16.896	EXP	instText: font = Arial
16.896	EXP	instText: height = 0.05
16.896	EXP	instText: wrapWidth = 1
16.896	EXP	instText: bold = null
16.896	EXP	instText: italic = null
16.896	EXP	instText: color = #FFFFFF
16.896	EXP	instText: contrast = 1
16.896	EXP	text_2: units = height
16.896	EXP	text_2: pos = [0,0]
16.896	EXP	text_2: size = undefined
16.896	EXP	text_2: ori = null
16.896	EXP	text_2: opacity = 1
16.896	EXP	text_2: depth = null
16.896	EXP	text_2: clipMask = null
16.896	EXP	text_2: boundingBox = {"x":0,"y":0,"width":0,"height":0,"type":1}
16.896	EXP	text_2: text = Type in your guess and press “enter” in order to submit that guess.

Your final score will be based on a combination of: 1) total time you took to submit each guess, and 2) the number of guesses it took for you to finally get the correct number. 

Press the space bar to start the game…

16.896	EXP	text_2: alignHoriz = center
16.896	EXP	text_2: alignVert = center
16.896	EXP	text_2: flipHoriz = null
16.896	EXP	text_2: flipVert = null
16.896	EXP	text_2: font = Arial
16.896	EXP	text_2: height = 0.05
16.896	EXP	text_2: wrapWidth = 1
16.896	EXP	text_2: bold = null
16.896	EXP	text_2: italic = null
16.896	EXP	text_2: color = #FFFFFF
16.896	EXP	text_2: contrast = 1
16.896	EXP	instr: units = height
16.896	EXP	instr: pos = [-0.2,0.2]
16.896	EXP	instr: size = undefined
16.896	EXP	instr: ori = null
16.896	EXP	instr: opacity = 1
16.896	EXP	instr: depth = null
16.896	EXP	instr: clipMask = null
16.896	EXP	instr: boundingBox = {"x":0,"y":0,"width":0,"height":0,"type":1}
16.896	EXP	instr: text = Type your guess below and press “enter” 
16.896	EXP	instr: alignHoriz = center
16.896	EXP	instr: alignVert = center
16.896	EXP	instr: flipHoriz = null
16.896	EXP	instr: flipVert = null
16.896	EXP	instr: font = Arial
16.896	EXP	instr: height = 0.05
16.896	EXP	instr: wrapWidth = 1
16.896	EXP	instr: bold = null
16.896	EXP	instr: italic = null
16.896	EXP	instr: color = #FFFFFF
16.896	EXP	instr: contrast = 1
16.896	EXP	text: units = height
16.896	EXP	text: pos = [0,0]
16.896	EXP	text: size = undefined
16.896	EXP	text: ori = null
16.896	EXP	text: opacity = 1
16.896	EXP	text: depth = -1
16.896	EXP	text: clipMask = null
16.896	EXP	text: boundingBox = {"x":0,"y":0,"width":0,"height":0,"type":1}
16.896	EXP	text: text = null
16.896	EXP	text: alignHoriz = center
16.896	EXP	text: alignVert = center
16.896	EXP	text: flipHoriz = null
16.896	EXP	text: flipVert = null
16.896	EXP	text: font = Arial
16.896	EXP	text: height = 0.1
16.896	EXP	text: wrapWidth = 1
16.896	EXP	text: bold = null
16.896	EXP	text: italic = null
16.896	EXP	text: color = #FFFFFF
16.896	EXP	text: contrast = 1
16.896	EXP	feedback: units = height
16.896	EXP	feedback: pos = [0,0.1]
16.896	EXP	feedback: size = undefined
16.896	EXP	feedback: ori = null
16.896	EXP	feedback: opacity = 1
16.896	EXP	feedback: depth = -2
16.896	EXP	feedback: clipMask = null
16.896	EXP	feedback: boundingBox = {"x":0,"y":0,"width":0,"height":0,"type":1}
16.896	EXP	feedback: text = null
16.896	EXP	feedback: alignHoriz = center
16.896	EXP	feedback: alignVert = center
16.896	EXP	feedback: flipHoriz = null
16.896	EXP	feedback: flipVert = null
16.896	EXP	feedback: font = Arial
16.896	EXP	feedback: height = 0.1
16.896	EXP	feedback: wrapWidth = 1
16.896	EXP	feedback: bold = null
16.896	EXP	feedback: italic = null
16.896	EXP	feedback: color = #FFFFFF
16.896	EXP	feedback: contrast = 1
16.896	EXP	game_over_text: units = height
16.896	EXP	game_over_text: pos = [0,0]
16.896	EXP	game_over_text: size = undefined
16.896	EXP	game_over_text: ori = null
16.896	EXP	game_over_text: opacity = 1
16.896	EXP	game_over_text: depth = null
16.896	EXP	game_over_text: clipMask = null
16.896	EXP	game_over_text: boundingBox = {"x":0,"y":0,"width":0,"height":0,"type":1}
16.896	EXP	game_over_text: text = Congrats! You win!

Please type the letter “y” if you are familiar with binary or bisection search. 
Type the letter “n” if you have never heard of or do not know what binary or bisection search is.
16.896	EXP	game_over_text: alignHoriz = center
16.896	EXP	game_over_text: alignVert = center
16.896	EXP	game_over_text: flipHoriz = null
16.896	EXP	game_over_text: flipVert = null
16.896	EXP	game_over_text: font = Arial
16.896	EXP	game_over_text: height = 0.05
16.896	EXP	game_over_text: wrapWidth = 1
16.896	EXP	game_over_text: bold = null
16.896	EXP	game_over_text: italic = null
16.896	EXP	game_over_text: color = #FFFFFF
16.896	EXP	game_over_text: contrast = 1
16.896	EXP	instText: autoDraw = true
35.11900000000001	DATA	Keydown:  
35.148	EXP	instText: autoDraw = null
35.148	EXP	text_2: autoDraw = true
46.906000000000006	DATA	Keydown:  
46.937000000000005	EXP	text_2: autoDraw = null
46.937000000000005	EXP	text: text = null
46.937000000000005	EXP	instr: autoDraw = true
46.937000000000005	EXP	text: autoDraw = true
46.937000000000005	EXP	feedback: autoDraw = true
49.976000000000006	DATA	Keydown: 5
49.985	EXP	text: text = 5
50.097	DATA	Keydown: 0
50.102000000000004	EXP	text: text = 50
50.25900000000001	DATA	Keydown: 0
50.269000000000005	EXP	text: text = 500
50.568000000000005	DATA	Keydown: Enter
50.586000000000006	EXP	feedback: text = Too low!
50.586000000000006	EXP	text: text = null
52.59	DATA	Keydown: 7
52.602000000000004	EXP	text: text = 7
52.776	DATA	Keydown: 5
52.785000000000004	EXP	text: text = 75
53.051	DATA	Keydown: 0
53.069	EXP	text: text = 750
53.235	DATA	Keydown: Enter
53.25300000000001	EXP	feedback: text = Too high!
53.25300000000001	EXP	text: text = null
55.818000000000005	DATA	Keydown: 6
55.835	EXP	text: text = 6
55.955000000000005	DATA	Keydown: 0
55.969	EXP	text: text = 60
56.159000000000006	DATA	Keydown: 0
56.169000000000004	EXP	text: text = 600
56.351000000000006	DATA	Keydown: Enter
56.36900000000001	EXP	feedback: text = Too high!
56.36900000000001	EXP	text: text = null
58.047000000000004	DATA	Keydown: 5
58.05200000000001	EXP	text: text = 5
58.209	DATA	Keydown: 5
58.219	EXP	text: text = 55
59.540000000000006	DATA	Keydown: 0
59.55200000000001	EXP	text: text = 550
59.709	DATA	Keydown: Enter
59.719	EXP	feedback: text = Too low!
59.719	EXP	text: text = null
62.659000000000006	DATA	Keydown: 5
62.669000000000004	EXP	text: text = 5
62.944	DATA	Keydown: 8
62.952000000000005	EXP	text: text = 58
63.307	DATA	Keydown: 0
63.319	EXP	text: text = 580
63.476000000000006	DATA	Keydown: Enter
63.485	EXP	feedback: text = Too high!
63.485	EXP	text: text = null
65.514	DATA	Keydown: 5
65.518	EXP	text: text = 5
66.17	DATA	Keydown: 6
66.185	EXP	text: text = 56
66.253	DATA	Keydown: 0
66.268	EXP	text: text = 560
66.423	DATA	Keydown: Enter
66.435	EXP	feedback: text = Too high!
66.435	EXP	text: text = null
68.077	DATA	Keydown: 5
68.08400000000002	EXP	text: text = 5
68.253	DATA	Keydown: 5
68.268	EXP	text: text = 55
68.701	DATA	Keydown: 5
68.719	EXP	text: text = 555
68.889	DATA	Keydown: Enter
68.902	EXP	feedback: text = Too high!
68.902	EXP	text: text = null
69.797	DATA	Keydown: 5
69.80199999999999	EXP	text: text = 5
70.19	DATA	Keydown: 5
70.202	EXP	text: text = 55
71.234	DATA	Keydown: 3
71.25099999999999	EXP	text: text = 553
71.395	DATA	Keydown: Enter
71.41199999999999	EXP	instr: autoDraw = null
71.41199999999999	EXP	text: autoDraw = null
71.41199999999999	EXP	feedback: autoDraw = null
71.41199999999999	EXP	text: text = null
71.41199999999999	EXP	game_over_text: autoDraw = true
112.996	DATA	Keydown: y
