0.25810999982059	EXP	Created Window = Window( name=Window, fullscr=true, color=#808080, units=height, waitBlanking=true, autoLog=true, size=[2048,1042] )
4.902254999848083	DATA	Keydown: Shift
4.970509999897331	DATA	Keydown: J
5.132734999991953	DATA	Keydown: .
5.232404999900609	DATA	Keydown:  
5.383059999905527	DATA	Keydown: Shift
5.481969999847934	DATA	Keydown: W
5.639084999915212	DATA	Keydown: r
5.736039999872446	DATA	Keydown: i
5.833294999785721	DATA	Keydown: g
5.920464999973774	DATA	Keydown: h
6.016234999988228	DATA	Keydown: t
8.300359999993816	EXP	Created instText = TextStim( name=instText, win=Window( name=Window, fullscr=true, color=#808080, ~), autoDraw=null, autoLog=true, units=height, pos=[0,0], size=undefined, ori=null, opacity=1, depth=null, clipMask=null, boundingBox={"x":-0.4951537383037428,"y":-0.3618042226487524,"~, text=In this game you will be asked to guess a random n~, alignHoriz=center, alignVert=center, flipHoriz=null, flipVert=null, font=Arial, height=0.05, wrapWidth=1, bold=null, italic=null, color=#FFFFFF, contrast=1 )
8.308234999887645	EXP	Created text_2 = TextStim( name=text_2, win=Window( name=Window, fullscr=true, color=#808080, ~), autoDraw=null, autoLog=true, units=height, pos=[0,0], size=undefined, ori=null, opacity=1, depth=null, clipMask=null, boundingBox={"x":-0.4979072321857006,"y":-0.30614203454894434,~, text=Type in your guess and press “enter” in order to s~, alignHoriz=center, alignVert=center, flipHoriz=null, flipVert=null, font=Arial, height=0.05, wrapWidth=1, bold=null, italic=null, color=#FFFFFF, contrast=1 )
8.310964999953285	EXP	Created instr = TextStim( name=instr, win=Window( name=Window, fullscr=true, color=#808080, ~), autoDraw=null, autoLog=true, units=height, pos=[-0.2,0.2], size=undefined, ori=null, opacity=1, depth=null, clipMask=null, boundingBox={"x":-0.652145625899712,"y":0.17216890595009599,"w~, text=Type your guess below and press “enter” , alignHoriz=center, alignVert=center, flipHoriz=null, flipVert=null, font=Arial, height=0.05, wrapWidth=1, bold=null, italic=null, color=#FFFFFF, contrast=1 )
8.342359999893233	EXP	Created text = TextStim( name=text, win=Window( name=Window, fullscr=true, color=#808080, ~), autoDraw=null, autoLog=true, units=height, pos=[0,0], size=undefined, ori=null, opacity=1, depth=-1, clipMask=null, boundingBox={"x":0,"y":-0.05518234165067178,"width":0,"height"~, text=null, alignHoriz=center, alignVert=center, flipHoriz=null, flipVert=null, font=Arial, height=0.1, wrapWidth=1, bold=null, italic=null, color=#FFFFFF, contrast=1 )
8.354989999905229	EXP	Created feedback = TextStim( name=feedback, win=Window( name=Window, fullscr=true, color=#808080, ~), autoDraw=null, autoLog=true, units=height, pos=[0,0.1], size=undefined, ori=null, opacity=1, depth=-2, clipMask=null, boundingBox={"x":0,"y":0.04481765834932822,"width":0,"height":~, text=null, alignHoriz=center, alignVert=center, flipHoriz=null, flipVert=null, font=Arial, height=0.1, wrapWidth=1, bold=null, italic=null, color=#FFFFFF, contrast=1 )
8.359179999912158	EXP	Created game_over_text = TextStim( name=game_over_text, win=Window( name=Window, fullscr=true, color=#808080, ~), autoDraw=null, autoLog=true, units=height, pos=[0,0], size=undefined, ori=null, opacity=1, depth=null, clipMask=null, boundingBox={"x":-0.49099913027831094,"y":-0.1948176583493282,~, text=Congrats! You win!

Please type the letter “y” if ~, alignHoriz=center, alignVert=center, flipHoriz=null, flipVert=null, font=Arial, height=0.05, wrapWidth=1, bold=null, italic=null, color=#FFFFFF, contrast=1 )
8.444414999801666	EXP	instText: units = height
8.444414999801666	EXP	instText: pos = [0,0]
8.444414999801666	EXP	instText: size = undefined
8.444414999801666	EXP	instText: ori = null
8.444414999801666	EXP	instText: opacity = 1
8.444414999801666	EXP	instText: depth = null
8.444414999801666	EXP	instText: clipMask = null
8.444414999801666	EXP	instText: boundingBox = {"x":0,"y":0,"width":0,"height":0,"type":1}
8.444414999801666	EXP	instText: text = In this game you will be asked to guess a random number from 1 to 10 (inclusive). 

Each time you guess, you will receive a hint. That hint will either tell you that your guess was too high or too low. You can use that feedback in your next turn. 

Please note that you must use the number row to type in guesses (not the number pad)! 

Press the space bar to continue...
8.444414999801666	EXP	instText: alignHoriz = center
8.444414999801666	EXP	instText: alignVert = center
8.444414999801666	EXP	instText: flipHoriz = null
8.444414999801666	EXP	instText: flipVert = null
8.444414999801666	EXP	instText: font = Arial
8.444414999801666	EXP	instText: height = 0.05
8.444414999801666	EXP	instText: wrapWidth = 1
8.444414999801666	EXP	instText: bold = null
8.444414999801666	EXP	instText: italic = null
8.444414999801666	EXP	instText: color = #FFFFFF
8.444414999801666	EXP	instText: contrast = 1
8.444414999801666	EXP	text_2: units = height
8.444414999801666	EXP	text_2: pos = [0,0]
8.444414999801666	EXP	text_2: size = undefined
8.444414999801666	EXP	text_2: ori = null
8.444414999801666	EXP	text_2: opacity = 1
8.444414999801666	EXP	text_2: depth = null
8.444414999801666	EXP	text_2: clipMask = null
8.444414999801666	EXP	text_2: boundingBox = {"x":0,"y":0,"width":0,"height":0,"type":1}
8.444414999801666	EXP	text_2: text = Type in your guess and press “enter” in order to submit that guess.

Your final score will be based on a combination of: 1) total time you took to submit each guess, and 2) the number of guesses it took for you to finally get the correct number. 

Press the space bar to start the game…

8.444414999801666	EXP	text_2: alignHoriz = center
8.444414999801666	EXP	text_2: alignVert = center
8.444414999801666	EXP	text_2: flipHoriz = null
8.444414999801666	EXP	text_2: flipVert = null
8.444414999801666	EXP	text_2: font = Arial
8.444414999801666	EXP	text_2: height = 0.05
8.444414999801666	EXP	text_2: wrapWidth = 1
8.444414999801666	EXP	text_2: bold = null
8.444414999801666	EXP	text_2: italic = null
8.444414999801666	EXP	text_2: color = #FFFFFF
8.444414999801666	EXP	text_2: contrast = 1
8.444414999801666	EXP	instr: units = height
8.444414999801666	EXP	instr: pos = [-0.2,0.2]
8.444414999801666	EXP	instr: size = undefined
8.444414999801666	EXP	instr: ori = null
8.444414999801666	EXP	instr: opacity = 1
8.444414999801666	EXP	instr: depth = null
8.444414999801666	EXP	instr: clipMask = null
8.444414999801666	EXP	instr: boundingBox = {"x":0,"y":0,"width":0,"height":0,"type":1}
8.444414999801666	EXP	instr: text = Type your guess below and press “enter” 
8.444414999801666	EXP	instr: alignHoriz = center
8.444414999801666	EXP	instr: alignVert = center
8.444414999801666	EXP	instr: flipHoriz = null
8.444414999801666	EXP	instr: flipVert = null
8.444414999801666	EXP	instr: font = Arial
8.444414999801666	EXP	instr: height = 0.05
8.444414999801666	EXP	instr: wrapWidth = 1
8.444414999801666	EXP	instr: bold = null
8.444414999801666	EXP	instr: italic = null
8.444414999801666	EXP	instr: color = #FFFFFF
8.444414999801666	EXP	instr: contrast = 1
8.444414999801666	EXP	text: units = height
8.444414999801666	EXP	text: pos = [0,0]
8.444414999801666	EXP	text: size = undefined
8.444414999801666	EXP	text: ori = null
8.444414999801666	EXP	text: opacity = 1
8.444414999801666	EXP	text: depth = -1
8.444414999801666	EXP	text: clipMask = null
8.444414999801666	EXP	text: boundingBox = {"x":0,"y":0,"width":0,"height":0,"type":1}
8.444414999801666	EXP	text: text = null
8.444414999801666	EXP	text: alignHoriz = center
8.444414999801666	EXP	text: alignVert = center
8.444414999801666	EXP	text: flipHoriz = null
8.444414999801666	EXP	text: flipVert = null
8.444414999801666	EXP	text: font = Arial
8.444414999801666	EXP	text: height = 0.1
8.444414999801666	EXP	text: wrapWidth = 1
8.444414999801666	EXP	text: bold = null
8.444414999801666	EXP	text: italic = null
8.444414999801666	EXP	text: color = #FFFFFF
8.444414999801666	EXP	text: contrast = 1
8.444414999801666	EXP	feedback: units = height
8.444414999801666	EXP	feedback: pos = [0,0.1]
8.444414999801666	EXP	feedback: size = undefined
8.444414999801666	EXP	feedback: ori = null
8.444414999801666	EXP	feedback: opacity = 1
8.444414999801666	EXP	feedback: depth = -2
8.444414999801666	EXP	feedback: clipMask = null
8.444414999801666	EXP	feedback: boundingBox = {"x":0,"y":0,"width":0,"height":0,"type":1}
8.444414999801666	EXP	feedback: text = null
8.444414999801666	EXP	feedback: alignHoriz = center
8.444414999801666	EXP	feedback: alignVert = center
8.444414999801666	EXP	feedback: flipHoriz = null
8.444414999801666	EXP	feedback: flipVert = null
8.444414999801666	EXP	feedback: font = Arial
8.444414999801666	EXP	feedback: height = 0.1
8.444414999801666	EXP	feedback: wrapWidth = 1
8.444414999801666	EXP	feedback: bold = null
8.444414999801666	EXP	feedback: italic = null
8.444414999801666	EXP	feedback: color = #FFFFFF
8.444414999801666	EXP	feedback: contrast = 1
8.444414999801666	EXP	game_over_text: units = height
8.444414999801666	EXP	game_over_text: pos = [0,0]
8.444414999801666	EXP	game_over_text: size = undefined
8.444414999801666	EXP	game_over_text: ori = null
8.444414999801666	EXP	game_over_text: opacity = 1
8.444414999801666	EXP	game_over_text: depth = null
8.444414999801666	EXP	game_over_text: clipMask = null
8.444414999801666	EXP	game_over_text: boundingBox = {"x":0,"y":0,"width":0,"height":0,"type":1}
8.444414999801666	EXP	game_over_text: text = Congrats! You win!

Please type the letter “y” if you are familiar with binary or bisection search. 
Type the letter “n” if you have never heard of or do not know what binary or bisection search is.
8.444414999801666	EXP	game_over_text: alignHoriz = center
8.444414999801666	EXP	game_over_text: alignVert = center
8.444414999801666	EXP	game_over_text: flipHoriz = null
8.444414999801666	EXP	game_over_text: flipVert = null
8.444414999801666	EXP	game_over_text: font = Arial
8.444414999801666	EXP	game_over_text: height = 0.05
8.444414999801666	EXP	game_over_text: wrapWidth = 1
8.444414999801666	EXP	game_over_text: bold = null
8.444414999801666	EXP	game_over_text: italic = null
8.444414999801666	EXP	game_over_text: color = #FFFFFF
8.444414999801666	EXP	game_over_text: contrast = 1
8.444414999801666	EXP	instText: autoDraw = true
24.147499999962747	DATA	Keydown:  
24.170249999966472	EXP	instText: autoDraw = null
24.170249999966472	EXP	text_2: autoDraw = true
30.81847499986179	DATA	Keydown:  
30.854664999991655	EXP	text_2: autoDraw = null
30.854664999991655	EXP	text: text = null
30.854664999991655	EXP	instr: autoDraw = true
30.854664999991655	EXP	text: autoDraw = true
30.854664999991655	EXP	feedback: autoDraw = true
32.636334999930114	DATA	Keydown: 5
32.652004999807104	EXP	text: text = 5
33.98098999983631	DATA	Keydown: Enter
33.9867249999661	EXP	feedback: text = Too low!
33.9867249999661	EXP	text: text = null
36.188889999873936	DATA	Keydown: 8
36.204934999812394	EXP	text: text = 8
37.457624999806285	DATA	Keydown: Enter
37.472424999810755	EXP	feedback: text = Too high!
37.472424999810755	EXP	text: text = null
41.842979999957606	DATA	Keydown: 3
41.85918499995023	EXP	text: text = 3
42.263474999926984	DATA	Keydown: Enter
42.27571999980137	EXP	feedback: text = Too low!
42.27571999980137	EXP	text: text = null
44.66602499992587	DATA	Keydown: 4
44.678109999978915	EXP	text: text = 4
44.98353499989025	DATA	Keydown: Enter
44.99464499996975	EXP	feedback: text = Too low!
44.99464499996975	EXP	text: text = null
46.53535999986343	DATA	Keydown: 7
46.545489999931306	EXP	text: text = 7
46.801054999930784	DATA	Keydown: Enter
46.81272999988869	EXP	feedback: text = Too high!
46.81272999988869	EXP	text: text = null
48.26397500000894	DATA	Keydown: 6
48.27987500000745	EXP	text: text = 6
48.564879999961704	DATA	Keydown: Enter
48.58597999997437	EXP	instr: autoDraw = null
48.58597999997437	EXP	text: autoDraw = null
48.58597999997437	EXP	feedback: autoDraw = null
48.58597999997437	EXP	text: text = null
48.58597999997437	EXP	game_over_text: autoDraw = true
57.111184999812394	DATA	Keydown: y
