0.1260000000000001	EXP	Created Window = Window( name=Window, fullscr=true, color=#808080, units=height, waitBlanking=true, autoLog=true, size=[1440,837] )
2.931	DATA	Keydown: Shift
3.0710000000000006	DATA	Keydown: L
3.3210000000000006	DATA	Keydown: u
3.4400000000000004	DATA	Keydown: c
3.5490000000000004	DATA	Keydown: y
4.613	EXP	Created instText = TextStim( name=instText, win=Window( name=Window, fullscr=true, color=#808080, ~), autoDraw=null, autoLog=true, units=height, pos=[0,0], size=undefined, ori=null, opacity=1, depth=null, clipMask=null, boundingBox={"x":-0.4978841145833333,"y":-0.3727598566308244,"~, text=In this game you will be asked to guess a random n~, alignHoriz=center, alignVert=center, flipHoriz=null, flipVert=null, font=Arial, height=0.05, wrapWidth=1, bold=null, italic=null, color=#FFFFFF, contrast=1 )
4.615	EXP	Created text_2 = TextStim( name=text_2, win=Window( name=Window, fullscr=true, color=#808080, ~), autoDraw=null, autoLog=true, units=height, pos=[0,0], size=undefined, ori=null, opacity=1, depth=null, clipMask=null, boundingBox={"x":-0.4560599378360215,"y":-0.3154121863799283,"~, text=Type in your guess and press “enter” in order to s~, alignHoriz=center, alignVert=center, flipHoriz=null, flipVert=null, font=Arial, height=0.05, wrapWidth=1, bold=null, italic=null, color=#FFFFFF, contrast=1 )
4.6160000000000005	EXP	Created instr = TextStim( name=instr, win=Window( name=Window, fullscr=true, color=#808080, ~), autoDraw=null, autoLog=true, units=height, pos=[-0.2,0.2], size=undefined, ori=null, opacity=1, depth=null, clipMask=null, boundingBox={"x":-0.6546388468862008,"y":0.171326164874552,"wi~, text=Type your guess below and press “enter” , alignHoriz=center, alignVert=center, flipHoriz=null, flipVert=null, font=Arial, height=0.05, wrapWidth=1, bold=null, italic=null, color=#FFFFFF, contrast=1 )
4.619000000000001	EXP	Created text = TextStim( name=text, win=Window( name=Window, fullscr=true, color=#808080, ~), autoDraw=null, autoLog=true, units=height, pos=[0,0], size=undefined, ori=null, opacity=1, depth=-1, clipMask=null, boundingBox={"x":0,"y":-0.056152927120669056,"width":0,"height~, text=null, alignHoriz=center, alignVert=center, flipHoriz=null, flipVert=null, font=Arial, height=0.1, wrapWidth=1, bold=null, italic=null, color=#FFFFFF, contrast=1 )
4.62	EXP	Created feedback = TextStim( name=feedback, win=Window( name=Window, fullscr=true, color=#808080, ~), autoDraw=null, autoLog=true, units=height, pos=[0,0.1], size=undefined, ori=null, opacity=1, depth=-2, clipMask=null, boundingBox={"x":0,"y":0.04384707287933095,"width":0,"height":~, text=null, alignHoriz=center, alignVert=center, flipHoriz=null, flipVert=null, font=Arial, height=0.1, wrapWidth=1, bold=null, italic=null, color=#FFFFFF, contrast=1 )
4.621	EXP	Created game_over_text = TextStim( name=game_over_text, win=Window( name=Window, fullscr=true, color=#808080, ~), autoDraw=null, autoLog=true, units=height, pos=[0,0], size=undefined, ori=null, opacity=1, depth=null, clipMask=null, boundingBox={"x":-0.4937065972222222,"y":-0.2007168458781362,"~, text=Congrats! You win!

Please type the letter “y” if ~, alignHoriz=center, alignVert=center, flipHoriz=null, flipVert=null, font=Arial, height=0.05, wrapWidth=1, bold=null, italic=null, color=#FFFFFF, contrast=1 )
4.7	EXP	instText: units = height
4.7	EXP	instText: pos = [0,0]
4.7	EXP	instText: size = undefined
4.7	EXP	instText: ori = null
4.7	EXP	instText: opacity = 1
4.7	EXP	instText: depth = null
4.7	EXP	instText: clipMask = null
4.7	EXP	instText: boundingBox = {"x":0,"y":0,"width":0,"height":0,"type":1}
4.7	EXP	instText: text = In this game you will be asked to guess a random number from 1 to 10 (inclusive). 

Each time you guess, you will receive a hint. That hint will either tell you that your guess was too high or too low. You can use that feedback in your next turn. 

Please note that you must use the number row to type in guesses (not the number pad)! 

Press the space bar to continue...
4.7	EXP	instText: alignHoriz = center
4.7	EXP	instText: alignVert = center
4.7	EXP	instText: flipHoriz = null
4.7	EXP	instText: flipVert = null
4.7	EXP	instText: font = Arial
4.7	EXP	instText: height = 0.05
4.7	EXP	instText: wrapWidth = 1
4.7	EXP	instText: bold = null
4.7	EXP	instText: italic = null
4.7	EXP	instText: color = #FFFFFF
4.7	EXP	instText: contrast = 1
4.7	EXP	text_2: units = height
4.7	EXP	text_2: pos = [0,0]
4.7	EXP	text_2: size = undefined
4.7	EXP	text_2: ori = null
4.7	EXP	text_2: opacity = 1
4.7	EXP	text_2: depth = null
4.7	EXP	text_2: clipMask = null
4.7	EXP	text_2: boundingBox = {"x":0,"y":0,"width":0,"height":0,"type":1}
4.7	EXP	text_2: text = Type in your guess and press “enter” in order to submit that guess.

Your final score will be based on a combination of: 1) total time you took to submit each guess, and 2) the number of guesses it took for you to finally get the correct number. 

Press the space bar to start the game…

4.7	EXP	text_2: alignHoriz = center
4.7	EXP	text_2: alignVert = center
4.7	EXP	text_2: flipHoriz = null
4.7	EXP	text_2: flipVert = null
4.7	EXP	text_2: font = Arial
4.7	EXP	text_2: height = 0.05
4.7	EXP	text_2: wrapWidth = 1
4.7	EXP	text_2: bold = null
4.7	EXP	text_2: italic = null
4.7	EXP	text_2: color = #FFFFFF
4.7	EXP	text_2: contrast = 1
4.7	EXP	instr: units = height
4.7	EXP	instr: pos = [-0.2,0.2]
4.7	EXP	instr: size = undefined
4.7	EXP	instr: ori = null
4.7	EXP	instr: opacity = 1
4.7	EXP	instr: depth = null
4.7	EXP	instr: clipMask = null
4.7	EXP	instr: boundingBox = {"x":0,"y":0,"width":0,"height":0,"type":1}
4.7	EXP	instr: text = Type your guess below and press “enter” 
4.7	EXP	instr: alignHoriz = center
4.7	EXP	instr: alignVert = center
4.7	EXP	instr: flipHoriz = null
4.7	EXP	instr: flipVert = null
4.7	EXP	instr: font = Arial
4.7	EXP	instr: height = 0.05
4.7	EXP	instr: wrapWidth = 1
4.7	EXP	instr: bold = null
4.7	EXP	instr: italic = null
4.7	EXP	instr: color = #FFFFFF
4.7	EXP	instr: contrast = 1
4.7	EXP	text: units = height
4.7	EXP	text: pos = [0,0]
4.7	EXP	text: size = undefined
4.7	EXP	text: ori = null
4.7	EXP	text: opacity = 1
4.7	EXP	text: depth = -1
4.7	EXP	text: clipMask = null
4.7	EXP	text: boundingBox = {"x":0,"y":0,"width":0,"height":0,"type":1}
4.7	EXP	text: text = null
4.7	EXP	text: alignHoriz = center
4.7	EXP	text: alignVert = center
4.7	EXP	text: flipHoriz = null
4.7	EXP	text: flipVert = null
4.7	EXP	text: font = Arial
4.7	EXP	text: height = 0.1
4.7	EXP	text: wrapWidth = 1
4.7	EXP	text: bold = null
4.7	EXP	text: italic = null
4.7	EXP	text: color = #FFFFFF
4.7	EXP	text: contrast = 1
4.7	EXP	feedback: units = height
4.7	EXP	feedback: pos = [0,0.1]
4.7	EXP	feedback: size = undefined
4.7	EXP	feedback: ori = null
4.7	EXP	feedback: opacity = 1
4.7	EXP	feedback: depth = -2
4.7	EXP	feedback: clipMask = null
4.7	EXP	feedback: boundingBox = {"x":0,"y":0,"width":0,"height":0,"type":1}
4.7	EXP	feedback: text = null
4.7	EXP	feedback: alignHoriz = center
4.7	EXP	feedback: alignVert = center
4.7	EXP	feedback: flipHoriz = null
4.7	EXP	feedback: flipVert = null
4.7	EXP	feedback: font = Arial
4.7	EXP	feedback: height = 0.1
4.7	EXP	feedback: wrapWidth = 1
4.7	EXP	feedback: bold = null
4.7	EXP	feedback: italic = null
4.7	EXP	feedback: color = #FFFFFF
4.7	EXP	feedback: contrast = 1
4.7	EXP	game_over_text: units = height
4.7	EXP	game_over_text: pos = [0,0]
4.7	EXP	game_over_text: size = undefined
4.7	EXP	game_over_text: ori = null
4.7	EXP	game_over_text: opacity = 1
4.7	EXP	game_over_text: depth = null
4.7	EXP	game_over_text: clipMask = null
4.7	EXP	game_over_text: boundingBox = {"x":0,"y":0,"width":0,"height":0,"type":1}
4.7	EXP	game_over_text: text = Congrats! You win!

Please type the letter “y” if you are familiar with binary or bisection search. 
Type the letter “n” if you have never heard of or do not know what binary or bisection search is.
4.7	EXP	game_over_text: alignHoriz = center
4.7	EXP	game_over_text: alignVert = center
4.7	EXP	game_over_text: flipHoriz = null
4.7	EXP	game_over_text: flipVert = null
4.7	EXP	game_over_text: font = Arial
4.7	EXP	game_over_text: height = 0.05
4.7	EXP	game_over_text: wrapWidth = 1
4.7	EXP	game_over_text: bold = null
4.7	EXP	game_over_text: italic = null
4.7	EXP	game_over_text: color = #FFFFFF
4.7	EXP	game_over_text: contrast = 1
4.7	EXP	instText: autoDraw = true
12.147	DATA	Keydown:  
12.197000000000001	EXP	instText: autoDraw = null
12.197000000000001	EXP	text_2: autoDraw = true
22.377	DATA	Keydown:  
22.412999999999997	EXP	text_2: autoDraw = null
22.412999999999997	EXP	text: text = null
22.412999999999997	EXP	instr: autoDraw = true
22.412999999999997	EXP	text: autoDraw = true
22.412999999999997	EXP	feedback: autoDraw = true
23.746	DATA	Keydown: 5
23.756999999999998	EXP	text: text = 5
24.055999999999997	DATA	Keydown: Enter
24.073	EXP	feedback: text = Too low!
24.073	EXP	text: text = null
25.892	DATA	Keydown: 8
25.904999999999998	EXP	text: text = 8
26.189	DATA	Keydown: Enter
26.205	EXP	feedback: text = Too low!
26.205	EXP	text: text = null
27.377	DATA	Keydown: 9
27.39	EXP	text: text = 9
27.605	DATA	Keydown: Enter
27.64	EXP	instr: autoDraw = null
27.64	EXP	text: autoDraw = null
27.64	EXP	feedback: autoDraw = null
27.64	EXP	text: text = null
27.64	EXP	game_over_text: autoDraw = true
32.722	DATA	Keydown: y
