0.2428749999962747	EXP	Created Window = Window( name=Window, fullscr=true, color=#808080, units=height, waitBlanking=true, autoLog=true, size=[1536,722] )
3.2309599998407066	DATA	Keydown: Shift
3.3111550000030547	DATA	Keydown: C
3.509444999974221	DATA	Keydown: h
3.560564999934286	DATA	Keydown: a
3.6480049998499453	DATA	Keydown: r
3.7507449998520315	DATA	Keydown: l
3.951284999959171	DATA	Keydown: i
4.1331650000065565	DATA	Keydown: e
4.370244999881834	DATA	Keydown:  
10.440375000005588	EXP	Created instText = TextStim( name=instText, win=Window( name=Window, fullscr=true, color=#808080, ~), autoDraw=null, autoLog=true, units=height, pos=[0,0], size=undefined, ori=null, opacity=1, depth=null, clipMask=null, boundingBox={"x":-0.4947317023026316,"y":-0.3878116343490305,"~, text=In this game you will be asked to guess a random n~, alignHoriz=center, alignVert=center, flipHoriz=null, flipVert=null, font=Arial, height=0.05, wrapWidth=1, bold=null, italic=null, color=#FFFFFF, contrast=1 )
10.446439999854192	EXP	Created text_2 = TextStim( name=text_2, win=Window( name=Window, fullscr=true, color=#808080, ~), autoDraw=null, autoLog=true, units=height, pos=[0,0], size=undefined, ori=null, opacity=1, depth=null, clipMask=null, boundingBox={"x":-0.49748284929016623,"y":-0.3047091412742382,~, text=Type in your guess and press “enter” in order to s~, alignHoriz=center, alignVert=center, flipHoriz=null, flipVert=null, font=Arial, height=0.05, wrapWidth=1, bold=null, italic=null, color=#FFFFFF, contrast=1 )
10.448409999953583	EXP	Created instr = TextStim( name=instr, win=Window( name=Window, fullscr=true, color=#808080, ~), autoDraw=null, autoLog=true, units=height, pos=[-0.2,0.2], size=undefined, ori=null, opacity=1, depth=null, clipMask=null, boundingBox={"x":-0.6517602471433518,"y":0.17229916897506925,"~, text=Type your guess below and press “enter” , alignHoriz=center, alignVert=center, flipHoriz=null, flipVert=null, font=Arial, height=0.05, wrapWidth=1, bold=null, italic=null, color=#FFFFFF, contrast=1 )
10.477254999801517	EXP	Created text = TextStim( name=text, win=Window( name=Window, fullscr=true, color=#808080, ~), autoDraw=null, autoLog=true, units=height, pos=[0,0], size=undefined, ori=null, opacity=1, depth=-1, clipMask=null, boundingBox={"x":0,"y":-0.055401662049861494,"width":0,"height~, text=null, alignHoriz=center, alignVert=center, flipHoriz=null, flipVert=null, font=Arial, height=0.1, wrapWidth=1, bold=null, italic=null, color=#FFFFFF, contrast=1 )
10.478314999956638	EXP	Created feedback = TextStim( name=feedback, win=Window( name=Window, fullscr=true, color=#808080, ~), autoDraw=null, autoLog=true, units=height, pos=[0,0.1], size=undefined, ori=null, opacity=1, depth=-2, clipMask=null, boundingBox={"x":0,"y":0.04459833795013851,"width":0,"height":~, text=null, alignHoriz=center, alignVert=center, flipHoriz=null, flipVert=null, font=Arial, height=0.1, wrapWidth=1, bold=null, italic=null, color=#FFFFFF, contrast=1 )
10.481004999950528	EXP	Created game_over_text = TextStim( name=game_over_text, win=Window( name=Window, fullscr=true, color=#808080, ~), autoDraw=null, autoLog=true, units=height, pos=[0,0], size=undefined, ori=null, opacity=1, depth=null, clipMask=null, boundingBox={"x":-0.49058063538781166,"y":-0.19390581717451524~, text=Congrats! You win!

Please type the letter “y” if ~, alignHoriz=center, alignVert=center, flipHoriz=null, flipVert=null, font=Arial, height=0.05, wrapWidth=1, bold=null, italic=null, color=#FFFFFF, contrast=1 )
10.566634999820963	EXP	instText: units = height
10.566634999820963	EXP	instText: pos = [0,0]
10.566634999820963	EXP	instText: size = undefined
10.566634999820963	EXP	instText: ori = null
10.566634999820963	EXP	instText: opacity = 1
10.566634999820963	EXP	instText: depth = null
10.566634999820963	EXP	instText: clipMask = null
10.566634999820963	EXP	instText: boundingBox = {"x":0,"y":0,"width":0,"height":0,"type":1}
10.566634999820963	EXP	instText: text = In this game you will be asked to guess a random number from 1 to 100,000 (inclusive). 

Each time you guess, you will receive a hint. That hint will either tell you that your guess was too high or too low. You can use that feedback in your next turn. 

Please note that you must use the number row to type in guesses (not the number pad)! 

Press the space bar to continue...
10.566634999820963	EXP	instText: alignHoriz = center
10.566634999820963	EXP	instText: alignVert = center
10.566634999820963	EXP	instText: flipHoriz = null
10.566634999820963	EXP	instText: flipVert = null
10.566634999820963	EXP	instText: font = Arial
10.566634999820963	EXP	instText: height = 0.05
10.566634999820963	EXP	instText: wrapWidth = 1
10.566634999820963	EXP	instText: bold = null
10.566634999820963	EXP	instText: italic = null
10.566634999820963	EXP	instText: color = #FFFFFF
10.566634999820963	EXP	instText: contrast = 1
10.566634999820963	EXP	text_2: units = height
10.566634999820963	EXP	text_2: pos = [0,0]
10.566634999820963	EXP	text_2: size = undefined
10.566634999820963	EXP	text_2: ori = null
10.566634999820963	EXP	text_2: opacity = 1
10.566634999820963	EXP	text_2: depth = null
10.566634999820963	EXP	text_2: clipMask = null
10.566634999820963	EXP	text_2: boundingBox = {"x":0,"y":0,"width":0,"height":0,"type":1}
10.566634999820963	EXP	text_2: text = Type in your guess and press “enter” in order to submit that guess.

Your final score will be based on a combination of: 1) total time you took to submit each guess, and 2) the number of guesses it took for you to finally get the correct number. 

Press the space bar to start the game…

10.566634999820963	EXP	text_2: alignHoriz = center
10.566634999820963	EXP	text_2: alignVert = center
10.566634999820963	EXP	text_2: flipHoriz = null
10.566634999820963	EXP	text_2: flipVert = null
10.566634999820963	EXP	text_2: font = Arial
10.566634999820963	EXP	text_2: height = 0.05
10.566634999820963	EXP	text_2: wrapWidth = 1
10.566634999820963	EXP	text_2: bold = null
10.566634999820963	EXP	text_2: italic = null
10.566634999820963	EXP	text_2: color = #FFFFFF
10.566634999820963	EXP	text_2: contrast = 1
10.566634999820963	EXP	instr: units = height
10.566634999820963	EXP	instr: pos = [-0.2,0.2]
10.566634999820963	EXP	instr: size = undefined
10.566634999820963	EXP	instr: ori = null
10.566634999820963	EXP	instr: opacity = 1
10.566634999820963	EXP	instr: depth = null
10.566634999820963	EXP	instr: clipMask = null
10.566634999820963	EXP	instr: boundingBox = {"x":0,"y":0,"width":0,"height":0,"type":1}
10.566634999820963	EXP	instr: text = Type your guess below and press “enter” 
10.566634999820963	EXP	instr: alignHoriz = center
10.566634999820963	EXP	instr: alignVert = center
10.566634999820963	EXP	instr: flipHoriz = null
10.566634999820963	EXP	instr: flipVert = null
10.566634999820963	EXP	instr: font = Arial
10.566634999820963	EXP	instr: height = 0.05
10.566634999820963	EXP	instr: wrapWidth = 1
10.566634999820963	EXP	instr: bold = null
10.566634999820963	EXP	instr: italic = null
10.566634999820963	EXP	instr: color = #FFFFFF
10.566634999820963	EXP	instr: contrast = 1
10.566634999820963	EXP	text: units = height
10.566634999820963	EXP	text: pos = [0,0]
10.566634999820963	EXP	text: size = undefined
10.566634999820963	EXP	text: ori = null
10.566634999820963	EXP	text: opacity = 1
10.566634999820963	EXP	text: depth = -1
10.566634999820963	EXP	text: clipMask = null
10.566634999820963	EXP	text: boundingBox = {"x":0,"y":0,"width":0,"height":0,"type":1}
10.566634999820963	EXP	text: text = null
10.566634999820963	EXP	text: alignHoriz = center
10.566634999820963	EXP	text: alignVert = center
10.566634999820963	EXP	text: flipHoriz = null
10.566634999820963	EXP	text: flipVert = null
10.566634999820963	EXP	text: font = Arial
10.566634999820963	EXP	text: height = 0.1
10.566634999820963	EXP	text: wrapWidth = 1
10.566634999820963	EXP	text: bold = null
10.566634999820963	EXP	text: italic = null
10.566634999820963	EXP	text: color = #FFFFFF
10.566634999820963	EXP	text: contrast = 1
10.566634999820963	EXP	feedback: units = height
10.566634999820963	EXP	feedback: pos = [0,0.1]
10.566634999820963	EXP	feedback: size = undefined
10.566634999820963	EXP	feedback: ori = null
10.566634999820963	EXP	feedback: opacity = 1
10.566634999820963	EXP	feedback: depth = -2
10.566634999820963	EXP	feedback: clipMask = null
10.566634999820963	EXP	feedback: boundingBox = {"x":0,"y":0,"width":0,"height":0,"type":1}
10.566634999820963	EXP	feedback: text = null
10.566634999820963	EXP	feedback: alignHoriz = center
10.566634999820963	EXP	feedback: alignVert = center
10.566634999820963	EXP	feedback: flipHoriz = null
10.566634999820963	EXP	feedback: flipVert = null
10.566634999820963	EXP	feedback: font = Arial
10.566634999820963	EXP	feedback: height = 0.1
10.566634999820963	EXP	feedback: wrapWidth = 1
10.566634999820963	EXP	feedback: bold = null
10.566634999820963	EXP	feedback: italic = null
10.566634999820963	EXP	feedback: color = #FFFFFF
10.566634999820963	EXP	feedback: contrast = 1
10.566634999820963	EXP	game_over_text: units = height
10.566634999820963	EXP	game_over_text: pos = [0,0]
10.566634999820963	EXP	game_over_text: size = undefined
10.566634999820963	EXP	game_over_text: ori = null
10.566634999820963	EXP	game_over_text: opacity = 1
10.566634999820963	EXP	game_over_text: depth = null
10.566634999820963	EXP	game_over_text: clipMask = null
10.566634999820963	EXP	game_over_text: boundingBox = {"x":0,"y":0,"width":0,"height":0,"type":1}
10.566634999820963	EXP	game_over_text: text = Congrats! You win!

Please type the letter “y” if you are familiar with binary or bisection search. 
Type the letter “n” if you have never heard of or do not know what binary or bisection search is.
10.566634999820963	EXP	game_over_text: alignHoriz = center
10.566634999820963	EXP	game_over_text: alignVert = center
10.566634999820963	EXP	game_over_text: flipHoriz = null
10.566634999820963	EXP	game_over_text: flipVert = null
10.566634999820963	EXP	game_over_text: font = Arial
10.566634999820963	EXP	game_over_text: height = 0.05
10.566634999820963	EXP	game_over_text: wrapWidth = 1
10.566634999820963	EXP	game_over_text: bold = null
10.566634999820963	EXP	game_over_text: italic = null
10.566634999820963	EXP	game_over_text: color = #FFFFFF
10.566634999820963	EXP	game_over_text: contrast = 1
10.566634999820963	EXP	instText: autoDraw = true
29.507615000009537	DATA	Keydown:  
29.53933499986306	EXP	instText: autoDraw = null
29.53933499986306	EXP	text_2: autoDraw = true
41.965265000006184	DATA	Keydown:  
42.00707499985583	EXP	text_2: autoDraw = null
42.00707499985583	EXP	text: text = null
42.00707499985583	EXP	instr: autoDraw = true
42.00707499985583	EXP	text: autoDraw = true
42.00707499985583	EXP	feedback: autoDraw = true
44.35268999985419	DATA	Keydown: 5
44.35834499984048	EXP	text: text = 5
44.53561499994248	DATA	Keydown: 0
44.542799999937415	EXP	text: text = 50
45.09438999998383	DATA	Keydown: 0
45.10911999992095	EXP	text: text = 500
45.36334999999963	DATA	Keydown: 0
45.37491499981843	EXP	text: text = 5000
45.63391499989666	DATA	Keydown: 0
45.641504999948665	EXP	text: text = 50000
46.513919999822974	DATA	Keydown: Enter
46.5244899999816	EXP	feedback: text = Too low!
46.5244899999816	EXP	text: text = null
48.281004999997094	DATA	Keydown: 7
48.28898499999195	EXP	text: text = 7
48.57454999978654	DATA	Keydown: 5
48.59154499997385	EXP	text: text = 75
49.10581499990076	DATA	Keydown: 0
49.121684999903664	EXP	text: text = 750
49.3881649998948	DATA	Keydown: 0
49.40377999981865	EXP	text: text = 7500
49.67049499996938	DATA	Keydown: 0
49.691110000014305	EXP	text: text = 75000
50.454194999998435	DATA	Keydown: Enter
50.471494999947026	EXP	feedback: text = Too high!
50.471494999947026	EXP	text: text = null
53.50069499993697	DATA	Keydown: 6
53.51810499979183	EXP	text: text = 6
54.00961999990977	DATA	Keydown: 2
54.01816999982111	EXP	text: text = 62
54.3446849999018	DATA	Keydown: 5
54.34953499981202	EXP	text: text = 625
54.79964999994263	DATA	Keydown: 0
54.81703499983996	EXP	text: text = 6250
54.95136999990791	DATA	Keydown: 0
54.96738999988884	EXP	text: text = 62500
55.94086999981664	DATA	Keydown: Enter
55.95068499981426	EXP	feedback: text = Too low!
55.95068499981426	EXP	text: text = null
60.962639999808744	DATA	Keydown: 6
60.9794849997852	EXP	text: text = 6
61.44528499990702	DATA	Keydown: 8
61.461624999996275	EXP	text: text = 68
62.0228899999056	DATA	Keydown: 0
62.02716999989934	EXP	text: text = 680
62.30674499995075	DATA	Keydown: 0
62.31373499985784	EXP	text: text = 6800
62.895060000009835	DATA	Keydown: 0
62.90901999990456	EXP	text: text = 68000
63.7969799998682	DATA	Keydown: Enter
63.81002999981865	EXP	feedback: text = Too high!
63.81002999981865	EXP	text: text = null
67.80924999993294	DATA	Keydown: 6
67.82246499997564	EXP	text: text = 6
68.06504999985918	DATA	Keydown: 5
68.07322999997996	EXP	text: text = 65
68.55784999998286	DATA	Keydown: 0
68.57182999979705	EXP	text: text = 650
68.89413999998942	DATA	Keydown: 0
68.90565499989316	EXP	text: text = 6500
69.23339999979362	DATA	Keydown: 0
69.23834499996156	EXP	text: text = 65000
70.03690999979153	DATA	Keydown: Enter
70.05443499982357	EXP	feedback: text = Too high!
70.05443499982357	EXP	text: text = null
72.9956949998159	DATA	Keydown: 6
73.00064999982715	EXP	text: text = 6
73.67617999995127	DATA	Keydown: 4
73.68586499989033	EXP	text: text = 64
74.18507999996655	DATA	Keydown: 0
74.20133499987423	EXP	text: text = 640
74.51653999998234	DATA	Keydown: 0
74.5341349998489	EXP	text: text = 6400
74.82951999991201	DATA	Keydown: 0
74.8326699999161	EXP	text: text = 64000
75.54958999995142	DATA	Keydown: Enter
75.56770000001416	EXP	feedback: text = Too low!
75.56770000001416	EXP	text: text = null
77.18876999989152	DATA	Keydown: 6
77.1986349998042	EXP	text: text = 6
77.62618499994278	DATA	Keydown: 4
77.63094999990426	EXP	text: text = 64
77.92514499998651	DATA	Keydown: 5
77.930904999841	EXP	text: text = 645
78.57667499990202	DATA	Keydown: 0
78.57950999983586	EXP	text: text = 6450
78.96962999994867	DATA	Keydown: 0
78.97952999989502	EXP	text: text = 64500
79.81276499992236	DATA	Keydown: Enter
79.83037499990314	EXP	feedback: text = Too low!
79.83037499990314	EXP	text: text = null
82.47772999992594	DATA	Keydown: 6
82.49416999984533	EXP	text: text = 6
82.7625199998729	DATA	Keydown: 4
82.7765749997925	EXP	text: text = 64
83.47583499993198	DATA	Keydown: 7
83.49365499988198	EXP	text: text = 647
83.73957500001416	DATA	Keydown: 5
83.74309499980882	EXP	text: text = 6475
84.13243499980308	DATA	Keydown: 0
84.143619999988	EXP	text: text = 64750
84.94357499992475	DATA	Keydown: Enter
84.95917499996722	EXP	feedback: text = Too low!
84.95917499996722	EXP	text: text = null
87.46154499985278	DATA	Keydown: 6
87.47230999986641	EXP	text: text = 6
87.74233999988064	DATA	Keydown: 4
87.76091499999166	EXP	text: text = 64
88.25153499981388	DATA	Keydown: 8
88.25627499981783	EXP	text: text = 648
88.57297999993898	DATA	Keydown: 7
88.58941999985836	EXP	text: text = 6487
88.83852999983355	DATA	Keydown: 5
88.85569499991834	EXP	text: text = 64875
89.42074500001036	DATA	Keydown: Enter
89.43907499988563	EXP	feedback: text = Too low!
89.43907499988563	EXP	text: text = null
93.38148999982513	DATA	Keydown: 6
93.38382999994792	EXP	text: text = 6
93.80721499980427	DATA	Keydown: 4
93.81872999994084	EXP	text: text = 64
94.83401999995112	DATA	Keydown: 9
94.85161999985576	EXP	text: text = 649
95.97301499987952	DATA	Keydown: 4
95.98241499997675	EXP	text: text = 6494
96.4014099999331	DATA	Keydown: 0
96.41491499985568	EXP	text: text = 64940
97.34168499987572	DATA	Keydown: Enter
97.3486649999395	EXP	feedback: text = Too high!
97.3486649999395	EXP	text: text = null
99.83990999986418	DATA	Keydown: 6
99.84546499978751	EXP	text: text = 6
100.49987999978475	DATA	Keydown: 4
100.51446999982	EXP	text: text = 64
101.5014099997934	DATA	Keydown: 9
101.51095999986865	EXP	text: text = 649
104.04213499999605	DATA	Keydown: 2
104.05943499994464	EXP	text: text = 6492
104.262229999993	DATA	Keydown: 0
104.27503999997862	EXP	text: text = 64920
104.99964499985799	DATA	Keydown: Enter
105.01023999997415	EXP	feedback: text = Too high!
105.01023999997415	EXP	text: text = null
107.2402249998413	DATA	Keydown: 6
107.2568649998866	EXP	text: text = 6
107.65666999993846	DATA	Keydown: 4
107.6734249999281	EXP	text: text = 64
108.45856499997899	DATA	Keydown: 9
108.47832999983802	EXP	text: text = 649
108.87558999983594	DATA	Keydown: 0
108.88818999985233	EXP	text: text = 6490
109.03055999986827	DATA	Keydown: 0
109.03843999980018	EXP	text: text = 64900
109.81221499992535	DATA	Keydown: Enter
109.82172499992885	EXP	feedback: text = Too low!
109.82172499992885	EXP	text: text = null
112.00955999991857	DATA	Keydown: 6
112.01873499993235	EXP	text: text = 6
112.175270000007	DATA	Keydown: 4
112.18582499981858	EXP	text: text = 64
112.69477499998175	DATA	Keydown: 9
112.702369999839	EXP	text: text = 649
113.16489499993622	DATA	Keydown: 1
113.16881499998271	EXP	text: text = 6491
113.51410499983467	DATA	Keydown: 0
113.51823999988846	EXP	text: text = 64910
114.293479999993	DATA	Keydown: Enter
114.30957499984652	EXP	instr: autoDraw = null
114.30957499984652	EXP	text: autoDraw = null
114.30957499984652	EXP	feedback: autoDraw = null
114.30957499984652	EXP	text: text = null
114.30957499984652	EXP	game_over_text: autoDraw = true
127.89840499986894	DATA	Keydown: n
