0.19300000000000006	EXP	Created Window = Window( name=Window, fullscr=true, color=#808080, units=height, waitBlanking=true, autoLog=true, size=[1920,941] )
6.958	DATA	Keydown: Shift
7.084999999999999	DATA	Keydown: J
7.255000000000001	DATA	Keydown: o
8.776	DATA	Keydown: s
9.908	DATA	Keydown: e
11.421	DATA	Keydown: Backspace
12.225999999999999	DATA	Keydown: e
17.360999999999997	EXP	Created instText = TextStim( name=instText, win=Window( name=Window, fullscr=true, color=#808080, ~), autoDraw=null, autoLog=true, units=height, pos=[0,0], size=undefined, ori=null, opacity=1, depth=null, clipMask=null, boundingBox={"x":-0.4952178533475027,"y":-0.3793836344314559,"~, text=In this game you will be asked to guess a random n~, alignHoriz=center, alignVert=center, flipHoriz=null, flipVert=null, font=Arial, height=0.05, wrapWidth=1, bold=null, italic=null, color=#FFFFFF, contrast=1 )
17.366	EXP	Created text_2 = TextStim( name=text_2, win=Window( name=Window, fullscr=true, color=#808080, ~), autoDraw=null, autoLog=true, units=height, pos=[0,0], size=undefined, ori=null, opacity=1, depth=null, clipMask=null, boundingBox={"x":-0.4989373007438895,"y":-0.29808714133900105,~, text=Type in your guess and press “enter” in order to s~, alignHoriz=center, alignVert=center, flipHoriz=null, flipVert=null, font=Arial, height=0.05, wrapWidth=1, bold=null, italic=null, color=#FFFFFF, contrast=1 )
17.366999999999997	EXP	Created instr = TextStim( name=instr, win=Window( name=Window, fullscr=true, color=#808080, ~), autoDraw=null, autoLog=true, units=height, pos=[-0.2,0.2], size=undefined, ori=null, opacity=1, depth=null, clipMask=null, boundingBox={"x":-0.6532412327311371,"y":0.17290116896918173,"~, text=Type your guess below and press “enter” , alignHoriz=center, alignVert=center, flipHoriz=null, flipVert=null, font=Arial, height=0.05, wrapWidth=1, bold=null, italic=null, color=#FFFFFF, contrast=1 )
17.369999999999997	EXP	Created text = TextStim( name=text, win=Window( name=Window, fullscr=true, color=#808080, ~), autoDraw=null, autoLog=true, units=height, pos=[0,0], size=undefined, ori=null, opacity=1, depth=-1, clipMask=null, boundingBox={"x":0,"y":-0.05472901168969182,"width":0,"height"~, text=null, alignHoriz=center, alignVert=center, flipHoriz=null, flipVert=null, font=Arial, height=0.1, wrapWidth=1, bold=null, italic=null, color=#FFFFFF, contrast=1 )
17.372	EXP	Created feedback = TextStim( name=feedback, win=Window( name=Window, fullscr=true, color=#808080, ~), autoDraw=null, autoLog=true, units=height, pos=[0,0.1], size=undefined, ori=null, opacity=1, depth=-2, clipMask=null, boundingBox={"x":0,"y":0.04527098831030819,"width":0,"height":~, text=null, alignHoriz=center, alignVert=center, flipHoriz=null, flipVert=null, font=Arial, height=0.1, wrapWidth=1, bold=null, italic=null, color=#FFFFFF, contrast=1 )
17.375	EXP	Created game_over_text = TextStim( name=game_over_text, win=Window( name=Window, fullscr=true, color=#808080, ~), autoDraw=null, autoLog=true, units=height, pos=[0,0], size=undefined, ori=null, opacity=1, depth=null, clipMask=null, boundingBox={"x":-0.4909670563230606,"y":-0.18969181721572795,~, text=Congrats! You win!

Please type the letter “y” if ~, alignHoriz=center, alignVert=center, flipHoriz=null, flipVert=null, font=Arial, height=0.05, wrapWidth=1, bold=null, italic=null, color=#FFFFFF, contrast=1 )
17.406	EXP	instText: units = height
17.406	EXP	instText: pos = [0,0]
17.406	EXP	instText: size = undefined
17.406	EXP	instText: ori = null
17.406	EXP	instText: opacity = 1
17.406	EXP	instText: depth = null
17.406	EXP	instText: clipMask = null
17.406	EXP	instText: boundingBox = {"x":0,"y":0,"width":0,"height":0,"type":1}
17.406	EXP	instText: text = In this game you will be asked to guess a random number from 1 to 100,000 (inclusive). 

Each time you guess, you will receive a hint. That hint will either tell you that your guess was too high or too low. You can use that feedback in your next turn. 

Please note that you must use the number row to type in guesses (not the number pad)! 

Press the space bar to continue...
17.406	EXP	instText: alignHoriz = center
17.406	EXP	instText: alignVert = center
17.406	EXP	instText: flipHoriz = null
17.406	EXP	instText: flipVert = null
17.406	EXP	instText: font = Arial
17.406	EXP	instText: height = 0.05
17.406	EXP	instText: wrapWidth = 1
17.406	EXP	instText: bold = null
17.406	EXP	instText: italic = null
17.406	EXP	instText: color = #FFFFFF
17.406	EXP	instText: contrast = 1
17.406	EXP	text_2: units = height
17.406	EXP	text_2: pos = [0,0]
17.406	EXP	text_2: size = undefined
17.406	EXP	text_2: ori = null
17.406	EXP	text_2: opacity = 1
17.406	EXP	text_2: depth = null
17.406	EXP	text_2: clipMask = null
17.406	EXP	text_2: boundingBox = {"x":0,"y":0,"width":0,"height":0,"type":1}
17.406	EXP	text_2: text = Type in your guess and press “enter” in order to submit that guess.

Your final score will be based on a combination of: 1) total time you took to submit each guess, and 2) the number of guesses it took for you to finally get the correct number. 

Press the space bar to start the game…

17.406	EXP	text_2: alignHoriz = center
17.406	EXP	text_2: alignVert = center
17.406	EXP	text_2: flipHoriz = null
17.406	EXP	text_2: flipVert = null
17.406	EXP	text_2: font = Arial
17.406	EXP	text_2: height = 0.05
17.406	EXP	text_2: wrapWidth = 1
17.406	EXP	text_2: bold = null
17.406	EXP	text_2: italic = null
17.406	EXP	text_2: color = #FFFFFF
17.406	EXP	text_2: contrast = 1
17.406	EXP	instr: units = height
17.406	EXP	instr: pos = [-0.2,0.2]
17.406	EXP	instr: size = undefined
17.406	EXP	instr: ori = null
17.406	EXP	instr: opacity = 1
17.406	EXP	instr: depth = null
17.406	EXP	instr: clipMask = null
17.406	EXP	instr: boundingBox = {"x":0,"y":0,"width":0,"height":0,"type":1}
17.406	EXP	instr: text = Type your guess below and press “enter” 
17.406	EXP	instr: alignHoriz = center
17.406	EXP	instr: alignVert = center
17.406	EXP	instr: flipHoriz = null
17.406	EXP	instr: flipVert = null
17.406	EXP	instr: font = Arial
17.406	EXP	instr: height = 0.05
17.406	EXP	instr: wrapWidth = 1
17.406	EXP	instr: bold = null
17.406	EXP	instr: italic = null
17.406	EXP	instr: color = #FFFFFF
17.406	EXP	instr: contrast = 1
17.406	EXP	text: units = height
17.406	EXP	text: pos = [0,0]
17.406	EXP	text: size = undefined
17.406	EXP	text: ori = null
17.406	EXP	text: opacity = 1
17.406	EXP	text: depth = -1
17.406	EXP	text: clipMask = null
17.406	EXP	text: boundingBox = {"x":0,"y":0,"width":0,"height":0,"type":1}
17.406	EXP	text: text = null
17.406	EXP	text: alignHoriz = center
17.406	EXP	text: alignVert = center
17.406	EXP	text: flipHoriz = null
17.406	EXP	text: flipVert = null
17.406	EXP	text: font = Arial
17.406	EXP	text: height = 0.1
17.406	EXP	text: wrapWidth = 1
17.406	EXP	text: bold = null
17.406	EXP	text: italic = null
17.406	EXP	text: color = #FFFFFF
17.406	EXP	text: contrast = 1
17.406	EXP	feedback: units = height
17.406	EXP	feedback: pos = [0,0.1]
17.406	EXP	feedback: size = undefined
17.406	EXP	feedback: ori = null
17.406	EXP	feedback: opacity = 1
17.406	EXP	feedback: depth = -2
17.406	EXP	feedback: clipMask = null
17.406	EXP	feedback: boundingBox = {"x":0,"y":0,"width":0,"height":0,"type":1}
17.406	EXP	feedback: text = null
17.406	EXP	feedback: alignHoriz = center
17.406	EXP	feedback: alignVert = center
17.406	EXP	feedback: flipHoriz = null
17.406	EXP	feedback: flipVert = null
17.406	EXP	feedback: font = Arial
17.406	EXP	feedback: height = 0.1
17.406	EXP	feedback: wrapWidth = 1
17.406	EXP	feedback: bold = null
17.406	EXP	feedback: italic = null
17.406	EXP	feedback: color = #FFFFFF
17.406	EXP	feedback: contrast = 1
17.406	EXP	game_over_text: units = height
17.406	EXP	game_over_text: pos = [0,0]
17.406	EXP	game_over_text: size = undefined
17.406	EXP	game_over_text: ori = null
17.406	EXP	game_over_text: opacity = 1
17.406	EXP	game_over_text: depth = null
17.406	EXP	game_over_text: clipMask = null
17.406	EXP	game_over_text: boundingBox = {"x":0,"y":0,"width":0,"height":0,"type":1}
17.406	EXP	game_over_text: text = Congrats! You win!

Please type the letter “y” if you are familiar with binary or bisection search. 
Type the letter “n” if you have never heard of or do not know what binary or bisection search is.
17.406	EXP	game_over_text: alignHoriz = center
17.406	EXP	game_over_text: alignVert = center
17.406	EXP	game_over_text: flipHoriz = null
17.406	EXP	game_over_text: flipVert = null
17.406	EXP	game_over_text: font = Arial
17.406	EXP	game_over_text: height = 0.05
17.406	EXP	game_over_text: wrapWidth = 1
17.406	EXP	game_over_text: bold = null
17.406	EXP	game_over_text: italic = null
17.406	EXP	game_over_text: color = #FFFFFF
17.406	EXP	game_over_text: contrast = 1
17.406	EXP	instText: autoDraw = true
38.062	DATA	Mouse: 0 button down, pos=(1137,882)
38.141999999999996	DATA	Mouse: 0 button down, pos=(1137,882)
39.922999999999995	DATA	Keydown:  
39.946	EXP	instText: autoDraw = null
39.946	EXP	text_2: autoDraw = true
51.858	DATA	Keydown: 0
51.879999999999995	EXP	text_2: autoDraw = null
51.879999999999995	EXP	text: text = null
51.879999999999995	EXP	instr: autoDraw = true
51.879999999999995	EXP	text: autoDraw = true
51.879999999999995	EXP	feedback: autoDraw = true
51.879999999999995	EXP	text: text = 0
52.007999999999996	DATA	Keydown: 0
52.013	EXP	text: text = 00
53.44	DATA	Keydown: Backspace
53.446999999999996	EXP	text: text = 0
53.791	DATA	Keydown: Backspace
53.796	EXP	text: text = null
54.674	DATA	Keydown: 5
54.678999999999995	EXP	text: text = 5
55.39	DATA	Keydown: 0
55.396	EXP	text: text = 50
55.574	DATA	Keydown: 0
55.580999999999996	EXP	text: text = 500
56.323	DATA	Keydown: Enter
56.329	EXP	feedback: text = Too low!
56.329	EXP	text: text = null
58.977	DATA	Keydown: 7
58.997	EXP	text: text = 7
59.291	DATA	Keydown: 5
59.296	EXP	text: text = 75
59.707	DATA	Keydown: 0
59.711999999999996	EXP	text: text = 750
60.073	DATA	Keydown: Enter
60.079	EXP	feedback: text = Too low!
60.079	EXP	text: text = null
65.12400000000001	DATA	Keydown: 7
65.129	EXP	text: text = 7
65.557	DATA	Keydown: 5
65.56200000000001	EXP	text: text = 75
66.45700000000001	DATA	Keydown: Backspace
66.46300000000001	EXP	text: text = 7
66.658	DATA	Keydown: Backspace
66.66300000000001	EXP	text: text = null
67.723	DATA	Keydown: 8
67.73	EXP	text: text = 8
68.15700000000001	DATA	Keydown: 7
68.16300000000001	EXP	text: text = 87
68.711	DATA	Keydown: 5
68.714	EXP	text: text = 875
69.19200000000001	DATA	Keydown: Enter
69.19600000000001	EXP	feedback: text = Too low!
69.19600000000001	EXP	text: text = null
71.24000000000001	DATA	Keydown: 9
71.247	EXP	text: text = 9
77.107	DATA	Keydown: 3
77.113	EXP	text: text = 93
77.26100000000001	DATA	Keydown: 3
77.28	EXP	text: text = 933
77.875	DATA	Keydown: Enter
77.881	EXP	feedback: text = Too low!
77.881	EXP	text: text = null
79.75800000000001	DATA	Keydown: 9
79.763	EXP	text: text = 9
85.811	DATA	Keydown: 5
85.83	EXP	text: text = 95
86.52600000000001	DATA	Keydown: Backspace
86.53	EXP	text: text = 9
87.655	DATA	Keydown: 5
87.665	EXP	text: text = 95
88.409	DATA	Keydown: Backspace
88.41300000000001	EXP	text: text = 9
89.02600000000001	DATA	Keydown: 6
89.02900000000001	EXP	text: text = 96
89.72200000000001	DATA	Keydown: 5
89.729	EXP	text: text = 965
90.209	DATA	Keydown: Enter
90.21900000000001	EXP	feedback: text = Too low!
90.21900000000001	EXP	text: text = null
91.97800000000001	DATA	Keydown: 9
92.001	EXP	text: text = 9
92.31	DATA	Keydown: 9
92.319	EXP	text: text = 99
92.80600000000001	DATA	Keydown: 9
92.813	EXP	text: text = 999
93.527	DATA	Keydown: Backspace
93.534	EXP	text: text = 99
93.91000000000001	DATA	Keydown: Backspace
93.92	EXP	text: text = 9
95.56	DATA	Keydown: 9
95.569	EXP	text: text = 99
96.409	DATA	Keydown: Backspace
96.41900000000001	EXP	text: text = 9
98.477	DATA	Keydown: 8
98.485	EXP	text: text = 98
98.79400000000001	DATA	Keydown: 0
98.81800000000001	EXP	text: text = 980
99.11	DATA	Keydown: Enter
99.135	EXP	feedback: text = Too low!
99.135	EXP	text: text = null
100.259	DATA	Keydown: 9
100.269	EXP	text: text = 9
101.209	DATA	Keydown: 9
101.218	EXP	text: text = 99
101.494	DATA	Keydown: 0
101.503	EXP	text: text = 990
101.80900000000001	DATA	Keydown: Enter
101.819	EXP	feedback: text = Too low!
101.819	EXP	text: text = null
103.772	DATA	Keydown: 9
103.78500000000001	EXP	text: text = 9
107.959	DATA	Keydown: 9
107.968	EXP	text: text = 99
108.241	DATA	Keydown: 5
108.251	EXP	text: text = 995
108.55900000000001	DATA	Keydown: Enter
108.57000000000001	EXP	feedback: text = Too low!
108.57000000000001	EXP	text: text = null
109.509	DATA	Keydown: 9
109.518	EXP	text: text = 9
112.12100000000001	DATA	Keydown: 9
112.134	EXP	text: text = 99
113.74000000000001	DATA	Keydown: 7
113.747	EXP	text: text = 997
113.909	DATA	Keydown: Enter
113.93	EXP	feedback: text = Too low!
113.93	EXP	text: text = null
115.525	DATA	Keydown: 9
115.53500000000001	EXP	text: text = 9
115.72500000000001	DATA	Keydown: 9
115.735	EXP	text: text = 99
115.94200000000001	DATA	Keydown: 9
115.95	EXP	text: text = 999
116.325	DATA	Keydown: Enter
116.33500000000001	EXP	feedback: text = Too low!
116.33500000000001	EXP	text: text = null
117.22500000000001	DATA	Keydown: 1
117.235	EXP	text: text = 1
117.38900000000001	DATA	Keydown: 0
117.40100000000001	EXP	text: text = 10
117.56200000000001	DATA	Keydown: 0
117.57000000000001	EXP	text: text = 100
118.07600000000001	DATA	Keydown: 0
118.084	EXP	text: text = 1000
118.42500000000001	DATA	Keydown: Enter
118.43400000000001	EXP	feedback: text = Too low!
118.43400000000001	EXP	text: text = null
125.256	DATA	Keydown: 5
125.266	EXP	text: text = 5
125.506	DATA	Keydown: 0
125.51700000000001	EXP	text: text = 50
125.673	DATA	Keydown: 0
125.683	EXP	text: text = 500
126.08000000000001	DATA	Keydown: 0
126.084	EXP	text: text = 5000
126.59	DATA	Keydown: Enter
126.6	EXP	feedback: text = Too low!
126.6	EXP	text: text = null
129.693	DATA	Keydown: 1
129.713	EXP	text: text = 1
129.859	DATA	Keydown: 0
129.882	EXP	text: text = 10
130.041	DATA	Keydown: 0
130.047	EXP	text: text = 100
130.207	DATA	Keydown: 0
130.217	EXP	text: text = 1000
130.544	DATA	Keydown: 0
130.55	EXP	text: text = 10000
131.32500000000002	DATA	Keydown: Enter
131.333	EXP	feedback: text = Too low!
131.333	EXP	text: text = null
132.626	DATA	Keydown: 1
132.633	EXP	text: text = 1
132.90800000000002	DATA	Keydown: 0
132.917	EXP	text: text = 10
133.074	DATA	Keydown: 0
133.082	EXP	text: text = 100
133.25900000000001	DATA	Keydown: 0
133.268	EXP	text: text = 1000
133.44	DATA	Keydown: 0
133.449	EXP	text: text = 10000
133.626	DATA	Keydown: 0
133.633	EXP	text: text = 100000
134.109	DATA	Keydown: 0
134.11700000000002	EXP	text: text = 1000000
135.457	DATA	Keydown: Enter
135.466	EXP	feedback: text = Too high!
135.466	EXP	text: text = null
138.328	DATA	Keydown: 5
138.33	EXP	text: text = 5
138.558	DATA	Keydown: 0
138.567	EXP	text: text = 50
138.723	DATA	Keydown: 0
138.733	EXP	text: text = 500
138.89000000000001	DATA	Keydown: 0
138.9	EXP	text: text = 5000
139.12300000000002	DATA	Keydown: 0
139.133	EXP	text: text = 50000
140.09	DATA	Keydown: Enter
140.1	EXP	feedback: text = Too low!
140.1	EXP	text: text = null
144.11	DATA	Keydown: 7
144.116	EXP	text: text = 7
147.055	DATA	Keydown: 0
147.066	EXP	text: text = 70
147.37300000000002	DATA	Keydown: 0
147.383	EXP	text: text = 700
147.757	DATA	Keydown: 0
147.766	EXP	text: text = 7000
148.24	DATA	Keydown: 0
148.249	EXP	text: text = 70000
149.006	DATA	Keydown: Enter
149.016	EXP	feedback: text = Too low!
149.016	EXP	text: text = null
150.624	DATA	Keydown: 1
150.633	EXP	text: text = 1
150.823	DATA	Keydown: 0
150.833	EXP	text: text = 10
150.99	DATA	Keydown: 0
151	EXP	text: text = 100
151.157	DATA	Keydown: 0
151.166	EXP	text: text = 1000
151.423	DATA	Keydown: 0
151.433	EXP	text: text = 10000
152.472	DATA	Keydown: 0
152.482	EXP	text: text = 100000
153.507	DATA	Keydown: Enter
153.517	EXP	feedback: text = Too high!
153.517	EXP	text: text = null
155.609	DATA	Keydown: 9
155.61700000000002	EXP	text: text = 9
155.841	DATA	Keydown: 0
155.84900000000002	EXP	text: text = 90
156.02700000000002	DATA	Keydown: 0
156.03300000000002	EXP	text: text = 900
156.65800000000002	DATA	Keydown: 0
156.666	EXP	text: text = 9000
157.14000000000001	DATA	Keydown: 0
157.15	EXP	text: text = 90000
158.207	DATA	Keydown: Enter
158.216	EXP	feedback: text = Too high!
158.216	EXP	text: text = null
160.159	DATA	Keydown: 8
160.166	EXP	text: text = 8
160.374	DATA	Keydown: 0
160.383	EXP	text: text = 80
161.025	DATA	Keydown: 0
161.03300000000002	EXP	text: text = 800
161.202	DATA	Keydown: 0
161.213	EXP	text: text = 8000
161.36100000000002	DATA	Keydown: 0
161.366	EXP	text: text = 80000
162.256	DATA	Keydown: Enter
162.266	EXP	feedback: text = Too high!
162.266	EXP	text: text = null
163.927	DATA	Keydown: 7
163.933	EXP	text: text = 7
164.859	DATA	Keydown: 5
164.86700000000002	EXP	text: text = 75
165.258	DATA	Keydown: 0
165.267	EXP	text: text = 750
165.458	DATA	Keydown: 0
165.467	EXP	text: text = 7500
166.141	DATA	Keydown: 0
166.151	EXP	text: text = 75000
166.907	DATA	Keydown: Enter
166.917	EXP	feedback: text = Too high!
166.917	EXP	text: text = null
168.708	DATA	Keydown: 7
168.717	EXP	text: text = 7
169.29	DATA	Keydown: 0
169.3	EXP	text: text = 70
170.34	DATA	Keydown: Backspace
170.351	EXP	text: text = 7
172.642	DATA	Keydown: 1
172.651	EXP	text: text = 71
172.675	DATA	Keydown: 1
172.684	EXP	text: text = 711
173.258	DATA	Keydown: Backspace
173.267	EXP	text: text = 71
173.86	DATA	Keydown: 0
173.863	EXP	text: text = 710
174.03900000000002	DATA	Keydown: 0
174.049	EXP	text: text = 7100
174.31	DATA	Keydown: 0
174.317	EXP	text: text = 71000
174.958	DATA	Keydown: Enter
174.967	EXP	feedback: text = Too low!
174.967	EXP	text: text = null
176.973	DATA	Keydown: 7
176.983	EXP	text: text = 7
177.97400000000002	DATA	Keydown: 3
177.983	EXP	text: text = 73
178.274	DATA	Keydown: 0
178.284	EXP	text: text = 730
178.442	DATA	Keydown: 0
178.452	EXP	text: text = 7300
178.597	DATA	Keydown: 0
178.613	EXP	text: text = 73000
179.537	DATA	Keydown: Enter
179.55	EXP	feedback: text = Too high!
179.55	EXP	text: text = null
180.72400000000002	DATA	Keydown: 7
180.733	EXP	text: text = 7
181.023	DATA	Keydown: 2
181.03300000000002	EXP	text: text = 72
181.507	DATA	Keydown: 0
181.517	EXP	text: text = 720
181.674	DATA	Keydown: 0
181.684	EXP	text: text = 7200
181.835	DATA	Keydown: 0
181.846	EXP	text: text = 72000
182.439	DATA	Keydown: Enter
182.446	EXP	feedback: text = Too high!
182.446	EXP	text: text = null
183.74	DATA	Keydown: 7
183.74200000000002	EXP	text: text = 7
184.44	DATA	Keydown: 1
184.452	EXP	text: text = 71
185.29	DATA	Keydown: 5
185.3	EXP	text: text = 715
185.574	DATA	Keydown: 0
185.583	EXP	text: text = 7150
185.79	DATA	Keydown: 0
185.80100000000002	EXP	text: text = 71500
188.041	DATA	Keydown: Enter
188.05100000000002	EXP	feedback: text = Too high!
188.05100000000002	EXP	text: text = null
189.488	DATA	Keydown: 7
189.496	EXP	text: text = 7
190.441	DATA	Keydown: 1
190.451	EXP	text: text = 71
196.72	DATA	Keydown: 2
196.731	EXP	text: text = 712
196.989	DATA	Keydown: 0
197.001	EXP	text: text = 7120
197.192	DATA	Keydown: 0
197.20000000000002	EXP	text: text = 71200
198.324	DATA	Keydown: Enter
198.33	EXP	feedback: text = Too low!
198.33	EXP	text: text = null
200.341	DATA	Keydown: 7
200.35	EXP	text: text = 7
200.64000000000001	DATA	Keydown: 1
200.647	EXP	text: text = 71
203.239	DATA	Keydown: 5
203.246	EXP	text: text = 715
203.957	DATA	Keydown: Backspace
203.963	EXP	text: text = 71
206.47400000000002	DATA	Keydown: 4
206.48000000000002	EXP	text: text = 714
206.839	DATA	Keydown: 0
206.846	EXP	text: text = 7140
207.04	DATA	Keydown: 0
207.046	EXP	text: text = 71400
209.523	DATA	Keydown: Enter
209.529	EXP	feedback: text = Too high!
209.529	EXP	text: text = null
211.189	DATA	Keydown: 7
211.197	EXP	text: text = 7
211.723	DATA	Keydown: 1
211.729	EXP	text: text = 71
213.31	DATA	Keydown: 3
213.312	EXP	text: text = 713
213.54	DATA	Keydown: 0
213.547	EXP	text: text = 7130
213.723	DATA	Keydown: 0
213.729	EXP	text: text = 71300
214.49	DATA	Keydown: Enter
214.497	EXP	feedback: text = Too high!
214.497	EXP	text: text = null
215.891	DATA	Keydown: 7
215.898	EXP	text: text = 7
216.22400000000002	DATA	Keydown: 1
216.229	EXP	text: text = 71
217.86	DATA	Keydown: 2
217.863	EXP	text: text = 712
219.29	DATA	Keydown: 0
219.296	EXP	text: text = 7120
219.857	DATA	Keydown: Backspace
219.863	EXP	text: text = 712
220.31	DATA	Keydown: 5
220.312	EXP	text: text = 7125
220.704	DATA	Keydown: 0
220.715	EXP	text: text = 71250
222.411	DATA	Keydown: Enter
222.41400000000002	EXP	feedback: text = Too low!
222.41400000000002	EXP	text: text = null
223.75900000000001	DATA	Keydown: 7
223.763	EXP	text: text = 7
224.043	DATA	Keydown: 1
224.046	EXP	text: text = 71
226.507	DATA	Keydown: 2
226.513	EXP	text: text = 712
233.338	DATA	Keydown: 7
233.34900000000002	EXP	text: text = 7127
233.693	DATA	Keydown: 5
233.697	EXP	text: text = 71275
235.311	DATA	Keydown: Enter
235.314	EXP	feedback: text = Too high!
235.314	EXP	text: text = null
236.941	DATA	Keydown: 7
236.946	EXP	text: text = 7
237.189	DATA	Keydown: 1
237.196	EXP	text: text = 71
239.559	DATA	Keydown: 2
239.56300000000002	EXP	text: text = 712
242.09300000000002	DATA	Keydown: 6
242.096	EXP	text: text = 7126
242.537	DATA	Keydown: Backspace
242.548	EXP	text: text = 712
244.844	DATA	Keydown: 5
244.863	EXP	text: text = 7125
245.126	DATA	Keydown: 0
245.13	EXP	text: text = 71250
246.393	DATA	Keydown: Enter
246.40800000000002	EXP	feedback: text = Too low!
246.40800000000002	EXP	text: text = null
248.126	DATA	Keydown: 7
248.136	EXP	text: text = 7
248.41	DATA	Keydown: 1
248.42000000000002	EXP	text: text = 71
249.25300000000001	DATA	Keydown: 2
249.263	EXP	text: text = 712
253.537	DATA	Keydown: 4
253.553	EXP	text: text = 7124
253.876	DATA	Keydown: Enter
253.886	EXP	feedback: text = Too low!
253.886	EXP	text: text = null
255.57399999999998	DATA	Keydown: 7
255.57899999999998	EXP	text: text = 7
255.82700000000003	DATA	Keydown: 1
255.83	EXP	text: text = 71
257.33299999999997	DATA	Keydown: 2
257.34999999999997	EXP	text: text = 712
258.65999999999997	DATA	Keydown: 5
258.669	EXP	text: text = 7125
260.57599999999996	DATA	Keydown: Backspace
260.58599999999996	EXP	text: text = 712
262.659	DATA	Keydown: 6
262.669	EXP	text: text = 7126
263.01	DATA	Keydown: 5
263.01899999999995	EXP	text: text = 71265
264.09299999999996	DATA	Keydown: Enter
264.102	EXP	feedback: text = Too high!
264.102	EXP	text: text = null
266.227	DATA	Keydown: 7
266.251	EXP	text: text = 7
266.493	DATA	Keydown: 1
266.501	EXP	text: text = 71
267.625	DATA	Keydown: 2
267.63399999999996	EXP	text: text = 712
272.424	DATA	Keydown: 6
272.435	EXP	text: text = 7126
272.858	DATA	Keydown: 0
272.866	EXP	text: text = 71260
273.70799999999997	DATA	Keydown: Enter
273.717	EXP	feedback: text = Too high!
273.717	EXP	text: text = null
275.10699999999997	DATA	Keydown: 7
275.116	EXP	text: text = 7
275.34499999999997	DATA	Keydown: 1
275.34999999999997	EXP	text: text = 71
275.59	DATA	Keydown: 2
275.59999999999997	EXP	text: text = 712
278.854	DATA	Keydown: 5
278.86199999999997	EXP	text: text = 7125
279.80899999999997	DATA	Keydown: 8
279.81899999999996	EXP	text: text = 71258
281.48999999999995	DATA	Keydown: Enter
281.5	EXP	feedback: text = Too high!
281.5	EXP	text: text = null
283.724	DATA	Keydown: 7
283.734	EXP	text: text = 7
283.96099999999996	DATA	Keydown: 1
283.967	EXP	text: text = 71
284.37699999999995	DATA	Keydown: 2
284.383	EXP	text: text = 712
284.911	DATA	Keydown: 5
284.917	EXP	text: text = 7125
287.17499999999995	DATA	Keydown: 6
287.18399999999997	EXP	text: text = 71256
288.239	DATA	Keydown: Enter
288.251	EXP	feedback: text = Too high!
288.251	EXP	text: text = null
291.34099999999995	DATA	Keydown: 7
291.34999999999997	EXP	text: text = 7
291.57599999999996	DATA	Keydown: 1
291.58299999999997	EXP	text: text = 71
293.67499999999995	DATA	Keydown: 2
293.683	EXP	text: text = 712
294.209	DATA	Keydown: 5
294.21799999999996	EXP	text: text = 7125
295.227	DATA	Keydown: 5
295.234	EXP	text: text = 71255
296.22999999999996	DATA	Keydown: Enter
296.23499999999996	EXP	feedback: text = Too high!
296.23499999999996	EXP	text: text = null
297.791	DATA	Keydown: 7
297.80199999999996	EXP	text: text = 7
297.974	DATA	Keydown: 1
297.98199999999997	EXP	text: text = 71
298.755	DATA	Keydown: 2
298.767	EXP	text: text = 712
299.907	DATA	Keydown: 5
299.917	EXP	text: text = 7125
303.477	DATA	Keydown: 3
303.483	EXP	text: text = 71253
304.477	DATA	Keydown: Enter
304.489	EXP	instr: autoDraw = null
304.489	EXP	text: autoDraw = null
304.489	EXP	feedback: autoDraw = null
304.489	EXP	text: text = null
304.489	EXP	game_over_text: autoDraw = true
316.024	DATA	Keydown: n
