0.09430499991867691	EXP	Created Window = Window( name=Window, fullscr=true, color=#808080, units=height, waitBlanking=true, autoLog=true, size=[1680,898] )
4.429260000004433	DATA	Keydown: p
4.826864999951795	DATA	Keydown: a
4.97749499999918	DATA	Keydown: l
5.164579999982379	DATA	Keydown: b
5.278004999971017	DATA	Keydown: o
5.668429999961518	DATA	Keydown: Backspace
5.852729999925941	DATA	Keydown: Backspace
6.012445000000298	DATA	Keydown: Backspace
6.176879999926314	DATA	Keydown: b
6.261809999938123	DATA	Keydown: l
6.4148999999742955	DATA	Keydown: o
9.075620000017807	EXP	Created instText = TextStim( name=instText, win=Window( name=Window, fullscr=true, color=#808080, ~), autoDraw=null, autoLog=true, units=height, pos=[0,0], size=undefined, ori=null, opacity=1, depth=null, clipMask=null, boundingBox={"x":-0.497210870075863,"y":-0.3975501113585746,"w~, text=In this game you will be asked to guess a random n~, alignHoriz=center, alignVert=center, flipHoriz=null, flipVert=null, font=Arial, height=0.05, wrapWidth=1, bold=null, italic=null, color=#FFFFFF, contrast=1 )
9.077779999934137	EXP	Created text_2 = TextStim( name=text_2, win=Window( name=Window, fullscr=true, color=#808080, ~), autoDraw=null, autoLog=true, units=height, pos=[0,0], size=undefined, ori=null, opacity=1, depth=null, clipMask=null, boundingBox={"x":-0.49997580343471604,"y":-0.3123608017817372,~, text=Type in your guess and press “enter” in order to s~, alignHoriz=center, alignVert=center, flipHoriz=null, flipVert=null, font=Arial, height=0.05, wrapWidth=1, bold=null, italic=null, color=#FFFFFF, contrast=1 )
9.078379999962635	EXP	Created instr = TextStim( name=instr, win=Window( name=Window, fullscr=true, color=#808080, ~), autoDraw=null, autoLog=true, units=height, pos=[-0.2,0.2], size=undefined, ori=null, opacity=1, depth=null, clipMask=null, boundingBox={"x":-0.6540240791167873,"y":0.17160356347438754,"~, text=Type your guess below and press “enter” , alignHoriz=center, alignVert=center, flipHoriz=null, flipVert=null, font=Arial, height=0.05, wrapWidth=1, bold=null, italic=null, color=#FFFFFF, contrast=1 )
9.089139999938197	EXP	Created text = TextStim( name=text, win=Window( name=Window, fullscr=true, color=#808080, ~), autoDraw=null, autoLog=true, units=height, pos=[0,0], size=undefined, ori=null, opacity=1, depth=-1, clipMask=null, boundingBox={"x":0,"y":-0.05623608017817372,"width":0,"height"~, text=null, alignHoriz=center, alignVert=center, flipHoriz=null, flipVert=null, font=Arial, height=0.1, wrapWidth=1, bold=null, italic=null, color=#FFFFFF, contrast=1 )
9.09043500002008	EXP	Created feedback = TextStim( name=feedback, win=Window( name=Window, fullscr=true, color=#808080, ~), autoDraw=null, autoLog=true, units=height, pos=[0,0.1], size=undefined, ori=null, opacity=1, depth=-2, clipMask=null, boundingBox={"x":0,"y":0.043763919821826286,"width":0,"height"~, text=null, alignHoriz=center, alignVert=center, flipHoriz=null, flipVert=null, font=Arial, height=0.1, wrapWidth=1, bold=null, italic=null, color=#FFFFFF, contrast=1 )
9.091439999989234	EXP	Created game_over_text = TextStim( name=game_over_text, win=Window( name=Window, fullscr=true, color=#808080, ~), autoDraw=null, autoLog=true, units=height, pos=[0,0], size=undefined, ori=null, opacity=1, depth=null, clipMask=null, boundingBox={"x":-0.4930390016007795,"y":-0.1987750556792873,"~, text=Congrats! You win!

Please type the letter “y” if ~, alignHoriz=center, alignVert=center, flipHoriz=null, flipVert=null, font=Arial, height=0.05, wrapWidth=1, bold=null, italic=null, color=#FFFFFF, contrast=1 )
9.12445999996271	EXP	instText: units = height
9.12445999996271	EXP	instText: pos = [0,0]
9.12445999996271	EXP	instText: size = undefined
9.12445999996271	EXP	instText: ori = null
9.12445999996271	EXP	instText: opacity = 1
9.12445999996271	EXP	instText: depth = null
9.12445999996271	EXP	instText: clipMask = null
9.12445999996271	EXP	instText: boundingBox = {"x":0,"y":0,"width":0,"height":0,"type":1}
9.12445999996271	EXP	instText: text = In this game you will be asked to guess a random number from 1 to 100,000 (inclusive). 

Each time you guess, you will receive a hint. That hint will either tell you that your guess was too high or too low. You can use that feedback in your next turn. 

Please note that you must use the number row to type in guesses (not the number pad)! 

Press the space bar to continue...
9.12445999996271	EXP	instText: alignHoriz = center
9.12445999996271	EXP	instText: alignVert = center
9.12445999996271	EXP	instText: flipHoriz = null
9.12445999996271	EXP	instText: flipVert = null
9.12445999996271	EXP	instText: font = Arial
9.12445999996271	EXP	instText: height = 0.05
9.12445999996271	EXP	instText: wrapWidth = 1
9.12445999996271	EXP	instText: bold = null
9.12445999996271	EXP	instText: italic = null
9.12445999996271	EXP	instText: color = #FFFFFF
9.12445999996271	EXP	instText: contrast = 1
9.12445999996271	EXP	text_2: units = height
9.12445999996271	EXP	text_2: pos = [0,0]
9.12445999996271	EXP	text_2: size = undefined
9.12445999996271	EXP	text_2: ori = null
9.12445999996271	EXP	text_2: opacity = 1
9.12445999996271	EXP	text_2: depth = null
9.12445999996271	EXP	text_2: clipMask = null
9.12445999996271	EXP	text_2: boundingBox = {"x":0,"y":0,"width":0,"height":0,"type":1}
9.12445999996271	EXP	text_2: text = Type in your guess and press “enter” in order to submit that guess.

Your final score will be based on a combination of: 1) total time you took to submit each guess, and 2) the number of guesses it took for you to finally get the correct number. 

Press the space bar to start the game…

9.12445999996271	EXP	text_2: alignHoriz = center
9.12445999996271	EXP	text_2: alignVert = center
9.12445999996271	EXP	text_2: flipHoriz = null
9.12445999996271	EXP	text_2: flipVert = null
9.12445999996271	EXP	text_2: font = Arial
9.12445999996271	EXP	text_2: height = 0.05
9.12445999996271	EXP	text_2: wrapWidth = 1
9.12445999996271	EXP	text_2: bold = null
9.12445999996271	EXP	text_2: italic = null
9.12445999996271	EXP	text_2: color = #FFFFFF
9.12445999996271	EXP	text_2: contrast = 1
9.12445999996271	EXP	instr: units = height
9.12445999996271	EXP	instr: pos = [-0.2,0.2]
9.12445999996271	EXP	instr: size = undefined
9.12445999996271	EXP	instr: ori = null
9.12445999996271	EXP	instr: opacity = 1
9.12445999996271	EXP	instr: depth = null
9.12445999996271	EXP	instr: clipMask = null
9.12445999996271	EXP	instr: boundingBox = {"x":0,"y":0,"width":0,"height":0,"type":1}
9.12445999996271	EXP	instr: text = Type your guess below and press “enter” 
9.12445999996271	EXP	instr: alignHoriz = center
9.12445999996271	EXP	instr: alignVert = center
9.12445999996271	EXP	instr: flipHoriz = null
9.12445999996271	EXP	instr: flipVert = null
9.12445999996271	EXP	instr: font = Arial
9.12445999996271	EXP	instr: height = 0.05
9.12445999996271	EXP	instr: wrapWidth = 1
9.12445999996271	EXP	instr: bold = null
9.12445999996271	EXP	instr: italic = null
9.12445999996271	EXP	instr: color = #FFFFFF
9.12445999996271	EXP	instr: contrast = 1
9.12445999996271	EXP	text: units = height
9.12445999996271	EXP	text: pos = [0,0]
9.12445999996271	EXP	text: size = undefined
9.12445999996271	EXP	text: ori = null
9.12445999996271	EXP	text: opacity = 1
9.12445999996271	EXP	text: depth = -1
9.12445999996271	EXP	text: clipMask = null
9.12445999996271	EXP	text: boundingBox = {"x":0,"y":0,"width":0,"height":0,"type":1}
9.12445999996271	EXP	text: text = null
9.12445999996271	EXP	text: alignHoriz = center
9.12445999996271	EXP	text: alignVert = center
9.12445999996271	EXP	text: flipHoriz = null
9.12445999996271	EXP	text: flipVert = null
9.12445999996271	EXP	text: font = Arial
9.12445999996271	EXP	text: height = 0.1
9.12445999996271	EXP	text: wrapWidth = 1
9.12445999996271	EXP	text: bold = null
9.12445999996271	EXP	text: italic = null
9.12445999996271	EXP	text: color = #FFFFFF
9.12445999996271	EXP	text: contrast = 1
9.12445999996271	EXP	feedback: units = height
9.12445999996271	EXP	feedback: pos = [0,0.1]
9.12445999996271	EXP	feedback: size = undefined
9.12445999996271	EXP	feedback: ori = null
9.12445999996271	EXP	feedback: opacity = 1
9.12445999996271	EXP	feedback: depth = -2
9.12445999996271	EXP	feedback: clipMask = null
9.12445999996271	EXP	feedback: boundingBox = {"x":0,"y":0,"width":0,"height":0,"type":1}
9.12445999996271	EXP	feedback: text = null
9.12445999996271	EXP	feedback: alignHoriz = center
9.12445999996271	EXP	feedback: alignVert = center
9.12445999996271	EXP	feedback: flipHoriz = null
9.12445999996271	EXP	feedback: flipVert = null
9.12445999996271	EXP	feedback: font = Arial
9.12445999996271	EXP	feedback: height = 0.1
9.12445999996271	EXP	feedback: wrapWidth = 1
9.12445999996271	EXP	feedback: bold = null
9.12445999996271	EXP	feedback: italic = null
9.12445999996271	EXP	feedback: color = #FFFFFF
9.12445999996271	EXP	feedback: contrast = 1
9.12445999996271	EXP	game_over_text: units = height
9.12445999996271	EXP	game_over_text: pos = [0,0]
9.12445999996271	EXP	game_over_text: size = undefined
9.12445999996271	EXP	game_over_text: ori = null
9.12445999996271	EXP	game_over_text: opacity = 1
9.12445999996271	EXP	game_over_text: depth = null
9.12445999996271	EXP	game_over_text: clipMask = null
9.12445999996271	EXP	game_over_text: boundingBox = {"x":0,"y":0,"width":0,"height":0,"type":1}
9.12445999996271	EXP	game_over_text: text = Congrats! You win!

Please type the letter “y” if you are familiar with binary or bisection search. 
Type the letter “n” if you have never heard of or do not know what binary or bisection search is.
9.12445999996271	EXP	game_over_text: alignHoriz = center
9.12445999996271	EXP	game_over_text: alignVert = center
9.12445999996271	EXP	game_over_text: flipHoriz = null
9.12445999996271	EXP	game_over_text: flipVert = null
9.12445999996271	EXP	game_over_text: font = Arial
9.12445999996271	EXP	game_over_text: height = 0.05
9.12445999996271	EXP	game_over_text: wrapWidth = 1
9.12445999996271	EXP	game_over_text: bold = null
9.12445999996271	EXP	game_over_text: italic = null
9.12445999996271	EXP	game_over_text: color = #FFFFFF
9.12445999996271	EXP	game_over_text: contrast = 1
9.12445999996271	EXP	instText: autoDraw = true
11.436815000022762	DATA	Keydown:  
11.453125	EXP	instText: autoDraw = null
11.453125	EXP	text_2: autoDraw = true
13.852774999919347	DATA	Keydown:  
13.872104999958538	EXP	text_2: autoDraw = null
13.872104999958538	EXP	text: text = null
13.872104999958538	EXP	instr: autoDraw = true
13.872104999958538	EXP	text: autoDraw = true
13.872104999958538	EXP	feedback: autoDraw = true
16.594105000025593	DATA	Keydown: 5
16.610920000006445	EXP	text: text = 5
16.777974999975413	DATA	Keydown: 0
16.795414999942295	EXP	text: text = 50
19.379710000008345	DATA	Keydown: 0
19.394250000012107	EXP	text: text = 500
19.652974999975413	DATA	Keydown: 0
19.660819999990053	EXP	text: text = 5000
19.931689999997616	DATA	Keydown: 0
19.94640499993693	EXP	text: text = 50000
20.193815000005998	DATA	Keydown: Enter
20.21524499997031	EXP	feedback: text = Too low!
20.21524499997031	EXP	text: text = null
22.04480999999214	DATA	Keydown: 2
22.06051999994088	EXP	text: text = 2
22.177550000022165	DATA	Keydown: 5
22.196289999992587	EXP	text: text = 25
22.379519999958575	DATA	Keydown: 0
22.395194999990053	EXP	text: text = 250
23.01323499996215	DATA	Keydown: Backspace
23.02705999999307	EXP	text: text = 25
23.700205000001006	DATA	Keydown: ,
24.795930000022054	DATA	Keydown: ,
25.513629999943078	DATA	Keydown: 9
25.529374999925494	EXP	text: text = 259
26.11557499994524	DATA	Keydown: Backspace
26.12797499995213	EXP	text: text = 25
27.019525000010617	DATA	Keydown: 0
27.027014999999665	EXP	text: text = 250
28.116019999957643	DATA	Keydown: 0
28.129444999969564	EXP	text: text = 2500
28.379169999971054	DATA	Keydown: 0
28.39386499999091	EXP	text: text = 25000
28.579964999924414	DATA	Keydown: Enter
28.595785000012256	EXP	feedback: text = Too low!
28.595785000012256	EXP	text: text = null
29.997104999958538	DATA	Keydown: 1
30.01266999996733	EXP	text: text = 1
30.230089999968186	DATA	Keydown: 2
30.24449499999173	EXP	text: text = 12
30.595904999994673	DATA	Keydown: 5
30.61048999999184	EXP	text: text = 125
30.96082999999635	DATA	Keydown: 0
30.978409999981523	EXP	text: text = 1250
32.928160000010394	DATA	Keydown: Backspace
32.94686000002548	EXP	text: text = 125
33.06926499994006	DATA	Keydown: Backspace
33.079194999998435	EXP	text: text = 12
33.33082999999169	DATA	Keydown: 0
33.347304999944754	EXP	text: text = 120
33.4968349999981	DATA	Keydown: 0
33.51113999995869	EXP	text: text = 1200
33.78097999992315	DATA	Keydown: 0
33.796080000000075	EXP	text: text = 12000
33.98024499998428	DATA	Keydown: Enter
33.99648500001058	EXP	feedback: text = Too low!
33.99648500001058	EXP	text: text = null
36.031004999997094	DATA	Keydown: 5
36.04414499993436	EXP	text: text = 5
36.14738999994006	DATA	Keydown: 0
36.16284999996424	EXP	text: text = 50
36.27838499995414	DATA	Keydown: 0
36.29593499994371	EXP	text: text = 500
36.55127499997616	DATA	Keydown: 0
36.56256999995094	EXP	text: text = 5000
37.14654500002507	DATA	Keydown: Enter
37.16311500000302	EXP	feedback: text = Too low!
37.16311500000302	EXP	text: text = null
50.53428000002168	DATA	Keydown: 7
50.542324999929406	EXP	text: text = 7
50.82906000001822	DATA	Keydown: 5
50.84319499996491	EXP	text: text = 75
51.077745000016876	DATA	Keydown: 0
51.096194999990985	EXP	text: text = 750
51.27720000001136	DATA	Keydown: 0
51.294779999996535	EXP	text: text = 7500
51.44427999993786	DATA	Keydown: 0
51.461009999969974	EXP	text: text = 75000
51.662200000020675	DATA	Keydown: Enter
51.67752999998629	EXP	feedback: text = Too high!
51.67752999998629	EXP	text: text = null
52.980149999959394	DATA	Keydown: 6
52.995499999960884	EXP	text: text = 6
53.12830999994185	DATA	Keydown: 0
53.14354999992065	EXP	text: text = 60
53.62935499998275	DATA	Keydown: 0
53.64565500000026	EXP	text: text = 600
53.81270999996923	DATA	Keydown: 0
53.82955000002403	EXP	text: text = 6000
54.0112149999477	DATA	Keydown: 0
54.02934999996796	EXP	text: text = 60000
54.24609000002965	DATA	Keydown: Enter
54.262514999951236	EXP	feedback: text = Too low!
54.262514999951236	EXP	text: text = null
55.732564999954775	DATA	Keydown: 6
55.74241499998607	EXP	text: text = 6
55.97754500003066	DATA	Keydown: 5
55.99607500003185	EXP	text: text = 65
56.260509999934584	DATA	Keydown: 0
56.27711999998428	EXP	text: text = 650
56.44566500000656	DATA	Keydown: 0
56.460250000003725	EXP	text: text = 6500
56.61206999991555	DATA	Keydown: 0
56.62789999996312	EXP	text: text = 65000
56.84424000000581	DATA	Keydown: Enter
56.859745000023395	EXP	feedback: text = Too low!
56.859745000023395	EXP	text: text = null
59.41346499999054	DATA	Keydown: 6
59.42535499995574	EXP	text: text = 6
60.06842000002507	DATA	Keydown: 8
60.07829999993555	EXP	text: text = 68
60.31724000000395	DATA	Keydown: 0
60.32711499999277	EXP	text: text = 680
60.51701499999035	DATA	Keydown: 0
60.52630000002682	EXP	text: text = 6800
60.69585499993991	DATA	Keydown: 0
60.71071499993559	EXP	text: text = 68000
61.013054999988526	DATA	Keydown: Enter
61.02960000000894	EXP	feedback: text = Too high!
61.02960000000894	EXP	text: text = null
62.62918499996886	DATA	Keydown: 6
62.646384999970905	EXP	text: text = 6
62.86290499998722	DATA	Keydown: 6
62.878795000026	EXP	text: text = 66
63.230355000006966	DATA	Keydown: 0
63.24476000003051	EXP	text: text = 660
63.41286499996204	DATA	Keydown: 0
63.42833000002429	EXP	text: text = 6600
63.68570999999065	DATA	Keydown: 0
63.69513999996707	EXP	text: text = 66000
63.92567499994766	DATA	Keydown: Enter
63.942169999936596	EXP	feedback: text = Too high!
63.942169999936596	EXP	text: text = null
64.67687999992631	DATA	Keydown: 6
64.69368000002578	EXP	text: text = 6
65.9780000000028	DATA	Keydown: 5
65.99525999999605	EXP	text: text = 65
66.76170499995351	DATA	Keydown: 5
66.77794499997981	EXP	text: text = 655
67.4436299999943	DATA	Keydown: 0
67.4614049999509	EXP	text: text = 6550
67.59720499999821	DATA	Keydown: 0
67.6121549999807	EXP	text: text = 65500
68.17710500000976	DATA	Keydown: Enter
68.19342499994673	EXP	feedback: text = Too low!
68.19342499994673	EXP	text: text = null
70.14577499998268	DATA	Keydown: 6
70.15946999995504	EXP	text: text = 6
70.32679500000086	DATA	Keydown: 5
70.34514999995008	EXP	text: text = 65
71.33426499995403	DATA	Keydown: 7
71.34434499999043	EXP	text: text = 657
71.57642499997746	DATA	Keydown: 5
71.59455499995966	EXP	text: text = 6575
71.71253499994054	DATA	Keydown: 0
71.72612999996636	EXP	text: text = 65750
71.87680500000715	DATA	Keydown: Enter
71.89428499992937	EXP	feedback: text = Too high!
71.89428499992937	EXP	text: text = null
72.99936000001617	DATA	Keydown: 6
73.01124000002164	EXP	text: text = 6
73.21027499996126	DATA	Keydown: 5
73.22752999991644	EXP	text: text = 65
75.21222999994643	DATA	Keydown: 6
75.22927499993239	EXP	text: text = 656
76.49243500002194	DATA	Keydown: 5
76.51038999995217	EXP	text: text = 6565
76.733174999943	DATA	Keydown: Enter
76.74407499993686	EXP	feedback: text = Too low!
76.74407499993686	EXP	text: text = null
77.77656499994919	DATA	Keydown: 6
77.79437999997754	EXP	text: text = 6
78.33192499994766	DATA	Keydown: 5
78.34366000001319	EXP	text: text = 65
78.78209999995306	DATA	Keydown: 6
78.7921249999199	EXP	text: text = 656
79.24318500002846	DATA	Keydown: 5
79.25821499992162	EXP	text: text = 6565
79.34739499993157	DATA	Keydown: 0
79.35837000003085	EXP	text: text = 65650
79.74368999991566	DATA	Keydown: Enter
79.76008499995805	EXP	feedback: text = Too low!
79.76008499995805	EXP	text: text = null
81.66358499997295	DATA	Keydown: 6
81.67721499991603	EXP	text: text = 6
81.89321499993093	DATA	Keydown: 5
81.90990500000771	EXP	text: text = 65
82.34586000000127	DATA	Keydown: 6
82.35896999994293	EXP	text: text = 656
83.06262500002049	DATA	Keydown: Backspace
83.07592500001192	EXP	text: text = 65
83.82928499998525	DATA	Keydown: 7
83.84372999996413	EXP	text: text = 657
84.46074000000954	DATA	Keydown: 0
84.47701999999117	EXP	text: text = 6570
84.79497499996796	DATA	Keydown: 0
84.81066499999724	EXP	text: text = 65700
85.14579500001855	DATA	Keydown: Enter
85.16142999997828	EXP	feedback: text = Too high!
85.16142999997828	EXP	text: text = null
86.52591999992728	DATA	Keydown: 6
86.54530999995768	EXP	text: text = 6
86.87645500001963	DATA	Keydown: 5
86.8951099999249	EXP	text: text = 65
89.67749499995261	DATA	Keydown: 6
89.69426999997813	EXP	text: text = 656
90.0921649999218	DATA	Keydown: 8
90.10995499999262	EXP	text: text = 6568
90.42811999993864	DATA	Keydown: 0
90.44244999997318	EXP	text: text = 65680
90.6281200000085	DATA	Keydown: 0
90.6440350000048	EXP	text: text = 656800
92.16605999995954	DATA	Keydown: Backspace
92.17576499993447	EXP	text: text = 65680
92.90945499995723	DATA	Keydown: Enter
92.92593499994837	EXP	feedback: text = Too high!
92.92593499994837	EXP	text: text = null
94.2770699999528	DATA	Keydown: 6
94.29223000002094	EXP	text: text = 6
94.44565499993041	DATA	Keydown: 5
94.46010999998543	EXP	text: text = 65
95.36479499994311	DATA	Keydown: 6
95.37748499994632	EXP	text: text = 656
96.11531499994453	DATA	Keydown: 7
96.12590500002261	EXP	text: text = 6567
96.24614499998279	DATA	Keydown: 0
96.26246499991976	EXP	text: text = 65670
96.74537999997847	DATA	Keydown: Enter
96.76063999999315	EXP	feedback: text = Too high!
96.76063999999315	EXP	text: text = null
97.78096000000369	DATA	Keydown: 6
97.79201999993529	EXP	text: text = 6
97.96617499995045	DATA	Keydown: 5
97.97720999992453	EXP	text: text = 65
98.61219999997411	DATA	Keydown: 6
98.62693999998737	EXP	text: text = 656
99.84519000002183	DATA	Keydown: 6
99.86182999995071	EXP	text: text = 6566
99.92544999998063	DATA	Keydown: 0
99.9430449999636	EXP	text: text = 65660
100.21106999996118	DATA	Keydown: Enter
100.22754999995232	EXP	feedback: text = Too low!
100.22754999995232	EXP	text: text = null
101.39375499996822	DATA	Keydown: 6
101.41083499998786	EXP	text: text = 6
101.78098499996122	DATA	Keydown: 5
101.79452999995556	EXP	text: text = 65
102.18167499999981	DATA	Keydown: 6
102.19212999998126	EXP	text: text = 656
104.7265699999407	DATA	Keydown: 6
104.74196000001393	EXP	text: text = 6566
105.55826999992132	DATA	Keydown: 5
105.57525999995414	EXP	text: text = 65665
106.1657450000057	DATA	Keydown: Enter
106.17651999997906	EXP	feedback: text = Too high!
106.17651999997906	EXP	text: text = null
107.05961999995634	DATA	Keydown: 6
107.07482999993954	EXP	text: text = 6
107.54340999992564	DATA	Keydown: 5
107.56050000002142	EXP	text: text = 65
108.81136499997228	DATA	Keydown: 6
108.82483499997761	EXP	text: text = 656
110.1437450000085	DATA	Keydown: 6
110.16009000001941	EXP	text: text = 6566
112.85957999993116	DATA	Keydown: 3
112.87702000001445	EXP	text: text = 65663
113.10935499996413	DATA	Keydown: Enter
113.12682000000495	EXP	feedback: text = Too low!
113.12682000000495	EXP	text: text = null
114.62747499998659	DATA	Keydown: 6
114.6433449999895	EXP	text: text = 6
114.89244500000495	DATA	Keydown: 5
114.90836000000127	EXP	text: text = 65
115.16525499999989	DATA	Keydown: 6
115.17629999993369	EXP	text: text = 656
115.54384499997832	DATA	Keydown: 6
115.56114499992691	EXP	text: text = 6566
116.6773749999702	DATA	Keydown: 4
116.69132999994326	EXP	text: text = 65664
116.82979999994859	DATA	Keydown: Enter
116.8496349999914	EXP	instr: autoDraw = null
116.8496349999914	EXP	text: autoDraw = null
116.8496349999914	EXP	feedback: autoDraw = null
116.8496349999914	EXP	text: text = null
116.8496349999914	EXP	game_over_text: autoDraw = true
119.19391499995254	DATA	Keydown: y
