0.4482 	WARNING 	We strongly recommend you activate the PTB sound engine in PsychoPy prefs as the preferred audio engine. Its timing is vastly superior. Your prefs are currently set to use ['sounddevice', 'PTB', 'pyo', 'pygame'] (in that order).
8.0898 	EXP 	Created window1 = Window(allowGUI=False, allowStencil=False, args=UNKNOWN, autoLog=True, bitsMode=UNKNOWN, blendMode='avg', bpc=(8, 8, 8), color=array([0., 0., 0.]), colorSpace='rgb', depthBits=8, fullscr=<method-wrapper '__getattribute__' of attributeSetter object at 0x109ae9a58>, gamma=None, gammaErrorPolicy='raise', kwargs=UNKNOWN, lms=UNKNOWN, monitor=<psychopy.monitors.calibTools.Monitor object at 0x109af23c8>, multiSample=False, name='window1', numSamples=2, pos=[0.0, 0.0], screen=0, size=array([1920, 1080]), stencilBits=0, stereo=False, units='height', useFBO=True, useRetina=False, viewOri=0.0, viewPos=None, viewScale=None, waitBlanking=True, winType='pyglet')
8.0901 	EXP 	window1: mouseVisible = True
8.0901 	EXP 	window1: recordFrameIntervals = False
8.2556 	EXP 	window1: recordFrameIntervals = True
8.4392 	EXP 	window1: recordFrameIntervals = False
9.1750 	EXP 	Created instText = TextStim(__class__=<class 'psychopy.visual.text.TextStim'>, alignHoriz=method-wrapper(...), alignText='center', alignVert=method-wrapper(...), anchorHoriz='center', anchorVert='center', antialias=True, autoLog=True, bold=False, color='white', colorSpace='named', contrast=1.0, depth=0.0, flipHoriz=False, flipVert=False, font='Arial', fontFiles=[], height=0.05, italic=False, languageStyle='LTR', name='instText', opacity=1.0, ori=0, pos=array([0., 0.]), rgb=array([255., 255., 255.]), text=str(...), units='height', win=Window(...), wrapWidth=1)
9.8651 	EXP 	Created text_2 = TextStim(__class__=<class 'psychopy.visual.text.TextStim'>, alignHoriz=method-wrapper(...), alignText='center', alignVert=method-wrapper(...), anchorHoriz='center', anchorVert='center', antialias=True, autoLog=True, bold=False, color='white', colorSpace='named', contrast=1.0, depth=0.0, flipHoriz=False, flipVert=False, font='Arial', fontFiles=[], height=0.05, italic=False, languageStyle='LTR', name='text_2', opacity=1.0, ori=0, pos=array([0., 0.]), rgb=array([255., 255., 255.]), text=str(...), units='height', win=Window(...), wrapWidth=1)
10.5370 	EXP 	Created instr = TextStim(__class__=<class 'psychopy.visual.text.TextStim'>, alignHoriz=method-wrapper(...), alignText='center', alignVert=method-wrapper(...), anchorHoriz='center', anchorVert='center', antialias=True, autoLog=True, bold=False, color='white', colorSpace='named', contrast=1.0, depth=0.0, flipHoriz=False, flipVert=False, font='Arial', fontFiles=[], height=0.05, italic=False, languageStyle='LTR', name='instr', opacity=1.0, ori=0, pos=array([-0.2,  0.2]), rgb=array([255., 255., 255.]), text='Type your guess below and press “enter” ', units='height', win=Window(...), wrapWidth=1)
10.5376 	EXP 	Created text = TextStim(__class__=<class 'psychopy.visual.text.TextStim'>, alignHoriz=method-wrapper(...), alignText='center', alignVert=method-wrapper(...), anchorHoriz='center', anchorVert='center', antialias=True, autoLog=True, bold=False, color='white', colorSpace='named', contrast=1.0, depth=-1.0, flipHoriz=False, flipVert=False, font='Arial', fontFiles=[], height=0.1, italic=False, languageStyle='LTR', name='text', opacity=1.0, ori=0, pos=array([0., 0.]), rgb=array([255., 255., 255.]), text='', units='height', win=Window(...), wrapWidth=1)
10.5381 	EXP 	Created feedback = TextStim(__class__=<class 'psychopy.visual.text.TextStim'>, alignHoriz=method-wrapper(...), alignText='center', alignVert=method-wrapper(...), anchorHoriz='center', anchorVert='center', antialias=True, autoLog=True, bold=False, color='white', colorSpace='named', contrast=1.0, depth=-2.0, flipHoriz=False, flipVert=False, font='Arial', fontFiles=[], height=0.1, italic=False, languageStyle='LTR', name='feedback', opacity=1.0, ori=0, pos=array([0. , 0.1]), rgb=array([255., 255., 255.]), text='', units='height', win=Window(...), wrapWidth=1)
10.5454 	EXP 	Created game_over_text = TextStim(__class__=<class 'psychopy.visual.text.TextStim'>, alignHoriz=method-wrapper(...), alignText='center', alignVert=method-wrapper(...), anchorHoriz='center', anchorVert='center', antialias=True, autoLog=True, bold=False, color='white', colorSpace='named', contrast=1.0, depth=0.0, flipHoriz=False, flipVert=False, font='Arial', fontFiles=[], height=0.1, italic=False, languageStyle='LTR', name='game_over_text', opacity=1.0, ori=0, pos=array([0., 0.]), rgb=array([255., 255., 255.]), text='Congrats! You win!', units='height', win=Window(...), wrapWidth=1)
10.5554 	EXP 	instText: autoDraw = True
11.1744 	DATA 	Keypress: return
11.1882 	EXP 	instText: autoDraw = False
11.1882 	EXP 	text_2: autoDraw = True
11.4571 	EXP 	Created sequence: random, trialTypes=1, nReps=1, seed=None
11.4574 	EXP 	New trial (rep=0, index=0): None
11.4594 	DATA 	Keypress: return
11.4725 	EXP 	text_2: autoDraw = False
11.4725 	EXP 	text: text = ''
11.4725 	EXP 	instr: autoDraw = True
11.4725 	EXP 	text: autoDraw = True
11.4725 	EXP 	feedback: autoDraw = True
11.9456 	DATA 	Keypress: 1
11.9565 	EXP 	text: text = '1'
11.9732 	DATA 	Keypress: 2
11.9882 	EXP 	text: text = '12'
12.5728 	DATA 	Keypress: backspace
12.5893 	EXP 	text: text = '1'
12.6919 	DATA 	Keypress: backspace
12.7225 	EXP 	text: text = ''
13.1584 	DATA 	Keypress: 5
13.1720 	EXP 	text: text = '5'
13.2416 	DATA 	Keypress: 0
13.2552 	EXP 	text: text = '50'
13.4081 	DATA 	Keypress: return
13.4216 	EXP 	feedback: text = 'Too low!'
13.4216 	EXP 	text: text = ''
14.8910 	DATA 	Keypress: 7
14.9054 	EXP 	text: text = '7'
15.0912 	DATA 	Keypress: 5
15.1053 	EXP 	text: text = '75'
15.1923 	DATA 	Keypress: return
15.2056 	EXP 	feedback: text = 'Too low!'
15.2056 	EXP 	text: text = ''
16.6743 	DATA 	Keypress: 8
16.6880 	EXP 	text: text = '8'
17.6579 	DATA 	Keypress: 3
17.6714 	EXP 	text: text = '83'
17.6733 	DATA 	Keypress: return
17.6889 	EXP 	feedback: text = 'Too high!'
17.6889 	EXP 	text: text = ''
19.9738 	DATA 	Keypress: 7
19.9878 	EXP 	text: text = '7'
20.1579 	DATA 	Keypress: 8
20.1719 	EXP 	text: text = '78'
20.3567 	DATA 	Keypress: return
20.3724 	EXP 	feedback: text = 'Too high!'
20.3724 	EXP 	text: text = ''
21.7905 	DATA 	Keypress: 7
21.8056 	EXP 	text: text = '7'
21.8915 	DATA 	Keypress: 6
21.9220 	EXP 	text: text = '76'
22.0069 	DATA 	Keypress: return
22.0229 	EXP 	instr: autoDraw = False
22.0229 	EXP 	text: autoDraw = False
22.0229 	EXP 	feedback: autoDraw = False
22.0229 	EXP 	game_over_text: autoDraw = True
25.0379 	EXP 	game_over_text: autoDraw = False
25.3200 	EXP 	window1: mouseVisible = True
