0.2667 	WARNING 	We strongly recommend you activate the PTB sound engine in PsychoPy prefs as the preferred audio engine. Its timing is vastly superior. Your prefs are currently set to use ['sounddevice', 'PTB', 'pyo', 'pygame'] (in that order).
6.4474 	EXP 	Created window1 = Window(allowGUI=False, allowStencil=False, args=UNKNOWN, autoLog=True, bitsMode=UNKNOWN, blendMode='avg', bpc=(8, 8, 8), color=array([0., 0., 0.]), colorSpace='rgb', depthBits=8, fullscr=<method-wrapper '__getattribute__' of attributeSetter object at 0x1107a4c88>, gamma=None, gammaErrorPolicy='raise', kwargs=UNKNOWN, lms=UNKNOWN, monitor=<psychopy.monitors.calibTools.Monitor object at 0x121314c50>, multiSample=False, name='window1', numSamples=2, pos=[0.0, 0.0], screen=0, size=array([1920, 1080]), stencilBits=0, stereo=False, units='height', useFBO=True, useRetina=False, viewOri=0.0, viewPos=None, viewScale=None, waitBlanking=True, winType='pyglet')
6.4477 	EXP 	window1: mouseVisible = True
6.4477 	EXP 	window1: recordFrameIntervals = False
6.6302 	EXP 	window1: recordFrameIntervals = True
6.8130 	EXP 	window1: recordFrameIntervals = False
7.5458 	EXP 	Created instText = TextStim(__class__=<class 'psychopy.visual.text.TextStim'>, alignHoriz=method-wrapper(...), alignText='center', alignVert=method-wrapper(...), anchorHoriz='center', anchorVert='center', antialias=True, autoLog=True, bold=False, color='white', colorSpace='named', contrast=1.0, depth=0.0, flipHoriz=False, flipVert=False, font='Arial', fontFiles=[], height=0.05, italic=False, languageStyle='LTR', name='instText', opacity=1.0, ori=0, pos=array([0., 0.]), rgb=array([255., 255., 255.]), text=str(...), units='height', win=Window(...), wrapWidth=1)
8.2179 	EXP 	Created targetInstr = TextStim(__class__=<class 'psychopy.visual.text.TextStim'>, alignHoriz=method-wrapper(...), alignText='center', alignVert=method-wrapper(...), anchorHoriz='center', anchorVert='center', antialias=True, autoLog=True, bold=False, color='white', colorSpace='named', contrast=1.0, depth=0.0, flipHoriz=False, flipVert=False, font='Arial', fontFiles=[], height=0.05, italic=False, languageStyle='LTR', name='targetInstr', opacity=1.0, ori=0, pos=array([-0.2,  0.2]), rgb=array([255., 255., 255.]), text='Target word:', units='height', win=Window(...), wrapWidth=1)
8.2224 	EXP 	Created targetText = TextStim(__class__=<class 'psychopy.visual.text.TextStim'>, alignHoriz=method-wrapper(...), alignText='center', alignVert=method-wrapper(...), anchorHoriz='center', anchorVert='center', antialias=True, autoLog=True, bold=False, color='white', colorSpace='named', contrast=1.0, depth=-1.0, flipHoriz=False, flipVert=False, font='Arial', fontFiles=[], height=0.1, italic=False, languageStyle='LTR', name='targetText', opacity=1.0, ori=0, pos=array([0., 0.]), rgb=array([255., 255., 255.]), text='default text', units='height', win=Window(...), wrapWidth=1)
8.2249 	EXP 	Created instr = TextStim(__class__=<class 'psychopy.visual.text.TextStim'>, alignHoriz=method-wrapper(...), alignText='center', alignVert=method-wrapper(...), anchorHoriz='center', anchorVert='center', antialias=True, autoLog=True, bold=False, color='white', colorSpace='named', contrast=1.0, depth=0.0, flipHoriz=False, flipVert=False, font='Arial', fontFiles=[], height=0.05, italic=False, languageStyle='LTR', name='instr', opacity=1.0, ori=0, pos=array([-0.2,  0.2]), rgb=array([255., 255., 255.]), text='Type the target word below, and press return', units='height', win=Window(...), wrapWidth=1)
8.2252 	EXP 	Created text = TextStim(__class__=<class 'psychopy.visual.text.TextStim'>, alignHoriz=method-wrapper(...), alignText='center', alignVert=method-wrapper(...), anchorHoriz='center', anchorVert='center', antialias=True, autoLog=True, bold=False, color='white', colorSpace='named', contrast=1.0, depth=-1.0, flipHoriz=False, flipVert=False, font='Arial', fontFiles=[], height=0.1, italic=False, languageStyle='LTR', name='text', opacity=1.0, ori=0, pos=array([0., 0.]), rgb=array([255., 255., 255.]), text='', units='height', win=Window(...), wrapWidth=1)
8.2410 	EXP 	instText: autoDraw = True
16.9153 	EXP 	Imported cond.xlsx as conditions, 5 conditions, 1 params
16.9156 	EXP 	Created sequence: sequential, trialTypes=5, nReps=1, seed=None
16.9159 	EXP 	New trial (rep=0, index=0): OrderedDict([('prompt', 'type')])
16.9212 	DATA 	Keypress: return
16.9291 	EXP 	instText: autoDraw = False
16.9291 	EXP 	targetText: text = 'type'
16.9291 	EXP 	targetInstr: autoDraw = True
16.9291 	EXP 	targetText: autoDraw = True
18.3202 	DATA 	Keypress: t
18.4318 	DATA 	Keypress: y
18.6492 	DATA 	Keypress: p
18.8339 	DATA 	Keypress: e
18.8959 	EXP 	targetInstr: autoDraw = False
18.8959 	EXP 	targetText: autoDraw = False
18.8959 	EXP 	text: text = ''
18.8959 	EXP 	instr: autoDraw = True
18.8959 	EXP 	text: autoDraw = True
21.4835 	DATA 	Keypress: t
21.5121 	EXP 	text: text = 't'
21.5998 	DATA 	Keypress: y
21.6119 	EXP 	text: text = 'ty'
21.7643 	DATA 	Keypress: p
21.7791 	EXP 	text: text = 'typ'
21.9317 	DATA 	Keypress: e
21.9448 	EXP 	text: text = 'type'
22.2483 	DATA 	Keypress: return
22.2497 	EXP 	New trial (rep=0, index=1): OrderedDict([('prompt', 'this')])
22.2616 	EXP 	instr: autoDraw = False
22.2616 	EXP 	text: autoDraw = False
22.2616 	EXP 	targetText: text = 'this'
22.2616 	EXP 	targetInstr: autoDraw = True
22.2616 	EXP 	targetText: autoDraw = True
23.2834 	DATA 	Keypress: t
23.3996 	DATA 	Keypress: h
23.4826 	DATA 	Keypress: i
23.5661 	DATA 	Keypress: s
24.2632 	EXP 	targetInstr: autoDraw = False
24.2632 	EXP 	targetText: autoDraw = False
24.2632 	EXP 	targetInstr: autoDraw = False
24.2632 	EXP 	targetText: autoDraw = False
24.2632 	EXP 	text: text = ''
24.2632 	EXP 	instr: autoDraw = True
24.2632 	EXP 	text: autoDraw = True
24.8471 	DATA 	Keypress: t
24.8626 	EXP 	text: text = 't'
24.9316 	DATA 	Keypress: h
24.9450 	EXP 	text: text = 'th'
25.0153 	DATA 	Keypress: i
25.0287 	EXP 	text: text = 'thi'
25.0981 	DATA 	Keypress: s
25.1130 	EXP 	text: text = 'this'
25.2474 	DATA 	Keypress: return
25.2485 	EXP 	New trial (rep=0, index=2): OrderedDict([('prompt', 'word')])
25.2617 	EXP 	instr: autoDraw = False
25.2617 	EXP 	text: autoDraw = False
25.2617 	EXP 	targetText: text = 'word'
25.2617 	EXP 	targetInstr: autoDraw = True
25.2617 	EXP 	targetText: autoDraw = True
27.2626 	EXP 	targetInstr: autoDraw = False
27.2626 	EXP 	targetText: autoDraw = False
27.2626 	EXP 	targetInstr: autoDraw = False
27.2626 	EXP 	targetText: autoDraw = False
27.2626 	EXP 	text: text = ''
27.2626 	EXP 	instr: autoDraw = True
27.2626 	EXP 	text: autoDraw = True
27.7642 	DATA 	Keypress: w
27.7786 	EXP 	text: text = 'w'
27.8476 	DATA 	Keypress: o
27.8619 	EXP 	text: text = 'wo'
27.9320 	DATA 	Keypress: r
27.9453 	EXP 	text: text = 'wor'
28.0983 	DATA 	Keypress: d
28.1119 	EXP 	text: text = 'word'
28.2325 	DATA 	Keypress: return
28.2337 	EXP 	New trial (rep=0, index=3): OrderedDict([('prompt', 'in')])
28.2457 	EXP 	instr: autoDraw = False
28.2457 	EXP 	text: autoDraw = False
28.2457 	EXP 	targetText: text = 'in'
28.2457 	EXP 	targetInstr: autoDraw = True
28.2457 	EXP 	targetText: autoDraw = True
30.2456 	EXP 	targetInstr: autoDraw = False
30.2456 	EXP 	targetText: autoDraw = False
30.2456 	EXP 	targetInstr: autoDraw = False
30.2456 	EXP 	targetText: autoDraw = False
30.2456 	EXP 	text: text = ''
30.2456 	EXP 	instr: autoDraw = True
30.2456 	EXP 	text: autoDraw = True
30.6662 	DATA 	Keypress: i
30.6793 	EXP 	text: text = 'i'
30.7978 	DATA 	Keypress: n
30.8118 	EXP 	text: text = 'in'
31.0465 	DATA 	Keypress: return
31.0473 	EXP 	New trial (rep=0, index=4): OrderedDict([('prompt', 'Titlecase')])
31.0624 	EXP 	instr: autoDraw = False
31.0624 	EXP 	text: autoDraw = False
31.0624 	EXP 	targetText: text = 'Titlecase'
31.0624 	EXP 	targetInstr: autoDraw = True
31.0624 	EXP 	targetText: autoDraw = True
33.0631 	EXP 	targetInstr: autoDraw = False
33.0631 	EXP 	targetText: autoDraw = False
33.0631 	EXP 	targetInstr: autoDraw = False
33.0631 	EXP 	targetText: autoDraw = False
33.0631 	EXP 	text: text = ''
33.0631 	EXP 	instr: autoDraw = True
33.0631 	EXP 	text: autoDraw = True
33.0794 	DATA 	Keypress: rshift
33.4306 	DATA 	Keypress: t
33.4446 	EXP 	text: text = 'T'
33.6640 	DATA 	Keypress: i
33.6778 	EXP 	text: text = 'Ti'
33.7966 	DATA 	Keypress: t
33.8131 	EXP 	text: text = 'Tit'
33.9666 	DATA 	Keypress: l
33.9789 	EXP 	text: text = 'Titl'
34.0848 	DATA 	Keypress: e
34.0952 	EXP 	text: text = 'Title'
34.4652 	DATA 	Keypress: c
34.4794 	EXP 	text: text = 'Titlec'
34.5668 	DATA 	Keypress: a
34.5785 	EXP 	text: text = 'Titleca'
34.6462 	DATA 	Keypress: s
34.6633 	EXP 	text: text = 'Titlecas'
34.7173 	DATA 	Keypress: e
34.7282 	EXP 	text: text = 'Titlecase'
34.8470 	DATA 	Keypress: return
34.8621 	EXP 	instr: autoDraw = False
34.8621 	EXP 	text: autoDraw = False
35.1319 	EXP 	window1: mouseVisible = True
