0.2516 	WARNING 	We strongly recommend you activate the PTB sound engine in PsychoPy prefs as the preferred audio engine. Its timing is vastly superior. Your prefs are currently set to use ['sounddevice', 'PTB', 'pyo', 'pygame'] (in that order).
4.2821 	EXP 	Created window1 = Window(allowGUI=False, allowStencil=False, args=UNKNOWN, autoLog=True, bitsMode=UNKNOWN, blendMode='avg', bpc=(8, 8, 8), color=array([0., 0., 0.]), colorSpace='rgb', depthBits=8, fullscr=<method-wrapper '__getattribute__' of attributeSetter object at 0x110eeeba8>, gamma=None, gammaErrorPolicy='raise', kwargs=UNKNOWN, lms=UNKNOWN, monitor=<psychopy.monitors.calibTools.Monitor object at 0x150a48ef0>, multiSample=False, name='window1', numSamples=2, pos=[0.0, 0.0], screen=0, size=array([1920, 1080]), stencilBits=0, stereo=False, units='height', useFBO=True, useRetina=False, viewOri=0.0, viewPos=None, viewScale=None, waitBlanking=True, winType='pyglet')
4.2824 	EXP 	window1: mouseVisible = True
4.2824 	EXP 	window1: recordFrameIntervals = False
4.4799 	EXP 	window1: recordFrameIntervals = True
4.6633 	EXP 	window1: recordFrameIntervals = False
4.7703 	EXP 	Created instText = TextStim(__class__=<class 'psychopy.visual.text.TextStim'>, alignHoriz=method-wrapper(...), alignText='center', alignVert=method-wrapper(...), anchorHoriz='center', anchorVert='center', antialias=True, autoLog=True, bold=False, color='white', colorSpace='named', contrast=1.0, depth=0.0, flipHoriz=False, flipVert=False, font='Arial', fontFiles=[], height=0.05, italic=False, languageStyle='LTR', name='instText', opacity=1.0, ori=0, pos=array([0., 0.]), rgb=array([255., 255., 255.]), text=str(...), units='height', win=Window(...), wrapWidth=1)
4.8123 	EXP 	Created text_2 = TextStim(__class__=<class 'psychopy.visual.text.TextStim'>, alignHoriz=method-wrapper(...), alignText='center', alignVert=method-wrapper(...), anchorHoriz='center', anchorVert='center', antialias=True, autoLog=True, bold=False, color='white', colorSpace='named', contrast=1.0, depth=0.0, flipHoriz=False, flipVert=False, font='Arial', fontFiles=[], height=0.05, italic=False, languageStyle='LTR', name='text_2', opacity=1.0, ori=0, pos=array([0., 0.]), rgb=array([255., 255., 255.]), text=str(...), units='height', win=Window(...), wrapWidth=1)
4.8431 	EXP 	Created instr = TextStim(__class__=<class 'psychopy.visual.text.TextStim'>, alignHoriz=method-wrapper(...), alignText='center', alignVert=method-wrapper(...), anchorHoriz='center', anchorVert='center', antialias=True, autoLog=True, bold=False, color='white', colorSpace='named', contrast=1.0, depth=0.0, flipHoriz=False, flipVert=False, font='Arial', fontFiles=[], height=0.05, italic=False, languageStyle='LTR', name='instr', opacity=1.0, ori=0, pos=array([-0.2,  0.2]), rgb=array([255., 255., 255.]), text='Type your guess below and press “enter” ', units='height', win=Window(...), wrapWidth=1)
4.8437 	EXP 	Created text = TextStim(__class__=<class 'psychopy.visual.text.TextStim'>, alignHoriz=method-wrapper(...), alignText='center', alignVert=method-wrapper(...), anchorHoriz='center', anchorVert='center', antialias=True, autoLog=True, bold=False, color='white', colorSpace='named', contrast=1.0, depth=-1.0, flipHoriz=False, flipVert=False, font='Arial', fontFiles=[], height=0.1, italic=False, languageStyle='LTR', name='text', opacity=1.0, ori=0, pos=array([0., 0.]), rgb=array([255., 255., 255.]), text='', units='height', win=Window(...), wrapWidth=1)
4.8442 	EXP 	Created feedback = TextStim(__class__=<class 'psychopy.visual.text.TextStim'>, alignHoriz=method-wrapper(...), alignText='center', alignVert=method-wrapper(...), anchorHoriz='center', anchorVert='center', antialias=True, autoLog=True, bold=False, color='white', colorSpace='named', contrast=1.0, depth=-2.0, flipHoriz=False, flipVert=False, font='Arial', fontFiles=[], height=0.1, italic=False, languageStyle='LTR', name='feedback', opacity=1.0, ori=0, pos=array([0. , 0.1]), rgb=array([255., 255., 255.]), text='', units='height', win=Window(...), wrapWidth=1)
4.8523 	EXP 	Created game_over_text = TextStim(__class__=<class 'psychopy.visual.text.TextStim'>, alignHoriz=method-wrapper(...), alignText='center', alignVert=method-wrapper(...), anchorHoriz='center', anchorVert='center', antialias=True, autoLog=True, bold=False, color='white', colorSpace='named', contrast=1.0, depth=0.0, flipHoriz=False, flipVert=False, font='Arial', fontFiles=[], height=0.05, italic=False, languageStyle='LTR', name='game_over_text', opacity=1.0, ori=0, pos=array([0., 0.]), rgb=array([255., 255., 255.]), text=str(...), units='height', win=Window(...), wrapWidth=1)
4.8968 	EXP 	instText: autoDraw = True
19.9518 	DATA 	Keypress: return
19.9638 	EXP 	instText: autoDraw = False
19.9638 	EXP 	text_2: autoDraw = True
21.0638 	EXP 	Created sequence: random, trialTypes=1, nReps=1, seed=None
21.0641 	EXP 	New trial (rep=0, index=0): None
21.0658 	DATA 	Keypress: return
21.0797 	EXP 	text_2: autoDraw = False
21.0797 	EXP 	text: text = ''
21.0797 	EXP 	instr: autoDraw = True
21.0797 	EXP 	text: autoDraw = True
21.0797 	EXP 	feedback: autoDraw = True
22.8537 	DATA 	Keypress: 5
22.8634 	EXP 	text: text = '5'
22.9478 	DATA 	Keypress: 0
22.9632 	EXP 	text: text = '50'
23.2338 	DATA 	Keypress: return
23.2499 	EXP 	feedback: text = 'Too high!'
23.2499 	EXP 	text: text = ''
24.3988 	DATA 	Keypress: 2
24.4122 	EXP 	text: text = '2'
24.5321 	DATA 	Keypress: 5
24.5454 	EXP 	text: text = '25'
24.6009 	DATA 	Keypress: return
24.6295 	EXP 	feedback: text = 'Too high!'
24.6295 	EXP 	text: text = ''
26.0658 	DATA 	Keypress: 1
26.0802 	EXP 	text: text = '1'
26.6664 	DATA 	Keypress: 2
26.6789 	EXP 	text: text = '12'
26.7491 	DATA 	Keypress: return
26.7630 	EXP 	feedback: text = 'Too high!'
26.7630 	EXP 	text: text = ''
28.7146 	DATA 	Keypress: 6
28.7304 	EXP 	text: text = '6'
28.7645 	DATA 	Keypress: return
28.7813 	EXP 	feedback: text = 'Too high!'
28.7813 	EXP 	text: text = ''
30.2015 	DATA 	Keypress: 3
30.2304 	EXP 	text: text = '3'
30.2813 	DATA 	Keypress: return
30.2959 	EXP 	feedback: text = 'Too low!'
30.2959 	EXP 	text: text = ''
31.6492 	DATA 	Keypress: 5
31.6623 	EXP 	text: text = '5'
31.6976 	DATA 	Keypress: return
31.7125 	EXP 	feedback: text = 'Too high!'
31.7125 	EXP 	text: text = ''
32.2985 	DATA 	Keypress: 4
32.3134 	EXP 	text: text = '4'
32.3650 	DATA 	Keypress: return
32.3792 	EXP 	instr: autoDraw = False
32.3792 	EXP 	text: autoDraw = False
32.3792 	EXP 	feedback: autoDraw = False
32.3792 	EXP 	game_over_text: autoDraw = True
49.1164 	DATA 	Keypress: n
49.1290 	EXP 	game_over_text: autoDraw = False
49.4040 	EXP 	window1: mouseVisible = True
