0.2709 	WARNING 	We strongly recommend you activate the PTB sound engine in PsychoPy prefs as the preferred audio engine. Its timing is vastly superior. Your prefs are currently set to use ['sounddevice', 'PTB', 'pyo', 'pygame'] (in that order).
4.1468 	EXP 	Created window1 = Window(allowGUI=False, allowStencil=False, args=UNKNOWN, autoLog=True, bitsMode=UNKNOWN, blendMode='avg', bpc=(8, 8, 8), color=array([0., 0., 0.]), colorSpace='rgb', depthBits=8, fullscr=<method-wrapper '__getattribute__' of attributeSetter object at 0x1089e6c18>, gamma=None, gammaErrorPolicy='raise', kwargs=UNKNOWN, lms=UNKNOWN, monitor=<psychopy.monitors.calibTools.Monitor object at 0x1088e8f98>, multiSample=False, name='window1', numSamples=2, pos=[0.0, 0.0], screen=0, size=array([1920, 1080]), stencilBits=0, stereo=False, units='height', useFBO=True, useRetina=False, viewOri=0.0, viewPos=None, viewScale=None, waitBlanking=True, winType='pyglet')
4.1471 	EXP 	window1: mouseVisible = True
4.1471 	EXP 	window1: recordFrameIntervals = False
4.3292 	EXP 	window1: recordFrameIntervals = True
4.5133 	EXP 	window1: recordFrameIntervals = False
4.6225 	EXP 	Created instText = TextStim(__class__=<class 'psychopy.visual.text.TextStim'>, alignHoriz=method-wrapper(...), alignText='center', alignVert=method-wrapper(...), anchorHoriz='center', anchorVert='center', antialias=True, autoLog=True, bold=False, color='white', colorSpace='named', contrast=1.0, depth=0.0, flipHoriz=False, flipVert=False, font='Arial', fontFiles=[], height=0.05, italic=False, languageStyle='LTR', name='instText', opacity=1.0, ori=0, pos=array([0., 0.]), rgb=array([255., 255., 255.]), text=str(...), units='height', win=Window(...), wrapWidth=1)
4.6641 	EXP 	Created text_2 = TextStim(__class__=<class 'psychopy.visual.text.TextStim'>, alignHoriz=method-wrapper(...), alignText='center', alignVert=method-wrapper(...), anchorHoriz='center', anchorVert='center', antialias=True, autoLog=True, bold=False, color='white', colorSpace='named', contrast=1.0, depth=0.0, flipHoriz=False, flipVert=False, font='Arial', fontFiles=[], height=0.05, italic=False, languageStyle='LTR', name='text_2', opacity=1.0, ori=0, pos=array([0., 0.]), rgb=array([255., 255., 255.]), text=str(...), units='height', win=Window(...), wrapWidth=1)
4.6941 	EXP 	Created instr = TextStim(__class__=<class 'psychopy.visual.text.TextStim'>, alignHoriz=method-wrapper(...), alignText='center', alignVert=method-wrapper(...), anchorHoriz='center', anchorVert='center', antialias=True, autoLog=True, bold=False, color='white', colorSpace='named', contrast=1.0, depth=0.0, flipHoriz=False, flipVert=False, font='Arial', fontFiles=[], height=0.05, italic=False, languageStyle='LTR', name='instr', opacity=1.0, ori=0, pos=array([-0.2,  0.2]), rgb=array([255., 255., 255.]), text='Type your guess below and press “enter” ', units='height', win=Window(...), wrapWidth=1)
4.6947 	EXP 	Created text = TextStim(__class__=<class 'psychopy.visual.text.TextStim'>, alignHoriz=method-wrapper(...), alignText='center', alignVert=method-wrapper(...), anchorHoriz='center', anchorVert='center', antialias=True, autoLog=True, bold=False, color='white', colorSpace='named', contrast=1.0, depth=-1.0, flipHoriz=False, flipVert=False, font='Arial', fontFiles=[], height=0.1, italic=False, languageStyle='LTR', name='text', opacity=1.0, ori=0, pos=array([0., 0.]), rgb=array([255., 255., 255.]), text='', units='height', win=Window(...), wrapWidth=1)
4.6951 	EXP 	Created feedback = TextStim(__class__=<class 'psychopy.visual.text.TextStim'>, alignHoriz=method-wrapper(...), alignText='center', alignVert=method-wrapper(...), anchorHoriz='center', anchorVert='center', antialias=True, autoLog=True, bold=False, color='white', colorSpace='named', contrast=1.0, depth=-2.0, flipHoriz=False, flipVert=False, font='Arial', fontFiles=[], height=0.1, italic=False, languageStyle='LTR', name='feedback', opacity=1.0, ori=0, pos=array([0. , 0.1]), rgb=array([255., 255., 255.]), text='', units='height', win=Window(...), wrapWidth=1)
4.7035 	EXP 	Created game_over_text = TextStim(__class__=<class 'psychopy.visual.text.TextStim'>, alignHoriz=method-wrapper(...), alignText='center', alignVert=method-wrapper(...), anchorHoriz='center', anchorVert='center', antialias=True, autoLog=True, bold=False, color='white', colorSpace='named', contrast=1.0, depth=0.0, flipHoriz=False, flipVert=False, font='Arial', fontFiles=[], height=0.05, italic=False, languageStyle='LTR', name='game_over_text', opacity=1.0, ori=0, pos=array([0., 0.]), rgb=array([255., 255., 255.]), text=str(...), units='height', win=Window(...), wrapWidth=1)
4.7461 	EXP 	instText: autoDraw = True
5.5813 	DATA 	Keypress: return
6.0323 	DATA 	Keypress: return
6.4521 	DATA 	Keypress: space
6.4625 	EXP 	instText: autoDraw = False
6.4625 	EXP 	text_2: autoDraw = True
10.2808 	EXP 	Created sequence: random, trialTypes=1, nReps=1, seed=None
10.2811 	EXP 	New trial (rep=0, index=0): None
10.2834 	DATA 	Keypress: space
10.2960 	EXP 	text_2: autoDraw = False
10.2960 	EXP 	text: text = ''
10.2960 	EXP 	instr: autoDraw = True
10.2960 	EXP 	text: autoDraw = True
10.2960 	EXP 	feedback: autoDraw = True
29.2467 	DATA 	Keypress: 0
29.2488 	DATA 	Keypress: minus
29.2503 	DATA 	Keypress: 9
29.2611 	EXP 	text: text = '0'
35.4144 	DATA 	Keypress: l
35.4282 	EXP 	text: text = '0l'
35.4809 	DATA 	Keypress: semicolon
35.4952 	EXP 	text: text = '0lsemicolon'
42.9818 	DATA 	Keypress: backspace
42.9950 	EXP 	text: text = '0lsemicolo'
43.1293 	DATA 	Keypress: backspace
43.1446 	EXP 	text: text = '0lsemicol'
43.3145 	DATA 	Keypress: backspace
43.3282 	EXP 	text: text = '0lsemico'
43.4470 	DATA 	Keypress: backspace
43.4622 	EXP 	text: text = '0lsemic'
43.5484 	DATA 	Keypress: backspace
43.5628 	EXP 	text: text = '0lsemi'
43.6824 	DATA 	Keypress: backspace
43.7122 	EXP 	text: text = '0lsem'
43.7966 	DATA 	Keypress: backspace
43.8121 	EXP 	text: text = '0lse'
43.8986 	DATA 	Keypress: backspace
43.9285 	EXP 	text: text = '0ls'
44.0317 	DATA 	Keypress: backspace
44.0455 	EXP 	text: text = '0l'
44.4628 	DATA 	Keypress: backspace
44.4787 	EXP 	text: text = '0'
44.8295 	DATA 	Keypress: backspace
44.8465 	EXP 	text: text = ''
46.4811 	DATA 	Keypress: apostrophe
46.4954 	EXP 	text: text = 'apostrophe'
48.0501 	DATA 	Keypress: escape
48.0787 	EXP 	text: text = 'apostropheescape'
48.4522 	EXP 	window1: mouseVisible = True
