0.5602 	WARNING 	We strongly recommend you activate the PTB sound engine in PsychoPy prefs as the preferred audio engine. Its timing is vastly superior. Your prefs are currently set to use ['sounddevice', 'PTB', 'pyo', 'pygame'] (in that order).
8.0684 	EXP 	Created window1 = Window(allowGUI=False, allowStencil=False, args=UNKNOWN, autoLog=True, bitsMode=UNKNOWN, blendMode='avg', bpc=(8, 8, 8), color=array([0., 0., 0.]), colorSpace='rgb', depthBits=8, fullscr=<method-wrapper '__getattribute__' of attributeSetter object at 0x109b66ba8>, gamma=None, gammaErrorPolicy='raise', kwargs=UNKNOWN, lms=UNKNOWN, monitor=<psychopy.monitors.calibTools.Monitor object at 0x1099e9ef0>, multiSample=False, name='window1', numSamples=2, pos=[0.0, 0.0], screen=0, size=array([1920, 1080]), stencilBits=0, stereo=False, units='height', useFBO=True, useRetina=False, viewOri=0.0, viewPos=None, viewScale=None, waitBlanking=True, winType='pyglet')
8.0686 	EXP 	window1: mouseVisible = True
8.0687 	EXP 	window1: recordFrameIntervals = False
8.2684 	EXP 	window1: recordFrameIntervals = True
8.4514 	EXP 	window1: recordFrameIntervals = False
8.6103 	EXP 	Created instText = TextStim(__class__=<class 'psychopy.visual.text.TextStim'>, alignHoriz=method-wrapper(...), alignText='center', alignVert=method-wrapper(...), anchorHoriz='center', anchorVert='center', antialias=True, autoLog=True, bold=False, color='white', colorSpace='named', contrast=1.0, depth=0.0, flipHoriz=False, flipVert=False, font='Arial', fontFiles=[], height=0.05, italic=False, languageStyle='LTR', name='instText', opacity=1.0, ori=0, pos=array([0., 0.]), rgb=array([255., 255., 255.]), text=str(...), units='height', win=Window(...), wrapWidth=1)
8.6575 	EXP 	Created text_2 = TextStim(__class__=<class 'psychopy.visual.text.TextStim'>, alignHoriz=method-wrapper(...), alignText='center', alignVert=method-wrapper(...), anchorHoriz='center', anchorVert='center', antialias=True, autoLog=True, bold=False, color='white', colorSpace='named', contrast=1.0, depth=0.0, flipHoriz=False, flipVert=False, font='Arial', fontFiles=[], height=0.05, italic=False, languageStyle='LTR', name='text_2', opacity=1.0, ori=0, pos=array([0., 0.]), rgb=array([255., 255., 255.]), text=str(...), units='height', win=Window(...), wrapWidth=1)
8.6887 	EXP 	Created instr = TextStim(__class__=<class 'psychopy.visual.text.TextStim'>, alignHoriz=method-wrapper(...), alignText='center', alignVert=method-wrapper(...), anchorHoriz='center', anchorVert='center', antialias=True, autoLog=True, bold=False, color='white', colorSpace='named', contrast=1.0, depth=0.0, flipHoriz=False, flipVert=False, font='Arial', fontFiles=[], height=0.05, italic=False, languageStyle='LTR', name='instr', opacity=1.0, ori=0, pos=array([-0.2,  0.2]), rgb=array([255., 255., 255.]), text='Type your guess below and press “enter” ', units='height', win=Window(...), wrapWidth=1)
8.6893 	EXP 	Created text = TextStim(__class__=<class 'psychopy.visual.text.TextStim'>, alignHoriz=method-wrapper(...), alignText='center', alignVert=method-wrapper(...), anchorHoriz='center', anchorVert='center', antialias=True, autoLog=True, bold=False, color='white', colorSpace='named', contrast=1.0, depth=-1.0, flipHoriz=False, flipVert=False, font='Arial', fontFiles=[], height=0.1, italic=False, languageStyle='LTR', name='text', opacity=1.0, ori=0, pos=array([0., 0.]), rgb=array([255., 255., 255.]), text='', units='height', win=Window(...), wrapWidth=1)
8.6898 	EXP 	Created feedback = TextStim(__class__=<class 'psychopy.visual.text.TextStim'>, alignHoriz=method-wrapper(...), alignText='center', alignVert=method-wrapper(...), anchorHoriz='center', anchorVert='center', antialias=True, autoLog=True, bold=False, color='white', colorSpace='named', contrast=1.0, depth=-2.0, flipHoriz=False, flipVert=False, font='Arial', fontFiles=[], height=0.1, italic=False, languageStyle='LTR', name='feedback', opacity=1.0, ori=0, pos=array([0. , 0.1]), rgb=array([255., 255., 255.]), text='', units='height', win=Window(...), wrapWidth=1)
8.7122 	EXP 	Created game_over_text = TextStim(__class__=<class 'psychopy.visual.text.TextStim'>, alignHoriz=method-wrapper(...), alignText='center', alignVert=method-wrapper(...), anchorHoriz='center', anchorVert='center', antialias=True, autoLog=True, bold=False, color='white', colorSpace='named', contrast=1.0, depth=0.0, flipHoriz=False, flipVert=False, font='Arial', fontFiles=[], height=0.1, italic=False, languageStyle='LTR', name='game_over_text', opacity=1.0, ori=0, pos=array([0., 0.]), rgb=array([255., 255., 255.]), text=str(...), units='height', win=Window(...), wrapWidth=1)
8.7513 	EXP 	instText: autoDraw = True
10.3710 	DATA 	Keypress: return
10.3845 	EXP 	instText: autoDraw = False
10.3845 	EXP 	text_2: autoDraw = True
11.1199 	EXP 	Created sequence: random, trialTypes=1, nReps=1, seed=None
11.1203 	EXP 	New trial (rep=0, index=0): None
11.1222 	DATA 	Keypress: return
11.1343 	EXP 	text_2: autoDraw = False
11.1343 	EXP 	text: text = ''
11.1343 	EXP 	instr: autoDraw = True
11.1343 	EXP 	text: autoDraw = True
11.1343 	EXP 	feedback: autoDraw = True
13.4593 	DATA 	Keypress: 5
13.4681 	EXP 	text: text = '5'
13.9039 	DATA 	Keypress: 0
13.9173 	EXP 	text: text = '50'
14.1033 	DATA 	Keypress: return
14.1175 	EXP 	feedback: text = 'Too low!'
14.1175 	EXP 	text: text = ''
15.2707 	DATA 	Keypress: 7
15.2848 	EXP 	text: text = '7'
15.5875 	DATA 	Keypress: 5
15.6013 	EXP 	text: text = '75'
15.6529 	DATA 	Keypress: return
15.6675 	EXP 	feedback: text = 'Too high!'
15.6675 	EXP 	text: text = ''
17.1361 	DATA 	Keypress: 6
17.1507 	EXP 	text: text = '6'
17.5370 	DATA 	Keypress: 3
17.5501 	EXP 	text: text = '63'
17.6189 	DATA 	Keypress: return
17.6343 	EXP 	feedback: text = 'Too low!'
17.6343 	EXP 	text: text = ''
20.6387 	DATA 	Keypress: 7
20.6671 	EXP 	text: text = '7'
20.7531 	DATA 	Keypress: 0
20.7667 	EXP 	text: text = '70'
20.9187 	DATA 	Keypress: return
20.9351 	EXP 	feedback: text = 'Too low!'
20.9351 	EXP 	text: text = ''
22.2039 	DATA 	Keypress: 7
22.2168 	EXP 	text: text = '7'
22.8198 	DATA 	Keypress: 3
22.8338 	EXP 	text: text = '73'
22.8690 	DATA 	Keypress: return
22.8854 	EXP 	feedback: text = 'Too low!'
22.8854 	EXP 	text: text = ''
23.8352 	DATA 	Keypress: 7
23.8503 	EXP 	text: text = '7'
24.3034 	DATA 	Keypress: 4
24.3167 	EXP 	text: text = '74'
24.4055 	DATA 	Keypress: return
24.4342 	EXP 	instr: autoDraw = False
24.4342 	EXP 	text: autoDraw = False
24.4342 	EXP 	feedback: autoDraw = False
24.4342 	EXP 	game_over_text: autoDraw = True
34.0750 	DATA 	Keypress: n
34.0834 	EXP 	game_over_text: autoDraw = False
34.3612 	EXP 	window1: mouseVisible = True
