0.2829 	WARNING 	We strongly recommend you activate the PTB sound engine in PsychoPy prefs as the preferred audio engine. Its timing is vastly superior. Your prefs are currently set to use ['sounddevice', 'PTB', 'pyo', 'pygame'] (in that order).
5.1686 	EXP 	Created window1 = Window(allowGUI=False, allowStencil=False, args=UNKNOWN, autoLog=True, bitsMode=UNKNOWN, blendMode='avg', bpc=(8, 8, 8), color=array([0., 0., 0.]), colorSpace='rgb', depthBits=8, fullscr=<method-wrapper '__getattribute__' of attributeSetter object at 0x110a56c88>, gamma=None, gammaErrorPolicy='raise', kwargs=UNKNOWN, lms=UNKNOWN, monitor=<psychopy.monitors.calibTools.Monitor object at 0x110720b38>, multiSample=False, name='window1', numSamples=2, pos=[0.0, 0.0], screen=0, size=array([1920, 1080]), stencilBits=0, stereo=False, units='height', useFBO=True, useRetina=False, viewOri=0.0, viewPos=None, viewScale=None, waitBlanking=True, winType='pyglet')
5.1689 	EXP 	window1: mouseVisible = True
5.1689 	EXP 	window1: recordFrameIntervals = False
5.3679 	EXP 	window1: recordFrameIntervals = True
5.5508 	EXP 	window1: recordFrameIntervals = False
5.6612 	EXP 	Created instText = TextStim(__class__=<class 'psychopy.visual.text.TextStim'>, alignHoriz=method-wrapper(...), alignText='center', alignVert=method-wrapper(...), anchorHoriz='center', anchorVert='center', antialias=True, autoLog=True, bold=False, color='white', colorSpace='named', contrast=1.0, depth=0.0, flipHoriz=False, flipVert=False, font='Arial', fontFiles=[], height=0.05, italic=False, languageStyle='LTR', name='instText', opacity=1.0, ori=0, pos=array([0., 0.]), rgb=array([255., 255., 255.]), text=str(...), units='height', win=Window(...), wrapWidth=1)
5.7028 	EXP 	Created text_2 = TextStim(__class__=<class 'psychopy.visual.text.TextStim'>, alignHoriz=method-wrapper(...), alignText='center', alignVert=method-wrapper(...), anchorHoriz='center', anchorVert='center', antialias=True, autoLog=True, bold=False, color='white', colorSpace='named', contrast=1.0, depth=0.0, flipHoriz=False, flipVert=False, font='Arial', fontFiles=[], height=0.05, italic=False, languageStyle='LTR', name='text_2', opacity=1.0, ori=0, pos=array([0., 0.]), rgb=array([255., 255., 255.]), text=str(...), units='height', win=Window(...), wrapWidth=1)
5.7341 	EXP 	Created instr = TextStim(__class__=<class 'psychopy.visual.text.TextStim'>, alignHoriz=method-wrapper(...), alignText='center', alignVert=method-wrapper(...), anchorHoriz='center', anchorVert='center', antialias=True, autoLog=True, bold=False, color='white', colorSpace='named', contrast=1.0, depth=0.0, flipHoriz=False, flipVert=False, font='Arial', fontFiles=[], height=0.05, italic=False, languageStyle='LTR', name='instr', opacity=1.0, ori=0, pos=array([-0.2,  0.2]), rgb=array([255., 255., 255.]), text='Type your guess below and press “enter” ', units='height', win=Window(...), wrapWidth=1)
5.7347 	EXP 	Created text = TextStim(__class__=<class 'psychopy.visual.text.TextStim'>, alignHoriz=method-wrapper(...), alignText='center', alignVert=method-wrapper(...), anchorHoriz='center', anchorVert='center', antialias=True, autoLog=True, bold=False, color='white', colorSpace='named', contrast=1.0, depth=-1.0, flipHoriz=False, flipVert=False, font='Arial', fontFiles=[], height=0.1, italic=False, languageStyle='LTR', name='text', opacity=1.0, ori=0, pos=array([0., 0.]), rgb=array([255., 255., 255.]), text='', units='height', win=Window(...), wrapWidth=1)
5.7351 	EXP 	Created feedback = TextStim(__class__=<class 'psychopy.visual.text.TextStim'>, alignHoriz=method-wrapper(...), alignText='center', alignVert=method-wrapper(...), anchorHoriz='center', anchorVert='center', antialias=True, autoLog=True, bold=False, color='white', colorSpace='named', contrast=1.0, depth=-2.0, flipHoriz=False, flipVert=False, font='Arial', fontFiles=[], height=0.1, italic=False, languageStyle='LTR', name='feedback', opacity=1.0, ori=0, pos=array([0. , 0.1]), rgb=array([255., 255., 255.]), text='', units='height', win=Window(...), wrapWidth=1)
5.7438 	EXP 	Created game_over_text = TextStim(__class__=<class 'psychopy.visual.text.TextStim'>, alignHoriz=method-wrapper(...), alignText='center', alignVert=method-wrapper(...), anchorHoriz='center', anchorVert='center', antialias=True, autoLog=True, bold=False, color='white', colorSpace='named', contrast=1.0, depth=0.0, flipHoriz=False, flipVert=False, font='Arial', fontFiles=[], height=0.05, italic=False, languageStyle='LTR', name='game_over_text', opacity=1.0, ori=0, pos=array([0., 0.]), rgb=array([255., 255., 255.]), text=str(...), units='height', win=Window(...), wrapWidth=1)
5.7837 	EXP 	instText: autoDraw = True
6.3540 	DATA 	Keypress: return
6.3675 	EXP 	instText: autoDraw = False
6.3675 	EXP 	text_2: autoDraw = True
6.7686 	EXP 	Created sequence: random, trialTypes=1, nReps=1, seed=None
6.7689 	EXP 	New trial (rep=0, index=0): None
6.7709 	DATA 	Keypress: return
6.7841 	EXP 	text_2: autoDraw = False
6.7841 	EXP 	text: text = ''
6.7841 	EXP 	instr: autoDraw = True
6.7841 	EXP 	text: autoDraw = True
6.7841 	EXP 	feedback: autoDraw = True
8.3738 	DATA 	Keypress: backslash
8.5374 	DATA 	Keypress: backslash
8.7186 	DATA 	Keypress: backslash
9.5370 	DATA 	Keypress: bracketleft
9.6694 	DATA 	Keypress: bracketleft
9.8196 	DATA 	Keypress: bracketleft
10.0527 	DATA 	Keypress: d
10.3022 	DATA 	Keypress: d
10.4356 	DATA 	Keypress: f
10.6017 	DATA 	Keypress: f
10.6703 	DATA 	Keypress: g
11.0205 	DATA 	Keypress: s
11.1354 	DATA 	Keypress: d
11.2200 	DATA 	Keypress: f
11.2691 	DATA 	Keypress: g
11.3858 	DATA 	Keypress: s
11.4535 	DATA 	Keypress: d
11.5197 	DATA 	Keypress: f
11.5690 	DATA 	Keypress: g
11.6687 	DATA 	Keypress: s
11.8855 	DATA 	Keypress: num_8
12.2359 	DATA 	Keypress: num_9
12.4190 	DATA 	Keypress: num_8
12.4534 	DATA 	Keypress: num_7
12.8026 	DATA 	Keypress: 4
12.8174 	EXP 	text: text = '4'
13.4016 	DATA 	Keypress: backspace
13.4161 	EXP 	text: text = ''
14.8018 	DATA 	Keypress: escape
15.2241 	EXP 	window1: mouseVisible = True
