0.4975 	WARNING 	We strongly recommend you activate the PTB sound engine in PsychoPy prefs as the preferred audio engine. Its timing is vastly superior. Your prefs are currently set to use ['sounddevice', 'PTB', 'pyo', 'pygame'] (in that order).
7.8270 	EXP 	Created window1 = Window(allowGUI=False, allowStencil=False, args=UNKNOWN, autoLog=True, bitsMode=UNKNOWN, blendMode='avg', bpc=(8, 8, 8), color=array([0., 0., 0.]), colorSpace='rgb', depthBits=8, fullscr=<method-wrapper '__getattribute__' of attributeSetter object at 0x118926c18>, gamma=None, gammaErrorPolicy='raise', kwargs=UNKNOWN, lms=UNKNOWN, monitor=<psychopy.monitors.calibTools.Monitor object at 0x1187e8f98>, multiSample=False, name='window1', numSamples=2, pos=[0.0, 0.0], screen=0, size=array([1920, 1080]), stencilBits=0, stereo=False, units='height', useFBO=True, useRetina=False, viewOri=0.0, viewPos=None, viewScale=None, waitBlanking=True, winType='pyglet')
7.8272 	EXP 	window1: mouseVisible = True
7.8272 	EXP 	window1: recordFrameIntervals = False
7.9938 	EXP 	window1: recordFrameIntervals = True
8.1761 	EXP 	window1: recordFrameIntervals = False
8.3315 	EXP 	Created instText = TextStim(__class__=<class 'psychopy.visual.text.TextStim'>, alignHoriz=method-wrapper(...), alignText='center', alignVert=method-wrapper(...), anchorHoriz='center', anchorVert='center', antialias=True, autoLog=True, bold=False, color='white', colorSpace='named', contrast=1.0, depth=0.0, flipHoriz=False, flipVert=False, font='Arial', fontFiles=[], height=0.05, italic=False, languageStyle='LTR', name='instText', opacity=1.0, ori=0, pos=array([0., 0.]), rgb=array([255., 255., 255.]), text=str(...), units='height', win=Window(...), wrapWidth=1)
8.3755 	EXP 	Created text_2 = TextStim(__class__=<class 'psychopy.visual.text.TextStim'>, alignHoriz=method-wrapper(...), alignText='center', alignVert=method-wrapper(...), anchorHoriz='center', anchorVert='center', antialias=True, autoLog=True, bold=False, color='white', colorSpace='named', contrast=1.0, depth=0.0, flipHoriz=False, flipVert=False, font='Arial', fontFiles=[], height=0.05, italic=False, languageStyle='LTR', name='text_2', opacity=1.0, ori=0, pos=array([0., 0.]), rgb=array([255., 255., 255.]), text=str(...), units='height', win=Window(...), wrapWidth=1)
8.4058 	EXP 	Created instr = TextStim(__class__=<class 'psychopy.visual.text.TextStim'>, alignHoriz=method-wrapper(...), alignText='center', alignVert=method-wrapper(...), anchorHoriz='center', anchorVert='center', antialias=True, autoLog=True, bold=False, color='white', colorSpace='named', contrast=1.0, depth=0.0, flipHoriz=False, flipVert=False, font='Arial', fontFiles=[], height=0.05, italic=False, languageStyle='LTR', name='instr', opacity=1.0, ori=0, pos=array([-0.2,  0.2]), rgb=array([255., 255., 255.]), text='Type your guess below and press “enter” ', units='height', win=Window(...), wrapWidth=1)
8.4064 	EXP 	Created text = TextStim(__class__=<class 'psychopy.visual.text.TextStim'>, alignHoriz=method-wrapper(...), alignText='center', alignVert=method-wrapper(...), anchorHoriz='center', anchorVert='center', antialias=True, autoLog=True, bold=False, color='white', colorSpace='named', contrast=1.0, depth=-1.0, flipHoriz=False, flipVert=False, font='Arial', fontFiles=[], height=0.1, italic=False, languageStyle='LTR', name='text', opacity=1.0, ori=0, pos=array([0., 0.]), rgb=array([255., 255., 255.]), text='', units='height', win=Window(...), wrapWidth=1)
8.4068 	EXP 	Created feedback = TextStim(__class__=<class 'psychopy.visual.text.TextStim'>, alignHoriz=method-wrapper(...), alignText='center', alignVert=method-wrapper(...), anchorHoriz='center', anchorVert='center', antialias=True, autoLog=True, bold=False, color='white', colorSpace='named', contrast=1.0, depth=-2.0, flipHoriz=False, flipVert=False, font='Arial', fontFiles=[], height=0.1, italic=False, languageStyle='LTR', name='feedback', opacity=1.0, ori=0, pos=array([0. , 0.1]), rgb=array([255., 255., 255.]), text='', units='height', win=Window(...), wrapWidth=1)
8.4170 	EXP 	Created game_over_text = TextStim(__class__=<class 'psychopy.visual.text.TextStim'>, alignHoriz=method-wrapper(...), alignText='center', alignVert=method-wrapper(...), anchorHoriz='center', anchorVert='center', antialias=True, autoLog=True, bold=False, color='white', colorSpace='named', contrast=1.0, depth=0.0, flipHoriz=False, flipVert=False, font='Arial', fontFiles=[], height=0.05, italic=False, languageStyle='LTR', name='game_over_text', opacity=1.0, ori=0, pos=array([0., 0.]), rgb=array([255., 255., 255.]), text=str(...), units='height', win=Window(...), wrapWidth=1)
8.4598 	EXP 	instText: autoDraw = True
10.3354 	DATA 	Keypress: space
10.3413 	EXP 	instText: autoDraw = False
10.3413 	EXP 	text_2: autoDraw = True
11.4766 	EXP 	Created sequence: random, trialTypes=1, nReps=1, seed=None
11.4770 	EXP 	New trial (rep=0, index=0): None
11.4795 	DATA 	Keypress: space
11.4917 	EXP 	text_2: autoDraw = False
11.4917 	EXP 	text: text = ''
11.4917 	EXP 	instr: autoDraw = True
11.4917 	EXP 	text: autoDraw = True
11.4917 	EXP 	feedback: autoDraw = True
13.1274 	DATA 	Keypress: 5
13.1423 	EXP 	text: text = '5'
13.2443 	DATA 	Keypress: 0
13.2585 	EXP 	text: text = '50'
13.3790 	DATA 	Keypress: 0
13.3922 	EXP 	text: text = '500'
13.6460 	DATA 	Keypress: return
13.6593 	EXP 	feedback: text = 'Too low!'
13.6593 	EXP 	text: text = ''
21.9462 	DATA 	Keypress: 7
21.9588 	EXP 	text: text = '7'
22.0942 	DATA 	Keypress: 5
22.1088 	EXP 	text: text = '75'
22.1641 	DATA 	Keypress: 0
22.1918 	EXP 	text: text = '750'
22.4112 	DATA 	Keypress: return
22.4253 	EXP 	feedback: text = 'Too high!'
22.4253 	EXP 	text: text = ''
26.2447 	DATA 	Keypress: 6
26.2594 	EXP 	text: text = '6'
26.9273 	DATA 	Keypress: 3
26.9422 	EXP 	text: text = '63'
26.9770 	DATA 	Keypress: 0
26.9918 	EXP 	text: text = '630'
27.1437 	DATA 	Keypress: return
27.1596 	EXP 	feedback: text = 'Too low!'
27.1596 	EXP 	text: text = ''
28.7273 	DATA 	Keypress: 6
28.7420 	EXP 	text: text = '6'
30.0937 	DATA 	Keypress: 9
30.1081 	EXP 	text: text = '69'
30.2101 	DATA 	Keypress: 0
30.2250 	EXP 	text: text = '690'
30.4119 	DATA 	Keypress: return
30.4425 	EXP 	feedback: text = 'Too high!'
30.4425 	EXP 	text: text = ''
31.6438 	DATA 	Keypress: 6
31.6586 	EXP 	text: text = '6'
32.2771 	DATA 	Keypress: 5
32.2918 	EXP 	text: text = '65'
32.3101 	DATA 	Keypress: 0
32.3259 	EXP 	text: text = '650'
32.6933 	DATA 	Keypress: return
32.7091 	EXP 	feedback: text = 'Too low!'
32.7091 	EXP 	text: text = ''
34.3778 	DATA 	Keypress: 6
34.3926 	EXP 	text: text = '6'
35.4134 	DATA 	Keypress: 7
35.4422 	EXP 	text: text = '67'
35.6783 	DATA 	Keypress: 6
35.6911 	EXP 	text: text = '676'
35.7277 	DATA 	Keypress: return
35.7423 	EXP 	instr: autoDraw = False
35.7423 	EXP 	text: autoDraw = False
35.7423 	EXP 	feedback: autoDraw = False
35.7423 	EXP 	game_over_text: autoDraw = True
43.8459 	DATA 	Keypress: y
43.8587 	EXP 	game_over_text: autoDraw = False
44.1342 	EXP 	window1: mouseVisible = True
