0.684945000015432	EXP	Created Window = Window( name=Window, fullscr=true, color=#808080, units=height, waitBlanking=true, autoLog=true, size=[1280,578] )
7.669140000012703	DATA	Keydown: Shift
7.765574999997625	DATA	Keydown: A
10.884835000004387	EXP	Created instText = TextStim( name=instText, win=Window( name=Window, fullscr=true, color=#808080, ~), autoDraw=null, autoLog=true, units=height, pos=[0,0], size=undefined, ori=null, opacity=1, depth=null, clipMask=null, boundingBox={"x":-0.49782258664035467,"y":-0.39965397923875434~, text=In this game you will be asked to guess a random n~, alignHoriz=center, alignVert=center, flipHoriz=null, flipVert=null, font=Arial, height=0.05, wrapWidth=1, bold=null, italic=null, color=#FFFFFF, contrast=1 )
10.891299999988405	EXP	Created text_2 = TextStim( name=text_2, win=Window( name=Window, fullscr=true, color=#808080, ~), autoDraw=null, autoLog=true, units=height, pos=[0,0], size=undefined, ori=null, opacity=1, depth=null, clipMask=null, boundingBox={"x":-0.45600357847642736,"y":-0.3140138408304498,~, text=Type in your guess and press “enter” in order to s~, alignHoriz=center, alignVert=center, flipHoriz=null, flipVert=null, font=Arial, height=0.05, wrapWidth=1, bold=null, italic=null, color=#FFFFFF, contrast=1 )
10.89444000000367	EXP	Created instr = TextStim( name=instr, win=Window( name=Window, fullscr=true, color=#808080, ~), autoDraw=null, autoLog=true, units=height, pos=[-0.2,0.2], size=undefined, ori=null, opacity=1, depth=null, clipMask=null, boundingBox={"x":-0.6545826631433824,"y":0.17145328719723185,"~, text=Type your guess below and press “enter” , alignHoriz=center, alignVert=center, flipHoriz=null, flipVert=null, font=Arial, height=0.05, wrapWidth=1, bold=null, italic=null, color=#FFFFFF, contrast=1 )
10.901095000008354	EXP	Created text = TextStim( name=text, win=Window( name=Window, fullscr=true, color=#808080, ~), autoDraw=null, autoLog=true, units=height, pos=[0,0], size=undefined, ori=null, opacity=1, depth=-1, clipMask=null, boundingBox={"x":0,"y":-0.056228373702422146,"width":0,"height~, text=null, alignHoriz=center, alignVert=center, flipHoriz=null, flipVert=null, font=Arial, height=0.1, wrapWidth=1, bold=null, italic=null, color=#FFFFFF, contrast=1 )
10.901959999988321	EXP	Created feedback = TextStim( name=feedback, win=Window( name=Window, fullscr=true, color=#808080, ~), autoDraw=null, autoLog=true, units=height, pos=[0,0.1], size=undefined, ori=null, opacity=1, depth=-2, clipMask=null, boundingBox={"x":0,"y":0.04377162629757786,"width":0,"height":~, text=null, alignHoriz=center, alignVert=center, flipHoriz=null, flipVert=null, font=Arial, height=0.1, wrapWidth=1, bold=null, italic=null, color=#FFFFFF, contrast=1 )
10.904190000001108	EXP	Created game_over_text = TextStim( name=game_over_text, win=Window( name=Window, fullscr=true, color=#808080, ~), autoDraw=null, autoLog=true, units=height, pos=[0,0], size=undefined, ori=null, opacity=1, depth=null, clipMask=null, boundingBox={"x":-0.49364558553200694,"y":-0.19982698961937717~, text=Congrats! You win!

Please type the letter “y” if ~, alignHoriz=center, alignVert=center, flipHoriz=null, flipVert=null, font=Arial, height=0.05, wrapWidth=1, bold=null, italic=null, color=#FFFFFF, contrast=1 )
10.963064999989001	EXP	instText: units = height
10.963064999989001	EXP	instText: pos = [0,0]
10.963064999989001	EXP	instText: size = undefined
10.963064999989001	EXP	instText: ori = null
10.963064999989001	EXP	instText: opacity = 1
10.963064999989001	EXP	instText: depth = null
10.963064999989001	EXP	instText: clipMask = null
10.963064999989001	EXP	instText: boundingBox = {"x":0,"y":0,"width":0,"height":0,"type":1}
10.963064999989001	EXP	instText: text = In this game you will be asked to guess a random number from 1 to 100,000 (inclusive). 

Each time you guess, you will receive a hint. That hint will either tell you that your guess was too high or too low. You can use that feedback in your next turn. 

Please note that you must use the number row to type in guesses (not the number pad)! 

Press the space bar to continue...
10.963064999989001	EXP	instText: alignHoriz = center
10.963064999989001	EXP	instText: alignVert = center
10.963064999989001	EXP	instText: flipHoriz = null
10.963064999989001	EXP	instText: flipVert = null
10.963064999989001	EXP	instText: font = Arial
10.963064999989001	EXP	instText: height = 0.05
10.963064999989001	EXP	instText: wrapWidth = 1
10.963064999989001	EXP	instText: bold = null
10.963064999989001	EXP	instText: italic = null
10.963064999989001	EXP	instText: color = #FFFFFF
10.963064999989001	EXP	instText: contrast = 1
10.963064999989001	EXP	text_2: units = height
10.963064999989001	EXP	text_2: pos = [0,0]
10.963064999989001	EXP	text_2: size = undefined
10.963064999989001	EXP	text_2: ori = null
10.963064999989001	EXP	text_2: opacity = 1
10.963064999989001	EXP	text_2: depth = null
10.963064999989001	EXP	text_2: clipMask = null
10.963064999989001	EXP	text_2: boundingBox = {"x":0,"y":0,"width":0,"height":0,"type":1}
10.963064999989001	EXP	text_2: text = Type in your guess and press “enter” in order to submit that guess.

Your final score will be based on a combination of: 1) total time you took to submit each guess, and 2) the number of guesses it took for you to finally get the correct number. 

Press the space bar to start the game…

10.963064999989001	EXP	text_2: alignHoriz = center
10.963064999989001	EXP	text_2: alignVert = center
10.963064999989001	EXP	text_2: flipHoriz = null
10.963064999989001	EXP	text_2: flipVert = null
10.963064999989001	EXP	text_2: font = Arial
10.963064999989001	EXP	text_2: height = 0.05
10.963064999989001	EXP	text_2: wrapWidth = 1
10.963064999989001	EXP	text_2: bold = null
10.963064999989001	EXP	text_2: italic = null
10.963064999989001	EXP	text_2: color = #FFFFFF
10.963064999989001	EXP	text_2: contrast = 1
10.963064999989001	EXP	instr: units = height
10.963064999989001	EXP	instr: pos = [-0.2,0.2]
10.963064999989001	EXP	instr: size = undefined
10.963064999989001	EXP	instr: ori = null
10.963064999989001	EXP	instr: opacity = 1
10.963064999989001	EXP	instr: depth = null
10.963064999989001	EXP	instr: clipMask = null
10.963064999989001	EXP	instr: boundingBox = {"x":0,"y":0,"width":0,"height":0,"type":1}
10.963064999989001	EXP	instr: text = Type your guess below and press “enter” 
10.963064999989001	EXP	instr: alignHoriz = center
10.963064999989001	EXP	instr: alignVert = center
10.963064999989001	EXP	instr: flipHoriz = null
10.963064999989001	EXP	instr: flipVert = null
10.963064999989001	EXP	instr: font = Arial
10.963064999989001	EXP	instr: height = 0.05
10.963064999989001	EXP	instr: wrapWidth = 1
10.963064999989001	EXP	instr: bold = null
10.963064999989001	EXP	instr: italic = null
10.963064999989001	EXP	instr: color = #FFFFFF
10.963064999989001	EXP	instr: contrast = 1
10.963064999989001	EXP	text: units = height
10.963064999989001	EXP	text: pos = [0,0]
10.963064999989001	EXP	text: size = undefined
10.963064999989001	EXP	text: ori = null
10.963064999989001	EXP	text: opacity = 1
10.963064999989001	EXP	text: depth = -1
10.963064999989001	EXP	text: clipMask = null
10.963064999989001	EXP	text: boundingBox = {"x":0,"y":0,"width":0,"height":0,"type":1}
10.963064999989001	EXP	text: text = null
10.963064999989001	EXP	text: alignHoriz = center
10.963064999989001	EXP	text: alignVert = center
10.963064999989001	EXP	text: flipHoriz = null
10.963064999989001	EXP	text: flipVert = null
10.963064999989001	EXP	text: font = Arial
10.963064999989001	EXP	text: height = 0.1
10.963064999989001	EXP	text: wrapWidth = 1
10.963064999989001	EXP	text: bold = null
10.963064999989001	EXP	text: italic = null
10.963064999989001	EXP	text: color = #FFFFFF
10.963064999989001	EXP	text: contrast = 1
10.963064999989001	EXP	feedback: units = height
10.963064999989001	EXP	feedback: pos = [0,0.1]
10.963064999989001	EXP	feedback: size = undefined
10.963064999989001	EXP	feedback: ori = null
10.963064999989001	EXP	feedback: opacity = 1
10.963064999989001	EXP	feedback: depth = -2
10.963064999989001	EXP	feedback: clipMask = null
10.963064999989001	EXP	feedback: boundingBox = {"x":0,"y":0,"width":0,"height":0,"type":1}
10.963064999989001	EXP	feedback: text = null
10.963064999989001	EXP	feedback: alignHoriz = center
10.963064999989001	EXP	feedback: alignVert = center
10.963064999989001	EXP	feedback: flipHoriz = null
10.963064999989001	EXP	feedback: flipVert = null
10.963064999989001	EXP	feedback: font = Arial
10.963064999989001	EXP	feedback: height = 0.1
10.963064999989001	EXP	feedback: wrapWidth = 1
10.963064999989001	EXP	feedback: bold = null
10.963064999989001	EXP	feedback: italic = null
10.963064999989001	EXP	feedback: color = #FFFFFF
10.963064999989001	EXP	feedback: contrast = 1
10.963064999989001	EXP	game_over_text: units = height
10.963064999989001	EXP	game_over_text: pos = [0,0]
10.963064999989001	EXP	game_over_text: size = undefined
10.963064999989001	EXP	game_over_text: ori = null
10.963064999989001	EXP	game_over_text: opacity = 1
10.963064999989001	EXP	game_over_text: depth = null
10.963064999989001	EXP	game_over_text: clipMask = null
10.963064999989001	EXP	game_over_text: boundingBox = {"x":0,"y":0,"width":0,"height":0,"type":1}
10.963064999989001	EXP	game_over_text: text = Congrats! You win!

Please type the letter “y” if you are familiar with binary or bisection search. 
Type the letter “n” if you have never heard of or do not know what binary or bisection search is.
10.963064999989001	EXP	game_over_text: alignHoriz = center
10.963064999989001	EXP	game_over_text: alignVert = center
10.963064999989001	EXP	game_over_text: flipHoriz = null
10.963064999989001	EXP	game_over_text: flipVert = null
10.963064999989001	EXP	game_over_text: font = Arial
10.963064999989001	EXP	game_over_text: height = 0.05
10.963064999989001	EXP	game_over_text: wrapWidth = 1
10.963064999989001	EXP	game_over_text: bold = null
10.963064999989001	EXP	game_over_text: italic = null
10.963064999989001	EXP	game_over_text: color = #FFFFFF
10.963064999989001	EXP	game_over_text: contrast = 1
10.963064999989001	EXP	instText: autoDraw = true
25.91106499999296	DATA	Mouse: 0 button down, pos=(1097.333366036415,308.66669621070287)
25.912819999997737	DATA	Mouse: 0 button down, pos=(1097.333366036415,308.66669621070287)
26.408059999987017	DATA	Keydown:  
26.444810000015423	EXP	instText: autoDraw = null
26.444810000015423	EXP	text_2: autoDraw = true
30.699640000006184	DATA	Keydown:  
30.749565000005532	EXP	text_2: autoDraw = null
30.749565000005532	EXP	text: text = null
30.749565000005532	EXP	instr: autoDraw = true
30.749565000005532	EXP	text: autoDraw = true
30.749565000005532	EXP	feedback: autoDraw = true
33.69730500000878	DATA	Keydown: 6
33.7060749999946	EXP	text: text = 6
34.20711499999743	DATA	Keydown: 0
34.22113499999978	EXP	text: text = 60
34.44052500001271	DATA	Keydown: 0
34.47122999999556	EXP	text: text = 600
35.19203999999445	DATA	Keydown: Enter
35.220174999994924	EXP	feedback: text = Too low!
35.220174999994924	EXP	text: text = null
38.69021500000963	DATA	Keydown: 6
38.70628000001307	EXP	text: text = 6
39.641600000002654	DATA	Keydown: 0
39.67040500001167	EXP	text: text = 60
39.90068500000052	DATA	Keydown: 0
39.92077500000596	EXP	text: text = 600
40.224010000005364	DATA	Keydown: 0
40.25389500000165	EXP	text: text = 6000
40.88255999999819	DATA	Keydown: Enter
40.90297500000452	EXP	feedback: text = Too low!
40.90297500000452	EXP	text: text = null
44.19005999999354	DATA	Keydown: 8
44.22041999999783	EXP	text: text = 8
44.44229500001529	DATA	Keydown: 0
44.454770000011194	EXP	text: text = 80
44.63949999999022	DATA	Keydown: 0
44.654355000006035	EXP	text: text = 800
45.009339999989606	DATA	Keydown: 0
45.036430000007385	EXP	text: text = 8000
45.51123000000371	DATA	Keydown: Enter
45.535585000005085	EXP	feedback: text = Too low!
45.535585000005085	EXP	text: text = null
47.77866999999969	DATA	Keydown: 9
47.80275000000256	EXP	text: text = 9
47.97854000001098	DATA	Keydown: 0
47.988140000001295	EXP	text: text = 90
48.18245500000194	DATA	Keydown: 0
48.202894999994896	EXP	text: text = 900
48.3978150000039	DATA	Keydown: 0
48.4195699999982	EXP	text: text = 9000
49.00429000001168	DATA	Keydown: Enter
49.01971500000218	EXP	feedback: text = Too low!
49.01971500000218	EXP	text: text = null
50.65481499998714	DATA	Keydown: 1
50.686309999990044	EXP	text: text = 1
51.172669999999925	DATA	Keydown: 0
51.187349999992875	EXP	text: text = 10
51.58251999999629	DATA	Keydown: 0
51.58728000000701	EXP	text: text = 100
51.804644999996526	DATA	Keydown: 0
51.83578500000294	EXP	text: text = 1000
51.98908999998821	DATA	Keydown: 0
52.01930499999435	EXP	text: text = 10000
52.53817000001436	DATA	Keydown: Enter
52.56836000000476	EXP	feedback: text = Too low!
52.56836000000476	EXP	text: text = null
71.81357999998727	DATA	Mouse: 0 button down, pos=(778.6666898727417,318.0000094771385)
71.93390000000363	DATA	Mouse: 0 button down, pos=(778.6666898727417,318.0000094771385)
72.99294500000542	DATA	Mouse: 0 button down, pos=(779.3333565592766,210.0000062584877)
73.11655999999493	DATA	Mouse: 0 button down, pos=(779.3333565592766,210.0000062584877)
73.9081400000141	DATA	Keydown: 6
73.91787000000477	EXP	text: text = 6
74.76945500000147	DATA	Keydown: Backspace
74.78398999999627	EXP	text: text = null
78.28491499999654	DATA	Keydown: 6
78.3008400000108	EXP	text: text = 6
78.7045550000039	DATA	Keydown: 0
78.7166750000033	EXP	text: text = 60
78.88946999999462	DATA	Keydown: 0
78.90035499999067	EXP	text: text = 600
79.09065500000725	DATA	Keydown: 0
79.11509500001557	EXP	text: text = 6000
79.50161000000662	DATA	Keydown: 0
79.51676500000758	EXP	text: text = 60000
80.62849999999162	DATA	Keydown: 0
80.64866500001517	EXP	text: text = 600000
81.48769499998889	DATA	Keydown: Enter
81.49905000001309	EXP	feedback: text = Too high!
81.49905000001309	EXP	text: text = null
85.45873000001302	DATA	Keydown: 9
85.48102999999537	EXP	text: text = 9
85.67876999999862	DATA	Keydown: 9
85.69794499999261	EXP	text: text = 99
85.90238000001409	DATA	Keydown: 9
85.91584000000148	EXP	text: text = 999
86.10574500000803	DATA	Keydown: 9
86.11604500000249	EXP	text: text = 9999
86.28737000000547	DATA	Keydown: 9
86.29946499998914	EXP	text: text = 99999
86.75878999999259	DATA	Keydown: Enter
86.77961500000674	EXP	feedback: text = Too high!
86.77961500000674	EXP	text: text = null
88.89682500000345	DATA	Keydown: 8
88.9301100000157	EXP	text: text = 8
89.26488000000245	DATA	Keydown: 9
89.29706499999156	EXP	text: text = 89
89.50028499998734	DATA	Keydown: 9
89.51582000000053	EXP	text: text = 899
89.7255099999893	DATA	Keydown: 9
89.73266499998863	EXP	text: text = 8999
89.91873000000487	DATA	Keydown: 9
89.9469650000101	EXP	text: text = 89999
90.49022999999579	DATA	Keydown: Enter
90.51563000000897	EXP	feedback: text = Too high!
90.51563000000897	EXP	text: text = null
91.79022500000428	DATA	Keydown: 7
91.81332000001566	EXP	text: text = 7
92.04300000000512	DATA	Keydown: 9
92.04865499999141	EXP	text: text = 79
92.25767500000075	DATA	Keydown: 9
92.26558500001556	EXP	text: text = 799
92.44101999999839	DATA	Keydown: 9
92.4516350000049	EXP	text: text = 7999
92.61876499999198	DATA	Keydown: 9
92.63238500000443	EXP	text: text = 79999
93.06567000001087	DATA	Keydown: Enter
93.09569499999634	EXP	feedback: text = Too high!
93.09569499999634	EXP	text: text = null
94.37632499999017	DATA	Keydown: 6
94.38146999999299	EXP	text: text = 6
94.91661499999464	DATA	Keydown: 9
94.93202499998733	EXP	text: text = 69
95.18263500000467	DATA	Keydown: 9
95.1982549999957	EXP	text: text = 699
95.40921000001254	DATA	Keydown: 9
95.41751500000828	EXP	text: text = 6999
95.67312500000116	DATA	Keydown: 9
95.68139000001247	EXP	text: text = 69999
96.71855499999947	DATA	Keydown: Enter
96.74576499999966	EXP	feedback: text = Too high!
96.74576499999966	EXP	text: text = null
97.78989000001457	DATA	Keydown: 5
97.81263000000035	EXP	text: text = 5
98.09930500001065	DATA	Keydown: 9
98.11449499998707	EXP	text: text = 59
98.31561499999953	DATA	Keydown: 9
98.33124999998836	EXP	text: text = 599
98.54187000001548	DATA	Keydown: 9
98.54694999998901	EXP	text: text = 5999
98.76911500000278	DATA	Keydown: 9
98.79580500000156	EXP	text: text = 59999
99.57591499999398	DATA	Keydown: Enter
99.5944249999884	EXP	feedback: text = Too high!
99.5944249999884	EXP	text: text = null
101.45720999999321	DATA	Keydown: 4
101.47915500000818	EXP	text: text = 4
101.7652400000079	DATA	Keydown: 9
101.7960749999911	EXP	text: text = 49
102.01933999999892	DATA	Keydown: 9
102.03136500000255	EXP	text: text = 499
102.38245000000461	DATA	Keydown: 9
102.39757500000997	EXP	text: text = 4999
102.5990199999942	DATA	Keydown: 9
102.61695500000496	EXP	text: text = 49999
103.21390500001144	DATA	Keydown: Enter
103.2449149999884	EXP	feedback: text = Too low!
103.2449149999884	EXP	text: text = null
106.44792500001495	DATA	Keydown: 5
106.46371499999077	EXP	text: text = 5
106.78146999998717	DATA	Keydown: 0
106.79702999998699	EXP	text: text = 50
107.06425500000478	DATA	Keydown: 0
107.08001999999397	EXP	text: text = 500
107.36390500000562	DATA	Keydown: 0
107.37977500000852	EXP	text: text = 5000
107.66476000001421	DATA	Keydown: 0
107.68087999999989	EXP	text: text = 50000
108.15720499999588	DATA	Keydown: Enter
108.16092500000377	EXP	feedback: text = Too low!
108.16092500000377	EXP	text: text = null
110.15589500000351	DATA	Keydown: 5
110.16232500001206	EXP	text: text = 5
110.48917499999516	DATA	Keydown: 1
110.51086000000942	EXP	text: text = 51
112.08945999998832	DATA	Keydown: 0
112.11122500000056	EXP	text: text = 510
112.28078500000993	DATA	Keydown: 0
112.2964750000101	EXP	text: text = 5100
112.45699999999488	DATA	Keydown: 0
112.46299999998882	EXP	text: text = 51000
113.17152000000351	DATA	Keydown: Enter
113.17981000000145	EXP	feedback: text = Too low!
113.17981000000145	EXP	text: text = null
114.56396500000847	DATA	Keydown: 5
114.58073499999591	EXP	text: text = 5
115.67301999998745	DATA	Keydown: 2
115.69390000001295	EXP	text: text = 52
116.04679500000202	DATA	Keydown: 0
116.06396500000847	EXP	text: text = 520
116.28026500000851	DATA	Keydown: 0
116.31035499999416	EXP	text: text = 5200
116.46997500001453	DATA	Keydown: 0
116.4938250000123	EXP	text: text = 52000
116.88289000000805	DATA	Keydown: Enter
116.89431500001228	EXP	feedback: text = Too low!
116.89431500001228	EXP	text: text = null
117.80566000001272	DATA	Keydown: 5
117.8137749999878	EXP	text: text = 5
118.05245499999728	DATA	Keydown: 5
118.06396500000847	EXP	text: text = 55
118.68065500000375	DATA	Keydown: 0
118.69673500000499	EXP	text: text = 550
118.88825499999803	DATA	Keydown: 0
118.89647500001593	EXP	text: text = 5500
119.12969000000157	DATA	Keydown: 0
119.14673499998753	EXP	text: text = 55000
119.52825999999186	DATA	Keydown: Enter
119.54174499999499	EXP	feedback: text = Too low!
119.54174499999499	EXP	text: text = null
122.10156000001007	DATA	Keydown: 5
122.11386499999207	EXP	text: text = 5
126.01392500000657	DATA	Keydown: 7
126.02880000000005	EXP	text: text = 57
126.65350499999477	DATA	Keydown: 0
126.66276999999536	EXP	text: text = 570
126.88248000000021	DATA	Keydown: 0
126.89585000000079	EXP	text: text = 5700
127.08419500000309	DATA	Keydown: 0
127.09520499999053	EXP	text: text = 57000
127.57094500001404	DATA	Keydown: Enter
127.57722500001546	EXP	feedback: text = Too low!
127.57722500001546	EXP	text: text = null
130.20010499999626	DATA	Keydown: 5
130.21152499999152	EXP	text: text = 5
130.53487999999197	DATA	Keydown: 8
130.55840499998885	EXP	text: text = 58
131.0779399999883	DATA	Keydown: 0
131.09594999998808	EXP	text: text = 580
131.24554999999236	DATA	Keydown: 0
131.26186999998754	EXP	text: text = 5800
131.44612499998766	DATA	Keydown: 0
131.46197999999276	EXP	text: text = 58000
131.84448999998858	DATA	Keydown: Enter
131.87442499998724	EXP	feedback: text = Too high!
131.87442499998724	EXP	text: text = null
134.7115449999983	DATA	Keydown: 5
134.72817499999655	EXP	text: text = 5
135.1643599999952	DATA	Keydown: 7
135.17751000000862	EXP	text: text = 57
135.84408499998972	DATA	Keydown: 5
135.86034499999369	EXP	text: text = 575
135.9669850000064	DATA	Keydown: 0
135.97749499999918	EXP	text: text = 5750
136.65094500000123	DATA	Keydown: 0
136.66012499999488	EXP	text: text = 57500
137.22499499999685	DATA	Keydown: Enter
137.25849000000744	EXP	feedback: text = Too high!
137.25849000000744	EXP	text: text = null
138.58135500000208	DATA	Keydown: 5
138.5923499999917	EXP	text: text = 5
140.30999999999767	DATA	Keydown: 7
140.32779000001028	EXP	text: text = 57
140.881870000012	DATA	Keydown: 4
140.90677999999025	EXP	text: text = 574
141.0793399999966	DATA	Keydown: 0
141.09406999999192	EXP	text: text = 5740
141.25988500000676	DATA	Keydown: 0
141.2901899999997	EXP	text: text = 57400
141.80965999999898	DATA	Keydown: Enter
141.84003500000108	EXP	feedback: text = Too high!
141.84003500000108	EXP	text: text = null
144.29472000000533	DATA	Keydown: 5
144.3101200000092	EXP	text: text = 5
144.80379500001436	DATA	Keydown: 7
144.81149500000174	EXP	text: text = 57
145.2349150000082	DATA	Keydown: 3
145.25677000000724	EXP	text: text = 573
145.6631650000054	DATA	Keydown: 0
145.67499999998836	EXP	text: text = 5730
145.8593450000044	DATA	Keydown: 0
145.8756449999928	EXP	text: text = 57300
146.29688499998883	DATA	Keydown: Enter
146.30794500000775	EXP	feedback: text = Too high!
146.30794500000775	EXP	text: text = null
147.38336999999592	DATA	Keydown: 5
147.3908550000051	EXP	text: text = 5
147.64073000001372	DATA	Keydown: 7
147.65645999999833	EXP	text: text = 57
148.32956000001286	DATA	Keydown: 2
148.34371000001556	EXP	text: text = 572
148.61353500001132	DATA	Keydown: 0
148.6392749999941	EXP	text: text = 5720
148.78447000001324	DATA	Keydown: 0
148.79353500000434	EXP	text: text = 57200
149.1255400000082	DATA	Keydown: Enter
149.1403649999993	EXP	feedback: text = Too high!
149.1403649999993	EXP	text: text = null
150.26456999999937	DATA	Keydown: 5
150.27435500000138	EXP	text: text = 5
150.94714000000386	DATA	Keydown: 1
150.95863499998813	EXP	text: text = 51
151.23485999999684	DATA	Keydown: 0
151.25596999999834	EXP	text: text = 510
151.4169450000045	DATA	Keydown: 0
151.42553999999654	EXP	text: text = 5100
151.60972499998752	DATA	Keydown: 0
151.62523500001407	EXP	text: text = 51000
152.12814499999513	DATA	Keydown: Backspace
152.14242499999818	EXP	text: text = 5100
152.31151999998838	DATA	Keydown: Backspace
152.32521499998984	EXP	text: text = 510
152.49502999999095	DATA	Keydown: Backspace
152.5088650000107	EXP	text: text = 51
152.6668350000109	DATA	Keydown: Backspace
152.67548999999417	EXP	text: text = 5
153.55326000001514	DATA	Keydown: 7
153.57208000001265	EXP	text: text = 57
153.84219500000472	DATA	Keydown: 1
153.85957999998936	EXP	text: text = 571
154.05923499999335	DATA	Keydown: 0
154.0757300000114	EXP	text: text = 5710
154.2331750000012	DATA	Keydown: 0
154.24179000000004	EXP	text: text = 57100
154.65979000000516	DATA	Keydown: Enter
154.6888200000103	EXP	feedback: text = Too high!
154.6888200000103	EXP	text: text = null
156.81221999999252	DATA	Keydown: 5
156.8233300000138	EXP	text: text = 5
157.10070000000997	DATA	Keydown: 7
157.10764999999083	EXP	text: text = 57
157.24666000000434	DATA	Keydown: 0
157.2583100000047	EXP	text: text = 570
157.4308149999997	DATA	Keydown: 0
157.44345500000054	EXP	text: text = 5700
157.6253999999899	DATA	Keydown: 0
157.64139999999315	EXP	text: text = 57000
158.00846000001184	DATA	Keydown: Enter
158.03820000000997	EXP	feedback: text = Too low!
158.03820000000997	EXP	text: text = null
160.52445500000613	DATA	Keydown: 5
160.5401450000063	EXP	text: text = 5
160.90966999999364	DATA	Keydown: 7
160.92472499998985	EXP	text: text = 57
161.60008999999263	DATA	Keydown: 1
161.6082999999926	EXP	text: text = 571
164.0576899999869	DATA	Keydown: 5
164.07407500001136	EXP	text: text = 5715
164.22450499999104	DATA	Keydown: 0
164.25387499999488	EXP	text: text = 57150
165.61376499998732	DATA	Keydown: Enter
165.63769500001217	EXP	feedback: text = Too high!
165.63769500001217	EXP	text: text = null
168.1457400000072	DATA	Keydown: 5
168.15513999998802	EXP	text: text = 5
168.53197499999078	DATA	Keydown: 7
168.53867499998887	EXP	text: text = 57
169.0811350000149	DATA	Keydown: 1
169.089570000011	EXP	text: text = 571
169.34077999999863	DATA	Keydown: 2
169.3566250000149	EXP	text: text = 5712
169.67421500000637	DATA	Keydown: 5
169.68844500000705	EXP	text: text = 57125
169.89584499999182	DATA	Keydown: Enter
169.90449000001536	EXP	feedback: text = Too high!
169.90449000001536	EXP	text: text = null
172.6628700000001	DATA	Keydown: 5
172.67274000000907	EXP	text: text = 5
172.95879999999306	DATA	Keydown: 7
172.97125999999116	EXP	text: text = 57
173.93907500000205	DATA	Keydown: 1
173.95639500001562	EXP	text: text = 571
174.18325500001083	DATA	Keydown: 2
174.20295999999507	EXP	text: text = 5712
174.40906500001438	DATA	Keydown: 0
174.42113999999128	EXP	text: text = 57120
174.678974999988	DATA	Keydown: Enter
174.70167499998934	EXP	feedback: text = Too high!
174.70167499998934	EXP	text: text = null
175.68212000001222	DATA	Keydown: 5
175.6900800000003	EXP	text: text = 5
175.97495500001241	DATA	Keydown: 7
175.98941000000923	EXP	text: text = 57
176.47985500001232	DATA	Keydown: 1
176.48959499999182	EXP	text: text = 571
177.00920000000042	DATA	Keydown: 2
177.02056000000448	EXP	text: text = 5712
177.50558500000625	DATA	Keydown: Backspace
177.5223699999915	EXP	text: text = 571
177.7403650000051	DATA	Keydown: 1
177.75404500000877	EXP	text: text = 5711
178.17303999999422	DATA	Keydown: 5
178.1883600000001	EXP	text: text = 57115
179.38752499999828	DATA	Keydown: Enter
179.4180500000075	EXP	feedback: text = Too high!
179.4180500000075	EXP	text: text = null
181.20479499999783	DATA	Keydown: 5
181.22067499998957	EXP	text: text = 5
181.53773000001092	DATA	Keydown: 7
181.55599500000244	EXP	text: text = 57
182.0066349999979	DATA	Keydown: 1
182.02222499999334	EXP	text: text = 571
182.22304000001168	DATA	Keydown: 1
182.23814999999013	EXP	text: text = 5711
182.34007000000565	DATA	Keydown: 0
182.35292000000481	EXP	text: text = 57110
182.63937499999884	DATA	Keydown: Enter
182.6686650000047	EXP	feedback: text = Too high!
182.6686650000047	EXP	text: text = null
184.67598500000895	DATA	Keydown: 5
184.68566499999724	EXP	text: text = 5
185.0410850000044	DATA	Keydown: 7
185.06849500001408	EXP	text: text = 57
187.76380000001518	DATA	Keydown: 1
187.78409999998985	EXP	text: text = 571
188.17646499999682	DATA	Keydown: 1
188.18744999999763	EXP	text: text = 5711
188.37633999998798	DATA	Keydown: 0
188.38722000000416	EXP	text: text = 57110
188.89504500001203	DATA	Keydown: Enter
188.90207499999087	EXP	feedback: text = Too high!
188.90207499999087	EXP	text: text = null
190.16107000000193	DATA	Keydown: 5
190.17039000001387	EXP	text: text = 5
190.4706099999894	DATA	Keydown: 7
190.48748499999056	EXP	text: text = 57
191.91051499999594	DATA	Keydown: 0
191.92014500001096	EXP	text: text = 570
192.82235999999102	DATA	Keydown: 0
192.83520500001032	EXP	text: text = 5700
193.04310000000987	DATA	Keydown: 9
193.0542650000134	EXP	text: text = 57009
193.48678999999538	DATA	Keydown: Enter
193.5178550000128	EXP	feedback: text = Too low!
193.5178550000128	EXP	text: text = null
195.8887199999881	DATA	Keydown: 5
195.91673500000616	EXP	text: text = 5
196.2374650000129	DATA	Keydown: 7
196.25295500000357	EXP	text: text = 57
196.87144499999704	DATA	Keydown: 1
196.88716499999282	EXP	text: text = 571
197.1073299999989	DATA	Keydown: 1
197.1195749999897	EXP	text: text = 5711
197.29506999999285	DATA	Keydown: 0
197.3035450000025	EXP	text: text = 57110
198.90438500000164	DATA	Keydown: Enter
198.9331999999995	EXP	feedback: text = Too high!
198.9331999999995	EXP	text: text = null
204.15896500000963	DATA	Keydown: 5
204.168479999993	EXP	text: text = 5
204.4858349999995	DATA	Keydown: 7
204.49992999999085	EXP	text: text = 57
205.7531200000085	DATA	Keydown: 1
205.76874999998836	EXP	text: text = 571
206.97789499998908	DATA	Keydown: 0
206.99890500001493	EXP	text: text = 5710
207.14371999999275	DATA	Keydown: 0
207.15051500001573	EXP	text: text = 57100
207.55023500000243	DATA	Keydown: Enter
207.58248499999172	EXP	feedback: text = Too high!
207.58248499999172	EXP	text: text = null
208.80371499998728	DATA	Keydown: 5
208.81659000000218	EXP	text: text = 5
209.26023000001442	DATA	Keydown: 7
209.26686500001233	EXP	text: text = 57
212.326390000002	DATA	Keydown: 0
212.33491999999387	EXP	text: text = 570
212.92765500000678	DATA	Keydown: 7
212.94835500000045	EXP	text: text = 5707
213.07072499999776	DATA	Keydown: 0
213.08514999999898	EXP	text: text = 57070
213.73454000000493	DATA	Keydown: Enter
213.74885000000359	EXP	feedback: text = Too high!
213.74885000000359	EXP	text: text = null
215.97643499998958	DATA	Keydown: 5
215.98487000001478	EXP	text: text = 5
216.33361999999033	DATA	Keydown: 7
216.35045500000706	EXP	text: text = 57
217.1172549999901	DATA	Keydown: 0
217.13403000001563	EXP	text: text = 570
217.96728499999153	DATA	Keydown: 5
217.98382500000298	EXP	text: text = 5705
218.1216349999886	DATA	Keydown: 0
218.13355500000762	EXP	text: text = 57050
218.62600499999826	DATA	Keydown: Enter
218.64569999999367	EXP	feedback: text = Too low!
218.64569999999367	EXP	text: text = null
221.67766000001575	DATA	Keydown: 5
221.69677499998943	EXP	text: text = 5
221.96610499999952	DATA	Keydown: 7
221.9830249999941	EXP	text: text = 57
222.45022999998764	DATA	Keydown: 0
222.4666150000121	EXP	text: text = 570
222.7746899999911	DATA	Keydown: 6
222.79614500000025	EXP	text: text = 5706
222.89136999999755	DATA	Keydown: 0
222.90002500000992	EXP	text: text = 57060
223.3574099999969	DATA	Keydown: Enter
223.37857000000076	EXP	feedback: text = Too low!
223.37857000000076	EXP	text: text = null
225.31959500000812	DATA	Keydown: 5
225.33221500000218	EXP	text: text = 5
225.86434500000905	DATA	Keydown: 7
225.87938500000746	EXP	text: text = 57
226.73496500001056	DATA	Keydown: 0
226.7481550000084	EXP	text: text = 570
226.94916499999817	DATA	Keydown: 6
226.9644499999995	EXP	text: text = 5706
228.3429049999977	DATA	Keydown: 5
228.36285999999382	EXP	text: text = 57065
228.83082500001183	DATA	Keydown: Enter
228.8625100000063	EXP	feedback: text = Too high!
228.8625100000063	EXP	text: text = null
230.41503000000375	DATA	Keydown: 5
230.43183499999577	EXP	text: text = 5
230.8153100000054	DATA	Keydown: 7
230.8322099999932	EXP	text: text = 57
231.33589499999653	DATA	Keydown: 0
231.34825000001	EXP	text: text = 570
231.7496300000057	DATA	Keydown: 4
231.76462999999058	EXP	text: text = 5704
232.85573999999906	DATA	Keydown: Backspace
232.86462499998743	EXP	text: text = 570
233.5882200000051	DATA	Keydown: 6
233.59703999999329	EXP	text: text = 5706
234.00302000000374	DATA	Keydown: 4
234.01572500000475	EXP	text: text = 57064
234.6964549999975	DATA	Keydown: Enter
234.71243000001414	EXP	feedback: text = Too high!
234.71243000001414	EXP	text: text = null
236.58191499998793	DATA	Keydown: 5
236.59679000001051	EXP	text: text = 5
236.96864999999525	DATA	Keydown: 7
236.9945149999985	EXP	text: text = 57
237.458409999992	DATA	Keydown: 0
237.465354999993	EXP	text: text = 570
237.98412000000826	DATA	Keydown: 6
237.99814999999944	EXP	text: text = 5706
238.57263499998953	DATA	Keydown: 3
238.58108000000357	EXP	text: text = 57063
238.88758499998949	DATA	Keydown: Enter
238.91312499999185	EXP	instr: autoDraw = null
238.91312499999185	EXP	text: autoDraw = null
238.91312499999185	EXP	feedback: autoDraw = null
238.91312499999185	EXP	text: text = null
238.91312499999185	EXP	game_over_text: autoDraw = true
242.48441500001354	DATA	Keydown: n
