0.1670600000070408	EXP	Created Window = Window( name=Window, fullscr=true, color=#808080, units=height, waitBlanking=true, autoLog=true, size=[2560,1336] )
12.276795000012498	DATA	Keydown: Shift
12.339075000025332	DATA	Keydown: A
12.481175000022631	DATA	Keydown: n
12.570040000020526	DATA	Keydown: d
12.656660000036936	DATA	Keydown: r
12.74880000000121	DATA	Keydown: e
12.776675000030082	DATA	Keydown: w
12.908724999986589	DATA	Keydown:  
13.00381500000367	DATA	Keydown: Shift
13.07443500001682	DATA	Keydown: C
13.207210000022314	DATA	Keydown: h
13.371240000007674	DATA	Keydown: u
13.406369999982417	DATA	Keydown: r
13.54443499998888	DATA	Keydown: c
13.611039999988861	DATA	Keydown: h
13.67531500000041	DATA	Keydown: i
13.706370000028983	DATA	Keydown: l
13.844764999987092	DATA	Keydown: l
17.39960499998415	EXP	Created instText = TextStim( name=instText, win=Window( name=Window, fullscr=true, color=#808080, ~), autoDraw=null, autoLog=true, units=height, pos=[0,0], size=undefined, ori=null, opacity=1, depth=null, clipMask=null, boundingBox={"x":-0.49759130420799025,"y":-0.36002994011976047~, text=In this game you will be asked to guess a random n~, alignHoriz=center, alignVert=center, flipHoriz=null, flipVert=null, font=Arial, height=0.05, wrapWidth=1, bold=null, italic=null, color=#FFFFFF, contrast=1 )
17.403404999990016	EXP	Created text_2 = TextStim( name=text_2, win=Window( name=Window, fullscr=true, color=#808080, ~), autoDraw=null, autoLog=true, units=height, pos=[0,0], size=undefined, ori=null, opacity=1, depth=null, clipMask=null, boundingBox={"x":-0.4557917246561564,"y":-0.3046407185628742,"~, text=Type in your guess and press “enter” in order to s~, alignHoriz=center, alignVert=center, flipHoriz=null, flipVert=null, font=Arial, height=0.05, wrapWidth=1, bold=null, italic=null, color=#FFFFFF, contrast=1 )
17.40451000002213	EXP	Created instr = TextStim( name=instr, win=Window( name=Window, fullscr=true, color=#808080, ~), autoDraw=null, autoLog=true, units=height, pos=[-0.2,0.2], size=undefined, ori=null, opacity=1, depth=null, clipMask=null, boundingBox={"x":-0.654371469463417,"y":0.1723053892215569,"wi~, text=Type your guess below and press “enter” , alignHoriz=center, alignVert=center, flipHoriz=null, flipVert=null, font=Arial, height=0.05, wrapWidth=1, bold=null, italic=null, color=#FFFFFF, contrast=1 )
17.41423500003293	EXP	Created text = TextStim( name=text, win=Window( name=Window, fullscr=true, color=#808080, ~), autoDraw=null, autoLog=true, units=height, pos=[0,0], size=undefined, ori=null, opacity=1, depth=-1, clipMask=null, boundingBox={"x":0,"y":-0.05538922155688623,"width":0,"height"~, text=null, alignHoriz=center, alignVert=center, flipHoriz=null, flipVert=null, font=Arial, height=0.1, wrapWidth=1, bold=null, italic=null, color=#FFFFFF, contrast=1 )
17.416315000038594	EXP	Created feedback = TextStim( name=feedback, win=Window( name=Window, fullscr=true, color=#808080, ~), autoDraw=null, autoLog=true, units=height, pos=[0,0.1], size=undefined, ori=null, opacity=1, depth=-2, clipMask=null, boundingBox={"x":0,"y":0.04461077844311378,"width":0,"height":~, text=null, alignHoriz=center, alignVert=center, flipHoriz=null, flipVert=null, font=Arial, height=0.1, wrapWidth=1, bold=null, italic=null, color=#FFFFFF, contrast=1 )
17.418515000026673	EXP	Created game_over_text = TextStim( name=game_over_text, win=Window( name=Window, fullscr=true, color=#808080, ~), autoDraw=null, autoLog=true, units=height, pos=[0,0], size=undefined, ori=null, opacity=1, depth=null, clipMask=null, boundingBox={"x":-0.493416243684506,"y":-0.19386227544910178,"~, text=Congrats! You win!

Please type the letter “y” if ~, alignHoriz=center, alignVert=center, flipHoriz=null, flipVert=null, font=Arial, height=0.05, wrapWidth=1, bold=null, italic=null, color=#FFFFFF, contrast=1 )
17.541375000029802	EXP	instText: units = height
17.541375000029802	EXP	instText: pos = [0,0]
17.541375000029802	EXP	instText: size = undefined
17.541375000029802	EXP	instText: ori = null
17.541375000029802	EXP	instText: opacity = 1
17.541375000029802	EXP	instText: depth = null
17.541375000029802	EXP	instText: clipMask = null
17.541375000029802	EXP	instText: boundingBox = {"x":0,"y":0,"width":0,"height":0,"type":1}
17.541375000029802	EXP	instText: text = In this game you will be asked to guess a random number from 1 to 10 (inclusive). 

Each time you guess, you will receive a hint. That hint will either tell you that your guess was too high or too low. You can use that feedback in your next turn. 

Please note that you must use the number row to type in guesses (not the number pad)! 

Press the space bar to continue...
17.541375000029802	EXP	instText: alignHoriz = center
17.541375000029802	EXP	instText: alignVert = center
17.541375000029802	EXP	instText: flipHoriz = null
17.541375000029802	EXP	instText: flipVert = null
17.541375000029802	EXP	instText: font = Arial
17.541375000029802	EXP	instText: height = 0.05
17.541375000029802	EXP	instText: wrapWidth = 1
17.541375000029802	EXP	instText: bold = null
17.541375000029802	EXP	instText: italic = null
17.541375000029802	EXP	instText: color = #FFFFFF
17.541375000029802	EXP	instText: contrast = 1
17.541375000029802	EXP	text_2: units = height
17.541375000029802	EXP	text_2: pos = [0,0]
17.541375000029802	EXP	text_2: size = undefined
17.541375000029802	EXP	text_2: ori = null
17.541375000029802	EXP	text_2: opacity = 1
17.541375000029802	EXP	text_2: depth = null
17.541375000029802	EXP	text_2: clipMask = null
17.541375000029802	EXP	text_2: boundingBox = {"x":0,"y":0,"width":0,"height":0,"type":1}
17.541375000029802	EXP	text_2: text = Type in your guess and press “enter” in order to submit that guess.

Your final score will be based on a combination of: 1) total time you took to submit each guess, and 2) the number of guesses it took for you to finally get the correct number. 

Press the space bar to start the game…

17.541375000029802	EXP	text_2: alignHoriz = center
17.541375000029802	EXP	text_2: alignVert = center
17.541375000029802	EXP	text_2: flipHoriz = null
17.541375000029802	EXP	text_2: flipVert = null
17.541375000029802	EXP	text_2: font = Arial
17.541375000029802	EXP	text_2: height = 0.05
17.541375000029802	EXP	text_2: wrapWidth = 1
17.541375000029802	EXP	text_2: bold = null
17.541375000029802	EXP	text_2: italic = null
17.541375000029802	EXP	text_2: color = #FFFFFF
17.541375000029802	EXP	text_2: contrast = 1
17.541375000029802	EXP	instr: units = height
17.541375000029802	EXP	instr: pos = [-0.2,0.2]
17.541375000029802	EXP	instr: size = undefined
17.541375000029802	EXP	instr: ori = null
17.541375000029802	EXP	instr: opacity = 1
17.541375000029802	EXP	instr: depth = null
17.541375000029802	EXP	instr: clipMask = null
17.541375000029802	EXP	instr: boundingBox = {"x":0,"y":0,"width":0,"height":0,"type":1}
17.541375000029802	EXP	instr: text = Type your guess below and press “enter” 
17.541375000029802	EXP	instr: alignHoriz = center
17.541375000029802	EXP	instr: alignVert = center
17.541375000029802	EXP	instr: flipHoriz = null
17.541375000029802	EXP	instr: flipVert = null
17.541375000029802	EXP	instr: font = Arial
17.541375000029802	EXP	instr: height = 0.05
17.541375000029802	EXP	instr: wrapWidth = 1
17.541375000029802	EXP	instr: bold = null
17.541375000029802	EXP	instr: italic = null
17.541375000029802	EXP	instr: color = #FFFFFF
17.541375000029802	EXP	instr: contrast = 1
17.541375000029802	EXP	text: units = height
17.541375000029802	EXP	text: pos = [0,0]
17.541375000029802	EXP	text: size = undefined
17.541375000029802	EXP	text: ori = null
17.541375000029802	EXP	text: opacity = 1
17.541375000029802	EXP	text: depth = -1
17.541375000029802	EXP	text: clipMask = null
17.541375000029802	EXP	text: boundingBox = {"x":0,"y":0,"width":0,"height":0,"type":1}
17.541375000029802	EXP	text: text = null
17.541375000029802	EXP	text: alignHoriz = center
17.541375000029802	EXP	text: alignVert = center
17.541375000029802	EXP	text: flipHoriz = null
17.541375000029802	EXP	text: flipVert = null
17.541375000029802	EXP	text: font = Arial
17.541375000029802	EXP	text: height = 0.1
17.541375000029802	EXP	text: wrapWidth = 1
17.541375000029802	EXP	text: bold = null
17.541375000029802	EXP	text: italic = null
17.541375000029802	EXP	text: color = #FFFFFF
17.541375000029802	EXP	text: contrast = 1
17.541375000029802	EXP	feedback: units = height
17.541375000029802	EXP	feedback: pos = [0,0.1]
17.541375000029802	EXP	feedback: size = undefined
17.541375000029802	EXP	feedback: ori = null
17.541375000029802	EXP	feedback: opacity = 1
17.541375000029802	EXP	feedback: depth = -2
17.541375000029802	EXP	feedback: clipMask = null
17.541375000029802	EXP	feedback: boundingBox = {"x":0,"y":0,"width":0,"height":0,"type":1}
17.541375000029802	EXP	feedback: text = null
17.541375000029802	EXP	feedback: alignHoriz = center
17.541375000029802	EXP	feedback: alignVert = center
17.541375000029802	EXP	feedback: flipHoriz = null
17.541375000029802	EXP	feedback: flipVert = null
17.541375000029802	EXP	feedback: font = Arial
17.541375000029802	EXP	feedback: height = 0.1
17.541375000029802	EXP	feedback: wrapWidth = 1
17.541375000029802	EXP	feedback: bold = null
17.541375000029802	EXP	feedback: italic = null
17.541375000029802	EXP	feedback: color = #FFFFFF
17.541375000029802	EXP	feedback: contrast = 1
17.541375000029802	EXP	game_over_text: units = height
17.541375000029802	EXP	game_over_text: pos = [0,0]
17.541375000029802	EXP	game_over_text: size = undefined
17.541375000029802	EXP	game_over_text: ori = null
17.541375000029802	EXP	game_over_text: opacity = 1
17.541375000029802	EXP	game_over_text: depth = null
17.541375000029802	EXP	game_over_text: clipMask = null
17.541375000029802	EXP	game_over_text: boundingBox = {"x":0,"y":0,"width":0,"height":0,"type":1}
17.541375000029802	EXP	game_over_text: text = Congrats! You win!

Please type the letter “y” if you are familiar with binary or bisection search. 
Type the letter “n” if you have never heard of or do not know what binary or bisection search is.
17.541375000029802	EXP	game_over_text: alignHoriz = center
17.541375000029802	EXP	game_over_text: alignVert = center
17.541375000029802	EXP	game_over_text: flipHoriz = null
17.541375000029802	EXP	game_over_text: flipVert = null
17.541375000029802	EXP	game_over_text: font = Arial
17.541375000029802	EXP	game_over_text: height = 0.05
17.541375000029802	EXP	game_over_text: wrapWidth = 1
17.541375000029802	EXP	game_over_text: bold = null
17.541375000029802	EXP	game_over_text: italic = null
17.541375000029802	EXP	game_over_text: color = #FFFFFF
17.541375000029802	EXP	game_over_text: contrast = 1
17.541375000029802	EXP	instText: autoDraw = true
27.753795000026003	DATA	Keydown:  
27.781705000030342	EXP	instText: autoDraw = null
27.781705000030342	EXP	text_2: autoDraw = true
33.580885000003036	DATA	Keydown:  
33.628185000037774	EXP	text_2: autoDraw = null
33.628185000037774	EXP	text: text = null
33.628185000037774	EXP	instr: autoDraw = true
33.628185000037774	EXP	text: autoDraw = true
33.628185000037774	EXP	feedback: autoDraw = true
36.028489999996964	DATA	Keydown: 5
36.046380000014324	EXP	text: text = 5
36.58964500000002	DATA	Keydown: Enter
36.618450000009034	EXP	feedback: text = Too high!
36.618450000009034	EXP	text: text = null
38.56299000000581	DATA	Keydown: 2
38.58825500000967	EXP	text: text = 2
38.94890499999747	DATA	Keydown: Enter
38.98129500000505	EXP	feedback: text = Too high!
38.98129500000505	EXP	text: text = null
40.075539999990724	DATA	Keydown: 1
40.08982500003185	EXP	text: text = 1
40.388904999999795	DATA	Keydown: Enter
40.42293000000063	EXP	instr: autoDraw = null
40.42293000000063	EXP	text: autoDraw = null
40.42293000000063	EXP	feedback: autoDraw = null
40.42293000000063	EXP	text: text = null
40.42293000000063	EXP	game_over_text: autoDraw = true
45.58663000003435	DATA	Keydown: y
