0.11208000002079643	EXP	Created Window = Window( name=Window, fullscr=true, color=#808080, units=height, waitBlanking=true, autoLog=true, size=[1280,604] )
4.2287300000025425	DATA	Keydown: Shift
4.390895000018645	DATA	Keydown: A
4.574355000018841	DATA	Keydown: u
4.761510000011185	DATA	Keydown: n
4.929680000001099	DATA	Keydown: t
5.113195000012638	DATA	Keydown:  
5.228449999995064	DATA	Keydown: Shift
5.341260000015609	DATA	Keydown: M
5.717330000014044	DATA	Keydown: B
6.2426200000045355	DATA	Keydown: '
6.376535000017611	DATA	Keydown: s
6.528760000015609	DATA	Keydown:  
6.928054999996675	DATA	Keydown: f
7.058900000003632	DATA	Keydown: a
7.2409500000067055	DATA	Keydown: v
7.408510000008391	DATA	Keydown: o
7.625555000005988	DATA	Keydown: r
7.858340000006137	DATA	Keydown: i
8.091505000018515	DATA	Keydown: t
8.258610000018962	DATA	Keydown: e
8.442685000016354	DATA	Keydown:  
8.527610000019195	DATA	Keydown: Shift
8.675275000015972	DATA	Keydown: N
9.293120000016643	DATA	Keydown: Backspace
9.75901999999769	DATA	Keydown: n
10.080780000018422	DATA	Keydown: i
10.209845000004862	DATA	Keydown: e
10.410405000002356	DATA	Keydown: c
10.57805000001099	DATA	Keydown: e
29.881359999999404	EXP	Created instText = TextStim( name=instText, win=Window( name=Window, fullscr=true, color=#808080, ~), autoDraw=null, autoLog=true, units=height, pos=[0,0], size=undefined, ori=null, opacity=1, depth=null, clipMask=null, boundingBox={"x":-0.4928204871171358,"y":-0.347682119205298,"w~, text=In this game you will be asked to guess a random n~, alignHoriz=center, alignVert=center, flipHoriz=null, flipVert=null, font=Arial, height=0.05, wrapWidth=1, bold=null, italic=null, color=#FFFFFF, contrast=1 )
29.883915000013076	EXP	Created text_2 = TextStim( name=text_2, win=Window( name=Window, fullscr=true, color=#808080, ~), autoDraw=null, autoLog=true, units=height, pos=[0,0], size=undefined, ori=null, opacity=1, depth=null, clipMask=null, boundingBox={"x":-0.49556100605339404,"y":-0.31870860927152317~, text=Type in your guess and press “enter” in order to s~, alignHoriz=center, alignVert=center, flipHoriz=null, flipVert=null, font=Arial, height=0.05, wrapWidth=1, bold=null, italic=null, color=#FFFFFF, contrast=1 )
29.885860000009416	EXP	Created instr = TextStim( name=instr, win=Window( name=Window, fullscr=true, color=#808080, ~), autoDraw=null, autoLog=true, units=height, pos=[-0.2,0.2], size=undefined, ori=null, opacity=1, depth=null, clipMask=null, boundingBox={"x":-0.6500150364755795,"y":0.17102649006622517,"~, text=Type your guess below and press “enter” , alignHoriz=center, alignVert=center, flipHoriz=null, flipVert=null, font=Arial, height=0.05, wrapWidth=1, bold=null, italic=null, color=#FFFFFF, contrast=1 )
29.913305000023684	EXP	Created text = TextStim( name=text, win=Window( name=Window, fullscr=true, color=#808080, ~), autoDraw=null, autoLog=true, units=height, pos=[0,0], size=undefined, ori=null, opacity=1, depth=-1, clipMask=null, boundingBox={"x":0,"y":-0.056291390728476824,"width":0,"height~, text=null, alignHoriz=center, alignVert=center, flipHoriz=null, flipVert=null, font=Arial, height=0.1, wrapWidth=1, bold=null, italic=null, color=#FFFFFF, contrast=1 )
29.91446500000893	EXP	Created feedback = TextStim( name=feedback, win=Window( name=Window, fullscr=true, color=#808080, ~), autoDraw=null, autoLog=true, units=height, pos=[0,0.1], size=undefined, ori=null, opacity=1, depth=-2, clipMask=null, boundingBox={"x":0,"y":0.04370860927152318,"width":0,"height":~, text=null, alignHoriz=center, alignVert=center, flipHoriz=null, flipVert=null, font=Arial, height=0.1, wrapWidth=1, bold=null, italic=null, color=#FFFFFF, contrast=1 )
29.91606000001775	EXP	Created game_over_text = TextStim( name=game_over_text, win=Window( name=Window, fullscr=true, color=#808080, ~), autoDraw=null, autoLog=true, units=height, pos=[0,0], size=undefined, ori=null, opacity=1, depth=null, clipMask=null, boundingBox={"x":-0.48868545633278143,"y":-0.20281456953642385~, text=Congrats! You win!

Please type the letter “y” if ~, alignHoriz=center, alignVert=center, flipHoriz=null, flipVert=null, font=Arial, height=0.05, wrapWidth=1, bold=null, italic=null, color=#FFFFFF, contrast=1 )
29.98727000001236	EXP	instText: units = height
29.98727000001236	EXP	instText: pos = [0,0]
29.98727000001236	EXP	instText: size = undefined
29.98727000001236	EXP	instText: ori = null
29.98727000001236	EXP	instText: opacity = 1
29.98727000001236	EXP	instText: depth = null
29.98727000001236	EXP	instText: clipMask = null
29.98727000001236	EXP	instText: boundingBox = {"x":0,"y":0,"width":0,"height":0,"type":1}
29.98727000001236	EXP	instText: text = In this game you will be asked to guess a random number from 1 to 1,000 (inclusive). 

Each time you guess, you will receive a hint. That hint will either tell you that your guess was too high or too low. You can use that feedback in your next turn. 

Please note that you must use the number row to type in guesses (not the number pad)! 

Press the space bar to continue...
29.98727000001236	EXP	instText: alignHoriz = center
29.98727000001236	EXP	instText: alignVert = center
29.98727000001236	EXP	instText: flipHoriz = null
29.98727000001236	EXP	instText: flipVert = null
29.98727000001236	EXP	instText: font = Arial
29.98727000001236	EXP	instText: height = 0.05
29.98727000001236	EXP	instText: wrapWidth = 1
29.98727000001236	EXP	instText: bold = null
29.98727000001236	EXP	instText: italic = null
29.98727000001236	EXP	instText: color = #FFFFFF
29.98727000001236	EXP	instText: contrast = 1
29.98727000001236	EXP	text_2: units = height
29.98727000001236	EXP	text_2: pos = [0,0]
29.98727000001236	EXP	text_2: size = undefined
29.98727000001236	EXP	text_2: ori = null
29.98727000001236	EXP	text_2: opacity = 1
29.98727000001236	EXP	text_2: depth = null
29.98727000001236	EXP	text_2: clipMask = null
29.98727000001236	EXP	text_2: boundingBox = {"x":0,"y":0,"width":0,"height":0,"type":1}
29.98727000001236	EXP	text_2: text = Type in your guess and press “enter” in order to submit that guess.

Your final score will be based on a combination of: 1) total time you took to submit each guess, and 2) the number of guesses it took for you to finally get the correct number. 

Press the space bar to start the game…

29.98727000001236	EXP	text_2: alignHoriz = center
29.98727000001236	EXP	text_2: alignVert = center
29.98727000001236	EXP	text_2: flipHoriz = null
29.98727000001236	EXP	text_2: flipVert = null
29.98727000001236	EXP	text_2: font = Arial
29.98727000001236	EXP	text_2: height = 0.05
29.98727000001236	EXP	text_2: wrapWidth = 1
29.98727000001236	EXP	text_2: bold = null
29.98727000001236	EXP	text_2: italic = null
29.98727000001236	EXP	text_2: color = #FFFFFF
29.98727000001236	EXP	text_2: contrast = 1
29.98727000001236	EXP	instr: units = height
29.98727000001236	EXP	instr: pos = [-0.2,0.2]
29.98727000001236	EXP	instr: size = undefined
29.98727000001236	EXP	instr: ori = null
29.98727000001236	EXP	instr: opacity = 1
29.98727000001236	EXP	instr: depth = null
29.98727000001236	EXP	instr: clipMask = null
29.98727000001236	EXP	instr: boundingBox = {"x":0,"y":0,"width":0,"height":0,"type":1}
29.98727000001236	EXP	instr: text = Type your guess below and press “enter” 
29.98727000001236	EXP	instr: alignHoriz = center
29.98727000001236	EXP	instr: alignVert = center
29.98727000001236	EXP	instr: flipHoriz = null
29.98727000001236	EXP	instr: flipVert = null
29.98727000001236	EXP	instr: font = Arial
29.98727000001236	EXP	instr: height = 0.05
29.98727000001236	EXP	instr: wrapWidth = 1
29.98727000001236	EXP	instr: bold = null
29.98727000001236	EXP	instr: italic = null
29.98727000001236	EXP	instr: color = #FFFFFF
29.98727000001236	EXP	instr: contrast = 1
29.98727000001236	EXP	text: units = height
29.98727000001236	EXP	text: pos = [0,0]
29.98727000001236	EXP	text: size = undefined
29.98727000001236	EXP	text: ori = null
29.98727000001236	EXP	text: opacity = 1
29.98727000001236	EXP	text: depth = -1
29.98727000001236	EXP	text: clipMask = null
29.98727000001236	EXP	text: boundingBox = {"x":0,"y":0,"width":0,"height":0,"type":1}
29.98727000001236	EXP	text: text = null
29.98727000001236	EXP	text: alignHoriz = center
29.98727000001236	EXP	text: alignVert = center
29.98727000001236	EXP	text: flipHoriz = null
29.98727000001236	EXP	text: flipVert = null
29.98727000001236	EXP	text: font = Arial
29.98727000001236	EXP	text: height = 0.1
29.98727000001236	EXP	text: wrapWidth = 1
29.98727000001236	EXP	text: bold = null
29.98727000001236	EXP	text: italic = null
29.98727000001236	EXP	text: color = #FFFFFF
29.98727000001236	EXP	text: contrast = 1
29.98727000001236	EXP	feedback: units = height
29.98727000001236	EXP	feedback: pos = [0,0.1]
29.98727000001236	EXP	feedback: size = undefined
29.98727000001236	EXP	feedback: ori = null
29.98727000001236	EXP	feedback: opacity = 1
29.98727000001236	EXP	feedback: depth = -2
29.98727000001236	EXP	feedback: clipMask = null
29.98727000001236	EXP	feedback: boundingBox = {"x":0,"y":0,"width":0,"height":0,"type":1}
29.98727000001236	EXP	feedback: text = null
29.98727000001236	EXP	feedback: alignHoriz = center
29.98727000001236	EXP	feedback: alignVert = center
29.98727000001236	EXP	feedback: flipHoriz = null
29.98727000001236	EXP	feedback: flipVert = null
29.98727000001236	EXP	feedback: font = Arial
29.98727000001236	EXP	feedback: height = 0.1
29.98727000001236	EXP	feedback: wrapWidth = 1
29.98727000001236	EXP	feedback: bold = null
29.98727000001236	EXP	feedback: italic = null
29.98727000001236	EXP	feedback: color = #FFFFFF
29.98727000001236	EXP	feedback: contrast = 1
29.98727000001236	EXP	game_over_text: units = height
29.98727000001236	EXP	game_over_text: pos = [0,0]
29.98727000001236	EXP	game_over_text: size = undefined
29.98727000001236	EXP	game_over_text: ori = null
29.98727000001236	EXP	game_over_text: opacity = 1
29.98727000001236	EXP	game_over_text: depth = null
29.98727000001236	EXP	game_over_text: clipMask = null
29.98727000001236	EXP	game_over_text: boundingBox = {"x":0,"y":0,"width":0,"height":0,"type":1}
29.98727000001236	EXP	game_over_text: text = Congrats! You win!

Please type the letter “y” if you are familiar with binary or bisection search. 
Type the letter “n” if you have never heard of or do not know what binary or bisection search is.
29.98727000001236	EXP	game_over_text: alignHoriz = center
29.98727000001236	EXP	game_over_text: alignVert = center
29.98727000001236	EXP	game_over_text: flipHoriz = null
29.98727000001236	EXP	game_over_text: flipVert = null
29.98727000001236	EXP	game_over_text: font = Arial
29.98727000001236	EXP	game_over_text: height = 0.05
29.98727000001236	EXP	game_over_text: wrapWidth = 1
29.98727000001236	EXP	game_over_text: bold = null
29.98727000001236	EXP	game_over_text: italic = null
29.98727000001236	EXP	game_over_text: color = #FFFFFF
29.98727000001236	EXP	game_over_text: contrast = 1
29.98727000001236	EXP	instText: autoDraw = true
39.704690000013215	DATA	Keydown:  
39.72215499999584	EXP	instText: autoDraw = null
39.72215499999584	EXP	text_2: autoDraw = true
51.67766499999561	DATA	Keydown:  
51.70603500001016	EXP	text_2: autoDraw = null
51.70603500001016	EXP	text: text = null
51.70603500001016	EXP	instr: autoDraw = true
51.70603500001016	EXP	text: autoDraw = true
51.70603500001016	EXP	feedback: autoDraw = true
53.356930000009015	DATA	Keydown: 6
53.37051999999676	EXP	text: text = 6
53.64454500001739	DATA	Keydown: 9
53.65314999999828	EXP	text: text = 69
53.889580000017304	DATA	Keydown: Enter
53.906875000015134	EXP	feedback: text = Too low!
53.906875000015134	EXP	text: text = null
55.39261500001885	DATA	Keydown: 7
55.40741000001435	EXP	text: text = 7
55.64455500000622	DATA	Keydown: 0
55.657895000011194	EXP	text: text = 70
55.79152500000782	DATA	Keydown: 0
55.80793000000995	EXP	text: text = 700
56.00837500000489	DATA	Keydown: Enter
56.024720000015805	EXP	feedback: text = Too high!
56.024720000015805	EXP	text: text = null
58.94862500001909	DATA	Keydown: 4
58.95856500000809	EXP	text: text = 4
59.24412499999744	DATA	Keydown: 2
59.256829999998445	EXP	text: text = 42
59.684754999994766	DATA	Keydown: 0
59.68922500000917	EXP	text: text = 420
59.926030000002356	DATA	Keydown: Enter
59.94281500001671	EXP	feedback: text = Too high!
59.94281500001671	EXP	text: text = null
62.59408999999869	DATA	Keydown: 1
62.60755000001518	EXP	text: text = 1
63.20471499999985	DATA	Keydown: 5
63.21103000000585	EXP	text: text = 15
63.60478000002331	DATA	Keydown: 0
63.6110800000024	EXP	text: text = 150
63.79604000001564	DATA	Keydown: Enter
63.8126850000117	EXP	instr: autoDraw = null
63.8126850000117	EXP	text: autoDraw = null
63.8126850000117	EXP	feedback: autoDraw = null
63.8126850000117	EXP	text: text = null
63.8126850000117	EXP	game_over_text: autoDraw = true
79.12012500001583	DATA	Keydown: n
