0.13187499999912689	EXP	Created Window = Window( name=Window, fullscr=true, color=#808080, units=height, waitBlanking=true, autoLog=true, size=[1280,642] )
4.545089999999618	DATA	Keydown: b
4.688249999999243	DATA	Keydown: r
4.982849999996688	DATA	Keydown: a
5.051804999999149	DATA	Keydown: n
5.449569999997038	DATA	Keydown: Meta
5.5001199999969685	DATA	Keydown: a
5.804674999999406	DATA	Keydown: Shift
5.924509999997099	DATA	Keydown: B
6.255574999999226	DATA	Keydown: r
6.591119999997318	DATA	Keydown: a
6.7495749999980035	DATA	Keydown: n
6.899669999998878	DATA	Keydown: d
6.971299999997427	DATA	Keydown: o
7.145590000000084	DATA	Keydown: n
113.28568999999698	EXP	Created instText = TextStim( name=instText, win=Window( name=Window, fullscr=true, color=#808080, ~), autoDraw=null, autoLog=true, units=height, pos=[0,0], size=undefined, ori=null, opacity=1, depth=null, clipMask=null, boundingBox={"x":-0.49456045560747663,"y":-0.40342679127725856~, text=In this game you will be asked to guess a random n~, alignHoriz=center, alignVert=center, flipHoriz=null, flipVert=null, font=Arial, height=0.05, wrapWidth=1, bold=null, italic=null, color=#FFFFFF, contrast=1 )
113.3076149999979	EXP	Created text_2 = TextStim( name=text_2, win=Window( name=Window, fullscr=true, color=#808080, ~), autoDraw=null, autoLog=true, units=height, pos=[0,0], size=undefined, ori=null, opacity=1, depth=null, clipMask=null, boundingBox={"x":-0.4973106503115265,"y":-0.31697819314641745,~, text=Type in your guess and press “enter” in order to s~, alignHoriz=center, alignVert=center, flipHoriz=null, flipVert=null, font=Arial, height=0.05, wrapWidth=1, bold=null, italic=null, color=#FFFFFF, contrast=1 )
113.32287999999971	EXP	Created instr = TextStim( name=instr, win=Window( name=Window, fullscr=true, color=#808080, ~), autoDraw=null, autoLog=true, units=height, pos=[-0.2,0.2], size=undefined, ori=null, opacity=1, depth=null, clipMask=null, boundingBox={"x":-0.6516038746105919,"y":0.17118380062305297,"~, text=Type your guess below and press “enter” , alignHoriz=center, alignVert=center, flipHoriz=null, flipVert=null, font=Arial, height=0.05, wrapWidth=1, bold=null, italic=null, color=#FFFFFF, contrast=1 )
113.39464999999836	EXP	Created text = TextStim( name=text, win=Window( name=Window, fullscr=true, color=#808080, ~), autoDraw=null, autoLog=true, units=height, pos=[0,0], size=undefined, ori=null, opacity=1, depth=-1, clipMask=null, boundingBox={"x":0,"y":-0.056074766355140186,"width":0,"height~, text=null, alignHoriz=center, alignVert=center, flipHoriz=null, flipVert=null, font=Arial, height=0.1, wrapWidth=1, bold=null, italic=null, color=#FFFFFF, contrast=1 )
113.396719999997	EXP	Created feedback = TextStim( name=feedback, win=Window( name=Window, fullscr=true, color=#808080, ~), autoDraw=null, autoLog=true, units=height, pos=[0,0.1], size=undefined, ori=null, opacity=1, depth=-2, clipMask=null, boundingBox={"x":0,"y":0.04392523364485982,"width":0,"height":~, text=null, alignHoriz=center, alignVert=center, flipHoriz=null, flipVert=null, font=Arial, height=0.1, wrapWidth=1, bold=null, italic=null, color=#FFFFFF, contrast=1 )
113.39914499999941	EXP	Created game_over_text = TextStim( name=game_over_text, win=Window( name=Window, fullscr=true, color=#808080, ~), autoDraw=null, autoLog=true, units=height, pos=[0,0], size=undefined, ori=null, opacity=1, depth=null, clipMask=null, boundingBox={"x":-0.49041082554517135,"y":-0.20171339563862928~, text=Congrats! You win!

Please type the letter “y” if ~, alignHoriz=center, alignVert=center, flipHoriz=null, flipVert=null, font=Arial, height=0.05, wrapWidth=1, bold=null, italic=null, color=#FFFFFF, contrast=1 )
113.58329499999672	EXP	instText: units = height
113.58329499999672	EXP	instText: pos = [0,0]
113.58329499999672	EXP	instText: size = undefined
113.58329499999672	EXP	instText: ori = null
113.58329499999672	EXP	instText: opacity = 1
113.58329499999672	EXP	instText: depth = null
113.58329499999672	EXP	instText: clipMask = null
113.58329499999672	EXP	instText: boundingBox = {"x":0,"y":0,"width":0,"height":0,"type":1}
113.58329499999672	EXP	instText: text = In this game you will be asked to guess a random number from 1 to 100,000 (inclusive). 

Each time you guess, you will receive a hint. That hint will either tell you that your guess was too high or too low. You can use that feedback in your next turn. 

Please note that you must use the number row to type in guesses (not the number pad)! 

Press the space bar to continue...
113.58329499999672	EXP	instText: alignHoriz = center
113.58329499999672	EXP	instText: alignVert = center
113.58329499999672	EXP	instText: flipHoriz = null
113.58329499999672	EXP	instText: flipVert = null
113.58329499999672	EXP	instText: font = Arial
113.58329499999672	EXP	instText: height = 0.05
113.58329499999672	EXP	instText: wrapWidth = 1
113.58329499999672	EXP	instText: bold = null
113.58329499999672	EXP	instText: italic = null
113.58329499999672	EXP	instText: color = #FFFFFF
113.58329499999672	EXP	instText: contrast = 1
113.58329499999672	EXP	text_2: units = height
113.58329499999672	EXP	text_2: pos = [0,0]
113.58329499999672	EXP	text_2: size = undefined
113.58329499999672	EXP	text_2: ori = null
113.58329499999672	EXP	text_2: opacity = 1
113.58329499999672	EXP	text_2: depth = null
113.58329499999672	EXP	text_2: clipMask = null
113.58329499999672	EXP	text_2: boundingBox = {"x":0,"y":0,"width":0,"height":0,"type":1}
113.58329499999672	EXP	text_2: text = Type in your guess and press “enter” in order to submit that guess.

Your final score will be based on a combination of: 1) total time you took to submit each guess, and 2) the number of guesses it took for you to finally get the correct number. 

Press the space bar to start the game…

113.58329499999672	EXP	text_2: alignHoriz = center
113.58329499999672	EXP	text_2: alignVert = center
113.58329499999672	EXP	text_2: flipHoriz = null
113.58329499999672	EXP	text_2: flipVert = null
113.58329499999672	EXP	text_2: font = Arial
113.58329499999672	EXP	text_2: height = 0.05
113.58329499999672	EXP	text_2: wrapWidth = 1
113.58329499999672	EXP	text_2: bold = null
113.58329499999672	EXP	text_2: italic = null
113.58329499999672	EXP	text_2: color = #FFFFFF
113.58329499999672	EXP	text_2: contrast = 1
113.58329499999672	EXP	instr: units = height
113.58329499999672	EXP	instr: pos = [-0.2,0.2]
113.58329499999672	EXP	instr: size = undefined
113.58329499999672	EXP	instr: ori = null
113.58329499999672	EXP	instr: opacity = 1
113.58329499999672	EXP	instr: depth = null
113.58329499999672	EXP	instr: clipMask = null
113.58329499999672	EXP	instr: boundingBox = {"x":0,"y":0,"width":0,"height":0,"type":1}
113.58329499999672	EXP	instr: text = Type your guess below and press “enter” 
113.58329499999672	EXP	instr: alignHoriz = center
113.58329499999672	EXP	instr: alignVert = center
113.58329499999672	EXP	instr: flipHoriz = null
113.58329499999672	EXP	instr: flipVert = null
113.58329499999672	EXP	instr: font = Arial
113.58329499999672	EXP	instr: height = 0.05
113.58329499999672	EXP	instr: wrapWidth = 1
113.58329499999672	EXP	instr: bold = null
113.58329499999672	EXP	instr: italic = null
113.58329499999672	EXP	instr: color = #FFFFFF
113.58329499999672	EXP	instr: contrast = 1
113.58329499999672	EXP	text: units = height
113.58329499999672	EXP	text: pos = [0,0]
113.58329499999672	EXP	text: size = undefined
113.58329499999672	EXP	text: ori = null
113.58329499999672	EXP	text: opacity = 1
113.58329499999672	EXP	text: depth = -1
113.58329499999672	EXP	text: clipMask = null
113.58329499999672	EXP	text: boundingBox = {"x":0,"y":0,"width":0,"height":0,"type":1}
113.58329499999672	EXP	text: text = null
113.58329499999672	EXP	text: alignHoriz = center
113.58329499999672	EXP	text: alignVert = center
113.58329499999672	EXP	text: flipHoriz = null
113.58329499999672	EXP	text: flipVert = null
113.58329499999672	EXP	text: font = Arial
113.58329499999672	EXP	text: height = 0.1
113.58329499999672	EXP	text: wrapWidth = 1
113.58329499999672	EXP	text: bold = null
113.58329499999672	EXP	text: italic = null
113.58329499999672	EXP	text: color = #FFFFFF
113.58329499999672	EXP	text: contrast = 1
113.58329499999672	EXP	feedback: units = height
113.58329499999672	EXP	feedback: pos = [0,0.1]
113.58329499999672	EXP	feedback: size = undefined
113.58329499999672	EXP	feedback: ori = null
113.58329499999672	EXP	feedback: opacity = 1
113.58329499999672	EXP	feedback: depth = -2
113.58329499999672	EXP	feedback: clipMask = null
113.58329499999672	EXP	feedback: boundingBox = {"x":0,"y":0,"width":0,"height":0,"type":1}
113.58329499999672	EXP	feedback: text = null
113.58329499999672	EXP	feedback: alignHoriz = center
113.58329499999672	EXP	feedback: alignVert = center
113.58329499999672	EXP	feedback: flipHoriz = null
113.58329499999672	EXP	feedback: flipVert = null
113.58329499999672	EXP	feedback: font = Arial
113.58329499999672	EXP	feedback: height = 0.1
113.58329499999672	EXP	feedback: wrapWidth = 1
113.58329499999672	EXP	feedback: bold = null
113.58329499999672	EXP	feedback: italic = null
113.58329499999672	EXP	feedback: color = #FFFFFF
113.58329499999672	EXP	feedback: contrast = 1
113.58329499999672	EXP	game_over_text: units = height
113.58329499999672	EXP	game_over_text: pos = [0,0]
113.58329499999672	EXP	game_over_text: size = undefined
113.58329499999672	EXP	game_over_text: ori = null
113.58329499999672	EXP	game_over_text: opacity = 1
113.58329499999672	EXP	game_over_text: depth = null
113.58329499999672	EXP	game_over_text: clipMask = null
113.58329499999672	EXP	game_over_text: boundingBox = {"x":0,"y":0,"width":0,"height":0,"type":1}
113.58329499999672	EXP	game_over_text: text = Congrats! You win!

Please type the letter “y” if you are familiar with binary or bisection search. 
Type the letter “n” if you have never heard of or do not know what binary or bisection search is.
113.58329499999672	EXP	game_over_text: alignHoriz = center
113.58329499999672	EXP	game_over_text: alignVert = center
113.58329499999672	EXP	game_over_text: flipHoriz = null
113.58329499999672	EXP	game_over_text: flipVert = null
113.58329499999672	EXP	game_over_text: font = Arial
113.58329499999672	EXP	game_over_text: height = 0.05
113.58329499999672	EXP	game_over_text: wrapWidth = 1
113.58329499999672	EXP	game_over_text: bold = null
113.58329499999672	EXP	game_over_text: italic = null
113.58329499999672	EXP	game_over_text: color = #FFFFFF
113.58329499999672	EXP	game_over_text: contrast = 1
113.58329499999672	EXP	instText: autoDraw = true
117.16444999999658	DATA	Mouse: 0 button down, pos=(854.38671875,589.9609375)
117.16613499999949	DATA	Mouse: 0 button down, pos=(854.38671875,589.9609375)
227.90229499999987	DATA	Keydown:  
227.9381149999972	EXP	instText: autoDraw = null
227.9381149999972	EXP	text_2: autoDraw = true
236.6481399999975	DATA	Keydown:  
236.7037449999989	EXP	text_2: autoDraw = null
236.7037449999989	EXP	text: text = null
236.7037449999989	EXP	instr: autoDraw = true
236.7037449999989	EXP	text: autoDraw = true
236.7037449999989	EXP	feedback: autoDraw = true
238.90511999999944	DATA	Keydown: 6
238.92007000000012	EXP	text: text = 6
239.00534999999945	DATA	Keydown: 0
239.02052999999796	EXP	text: text = 60
239.4570449999992	DATA	Keydown: 0
239.4707899999994	EXP	text: text = 600
239.68886500000008	DATA	Keydown: 0
239.704179999997	EXP	text: text = 6000
239.90533499999947	DATA	Keydown: 0
239.9205699999984	EXP	text: text = 60000
240.43892499999856	DATA	Keydown: Enter
240.45446999999695	EXP	feedback: text = Too low!
240.45446999999695	EXP	text: text = null
243.4741049999975	DATA	Keydown: 9
243.48275999999896	EXP	text: text = 9
243.75995499999772	DATA	Keydown: 0
243.78059500000018	EXP	text: text = 90
244.14143999999942	DATA	Keydown: 0
244.1558299999997	EXP	text: text = 900
244.34117499999775	DATA	Keydown: 0
244.3570299999992	EXP	text: text = 9000
244.50727499999994	DATA	Keydown: 0
244.5228799999968	EXP	text: text = 90000
244.95738499999788	DATA	Keydown: Enter
244.97358499999973	EXP	feedback: text = Too high!
244.97358499999973	EXP	text: text = null
253.07066499999928	DATA	Keydown: 7
253.0943249999982	EXP	text: text = 7
253.46299999999974	DATA	Keydown: 5
253.47719999999754	EXP	text: text = 75
253.7790849999983	DATA	Keydown: 0
253.79541499999686	EXP	text: text = 750
254.0792799999981	DATA	Keydown: 0
254.0949449999971	EXP	text: text = 7500
254.3127999999997	DATA	Keydown: 0
254.32735499999762	EXP	text: text = 75000
255.01220999999714	DATA	Keydown: Enter
255.0281099999993	EXP	feedback: text = Too low!
255.0281099999993	EXP	text: text = null
261.2657199999994	DATA	Keydown: 8
261.2811599999987	EXP	text: text = 8
261.76561999999825	DATA	Keydown: 2
261.7811699999984	EXP	text: text = 82
261.86524499999723	DATA	Keydown: 0
261.88106499999776	EXP	text: text = 820
262.050475	DATA	Keydown: 0
262.05794499999683	EXP	text: text = 8200
262.2162749999989	DATA	Keydown: 0
262.231029999999	EXP	text: text = 82000
262.56660999999804	DATA	Keydown: Enter
262.58134999999675	EXP	feedback: text = Too low!
262.58134999999675	EXP	text: text = null
268.1852699999981	DATA	Keydown: 8
268.2009399999988	EXP	text: text = 8
269.5198199999977	DATA	Keydown: 6
269.5355249999994	EXP	text: text = 86
269.6210699999974	DATA	Keydown: 0
269.6355549999971	EXP	text: text = 860
270.1190549999992	DATA	Keydown: Backspace
270.1355199999998	EXP	text: text = 86
270.25257999999667	DATA	Keydown: Backspace
270.2686849999991	EXP	text: text = 8
270.3364499999989	DATA	Keydown: 5
270.3525649999974	EXP	text: text = 85
270.6043149999968	DATA	Keydown: 5
270.6117699999995	EXP	text: text = 855
270.8532149999992	DATA	Keydown: 0
270.8688049999982	EXP	text: text = 8550
271.1867749999983	DATA	Keydown: 0
271.202664999997	EXP	text: text = 85500
271.45377499999813	DATA	Keydown: Enter
271.4688799999967	EXP	feedback: text = Too high!
271.4688799999967	EXP	text: text = null
273.34002999999933	DATA	Keydown: 8
273.35326999999955	EXP	text: text = 8
274.0395599999974	DATA	Keydown: 3
274.057464999998	EXP	text: text = 83
274.3182349999989	DATA	Keydown: 5
274.33710999999676	EXP	text: text = 835
274.373055	DATA	Keydown: 0
274.38778499999904	EXP	text: text = 8350
274.5386549999967	DATA	Keydown: 0
274.54800499999686	EXP	text: text = 83500
274.82236999999805	DATA	Keydown: Enter
274.8376149999968	EXP	feedback: text = Too high!
274.8376149999968	EXP	text: text = null
278.3569899999966	DATA	Keydown: 8
278.3725399999967	EXP	text: text = 8
278.6573599999975	DATA	Keydown: 3
278.6720999999998	EXP	text: text = 83
278.7574399999976	DATA	Keydown: 0
278.7727099999974	EXP	text: text = 830
278.94104499999963	DATA	Keydown: 0
278.9553799999995	EXP	text: text = 8300
279.09237999999823	DATA	Keydown: 0
279.1063499999982	EXP	text: text = 83000
279.8759549999995	DATA	Keydown: Enter
279.889905	EXP	feedback: text = Too low!
279.889905	EXP	text: text = null
282.74244999999786	DATA	Keydown: 8
282.7574399999976	EXP	text: text = 8
282.95926499999774	DATA	Keydown: 3
282.97449499999857	EXP	text: text = 83
283.6448949999976	DATA	Keydown: 2
283.65829499999745	EXP	text: text = 832
283.8429999999971	DATA	Keydown: 5
283.8583049999979	EXP	text: text = 8325
283.95952499999845	DATA	Keydown: 0
283.97514499999664	EXP	text: text = 83250
284.21004499999987	DATA	Keydown: Enter
284.2258349999974	EXP	feedback: text = Too low!
284.2258349999974	EXP	text: text = null
285.0282299999999	DATA	Keydown: 8
285.04377499999833	EXP	text: text = 8
285.6437299999998	DATA	Keydown: 3
285.6593049999974	EXP	text: text = 83
287.19422499999934	DATA	Keydown: 4
287.20953999999983	EXP	text: text = 834
287.3612899999971	DATA	Keydown: 5
287.3766949999991	EXP	text: text = 8345
287.42795499999914	DATA	Keydown: 0
287.4432349999989	EXP	text: text = 83450
288.0125899999985	DATA	Keydown: Enter
288.0209649999997	EXP	feedback: text = Too high!
288.0209649999997	EXP	text: text = null
288.75031499999756	DATA	Keydown: 8
288.7614549999999	EXP	text: text = 8
288.94500999999946	DATA	Keydown: 3
288.95378999999963	EXP	text: text = 83
289.7290649999995	DATA	Keydown: 4
289.74417999999787	EXP	text: text = 834
289.8792299999986	DATA	Keydown: 0
289.89417499999763	EXP	text: text = 8340
290.0464249999968	DATA	Keydown: 0
290.062114999997	EXP	text: text = 83400
290.3121449999999	DATA	Keydown: Enter
290.3280199999972	EXP	feedback: text = Too low!
290.3280199999972	EXP	text: text = null
293.165144999999	DATA	Keydown: 8
293.17910499999925	EXP	text: text = 8
293.26353499999817	DATA	Keydown: 3
293.2795899999982	EXP	text: text = 83
293.5140799999972	DATA	Keydown: 4
293.52979999999656	EXP	text: text = 834
294.24829999999923	DATA	Keydown: 2
294.26395499999853	EXP	text: text = 8342
294.316139999999	DATA	Keydown: 0
294.3297050000001	EXP	text: text = 83420
294.7654299999995	DATA	Keydown: Enter
294.780789999997	EXP	feedback: text = Too low!
294.780789999997	EXP	text: text = null
295.99220999999676	DATA	Keydown: 4
296.0138249999982	EXP	text: text = 4
296.66902999999724	DATA	Keydown: Backspace
296.68141499999916	EXP	text: text = null
296.90047499999855	DATA	Keydown: 8
296.9142449999999	EXP	text: text = 8
296.96475499999724	DATA	Keydown: 3
296.97401499999984	EXP	text: text = 83
298.0846599999968	DATA	Keydown: 4
298.0985349999974	EXP	text: text = 834
298.4837499999995	DATA	Keydown: 4
298.498174999997	EXP	text: text = 8344
301.53494499999937	DATA	Keydown: 4
301.550475	EXP	text: text = 83444
301.79493	DATA	Keydown: Enter
301.81684999999925	EXP	feedback: text = Too low!
301.81684999999925	EXP	text: text = null
302.7348599999969	DATA	Keydown: 8
302.7504099999969	EXP	text: text = 8
302.9856499999987	DATA	Keydown: 3
303.00022999999777	EXP	text: text = 83
304.3690749999987	DATA	Keydown: 4
304.38427499999665	EXP	text: text = 834
306.3222649999989	DATA	Keydown: 4
306.3354849999996	EXP	text: text = 8344
306.72048499999806	DATA	Keydown: 6
306.7373649999972	EXP	text: text = 83446
306.970054999998	DATA	Keydown: Enter
306.98648499999763	EXP	feedback: text = Too high!
306.98648499999763	EXP	text: text = null
308.6879300000001	DATA	Keydown: 8
308.6966399999983	EXP	text: text = 8
308.82089499999717	DATA	Keydown: 3
308.83683999999994	EXP	text: text = 83
309.0550399999992	DATA	Keydown: 4
309.0701449999978	EXP	text: text = 834
309.2379449999971	DATA	Keydown: 4
309.25375999999955	EXP	text: text = 8344
309.3714	DATA	Keydown: 5
309.3868349999976	EXP	text: text = 83445
309.5215699999972	DATA	Keydown: Enter
309.55458	EXP	instr: autoDraw = null
309.55458	EXP	text: autoDraw = null
309.55458	EXP	feedback: autoDraw = null
309.55458	EXP	text: text = null
309.55458	EXP	game_over_text: autoDraw = true
358.07235499999666	DATA	Keydown: n
360.01595999999694	DATA	Keydown: Meta
