0.061	EXP	Created Window = Window( name=Window, fullscr=true, color=#808080, units=height, waitBlanking=true, autoLog=true, size=[1704,897] )
18.927	DATA	Keydown: Shift
22.973	DATA	Keydown: Shift
26.826	DATA	Keydown: Shift
27.837	DATA	Keydown: Shift
36.322	DATA	Keydown: Shift
36.51	DATA	Keydown: P
36.746	DATA	Keydown: S
39.121	DATA	Keydown: Backspace
40.593	DATA	Keydown: Backspace
40.778	DATA	Keydown: Shift
40.873	DATA	Keydown: G
40.994	DATA	Keydown: u
41.12	DATA	Keydown: e
41.672000000000004	DATA	Keydown: Backspace
41.814	DATA	Keydown: Backspace
41.972	DATA	Keydown: Backspace
42.155	DATA	Keydown: Backspace
42.678000000000004	DATA	Keydown: g
42.794000000000004	DATA	Keydown: u
42.895	DATA	Keydown: e
43.022	DATA	Keydown: s
43.120000000000005	DATA	Keydown: t
46.673	EXP	Created instText = TextStim( name=instText, win=Window( name=Window, fullscr=true, color=#808080, ~), autoDraw=null, autoLog=true, units=height, pos=[0,0], size=undefined, ori=null, opacity=1, depth=null, clipMask=null, boundingBox={"x":-0.49776517427884615,"y":-0.3979933110367893,~, text=In this game you will be asked to guess a random n~, alignHoriz=center, alignVert=center, flipHoriz=null, flipVert=null, font=Arial, height=0.05, wrapWidth=1, bold=null, italic=null, color=#FFFFFF, contrast=1 )
46.675000000000004	EXP	Created text_2 = TextStim( name=text_2, win=Window( name=Window, fullscr=true, color=#808080, ~), autoDraw=null, autoLog=true, units=height, pos=[0,0], size=undefined, ori=null, opacity=1, depth=null, clipMask=null, boundingBox={"x":-0.4559509889736622,"y":-0.31270903010033446,~, text=Type in your guess and press “enter” in order to s~, alignHoriz=center, alignVert=center, flipHoriz=null, flipVert=null, font=Arial, height=0.05, wrapWidth=1, bold=null, italic=null, color=#FFFFFF, contrast=1 )
46.676	EXP	Created instr = TextStim( name=instr, win=Window( name=Window, fullscr=true, color=#808080, ~), autoDraw=null, autoLog=true, units=height, pos=[-0.2,0.2], size=undefined, ori=null, opacity=1, depth=null, clipMask=null, boundingBox={"x":-0.6545302375104516,"y":0.17157190635451505,"~, text=Type your guess below and press “enter” , alignHoriz=center, alignVert=center, flipHoriz=null, flipVert=null, font=Arial, height=0.05, wrapWidth=1, bold=null, italic=null, color=#FFFFFF, contrast=1 )
46.679	EXP	Created text = TextStim( name=text, win=Window( name=Window, fullscr=true, color=#808080, ~), autoDraw=null, autoLog=true, units=height, pos=[0,0], size=undefined, ori=null, opacity=1, depth=-1, clipMask=null, boundingBox={"x":0,"y":-0.05629877369007804,"width":0,"height"~, text=null, alignHoriz=center, alignVert=center, flipHoriz=null, flipVert=null, font=Arial, height=0.1, wrapWidth=1, bold=null, italic=null, color=#FFFFFF, contrast=1 )
46.679	EXP	Created feedback = TextStim( name=feedback, win=Window( name=Window, fullscr=true, color=#808080, ~), autoDraw=null, autoLog=true, units=height, pos=[0,0.1], size=undefined, ori=null, opacity=1, depth=-2, clipMask=null, boundingBox={"x":0,"y":0.043701226309921966,"width":0,"height"~, text=null, alignHoriz=center, alignVert=center, flipHoriz=null, flipVert=null, font=Arial, height=0.1, wrapWidth=1, bold=null, italic=null, color=#FFFFFF, contrast=1 )
46.68	EXP	Created game_over_text = TextStim( name=game_over_text, win=Window( name=Window, fullscr=true, color=#808080, ~), autoDraw=null, autoLog=true, units=height, pos=[0,0], size=undefined, ori=null, opacity=1, depth=null, clipMask=null, boundingBox={"x":-0.4935886548913043,"y":-0.19899665551839466,~, text=Congrats! You win!

Please type the letter “y” if ~, alignHoriz=center, alignVert=center, flipHoriz=null, flipVert=null, font=Arial, height=0.05, wrapWidth=1, bold=null, italic=null, color=#FFFFFF, contrast=1 )
46.731	EXP	instText: units = height
46.731	EXP	instText: pos = [0,0]
46.731	EXP	instText: size = undefined
46.731	EXP	instText: ori = null
46.731	EXP	instText: opacity = 1
46.731	EXP	instText: depth = null
46.731	EXP	instText: clipMask = null
46.731	EXP	instText: boundingBox = {"x":0,"y":0,"width":0,"height":0,"type":1}
46.731	EXP	instText: text = In this game you will be asked to guess a random number from 1 to 100,000 (inclusive). 

Each time you guess, you will receive a hint. That hint will either tell you that your guess was too high or too low. You can use that feedback in your next turn. 

Please note that you must use the number row to type in guesses (not the number pad)! 

Press the space bar to continue...
46.731	EXP	instText: alignHoriz = center
46.731	EXP	instText: alignVert = center
46.731	EXP	instText: flipHoriz = null
46.731	EXP	instText: flipVert = null
46.731	EXP	instText: font = Arial
46.731	EXP	instText: height = 0.05
46.731	EXP	instText: wrapWidth = 1
46.731	EXP	instText: bold = null
46.731	EXP	instText: italic = null
46.731	EXP	instText: color = #FFFFFF
46.731	EXP	instText: contrast = 1
46.731	EXP	text_2: units = height
46.731	EXP	text_2: pos = [0,0]
46.731	EXP	text_2: size = undefined
46.731	EXP	text_2: ori = null
46.731	EXP	text_2: opacity = 1
46.731	EXP	text_2: depth = null
46.731	EXP	text_2: clipMask = null
46.731	EXP	text_2: boundingBox = {"x":0,"y":0,"width":0,"height":0,"type":1}
46.731	EXP	text_2: text = Type in your guess and press “enter” in order to submit that guess.

Your final score will be based on a combination of: 1) total time you took to submit each guess, and 2) the number of guesses it took for you to finally get the correct number. 

Press the space bar to start the game…

46.731	EXP	text_2: alignHoriz = center
46.731	EXP	text_2: alignVert = center
46.731	EXP	text_2: flipHoriz = null
46.731	EXP	text_2: flipVert = null
46.731	EXP	text_2: font = Arial
46.731	EXP	text_2: height = 0.05
46.731	EXP	text_2: wrapWidth = 1
46.731	EXP	text_2: bold = null
46.731	EXP	text_2: italic = null
46.731	EXP	text_2: color = #FFFFFF
46.731	EXP	text_2: contrast = 1
46.731	EXP	instr: units = height
46.731	EXP	instr: pos = [-0.2,0.2]
46.731	EXP	instr: size = undefined
46.731	EXP	instr: ori = null
46.731	EXP	instr: opacity = 1
46.731	EXP	instr: depth = null
46.731	EXP	instr: clipMask = null
46.731	EXP	instr: boundingBox = {"x":0,"y":0,"width":0,"height":0,"type":1}
46.731	EXP	instr: text = Type your guess below and press “enter” 
46.731	EXP	instr: alignHoriz = center
46.731	EXP	instr: alignVert = center
46.731	EXP	instr: flipHoriz = null
46.731	EXP	instr: flipVert = null
46.731	EXP	instr: font = Arial
46.731	EXP	instr: height = 0.05
46.731	EXP	instr: wrapWidth = 1
46.731	EXP	instr: bold = null
46.731	EXP	instr: italic = null
46.731	EXP	instr: color = #FFFFFF
46.731	EXP	instr: contrast = 1
46.731	EXP	text: units = height
46.731	EXP	text: pos = [0,0]
46.731	EXP	text: size = undefined
46.731	EXP	text: ori = null
46.731	EXP	text: opacity = 1
46.731	EXP	text: depth = -1
46.731	EXP	text: clipMask = null
46.731	EXP	text: boundingBox = {"x":0,"y":0,"width":0,"height":0,"type":1}
46.731	EXP	text: text = null
46.731	EXP	text: alignHoriz = center
46.731	EXP	text: alignVert = center
46.731	EXP	text: flipHoriz = null
46.731	EXP	text: flipVert = null
46.731	EXP	text: font = Arial
46.731	EXP	text: height = 0.1
46.731	EXP	text: wrapWidth = 1
46.731	EXP	text: bold = null
46.731	EXP	text: italic = null
46.731	EXP	text: color = #FFFFFF
46.731	EXP	text: contrast = 1
46.731	EXP	feedback: units = height
46.731	EXP	feedback: pos = [0,0.1]
46.731	EXP	feedback: size = undefined
46.731	EXP	feedback: ori = null
46.731	EXP	feedback: opacity = 1
46.731	EXP	feedback: depth = -2
46.731	EXP	feedback: clipMask = null
46.731	EXP	feedback: boundingBox = {"x":0,"y":0,"width":0,"height":0,"type":1}
46.731	EXP	feedback: text = null
46.731	EXP	feedback: alignHoriz = center
46.731	EXP	feedback: alignVert = center
46.731	EXP	feedback: flipHoriz = null
46.731	EXP	feedback: flipVert = null
46.731	EXP	feedback: font = Arial
46.731	EXP	feedback: height = 0.1
46.731	EXP	feedback: wrapWidth = 1
46.731	EXP	feedback: bold = null
46.731	EXP	feedback: italic = null
46.731	EXP	feedback: color = #FFFFFF
46.731	EXP	feedback: contrast = 1
46.731	EXP	game_over_text: units = height
46.731	EXP	game_over_text: pos = [0,0]
46.731	EXP	game_over_text: size = undefined
46.731	EXP	game_over_text: ori = null
46.731	EXP	game_over_text: opacity = 1
46.731	EXP	game_over_text: depth = null
46.731	EXP	game_over_text: clipMask = null
46.731	EXP	game_over_text: boundingBox = {"x":0,"y":0,"width":0,"height":0,"type":1}
46.731	EXP	game_over_text: text = Congrats! You win!

Please type the letter “y” if you are familiar with binary or bisection search. 
Type the letter “n” if you have never heard of or do not know what binary or bisection search is.
46.731	EXP	game_over_text: alignHoriz = center
46.731	EXP	game_over_text: alignVert = center
46.731	EXP	game_over_text: flipHoriz = null
46.731	EXP	game_over_text: flipVert = null
46.731	EXP	game_over_text: font = Arial
46.731	EXP	game_over_text: height = 0.05
46.731	EXP	game_over_text: wrapWidth = 1
46.731	EXP	game_over_text: bold = null
46.731	EXP	game_over_text: italic = null
46.731	EXP	game_over_text: color = #FFFFFF
46.731	EXP	game_over_text: contrast = 1
46.731	EXP	instText: autoDraw = true
64.839	DATA	Keydown:  
64.893	EXP	instText: autoDraw = null
64.893	EXP	text_2: autoDraw = true
72.83800000000001	DATA	Keydown:  
72.869	EXP	text_2: autoDraw = null
72.869	EXP	text: text = null
72.869	EXP	instr: autoDraw = true
72.869	EXP	text: autoDraw = true
72.869	EXP	feedback: autoDraw = true
76.243	DATA	Keydown: 8
76.254	EXP	text: text = 8
76.438	DATA	Keydown: 0
76.45400000000001	EXP	text: text = 80
76.738	DATA	Keydown: 0
76.754	EXP	text: text = 800
76.891	DATA	Keydown: 0
76.904	EXP	text: text = 8000
77.471	DATA	Keydown: 0
77.488	EXP	text: text = 80000
78.772	DATA	Keydown: Enter
78.789	EXP	feedback: text = Too high!
78.789	EXP	text: text = null
81.256	DATA	Keydown: 6
81.273	EXP	text: text = 6
81.587	DATA	Keydown: 0
81.604	EXP	text: text = 60
81.755	DATA	Keydown: 0
81.77	EXP	text: text = 600
81.887	DATA	Keydown: 0
81.905	EXP	text: text = 6000
83.071	DATA	Keydown: Enter
83.087	EXP	feedback: text = Too low!
83.087	EXP	text: text = null
84.921	DATA	Keydown: 1
84.938	EXP	text: text = 1
85.063	DATA	Keydown: 0
85.071	EXP	text: text = 10
85.259	DATA	Keydown: 0
85.271	EXP	text: text = 100
85.456	DATA	Keydown: 0
85.47200000000001	EXP	text: text = 1000
85.896	DATA	Keydown: 0
85.904	EXP	text: text = 10000
86.33800000000001	DATA	Keydown: Enter
86.354	EXP	feedback: text = Too low!
86.354	EXP	text: text = null
89.406	DATA	Keydown: 2
89.422	EXP	text: text = 2
89.638	DATA	Keydown: 5
89.656	EXP	text: text = 25
89.891	DATA	Keydown: 0
89.905	EXP	text: text = 250
90.045	DATA	Keydown: 0
90.054	EXP	text: text = 2500
90.18900000000001	DATA	Keydown: 0
90.205	EXP	text: text = 25000
90.705	DATA	Keydown: Enter
90.721	EXP	feedback: text = Too low!
90.721	EXP	text: text = null
94.21000000000001	DATA	Keydown: 5
94.221	EXP	text: text = 5
94.376	DATA	Keydown: 4
94.388	EXP	text: text = 54
94.71300000000001	DATA	Keydown: 0
94.72200000000001	EXP	text: text = 540
94.84700000000001	DATA	Keydown: 0
94.855	EXP	text: text = 5400
94.97500000000001	DATA	Keydown: 0
94.988	EXP	text: text = 54000
95.33800000000001	DATA	Keydown: Enter
95.355	EXP	feedback: text = Too low!
95.355	EXP	text: text = null
96.674	DATA	Keydown: 6
96.687	EXP	text: text = 6
96.809	DATA	Keydown: 6
96.821	EXP	text: text = 66
97.172	DATA	Keydown: 0
97.18900000000001	EXP	text: text = 660
97.306	DATA	Keydown: 0
97.322	EXP	text: text = 6600
98.238	DATA	Keydown: 0
98.255	EXP	text: text = 66000
98.456	DATA	Keydown: Enter
98.47200000000001	EXP	feedback: text = Too high!
98.47200000000001	EXP	text: text = null
101.762	DATA	Keydown: 6
101.771	EXP	text: text = 6
102.989	DATA	Keydown: 0
103.005	EXP	text: text = 60
103.171	DATA	Keydown: 0
103.18900000000001	EXP	text: text = 600
103.655	DATA	Keydown: 0
103.671	EXP	text: text = 6000
104.08	DATA	Keydown: 0
104.08800000000001	EXP	text: text = 60000
104.339	DATA	Keydown: Enter
104.355	EXP	feedback: text = Too low!
104.355	EXP	text: text = null
106.708	DATA	Keydown: 6
106.721	EXP	text: text = 6
107.039	DATA	Keydown: 2
107.056	EXP	text: text = 62
107.771	DATA	Keydown: 0
107.789	EXP	text: text = 620
107.943	DATA	Keydown: 0
107.955	EXP	text: text = 6200
108.123	DATA	Keydown: 0
108.138	EXP	text: text = 62000
108.589	DATA	Keydown: Enter
108.605	EXP	feedback: text = Too low!
108.605	EXP	text: text = null
111.33800000000001	DATA	Keydown: 6
111.355	EXP	text: text = 6
112.461	DATA	Keydown: 4
112.471	EXP	text: text = 64
112.909	DATA	Keydown: 0
112.921	EXP	text: text = 640
113.089	DATA	Keydown: 0
113.105	EXP	text: text = 6400
113.691	DATA	Keydown: 0
113.705	EXP	text: text = 64000
114.09100000000001	DATA	Keydown: Enter
114.105	EXP	feedback: text = Too high!
114.105	EXP	text: text = null
115.458	DATA	Keydown: 6
115.471	EXP	text: text = 6
115.87100000000001	DATA	Keydown: 3
115.889	EXP	text: text = 63
116.139	DATA	Keydown: 0
116.156	EXP	text: text = 630
116.293	DATA	Keydown: 0
116.304	EXP	text: text = 6300
117.273	DATA	Keydown: 0
117.288	EXP	text: text = 63000
117.75500000000001	DATA	Keydown: Enter
117.771	EXP	feedback: text = Too low!
117.771	EXP	text: text = null
119.611	DATA	Keydown: 6
119.622	EXP	text: text = 6
120.57900000000001	DATA	Keydown: 3
120.589	EXP	text: text = 63
121.011	DATA	Keydown: 5
121.022	EXP	text: text = 635
121.29	DATA	Keydown: 0
121.305	EXP	text: text = 6350
121.506	DATA	Keydown: 0
121.521	EXP	text: text = 63500
121.979	DATA	Keydown: Enter
121.989	EXP	feedback: text = Too high!
121.989	EXP	text: text = null
123.57900000000001	DATA	Keydown: 6
123.58800000000001	EXP	text: text = 6
124.072	DATA	Keydown: 3
124.089	EXP	text: text = 63
125.738	DATA	Keydown: 4
125.75500000000001	EXP	text: text = 634
127.188	DATA	Keydown: 8
127.20400000000001	EXP	text: text = 6348
127.373	DATA	Keydown: 0
127.389	EXP	text: text = 63480
127.92900000000002	DATA	Keydown: Enter
127.93900000000001	EXP	feedback: text = Too high!
127.93900000000001	EXP	text: text = null
129.547	DATA	Keydown: 6
129.55499999999998	EXP	text: text = 6
130.92999999999998	DATA	Keydown: 3
130.94	EXP	text: text = 63
131.559	DATA	Keydown: 4
131.571	EXP	text: text = 634
134.238	DATA	Keydown: 2
134.254	EXP	text: text = 6342
134.37199999999999	DATA	Keydown: 2
134.38899999999998	EXP	text: text = 63422
134.658	DATA	Keydown: Enter
134.671	EXP	feedback: text = Too high!
134.671	EXP	text: text = null
136.42399999999998	DATA	Keydown: 6
136.439	EXP	text: text = 6
136.974	DATA	Keydown: 3
136.98899999999998	EXP	text: text = 63
138.021	DATA	Keydown: 4
138.039	EXP	text: text = 634
138.345	DATA	Keydown: 0
138.355	EXP	text: text = 6340
138.54399999999998	DATA	Keydown: 0
138.55499999999998	EXP	text: text = 63400
139.042	DATA	Keydown: Backspace
139.05499999999998	EXP	text: text = 6340
139.255	DATA	Keydown: Backspace
139.273	EXP	text: text = 634
139.59599999999998	DATA	Keydown: Backspace
139.605	EXP	text: text = 63
140.37099999999998	DATA	Keydown: 3
140.38899999999998	EXP	text: text = 633
140.707	DATA	Keydown: 9
140.72199999999998	EXP	text: text = 6339
140.84199999999998	DATA	Keydown: 9
140.855	EXP	text: text = 63399
141.338	DATA	Keydown: Enter
141.356	EXP	feedback: text = Too high!
141.356	EXP	text: text = null
143.261	DATA	Keydown: 6
143.271	EXP	text: text = 6
144.326	DATA	Keydown: 3
144.338	EXP	text: text = 63
145.25799999999998	DATA	Keydown: 2
145.271	EXP	text: text = 632
145.492	DATA	Keydown: 0
145.505	EXP	text: text = 6320
145.98899999999998	DATA	Keydown: 0
146.005	EXP	text: text = 63200
146.39	DATA	Keydown: Enter
146.405	EXP	feedback: text = Too low!
146.405	EXP	text: text = null
147.97299999999998	DATA	Keydown: 6
147.98899999999998	EXP	text: text = 6
148.408	DATA	Keydown: 3
148.422	EXP	text: text = 63
148.892	DATA	Keydown: 3
148.904	EXP	text: text = 633
149.146	DATA	Keydown: 0
149.15599999999998	EXP	text: text = 6330
149.321	DATA	Keydown: 0
149.338	EXP	text: text = 63300
149.78	DATA	Keydown: Enter
149.78799999999998	EXP	feedback: text = Too high!
149.78799999999998	EXP	text: text = null
151.554	DATA	Keydown: 6
151.571	EXP	text: text = 6
152.089	DATA	Keydown: 3
152.106	EXP	text: text = 63
153.19199999999998	DATA	Keydown: 2
153.20499999999998	EXP	text: text = 632
153.673	DATA	Keydown: 5
153.689	EXP	text: text = 6325
153.80499999999998	DATA	Keydown: 0
153.822	EXP	text: text = 63250
154.21099999999998	DATA	Keydown: Enter
154.22199999999998	EXP	feedback: text = Too high!
154.22199999999998	EXP	text: text = null
156.328	DATA	Keydown: 6
156.338	EXP	text: text = 6
156.63799999999998	DATA	Keydown: 3
156.654	EXP	text: text = 63
157.48899999999998	DATA	Keydown: 2
157.505	EXP	text: text = 632
158.48999999999998	DATA	Keydown: 2
158.50599999999997	EXP	text: text = 6322
158.791	DATA	Keydown: 5
158.80599999999998	EXP	text: text = 63225
159.774	DATA	Keydown: Enter
159.78799999999998	EXP	feedback: text = Too high!
159.78799999999998	EXP	text: text = null
161.28799999999998	DATA	Keydown: 6
161.30499999999998	EXP	text: text = 6
161.91	DATA	Keydown: 3
161.923	EXP	text: text = 63
166.557	DATA	Keydown: 1
166.572	EXP	text: text = 631
166.688	DATA	Keydown: 0
166.70499999999998	EXP	text: text = 6310
166.838	DATA	Keydown: 0
166.855	EXP	text: text = 63100
167.31199999999998	DATA	Keydown: Enter
167.322	EXP	feedback: text = Too low!
167.322	EXP	text: text = null
168.689	DATA	Keydown: 6
168.707	EXP	text: text = 6
169.147	DATA	Keydown: 3
169.155	EXP	text: text = 63
170.572	DATA	Keydown: 2
170.588	EXP	text: text = 632
171.404	DATA	Keydown: 1
171.421	EXP	text: text = 6321
171.521	DATA	Keydown: 0
171.539	EXP	text: text = 63210
171.77499999999998	DATA	Keydown: Enter
171.78799999999998	EXP	feedback: text = Too high!
171.78799999999998	EXP	text: text = null
173.179	DATA	Keydown: 6
173.18699999999998	EXP	text: text = 6
173.65599999999998	DATA	Keydown: 3
173.672	EXP	text: text = 63
176.421	DATA	Keydown: 1
176.438	EXP	text: text = 631
177.475	DATA	Keydown: Backspace
177.48899999999998	EXP	text: text = 63
177.75599999999997	DATA	Keydown: 2
177.772	EXP	text: text = 632
178.84199999999998	DATA	Keydown: 0
178.855	EXP	text: text = 6320
179.426	DATA	Keydown: 5
179.439	EXP	text: text = 63205
179.947	DATA	Keydown: Enter
179.95499999999998	EXP	feedback: text = Too low!
179.95499999999998	EXP	text: text = null
181.30499999999998	DATA	Keydown: 6
181.322	EXP	text: text = 6
182.19299999999998	DATA	Keydown: 3
182.20499999999998	EXP	text: text = 63
183.11399999999998	DATA	Keydown: 2
183.12099999999998	EXP	text: text = 632
185.45499999999998	DATA	Keydown: 8
185.47199999999998	EXP	text: text = 6328
185.67399999999998	DATA	Keydown: 0
185.689	EXP	text: text = 63280
186.142	DATA	Keydown: Enter
186.15599999999998	EXP	feedback: text = Too high!
186.15599999999998	EXP	text: text = null
187.89	DATA	Keydown: 6
187.904	EXP	text: text = 6
188.456	DATA	Keydown: 3
188.47299999999998	EXP	text: text = 63
188.846	DATA	Keydown: 2
188.855	EXP	text: text = 632
193.089	DATA	Keydown: 6
193.105	EXP	text: text = 6326
193.108	DATA	Keydown: 0
193.124	EXP	text: text = 63260
193.695	DATA	Keydown: Enter
193.706	EXP	feedback: text = Too high!
193.706	EXP	text: text = null
195.01399999999998	DATA	Keydown: 6
195.022	EXP	text: text = 6
195.328	DATA	Keydown: 2
195.339	EXP	text: text = 62
198.855	DATA	Keydown: 3
198.87099999999998	EXP	text: text = 623
201.13799999999998	DATA	Keydown: 3
201.155	EXP	text: text = 6233
201.438	DATA	Keydown: 3
201.45499999999998	EXP	text: text = 62333
201.72199999999998	DATA	Keydown: Enter
201.738	EXP	feedback: text = Too low!
201.738	EXP	text: text = null
203.85999999999999	DATA	Keydown: 6
203.87199999999999	EXP	text: text = 6
204.22299999999998	DATA	Keydown: 2
204.238	EXP	text: text = 62
205.19	DATA	Keydown: 3
205.206	EXP	text: text = 623
206.808	DATA	Keydown: 6
206.821	EXP	text: text = 6236
207.27599999999998	DATA	Keydown: 0
207.289	EXP	text: text = 62360
207.88899999999998	DATA	Keydown: Enter
207.905	EXP	feedback: text = Too low!
207.905	EXP	text: text = null
210.10899999999998	DATA	Keydown: 6
210.12199999999999	EXP	text: text = 6
211.408	DATA	Keydown: 3
211.421	EXP	text: text = 63
213.51399999999998	DATA	Keydown: 6
213.523	EXP	text: text = 636
213.773	DATA	Keydown: 7
213.789	EXP	text: text = 6367
214.37199999999999	DATA	Keydown: 9
214.38799999999998	EXP	text: text = 63679
214.843	DATA	Keydown: Enter
214.856	EXP	feedback: text = Too high!
214.856	EXP	text: text = null
216.50799999999998	DATA	Keydown: 6
216.521	EXP	text: text = 6
216.839	DATA	Keydown: 3
216.855	EXP	text: text = 63
217.923	DATA	Keydown: 2
217.939	EXP	text: text = 632
222.42999999999998	DATA	Keydown: 9
222.439	EXP	text: text = 6329
222.59699999999998	DATA	Keydown: 9
222.606	EXP	text: text = 63299
223.706	DATA	Keydown: Enter
223.72299999999998	EXP	feedback: text = Too high!
223.72299999999998	EXP	text: text = null
225.97199999999998	DATA	Keydown: 6
225.988	EXP	text: text = 6
226.481	DATA	Keydown: 3
226.489	EXP	text: text = 63
227.475	DATA	Keydown: 2
227.489	EXP	text: text = 632
229.596	DATA	Keydown: 6
229.605	EXP	text: text = 6326
229.77499999999998	DATA	Keydown: 6
229.79	EXP	text: text = 63266
231.027	DATA	Keydown: Enter
231.039	EXP	feedback: text = Too high!
231.039	EXP	text: text = null
232.688	DATA	Keydown: 6
232.706	EXP	text: text = 6
233.405	DATA	Keydown: 3
233.423	EXP	text: text = 63
235.105	DATA	Keydown: 2
235.12199999999999	EXP	text: text = 632
238.523	DATA	Keydown: 3
238.539	EXP	text: text = 6323
238.69299999999998	DATA	Keydown: 3
238.70499999999998	EXP	text: text = 63233
239.64399999999998	DATA	Keydown: Enter
239.65599999999998	EXP	feedback: text = Too high!
239.65599999999998	EXP	text: text = null
241.06	DATA	Keydown: 6
241.072	EXP	text: text = 6
242.62699999999998	DATA	Keydown: 3
242.63899999999998	EXP	text: text = 63
244.923	DATA	Keydown: 2
244.94	EXP	text: text = 632
245.72299999999998	DATA	Keydown: 2
245.739	EXP	text: text = 6322
246.839	DATA	Keydown: 1
246.856	EXP	text: text = 63221
247.02599999999998	DATA	Keydown: Enter
247.04	EXP	feedback: text = Too high!
247.04	EXP	text: text = null
248.523	DATA	Keydown: 6
248.539	EXP	text: text = 6
248.99599999999998	DATA	Keydown: 3
249.005	EXP	text: text = 63
249.995	DATA	Keydown: 2
250.00599999999997	EXP	text: text = 632
250.19	DATA	Keydown: 1
250.20499999999998	EXP	text: text = 6321
250.289	DATA	Keydown: 0
250.30499999999998	EXP	text: text = 63210
250.54299999999998	DATA	Keydown: Enter
250.55499999999998	EXP	feedback: text = Too high!
250.55499999999998	EXP	text: text = null
251.547	DATA	Keydown: 6
251.55499999999998	EXP	text: text = 6
252.107	DATA	Keydown: 3
252.12199999999999	EXP	text: text = 63
252.927	DATA	Keydown: 2
252.938	EXP	text: text = 632
253.04	DATA	Keydown: 0
253.05499999999998	EXP	text: text = 6320
253.189	DATA	Keydown: 0
253.20499999999998	EXP	text: text = 63200
253.822	DATA	Keydown: Enter
253.839	EXP	feedback: text = Too low!
253.839	EXP	text: text = null
255.755	DATA	Keydown: 6
255.772	EXP	text: text = 6
256.209	DATA	Keydown: 3
256.222	EXP	text: text = 63
256.529	DATA	Keydown: 2
256.539	EXP	text: text = 632
256.973	DATA	Keydown: 0
256.989	EXP	text: text = 6320
257.363	DATA	Keydown: 6
257.372	EXP	text: text = 63206
258.226	DATA	Keydown: Enter
258.239	EXP	feedback: text = Too low!
258.239	EXP	text: text = null
259.998	DATA	Keydown: 6
260.005	EXP	text: text = 6
260.795	DATA	Keydown: 3
260.805	EXP	text: text = 63
261.443	DATA	Keydown: 2
261.455	EXP	text: text = 632
261.522	DATA	Keydown: 0
261.53999999999996	EXP	text: text = 6320
261.96	DATA	Keydown: 8
261.972	EXP	text: text = 63208
262.42199999999997	DATA	Keydown: Enter
262.43899999999996	EXP	feedback: text = Too low!
262.43899999999996	EXP	text: text = null
264.206	DATA	Keydown: 6
264.222	EXP	text: text = 6
265.743	DATA	Keydown: 3
265.756	EXP	text: text = 63
266.739	DATA	Keydown: 2
266.756	EXP	text: text = 632
266.839	DATA	Keydown: 0
266.855	EXP	text: text = 6320
268.19599999999997	DATA	Keydown: 9
268.206	EXP	text: text = 63209
268.562	DATA	Keydown: Enter
268.592	EXP	instr: autoDraw = null
268.592	EXP	text: autoDraw = null
268.592	EXP	feedback: autoDraw = null
268.592	EXP	text: text = null
268.592	EXP	game_over_text: autoDraw = true
282.207	DATA	Keydown: y
