0.14963999998872168	EXP	Created Window = Window( name=Window, fullscr=true, color=#808080, units=height, waitBlanking=true, autoLog=true, size=[1920,969] )
2.9064549999893643	DATA	Keydown: Shift
3.0898549999983516	DATA	Keydown: H
3.2724099999904865	DATA	Keydown: a
3.3975999999966007	DATA	Keydown: n
3.5135099999897648	DATA	Keydown: k
5.657529999996768	EXP	Created instText = TextStim( name=instText, win=Window( name=Window, fullscr=true, color=#808080, ~), autoDraw=null, autoLog=true, units=height, pos=[0,0], size=undefined, ori=null, opacity=1, depth=null, clipMask=null, boundingBox={"x":-0.4914981617647059,"y":-0.34055727554179566,~, text=In this game you will be asked to guess a random n~, alignHoriz=center, alignVert=center, flipHoriz=null, flipVert=null, font=Arial, height=0.05, wrapWidth=1, bold=null, italic=null, color=#FFFFFF, contrast=1 )
5.662124999988009	EXP	Created text_2 = TextStim( name=text_2, win=Window( name=Window, fullscr=true, color=#808080, ~), autoDraw=null, autoLog=true, units=height, pos=[0,0], size=undefined, ori=null, opacity=1, depth=null, clipMask=null, boundingBox={"x":-0.4942313273993808,"y":-0.31217750257997934,~, text=Type in your guess and press “enter” in order to s~, alignHoriz=center, alignVert=center, flipHoriz=null, flipVert=null, font=Arial, height=0.05, wrapWidth=1, bold=null, italic=null, color=#FFFFFF, contrast=1 )
5.6634049999993294	EXP	Created instr = TextStim( name=instr, win=Window( name=Window, fullscr=true, color=#808080, ~), autoDraw=null, autoLog=true, units=height, pos=[-0.2,0.2], size=undefined, ori=null, opacity=1, depth=null, clipMask=null, boundingBox={"x":-0.6488075657894736,"y":0.1716202270381837,"w~, text=Type your guess below and press “enter” , alignHoriz=center, alignVert=center, flipHoriz=null, flipVert=null, font=Arial, height=0.05, wrapWidth=1, bold=null, italic=null, color=#FFFFFF, contrast=1 )
5.672489999997197	EXP	Created text = TextStim( name=text, win=Window( name=Window, fullscr=true, color=#808080, ~), autoDraw=null, autoLog=true, units=height, pos=[0,0], size=undefined, ori=null, opacity=1, depth=-1, clipMask=null, boundingBox={"x":0,"y":-0.05521155830753354,"width":0,"height"~, text=null, alignHoriz=center, alignVert=center, flipHoriz=null, flipVert=null, font=Arial, height=0.1, wrapWidth=1, bold=null, italic=null, color=#FFFFFF, contrast=1 )
5.67633499999647	EXP	Created feedback = TextStim( name=feedback, win=Window( name=Window, fullscr=true, color=#808080, ~), autoDraw=null, autoLog=true, units=height, pos=[0,0.1], size=undefined, ori=null, opacity=1, depth=-2, clipMask=null, boundingBox={"x":0,"y":0.044788441692466464,"width":0,"height"~, text=null, alignHoriz=center, alignVert=center, flipHoriz=null, flipVert=null, font=Arial, height=0.1, wrapWidth=1, bold=null, italic=null, color=#FFFFFF, contrast=1 )
5.6786599999904865	EXP	Created game_over_text = TextStim( name=game_over_text, win=Window( name=Window, fullscr=true, color=#808080, ~), autoDraw=null, autoLog=true, units=height, pos=[0,0], size=undefined, ori=null, opacity=1, depth=null, clipMask=null, boundingBox={"x":-0.48737422600619196,"y":-0.19865841073271415~, text=Congrats! You win!

Please type the letter “y” if ~, alignHoriz=center, alignVert=center, flipHoriz=null, flipVert=null, font=Arial, height=0.05, wrapWidth=1, bold=null, italic=null, color=#FFFFFF, contrast=1 )
5.741294999999809	EXP	instText: units = height
5.741294999999809	EXP	instText: pos = [0,0]
5.741294999999809	EXP	instText: size = undefined
5.741294999999809	EXP	instText: ori = null
5.741294999999809	EXP	instText: opacity = 1
5.741294999999809	EXP	instText: depth = null
5.741294999999809	EXP	instText: clipMask = null
5.741294999999809	EXP	instText: boundingBox = {"x":0,"y":0,"width":0,"height":0,"type":1}
5.741294999999809	EXP	instText: text = In this game you will be asked to guess a random number from 1 to 1,000 (inclusive). 

Each time you guess, you will receive a hint. That hint will either tell you that your guess was too high or too low. You can use that feedback in your next turn. 

Please note that you must use the number row to type in guesses (not the number pad)! 

Press the space bar to continue...
5.741294999999809	EXP	instText: alignHoriz = center
5.741294999999809	EXP	instText: alignVert = center
5.741294999999809	EXP	instText: flipHoriz = null
5.741294999999809	EXP	instText: flipVert = null
5.741294999999809	EXP	instText: font = Arial
5.741294999999809	EXP	instText: height = 0.05
5.741294999999809	EXP	instText: wrapWidth = 1
5.741294999999809	EXP	instText: bold = null
5.741294999999809	EXP	instText: italic = null
5.741294999999809	EXP	instText: color = #FFFFFF
5.741294999999809	EXP	instText: contrast = 1
5.741294999999809	EXP	text_2: units = height
5.741294999999809	EXP	text_2: pos = [0,0]
5.741294999999809	EXP	text_2: size = undefined
5.741294999999809	EXP	text_2: ori = null
5.741294999999809	EXP	text_2: opacity = 1
5.741294999999809	EXP	text_2: depth = null
5.741294999999809	EXP	text_2: clipMask = null
5.741294999999809	EXP	text_2: boundingBox = {"x":0,"y":0,"width":0,"height":0,"type":1}
5.741294999999809	EXP	text_2: text = Type in your guess and press “enter” in order to submit that guess.

Your final score will be based on a combination of: 1) total time you took to submit each guess, and 2) the number of guesses it took for you to finally get the correct number. 

Press the space bar to start the game…

5.741294999999809	EXP	text_2: alignHoriz = center
5.741294999999809	EXP	text_2: alignVert = center
5.741294999999809	EXP	text_2: flipHoriz = null
5.741294999999809	EXP	text_2: flipVert = null
5.741294999999809	EXP	text_2: font = Arial
5.741294999999809	EXP	text_2: height = 0.05
5.741294999999809	EXP	text_2: wrapWidth = 1
5.741294999999809	EXP	text_2: bold = null
5.741294999999809	EXP	text_2: italic = null
5.741294999999809	EXP	text_2: color = #FFFFFF
5.741294999999809	EXP	text_2: contrast = 1
5.741294999999809	EXP	instr: units = height
5.741294999999809	EXP	instr: pos = [-0.2,0.2]
5.741294999999809	EXP	instr: size = undefined
5.741294999999809	EXP	instr: ori = null
5.741294999999809	EXP	instr: opacity = 1
5.741294999999809	EXP	instr: depth = null
5.741294999999809	EXP	instr: clipMask = null
5.741294999999809	EXP	instr: boundingBox = {"x":0,"y":0,"width":0,"height":0,"type":1}
5.741294999999809	EXP	instr: text = Type your guess below and press “enter” 
5.741294999999809	EXP	instr: alignHoriz = center
5.741294999999809	EXP	instr: alignVert = center
5.741294999999809	EXP	instr: flipHoriz = null
5.741294999999809	EXP	instr: flipVert = null
5.741294999999809	EXP	instr: font = Arial
5.741294999999809	EXP	instr: height = 0.05
5.741294999999809	EXP	instr: wrapWidth = 1
5.741294999999809	EXP	instr: bold = null
5.741294999999809	EXP	instr: italic = null
5.741294999999809	EXP	instr: color = #FFFFFF
5.741294999999809	EXP	instr: contrast = 1
5.741294999999809	EXP	text: units = height
5.741294999999809	EXP	text: pos = [0,0]
5.741294999999809	EXP	text: size = undefined
5.741294999999809	EXP	text: ori = null
5.741294999999809	EXP	text: opacity = 1
5.741294999999809	EXP	text: depth = -1
5.741294999999809	EXP	text: clipMask = null
5.741294999999809	EXP	text: boundingBox = {"x":0,"y":0,"width":0,"height":0,"type":1}
5.741294999999809	EXP	text: text = null
5.741294999999809	EXP	text: alignHoriz = center
5.741294999999809	EXP	text: alignVert = center
5.741294999999809	EXP	text: flipHoriz = null
5.741294999999809	EXP	text: flipVert = null
5.741294999999809	EXP	text: font = Arial
5.741294999999809	EXP	text: height = 0.1
5.741294999999809	EXP	text: wrapWidth = 1
5.741294999999809	EXP	text: bold = null
5.741294999999809	EXP	text: italic = null
5.741294999999809	EXP	text: color = #FFFFFF
5.741294999999809	EXP	text: contrast = 1
5.741294999999809	EXP	feedback: units = height
5.741294999999809	EXP	feedback: pos = [0,0.1]
5.741294999999809	EXP	feedback: size = undefined
5.741294999999809	EXP	feedback: ori = null
5.741294999999809	EXP	feedback: opacity = 1
5.741294999999809	EXP	feedback: depth = -2
5.741294999999809	EXP	feedback: clipMask = null
5.741294999999809	EXP	feedback: boundingBox = {"x":0,"y":0,"width":0,"height":0,"type":1}
5.741294999999809	EXP	feedback: text = null
5.741294999999809	EXP	feedback: alignHoriz = center
5.741294999999809	EXP	feedback: alignVert = center
5.741294999999809	EXP	feedback: flipHoriz = null
5.741294999999809	EXP	feedback: flipVert = null
5.741294999999809	EXP	feedback: font = Arial
5.741294999999809	EXP	feedback: height = 0.1
5.741294999999809	EXP	feedback: wrapWidth = 1
5.741294999999809	EXP	feedback: bold = null
5.741294999999809	EXP	feedback: italic = null
5.741294999999809	EXP	feedback: color = #FFFFFF
5.741294999999809	EXP	feedback: contrast = 1
5.741294999999809	EXP	game_over_text: units = height
5.741294999999809	EXP	game_over_text: pos = [0,0]
5.741294999999809	EXP	game_over_text: size = undefined
5.741294999999809	EXP	game_over_text: ori = null
5.741294999999809	EXP	game_over_text: opacity = 1
5.741294999999809	EXP	game_over_text: depth = null
5.741294999999809	EXP	game_over_text: clipMask = null
5.741294999999809	EXP	game_over_text: boundingBox = {"x":0,"y":0,"width":0,"height":0,"type":1}
5.741294999999809	EXP	game_over_text: text = Congrats! You win!

Please type the letter “y” if you are familiar with binary or bisection search. 
Type the letter “n” if you have never heard of or do not know what binary or bisection search is.
5.741294999999809	EXP	game_over_text: alignHoriz = center
5.741294999999809	EXP	game_over_text: alignVert = center
5.741294999999809	EXP	game_over_text: flipHoriz = null
5.741294999999809	EXP	game_over_text: flipVert = null
5.741294999999809	EXP	game_over_text: font = Arial
5.741294999999809	EXP	game_over_text: height = 0.05
5.741294999999809	EXP	game_over_text: wrapWidth = 1
5.741294999999809	EXP	game_over_text: bold = null
5.741294999999809	EXP	game_over_text: italic = null
5.741294999999809	EXP	game_over_text: color = #FFFFFF
5.741294999999809	EXP	game_over_text: contrast = 1
5.741294999999809	EXP	instText: autoDraw = true
8.356889999995474	DATA	Keydown:  
8.377134999987902	EXP	instText: autoDraw = null
8.377134999987902	EXP	text_2: autoDraw = true
13.73751999999513	DATA	Keydown:  
13.759330000000773	EXP	text_2: autoDraw = null
13.759330000000773	EXP	text: text = null
13.759330000000773	EXP	instr: autoDraw = true
13.759330000000773	EXP	text: autoDraw = true
13.759330000000773	EXP	feedback: autoDraw = true
15.456689999991795	DATA	Keydown: 5
15.486544999992475	EXP	text: text = 5
15.58716499998991	DATA	Keydown: 0
15.603779999990365	EXP	text: text = 50
15.68900999998732	DATA	Keydown: 0
15.719864999991842	EXP	text: text = 500
15.853544999990845	DATA	Keydown: Enter
15.869574999989709	EXP	feedback: text = Too low!
15.869574999989709	EXP	text: text = null
17.970329999996466	DATA	Keydown: 7
17.985694999995758	EXP	text: text = 7
18.27589999999327	DATA	Keydown: 5
18.30227999998897	EXP	text: text = 75
18.342779999991762	DATA	Keydown: 0
18.369269999995595	EXP	text: text = 750
18.47521499999857	DATA	Keydown: Enter
18.502744999990682	EXP	feedback: text = Too low!
18.502744999990682	EXP	text: text = null
22.637669999996433	DATA	Keydown: 8
22.65200499999628	EXP	text: text = 8
24.282509999989998	DATA	Keydown: 7
24.30286999999953	EXP	text: text = 87
24.719744999994873	DATA	Keydown: 5
24.73663499999384	EXP	text: text = 875
24.97342999999819	DATA	Keydown: Enter
25.00239499998861	EXP	feedback: text = Too high!
25.00239499998861	EXP	text: text = null
27.27868999999191	DATA	Keydown: 8
27.302444999993895	EXP	text: text = 8
27.599405000000843	DATA	Keydown: 0
27.618954999998095	EXP	text: text = 80
27.721544999993057	DATA	Keydown: 0
27.752479999995558	EXP	text: text = 800
28.052664999995613	DATA	Keydown: Enter
28.068874999997206	EXP	feedback: text = Too high!
28.068874999997206	EXP	text: text = null
29.836074999999255	DATA	Keydown: 7
29.852204999988317	EXP	text: text = 7
29.98981499999354	DATA	Keydown: 7
30.018960000001243	EXP	text: text = 77
30.21975499999826	DATA	Keydown: 5
30.251754999990226	EXP	text: text = 775
30.69678999998723	DATA	Keydown: Enter
30.719054999994114	EXP	feedback: text = Too high!
30.719054999994114	EXP	text: text = null
32.54398999999103	DATA	Keydown: 7
32.56884499998705	EXP	text: text = 7
33.530769999997574	DATA	Keydown: 6
33.55173500000092	EXP	text: text = 76
34.4708849999879	DATA	Keydown: Backspace
34.50193999998737	EXP	text: text = 7
34.71925999999803	DATA	Keydown: 5
34.73554499998863	EXP	text: text = 75
34.869014999989304	DATA	Keydown: 5
34.88594999999623	EXP	text: text = 755
35.18551999999909	DATA	Keydown: Enter
35.20253499998944	EXP	feedback: text = Too low!
35.20253499998944	EXP	text: text = null
36.552524999991874	DATA	Keydown: 7
36.58537499999511	EXP	text: text = 7
36.7187649999978	DATA	Keydown: 6
36.75268999999389	EXP	text: text = 76
36.81878499999584	DATA	Keydown: 0
36.83510499999102	EXP	text: text = 760
36.95265500000096	DATA	Keydown: Enter
36.96874499999103	EXP	feedback: text = Too low!
36.96874499999103	EXP	text: text = null
39.05242999999609	DATA	Keydown: 7
39.085189999997965	EXP	text: text = 7
40.50215499999467	DATA	Keydown: 5
40.51810499999556	EXP	text: text = 75
41.06284999998752	DATA	Keydown: 8
41.085049999994226	EXP	text: text = 758
41.27433000000019	DATA	Keydown: Enter
41.30178499998874	EXP	feedback: text = Too low!
41.30178499998874	EXP	text: text = null
42.577659999995376	DATA	Keydown: 7
42.601269999999204	EXP	text: text = 7
43.218109999987064	DATA	Keydown: 5
43.23472999999649	EXP	text: text = 75
43.31992499998887	DATA	Keydown: 9
43.351009999998496	EXP	text: text = 759
43.52031499998702	DATA	Keydown: Enter
43.55144499999005	EXP	feedback: text = Too low!
43.55144499999005	EXP	text: text = null
44.47182999999495	DATA	Keydown: 7
44.484594999987166	EXP	text: text = 7
45.07082499998796	DATA	Keydown: 6
45.0859300000011	EXP	text: text = 76
45.19627000000037	DATA	Keydown: 0
45.219149999989895	EXP	text: text = 760
45.45453999999154	DATA	Keydown: Enter
45.46933499998704	EXP	feedback: text = Too low!
45.46933499998704	EXP	text: text = null
46.701224999997066	DATA	Keydown: 7
46.717104999988806	EXP	text: text = 7
46.85760499999742	DATA	Keydown: 6
46.8846249999915	EXP	text: text = 76
47.554449999995995	DATA	Keydown: 5
47.56882499999483	EXP	text: text = 765
47.684244999996736	DATA	Keydown: Enter
47.70186999998987	EXP	feedback: text = Too high!
47.70186999998987	EXP	text: text = null
49.18064500000037	DATA	Keydown: 7
49.20211999998719	EXP	text: text = 7
49.44090499999584	DATA	Keydown: 6
49.47080999999889	EXP	text: text = 76
49.68515499999921	DATA	Keydown: 3
49.71742000000086	EXP	text: text = 763
49.88769499999762	DATA	Keydown: Enter
49.91908999999578	EXP	instr: autoDraw = null
49.91908999999578	EXP	text: autoDraw = null
49.91908999999578	EXP	feedback: autoDraw = null
49.91908999999578	EXP	text: text = null
49.91908999999578	EXP	game_over_text: autoDraw = true
54.690924999988056	DATA	Keydown: y
