0.2672 	WARNING 	We strongly recommend you activate the PTB sound engine in PsychoPy prefs as the preferred audio engine. Its timing is vastly superior. Your prefs are currently set to use ['sounddevice', 'PTB', 'pyo', 'pygame'] (in that order).
6.3531 	EXP 	Created window1 = Window(allowGUI=False, allowStencil=False, args=UNKNOWN, autoLog=True, bitsMode=UNKNOWN, blendMode='avg', bpc=(8, 8, 8), color=array([0., 0., 0.]), colorSpace='rgb', depthBits=8, fullscr=<method-wrapper '__getattribute__' of attributeSetter object at 0x130acfba8>, gamma=None, gammaErrorPolicy='raise', kwargs=UNKNOWN, lms=UNKNOWN, monitor=<psychopy.monitors.calibTools.Monitor object at 0x130d92eb8>, multiSample=False, name='window1', numSamples=2, pos=[0.0, 0.0], screen=0, size=array([1920, 1080]), stencilBits=0, stereo=False, units='height', useFBO=True, useRetina=False, viewOri=0.0, viewPos=None, viewScale=None, waitBlanking=True, winType='pyglet')
6.3533 	EXP 	window1: mouseVisible = True
6.3534 	EXP 	window1: recordFrameIntervals = False
6.5514 	EXP 	window1: recordFrameIntervals = True
6.7348 	EXP 	window1: recordFrameIntervals = False
6.8435 	EXP 	Created instText = TextStim(__class__=<class 'psychopy.visual.text.TextStim'>, alignHoriz=method-wrapper(...), alignText='center', alignVert=method-wrapper(...), anchorHoriz='center', anchorVert='center', antialias=True, autoLog=True, bold=False, color='white', colorSpace='named', contrast=1.0, depth=0.0, flipHoriz=False, flipVert=False, font='Arial', fontFiles=[], height=0.05, italic=False, languageStyle='LTR', name='instText', opacity=1.0, ori=0, pos=array([0., 0.]), rgb=array([255., 255., 255.]), text=str(...), units='height', win=Window(...), wrapWidth=1)
6.8855 	EXP 	Created text_2 = TextStim(__class__=<class 'psychopy.visual.text.TextStim'>, alignHoriz=method-wrapper(...), alignText='center', alignVert=method-wrapper(...), anchorHoriz='center', anchorVert='center', antialias=True, autoLog=True, bold=False, color='white', colorSpace='named', contrast=1.0, depth=0.0, flipHoriz=False, flipVert=False, font='Arial', fontFiles=[], height=0.05, italic=False, languageStyle='LTR', name='text_2', opacity=1.0, ori=0, pos=array([0., 0.]), rgb=array([255., 255., 255.]), text=str(...), units='height', win=Window(...), wrapWidth=1)
6.9184 	EXP 	Created instr = TextStim(__class__=<class 'psychopy.visual.text.TextStim'>, alignHoriz=method-wrapper(...), alignText='center', alignVert=method-wrapper(...), anchorHoriz='center', anchorVert='center', antialias=True, autoLog=True, bold=False, color='white', colorSpace='named', contrast=1.0, depth=0.0, flipHoriz=False, flipVert=False, font='Arial', fontFiles=[], height=0.05, italic=False, languageStyle='LTR', name='instr', opacity=1.0, ori=0, pos=array([-0.2,  0.2]), rgb=array([255., 255., 255.]), text='Type your guess below and press “enter” ', units='height', win=Window(...), wrapWidth=1)
6.9190 	EXP 	Created text = TextStim(__class__=<class 'psychopy.visual.text.TextStim'>, alignHoriz=method-wrapper(...), alignText='center', alignVert=method-wrapper(...), anchorHoriz='center', anchorVert='center', antialias=True, autoLog=True, bold=False, color='white', colorSpace='named', contrast=1.0, depth=-1.0, flipHoriz=False, flipVert=False, font='Arial', fontFiles=[], height=0.1, italic=False, languageStyle='LTR', name='text', opacity=1.0, ori=0, pos=array([0., 0.]), rgb=array([255., 255., 255.]), text='', units='height', win=Window(...), wrapWidth=1)
6.9195 	EXP 	Created feedback = TextStim(__class__=<class 'psychopy.visual.text.TextStim'>, alignHoriz=method-wrapper(...), alignText='center', alignVert=method-wrapper(...), anchorHoriz='center', anchorVert='center', antialias=True, autoLog=True, bold=False, color='white', colorSpace='named', contrast=1.0, depth=-2.0, flipHoriz=False, flipVert=False, font='Arial', fontFiles=[], height=0.1, italic=False, languageStyle='LTR', name='feedback', opacity=1.0, ori=0, pos=array([0. , 0.1]), rgb=array([255., 255., 255.]), text='', units='height', win=Window(...), wrapWidth=1)
6.9266 	EXP 	Created game_over_text = TextStim(__class__=<class 'psychopy.visual.text.TextStim'>, alignHoriz=method-wrapper(...), alignText='center', alignVert=method-wrapper(...), anchorHoriz='center', anchorVert='center', antialias=True, autoLog=True, bold=False, color='white', colorSpace='named', contrast=1.0, depth=0.0, flipHoriz=False, flipVert=False, font='Arial', fontFiles=[], height=0.1, italic=False, languageStyle='LTR', name='game_over_text', opacity=1.0, ori=0, pos=array([0., 0.]), rgb=array([255., 255., 255.]), text='Congrats! You win!', units='height', win=Window(...), wrapWidth=1)
6.9351 	EXP 	instText: autoDraw = True
8.1401 	DATA 	Keypress: space
8.1510 	EXP 	instText: autoDraw = False
8.1510 	EXP 	text_2: autoDraw = True
8.6692 	EXP 	Created sequence: random, trialTypes=1, nReps=1, seed=None
8.6694 	EXP 	New trial (rep=0, index=0): None
8.6716 	DATA 	Keypress: space
8.6847 	EXP 	text_2: autoDraw = False
8.6847 	EXP 	text: text = ''
8.6847 	EXP 	instr: autoDraw = True
8.6847 	EXP 	text: autoDraw = True
8.6847 	EXP 	feedback: autoDraw = True
13.9874 	DATA 	Keypress: 7
14.0006 	EXP 	text: text = '7'
14.2364 	DATA 	Keypress: 5
14.2510 	EXP 	text: text = '75'
14.2863 	DATA 	Keypress: return
14.3011 	EXP 	feedback: text = 'Too high!'
14.3011 	EXP 	text: text = ''
16.3705 	DATA 	Keypress: 5
16.3838 	EXP 	text: text = '5'
16.4197 	DATA 	Keypress: 0
16.4343 	EXP 	text: text = '50'
16.5874 	DATA 	Keypress: return
16.6029 	EXP 	feedback: text = 'Too high!'
16.6029 	EXP 	text: text = ''
17.9382 	DATA 	Keypress: 2
17.9678 	EXP 	text: text = '2'
18.0041 	DATA 	Keypress: 5
18.0177 	EXP 	text: text = '25'
18.1040 	DATA 	Keypress: return
18.1179 	EXP 	feedback: text = 'Too low!'
18.1179 	EXP 	text: text = ''
19.5715 	DATA 	Keypress: 3
19.6012 	EXP 	text: text = '3'
19.6544 	DATA 	Keypress: 0
19.6684 	EXP 	text: text = '30'
20.4860 	DATA 	Keypress: backspace
20.5014 	EXP 	text: text = '3'
20.7851 	DATA 	Keypress: 5
20.8011 	EXP 	text: text = '35'
20.8184 	DATA 	Keypress: return
20.8351 	EXP 	feedback: text = 'Too high!'
20.8351 	EXP 	text: text = ''
22.4559 	DATA 	Keypress: 3
22.4678 	EXP 	text: text = '3'
22.5059 	DATA 	Keypress: 0
22.5350 	EXP 	text: text = '30'
22.7038 	DATA 	Keypress: return
22.7175 	EXP 	feedback: text = 'Too low!'
22.7175 	EXP 	text: text = ''
24.0892 	DATA 	Keypress: 3
24.1008 	EXP 	text: text = '3'
25.0726 	DATA 	Keypress: 2
25.0848 	EXP 	text: text = '32'
25.2705 	DATA 	Keypress: return
25.2850 	EXP 	instr: autoDraw = False
25.2850 	EXP 	text: autoDraw = False
25.2850 	EXP 	feedback: autoDraw = False
25.2850 	EXP 	game_over_text: autoDraw = True
27.3868 	DATA 	Keypress: return
28.3027 	EXP 	game_over_text: autoDraw = False
28.5771 	EXP 	window1: mouseVisible = True
