0.2853 	WARNING 	We strongly recommend you activate the PTB sound engine in PsychoPy prefs as the preferred audio engine. Its timing is vastly superior. Your prefs are currently set to use ['sounddevice', 'PTB', 'pyo', 'pygame'] (in that order).
16.3480 	EXP 	Created window1 = Window(allowGUI=False, allowStencil=False, args=UNKNOWN, autoLog=True, bitsMode=UNKNOWN, blendMode='avg', bpc=(8, 8, 8), color=array([0., 0., 0.]), colorSpace='rgb', depthBits=8, fullscr=<method-wrapper '__getattribute__' of attributeSetter object at 0x110876c18>, gamma=None, gammaErrorPolicy='raise', kwargs=UNKNOWN, lms=UNKNOWN, monitor=<psychopy.monitors.calibTools.Monitor object at 0x1105e8fd0>, multiSample=False, name='window1', numSamples=2, pos=[0.0, 0.0], screen=0, size=array([1920, 1080]), stencilBits=0, stereo=False, units='height', useFBO=True, useRetina=False, viewOri=0.0, viewPos=None, viewScale=None, waitBlanking=True, winType='pyglet')
16.3482 	EXP 	window1: mouseVisible = True
16.3482 	EXP 	window1: recordFrameIntervals = False
16.5136 	EXP 	window1: recordFrameIntervals = True
16.6973 	EXP 	window1: recordFrameIntervals = False
16.8250 	EXP 	Created instText = TextStim(__class__=<class 'psychopy.visual.text.TextStim'>, alignHoriz=method-wrapper(...), alignText='center', alignVert=method-wrapper(...), anchorHoriz='center', anchorVert='center', antialias=True, autoLog=True, bold=False, color='white', colorSpace='named', contrast=1.0, depth=0.0, flipHoriz=False, flipVert=False, font='Arial', fontFiles=[], height=0.05, italic=False, languageStyle='LTR', name='instText', opacity=1.0, ori=0, pos=array([0., 0.]), rgb=array([255., 255., 255.]), text=str(...), units='height', win=Window(...), wrapWidth=1)
16.8712 	EXP 	Created text_2 = TextStim(__class__=<class 'psychopy.visual.text.TextStim'>, alignHoriz=method-wrapper(...), alignText='center', alignVert=method-wrapper(...), anchorHoriz='center', anchorVert='center', antialias=True, autoLog=True, bold=False, color='white', colorSpace='named', contrast=1.0, depth=0.0, flipHoriz=False, flipVert=False, font='Arial', fontFiles=[], height=0.05, italic=False, languageStyle='LTR', name='text_2', opacity=1.0, ori=0, pos=array([0., 0.]), rgb=array([255., 255., 255.]), text=str(...), units='height', win=Window(...), wrapWidth=1)
16.9037 	EXP 	Created instr = TextStim(__class__=<class 'psychopy.visual.text.TextStim'>, alignHoriz=method-wrapper(...), alignText='center', alignVert=method-wrapper(...), anchorHoriz='center', anchorVert='center', antialias=True, autoLog=True, bold=False, color='white', colorSpace='named', contrast=1.0, depth=0.0, flipHoriz=False, flipVert=False, font='Arial', fontFiles=[], height=0.05, italic=False, languageStyle='LTR', name='instr', opacity=1.0, ori=0, pos=array([-0.2,  0.2]), rgb=array([255., 255., 255.]), text='Type your guess below and press “enter” ', units='height', win=Window(...), wrapWidth=1)
16.9044 	EXP 	Created text = TextStim(__class__=<class 'psychopy.visual.text.TextStim'>, alignHoriz=method-wrapper(...), alignText='center', alignVert=method-wrapper(...), anchorHoriz='center', anchorVert='center', antialias=True, autoLog=True, bold=False, color='white', colorSpace='named', contrast=1.0, depth=-1.0, flipHoriz=False, flipVert=False, font='Arial', fontFiles=[], height=0.1, italic=False, languageStyle='LTR', name='text', opacity=1.0, ori=0, pos=array([0., 0.]), rgb=array([255., 255., 255.]), text='', units='height', win=Window(...), wrapWidth=1)
16.9048 	EXP 	Created feedback = TextStim(__class__=<class 'psychopy.visual.text.TextStim'>, alignHoriz=method-wrapper(...), alignText='center', alignVert=method-wrapper(...), anchorHoriz='center', anchorVert='center', antialias=True, autoLog=True, bold=False, color='white', colorSpace='named', contrast=1.0, depth=-2.0, flipHoriz=False, flipVert=False, font='Arial', fontFiles=[], height=0.1, italic=False, languageStyle='LTR', name='feedback', opacity=1.0, ori=0, pos=array([0. , 0.1]), rgb=array([255., 255., 255.]), text='', units='height', win=Window(...), wrapWidth=1)
16.9147 	EXP 	Created game_over_text = TextStim(__class__=<class 'psychopy.visual.text.TextStim'>, alignHoriz=method-wrapper(...), alignText='center', alignVert=method-wrapper(...), anchorHoriz='center', anchorVert='center', antialias=True, autoLog=True, bold=False, color='white', colorSpace='named', contrast=1.0, depth=0.0, flipHoriz=False, flipVert=False, font='Arial', fontFiles=[], height=0.05, italic=False, languageStyle='LTR', name='game_over_text', opacity=1.0, ori=0, pos=array([0., 0.]), rgb=array([255., 255., 255.]), text=str(...), units='height', win=Window(...), wrapWidth=1)
16.9641 	EXP 	instText: autoDraw = True
21.2036 	DATA 	Keypress: space
21.2134 	EXP 	instText: autoDraw = False
21.2134 	EXP 	text_2: autoDraw = True
22.0803 	EXP 	Created sequence: random, trialTypes=1, nReps=1, seed=None
22.0805 	EXP 	New trial (rep=0, index=0): None
22.0821 	DATA 	Keypress: space
22.0972 	EXP 	text_2: autoDraw = False
22.0972 	EXP 	text: text = ''
22.0972 	EXP 	instr: autoDraw = True
22.0972 	EXP 	text: autoDraw = True
22.0972 	EXP 	feedback: autoDraw = True
23.4500 	DATA 	Keypress: 5
23.4807 	EXP 	text: text = '5'
23.5317 	DATA 	Keypress: 0
23.5475 	EXP 	text: text = '50'
23.6657 	DATA 	Keypress: 0
23.6803 	EXP 	text: text = '500'
23.9017 	DATA 	Keypress: return
23.9177 	EXP 	feedback: text = 'Too low!'
23.9177 	EXP 	text: text = ''
27.6495 	DATA 	Keypress: bracketright
27.6807 	EXP 	text: text = 'bracketright'
28.1323 	DATA 	Keypress: bracketright
28.1468 	EXP 	text: text = 'bracketrightbracketright'
28.3325 	DATA 	Keypress: bracketright
28.3465 	EXP 	text: text = 'bracketrightbracketrightbracketright'
28.5151 	DATA 	Keypress: bracketright
28.5298 	EXP 	text: text = 'bracketrightbracketrightbracketrightbracketright'
28.6816 	DATA 	Keypress: bracketright
28.6968 	EXP 	text: text = 'bracketrightbracketrightbracketrightbracketrightbracketright'
28.8331 	DATA 	Keypress: bracketright
28.8631 	EXP 	text: text = 'bracketrightbracketrightbracketrightbracketrightbracketrightbracketright'
28.9988 	DATA 	Keypress: bracketright
29.0132 	EXP 	text: text = 'bracketrightbracketrightbracketrightbracketrightbracketrightbracketrightbracketright'
29.6521 	DATA 	Keypress: escape
29.6675 	EXP 	text: text = 'bracketrightbracketrightbracketrightbracketrightbracketrightbracketrightbracketrightescape'
30.0654 	EXP 	window1: mouseVisible = True
