0.15029999997932464	EXP	Created Window = Window( name=Window, fullscr=true, color=#808080, units=height, waitBlanking=true, autoLog=true, size=[1920,937] )
6.903425000025891	DATA	Keydown: Shift
7.048360000015236	DATA	Keydown: K
7.277555000036955	DATA	Keydown: a
7.444290000014007	DATA	Keydown: r
7.544280000030994	DATA	Keydown: e
7.64792999997735	DATA	Keydown: n
10.204129999969155	EXP	Created instText = TextStim( name=instText, win=Window( name=Window, fullscr=true, color=#808080, ~), autoDraw=null, autoLog=true, units=height, pos=[0,0], size=undefined, ori=null, opacity=1, depth=null, clipMask=null, boundingBox={"x":-0.4976943432330576,"y":-0.3607257203842049,"~, text=In this game you will be asked to guess a random n~, alignHoriz=center, alignVert=center, flipHoriz=null, flipVert=null, font=Arial, height=0.05, wrapWidth=1, bold=null, italic=null, color=#FFFFFF, contrast=1 )
10.208519999985583	EXP	Created text_2 = TextStim( name=text_2, win=Window( name=Window, fullscr=true, color=#808080, ~), autoDraw=null, autoLog=true, units=height, pos=[0,0], size=undefined, ori=null, opacity=1, depth=null, clipMask=null, boundingBox={"x":-0.45588610800760404,"y":-0.3052294557097118,~, text=Type in your guess and press “enter” in order to s~, alignHoriz=center, alignVert=center, flipHoriz=null, flipVert=null, font=Arial, height=0.05, wrapWidth=1, bold=null, italic=null, color=#FFFFFF, contrast=1 )
10.209369999938644	EXP	Created instr = TextStim( name=instr, win=Window( name=Window, fullscr=true, color=#808080, ~), autoDraw=null, autoLog=true, units=height, pos=[-0.2,0.2], size=undefined, ori=null, opacity=1, depth=null, clipMask=null, boundingBox={"x":-0.6544655587146478,"y":0.17225186766275347,"~, text=Type your guess below and press “enter” , alignHoriz=center, alignVert=center, flipHoriz=null, flipVert=null, font=Arial, height=0.05, wrapWidth=1, bold=null, italic=null, color=#FFFFFF, contrast=1 )
10.215334999957122	EXP	Created text = TextStim( name=text, win=Window( name=Window, fullscr=true, color=#808080, ~), autoDraw=null, autoLog=true, units=height, pos=[0,0], size=undefined, ori=null, opacity=1, depth=-1, clipMask=null, boundingBox={"x":0,"y":-0.05549626467449306,"width":0,"height"~, text=null, alignHoriz=center, alignVert=center, flipHoriz=null, flipVert=null, font=Arial, height=0.1, wrapWidth=1, bold=null, italic=null, color=#FFFFFF, contrast=1 )
10.21918499993626	EXP	Created feedback = TextStim( name=feedback, win=Window( name=Window, fullscr=true, color=#808080, ~), autoDraw=null, autoLog=true, units=height, pos=[0,0.1], size=undefined, ori=null, opacity=1, depth=-2, clipMask=null, boundingBox={"x":0,"y":0.04450373532550694,"width":0,"height":~, text=null, alignHoriz=center, alignVert=center, flipHoriz=null, flipVert=null, font=Arial, height=0.1, wrapWidth=1, bold=null, italic=null, color=#FFFFFF, contrast=1 )
10.220650000032037	EXP	Created game_over_text = TextStim( name=game_over_text, win=Window( name=Window, fullscr=true, color=#808080, ~), autoDraw=null, autoLog=true, units=height, pos=[0,0], size=undefined, ori=null, opacity=1, depth=null, clipMask=null, boundingBox={"x":-0.49351841815635006,"y":-0.19423692636072573~, text=Congrats! You win!

Please type the letter “y” if ~, alignHoriz=center, alignVert=center, flipHoriz=null, flipVert=null, font=Arial, height=0.05, wrapWidth=1, bold=null, italic=null, color=#FFFFFF, contrast=1 )
10.252794999978505	EXP	instText: units = height
10.252794999978505	EXP	instText: pos = [0,0]
10.252794999978505	EXP	instText: size = undefined
10.252794999978505	EXP	instText: ori = null
10.252794999978505	EXP	instText: opacity = 1
10.252794999978505	EXP	instText: depth = null
10.252794999978505	EXP	instText: clipMask = null
10.252794999978505	EXP	instText: boundingBox = {"x":0,"y":0,"width":0,"height":0,"type":1}
10.252794999978505	EXP	instText: text = In this game you will be asked to guess a random number from 1 to 1,000 (inclusive). 

Each time you guess, you will receive a hint. That hint will either tell you that your guess was too high or too low. You can use that feedback in your next turn. 

Please note that you must use the number row to type in guesses (not the number pad)! 

Press the space bar to continue...
10.252794999978505	EXP	instText: alignHoriz = center
10.252794999978505	EXP	instText: alignVert = center
10.252794999978505	EXP	instText: flipHoriz = null
10.252794999978505	EXP	instText: flipVert = null
10.252794999978505	EXP	instText: font = Arial
10.252794999978505	EXP	instText: height = 0.05
10.252794999978505	EXP	instText: wrapWidth = 1
10.252794999978505	EXP	instText: bold = null
10.252794999978505	EXP	instText: italic = null
10.252794999978505	EXP	instText: color = #FFFFFF
10.252794999978505	EXP	instText: contrast = 1
10.252794999978505	EXP	text_2: units = height
10.252794999978505	EXP	text_2: pos = [0,0]
10.252794999978505	EXP	text_2: size = undefined
10.252794999978505	EXP	text_2: ori = null
10.252794999978505	EXP	text_2: opacity = 1
10.252794999978505	EXP	text_2: depth = null
10.252794999978505	EXP	text_2: clipMask = null
10.252794999978505	EXP	text_2: boundingBox = {"x":0,"y":0,"width":0,"height":0,"type":1}
10.252794999978505	EXP	text_2: text = Type in your guess and press “enter” in order to submit that guess.

Your final score will be based on a combination of: 1) total time you took to submit each guess, and 2) the number of guesses it took for you to finally get the correct number. 

Press the space bar to start the game…

10.252794999978505	EXP	text_2: alignHoriz = center
10.252794999978505	EXP	text_2: alignVert = center
10.252794999978505	EXP	text_2: flipHoriz = null
10.252794999978505	EXP	text_2: flipVert = null
10.252794999978505	EXP	text_2: font = Arial
10.252794999978505	EXP	text_2: height = 0.05
10.252794999978505	EXP	text_2: wrapWidth = 1
10.252794999978505	EXP	text_2: bold = null
10.252794999978505	EXP	text_2: italic = null
10.252794999978505	EXP	text_2: color = #FFFFFF
10.252794999978505	EXP	text_2: contrast = 1
10.252794999978505	EXP	instr: units = height
10.252794999978505	EXP	instr: pos = [-0.2,0.2]
10.252794999978505	EXP	instr: size = undefined
10.252794999978505	EXP	instr: ori = null
10.252794999978505	EXP	instr: opacity = 1
10.252794999978505	EXP	instr: depth = null
10.252794999978505	EXP	instr: clipMask = null
10.252794999978505	EXP	instr: boundingBox = {"x":0,"y":0,"width":0,"height":0,"type":1}
10.252794999978505	EXP	instr: text = Type your guess below and press “enter” 
10.252794999978505	EXP	instr: alignHoriz = center
10.252794999978505	EXP	instr: alignVert = center
10.252794999978505	EXP	instr: flipHoriz = null
10.252794999978505	EXP	instr: flipVert = null
10.252794999978505	EXP	instr: font = Arial
10.252794999978505	EXP	instr: height = 0.05
10.252794999978505	EXP	instr: wrapWidth = 1
10.252794999978505	EXP	instr: bold = null
10.252794999978505	EXP	instr: italic = null
10.252794999978505	EXP	instr: color = #FFFFFF
10.252794999978505	EXP	instr: contrast = 1
10.252794999978505	EXP	text: units = height
10.252794999978505	EXP	text: pos = [0,0]
10.252794999978505	EXP	text: size = undefined
10.252794999978505	EXP	text: ori = null
10.252794999978505	EXP	text: opacity = 1
10.252794999978505	EXP	text: depth = -1
10.252794999978505	EXP	text: clipMask = null
10.252794999978505	EXP	text: boundingBox = {"x":0,"y":0,"width":0,"height":0,"type":1}
10.252794999978505	EXP	text: text = null
10.252794999978505	EXP	text: alignHoriz = center
10.252794999978505	EXP	text: alignVert = center
10.252794999978505	EXP	text: flipHoriz = null
10.252794999978505	EXP	text: flipVert = null
10.252794999978505	EXP	text: font = Arial
10.252794999978505	EXP	text: height = 0.1
10.252794999978505	EXP	text: wrapWidth = 1
10.252794999978505	EXP	text: bold = null
10.252794999978505	EXP	text: italic = null
10.252794999978505	EXP	text: color = #FFFFFF
10.252794999978505	EXP	text: contrast = 1
10.252794999978505	EXP	feedback: units = height
10.252794999978505	EXP	feedback: pos = [0,0.1]
10.252794999978505	EXP	feedback: size = undefined
10.252794999978505	EXP	feedback: ori = null
10.252794999978505	EXP	feedback: opacity = 1
10.252794999978505	EXP	feedback: depth = -2
10.252794999978505	EXP	feedback: clipMask = null
10.252794999978505	EXP	feedback: boundingBox = {"x":0,"y":0,"width":0,"height":0,"type":1}
10.252794999978505	EXP	feedback: text = null
10.252794999978505	EXP	feedback: alignHoriz = center
10.252794999978505	EXP	feedback: alignVert = center
10.252794999978505	EXP	feedback: flipHoriz = null
10.252794999978505	EXP	feedback: flipVert = null
10.252794999978505	EXP	feedback: font = Arial
10.252794999978505	EXP	feedback: height = 0.1
10.252794999978505	EXP	feedback: wrapWidth = 1
10.252794999978505	EXP	feedback: bold = null
10.252794999978505	EXP	feedback: italic = null
10.252794999978505	EXP	feedback: color = #FFFFFF
10.252794999978505	EXP	feedback: contrast = 1
10.252794999978505	EXP	game_over_text: units = height
10.252794999978505	EXP	game_over_text: pos = [0,0]
10.252794999978505	EXP	game_over_text: size = undefined
10.252794999978505	EXP	game_over_text: ori = null
10.252794999978505	EXP	game_over_text: opacity = 1
10.252794999978505	EXP	game_over_text: depth = null
10.252794999978505	EXP	game_over_text: clipMask = null
10.252794999978505	EXP	game_over_text: boundingBox = {"x":0,"y":0,"width":0,"height":0,"type":1}
10.252794999978505	EXP	game_over_text: text = Congrats! You win!

Please type the letter “y” if you are familiar with binary or bisection search. 
Type the letter “n” if you have never heard of or do not know what binary or bisection search is.
10.252794999978505	EXP	game_over_text: alignHoriz = center
10.252794999978505	EXP	game_over_text: alignVert = center
10.252794999978505	EXP	game_over_text: flipHoriz = null
10.252794999978505	EXP	game_over_text: flipVert = null
10.252794999978505	EXP	game_over_text: font = Arial
10.252794999978505	EXP	game_over_text: height = 0.05
10.252794999978505	EXP	game_over_text: wrapWidth = 1
10.252794999978505	EXP	game_over_text: bold = null
10.252794999978505	EXP	game_over_text: italic = null
10.252794999978505	EXP	game_over_text: color = #FFFFFF
10.252794999978505	EXP	game_over_text: contrast = 1
10.252794999978505	EXP	instText: autoDraw = true
21.361485000001267	DATA	Mouse: wheel shift=(0,100), pos=(1518,559)
21.477665000013076	DATA	Mouse: wheel shift=(0,100), pos=(1518,559)
21.560939999995753	DATA	Mouse: wheel shift=(0,100), pos=(1518,559)
22.87595999997575	DATA	Keydown:  
22.908364999922924	EXP	instText: autoDraw = null
22.908364999922924	EXP	text_2: autoDraw = true
35.59305000002496	DATA	Keydown: 5
35.65345999994315	EXP	text_2: autoDraw = null
35.65345999994315	EXP	text: text = null
35.65345999994315	EXP	instr: autoDraw = true
35.65345999994315	EXP	text: autoDraw = true
35.65345999994315	EXP	feedback: autoDraw = true
35.65345999994315	EXP	text: text = 5
35.857755000004545	DATA	Keydown: 0
35.87592499994207	EXP	text: text = 50
36.00015500001609	DATA	Keydown: 0
36.009274999960326	EXP	text: text = 500
37.49524499999825	DATA	Keydown: Enter
37.506444999948144	EXP	feedback: text = Too high!
37.506444999948144	EXP	text: text = null
39.28984500002116	DATA	Keydown: 4
39.308349999948405	EXP	text: text = 4
39.72817000001669	DATA	Keydown: 0
39.74101999995764	EXP	text: text = 40
39.88005499995779	DATA	Keydown: 0
39.887905000010505	EXP	text: text = 400
40.656079999986105	DATA	Keydown: Enter
40.6742249999661	EXP	feedback: text = Too high!
40.6742249999661	EXP	text: text = null
42.76004999992438	DATA	Keydown: 3
42.77734499995131	EXP	text: text = 3
43.08781499997713	DATA	Keydown: 0
43.11108499998227	EXP	text: text = 30
43.23610500001814	DATA	Keydown: 0
43.26066499995068	EXP	text: text = 300
43.919239999959245	DATA	Keydown: Enter
43.94438499992248	EXP	feedback: text = Too high!
43.94438499992248	EXP	text: text = null
45.71351499995217	DATA	Keydown: 2
45.7302099999506	EXP	text: text = 2
46.11168999993242	DATA	Keydown: 0
46.1150899999775	EXP	text: text = 20
46.256025000009686	DATA	Keydown: 0
46.267929999972694	EXP	text: text = 200
47.086899999994785	DATA	Keydown: Enter
47.11415499995928	EXP	feedback: text = Too low!
47.11415499995928	EXP	text: text = null
48.60807499999646	DATA	Keydown: 2
48.63339500001166	EXP	text: text = 2
49.023934999946505	DATA	Keydown: 5
49.050429999944754	EXP	text: text = 25
49.27174999995623	DATA	Keydown: 0
49.30066499998793	EXP	text: text = 250
49.8346400000155	DATA	Keydown: Enter
49.86728999996558	EXP	feedback: text = Too high!
49.86728999996558	EXP	text: text = null
51.423904999974184	DATA	Keydown: 2
51.4360849999357	EXP	text: text = 2
51.87135999999009	DATA	Keydown: 2
51.886664999998175	EXP	text: text = 22
52.28844499995466	DATA	Keydown: 5
52.30374999996275	EXP	text: text = 225
52.65416999999434	DATA	Keydown: Enter
52.68686000001617	EXP	feedback: text = Too low!
52.68686000001617	EXP	text: text = null
54.156770000001416	DATA	Keydown: 2
54.172279999940656	EXP	text: text = 2
54.57562000001781	DATA	Keydown: 4
54.60597000003327	EXP	text: text = 24
54.856180000002496	DATA	Keydown: 0
54.86273499997333	EXP	text: text = 240
55.52876000001561	DATA	Keydown: Enter
55.55616499995813	EXP	feedback: text = Too high!
55.55616499995813	EXP	text: text = null
57.2122199999867	DATA	Keydown: 2
57.228015000000596	EXP	text: text = 2
57.50407499994617	DATA	Keydown: 3
57.511330000008456	EXP	text: text = 23
57.81602499994915	DATA	Keydown: 0
57.82835999992676	EXP	text: text = 230
58.63917500001844	DATA	Keydown: Enter
58.659254999947734	EXP	feedback: text = Too low!
58.659254999947734	EXP	text: text = null
60.21291499992367	DATA	Keydown: 2
60.22826999996323	EXP	text: text = 2
60.447990000015125	DATA	Keydown: 3
60.46192000003066	EXP	text: text = 23
60.7468349999981	DATA	Keydown: 5
60.7620749999769	EXP	text: text = 235
61.135174999944866	DATA	Keydown: Enter
61.161944999941625	EXP	feedback: text = Too high!
61.161944999941625	EXP	text: text = null
63.18262500001583	DATA	Keydown: 2
63.19790000002831	EXP	text: text = 2
63.4995699999854	DATA	Keydown: 3
63.51492500002496	EXP	text: text = 23
63.78408000001218	DATA	Keydown: 4
63.798504999955185	EXP	text: text = 234
64.14888500003144	DATA	Keydown: Enter
64.16495499992743	EXP	feedback: text = Too high!
64.16495499992743	EXP	text: text = null
65.21624999993946	DATA	Keydown: 2
65.23243500001263	EXP	text: text = 2
65.5834249999607	DATA	Keydown: 3
65.59968999994453	EXP	text: text = 23
65.80471499997657	DATA	Keydown: 3
65.83293999999296	EXP	text: text = 233
66.03458999993745	DATA	Keydown: Enter
66.05016999994405	EXP	feedback: text = Too high!
66.05016999994405	EXP	text: text = null
67.05313499993645	DATA	Keydown: 2
67.08481499995105	EXP	text: text = 2
67.32340999995358	DATA	Keydown: 3
67.33941000001505	EXP	text: text = 23
67.56834500003606	DATA	Keydown: 2
67.58571499993559	EXP	text: text = 232
67.84720499999821	DATA	Keydown: Enter
67.86974999995437	EXP	instr: autoDraw = null
67.86974999995437	EXP	text: autoDraw = null
67.86974999995437	EXP	feedback: autoDraw = null
67.86974999995437	EXP	text: text = null
67.86974999995437	EXP	game_over_text: autoDraw = true
73.57651499996427	DATA	Keydown: n
