0.09172999998554587	EXP	Created Window = Window( name=Window, fullscr=true, color=#808080, units=height, waitBlanking=true, autoLog=true, size=[893,930] )
104.39531499997247	DATA	Keydown: l
104.4943299999868	DATA	Keydown: e
104.60675499998615	DATA	Keydown: i
104.78708499998902	DATA	Keydown: a
104.88806999998633	DATA	Keydown: n
104.92020999998203	DATA	Keydown: i
105.47412999998778	DATA	Keydown: Backspace
105.5982349999831	DATA	Keydown: Backspace
105.72899499998312	DATA	Keydown: Backspace
106.07859499999904	DATA	Keydown: l
106.2128199999861	DATA	Keydown: a
106.48666999998386	DATA	Keydown: n
106.52944499999285	DATA	Keydown: i
107.74147499998799	DATA	Keydown: Backspace
107.87185999998474	DATA	Keydown: Backspace
108.02438499999698	DATA	Keydown: Backspace
108.16396499998518	DATA	Keydown: Backspace
108.30583499997738	DATA	Keydown: Backspace
108.44842999998946	DATA	Keydown: Backspace
108.60760999997729	DATA	Keydown: Backspace
110.112524999975	DATA	Keydown: l
110.23889999999665	DATA	Keydown: e
110.32894999999553	DATA	Keydown: i
110.40403499998502	DATA	Keydown: l
110.4930249999743	DATA	Keydown: a
110.81359499998507	DATA	Keydown: n
110.85693999999785	DATA	Keydown: i
116.40219999998226	EXP	Created instText = TextStim( name=instText, win=Window( name=Window, fullscr=true, color=#808080, ~), autoDraw=null, autoLog=true, units=height, pos=[0,0], size=undefined, ori=null, opacity=1, depth=null, clipMask=null, boundingBox={"x":-0.499994805518617,"y":-0.37122060470324747,"~, text=In this game you will be asked to guess a random n~, alignHoriz=center, alignVert=center, flipHoriz=null, flipVert=null, font=Arial, height=0.05, wrapWidth=1, bold=null, italic=null, color=#FFFFFF, contrast=1 )
116.40966499998467	EXP	Created text_2 = TextStim( name=text_2, win=Window( name=Window, fullscr=true, color=#808080, ~), autoDraw=null, autoLog=true, units=height, pos=[0,0], size=undefined, ori=null, opacity=1, depth=null, clipMask=null, boundingBox={"x":-0.4976695916153415,"y":-0.37122060470324747,~, text=Type in your guess and press “enter” in order to s~, alignHoriz=center, alignVert=center, flipHoriz=null, flipVert=null, font=Arial, height=0.05, wrapWidth=1, bold=null, italic=null, color=#FFFFFF, contrast=1 )
116.41135999999824	EXP	Created instr = TextStim( name=instr, win=Window( name=Window, fullscr=true, color=#808080, ~), autoDraw=null, autoLog=true, units=height, pos=[-0.2,0.2], size=undefined, ori=null, opacity=1, depth=null, clipMask=null, boundingBox={"x":-0.6565662072193449,"y":0.17144456886898096,"~, text=Type your guess below and press “enter” , alignHoriz=center, alignVert=center, flipHoriz=null, flipVert=null, font=Arial, height=0.05, wrapWidth=1, bold=null, italic=null, color=#FFFFFF, contrast=1 )
116.44223999997484	EXP	Created text = TextStim( name=text, win=Window( name=Window, fullscr=true, color=#808080, ~), autoDraw=null, autoLog=true, units=height, pos=[0,0], size=undefined, ori=null, opacity=1, depth=-1, clipMask=null, boundingBox={"x":0,"y":-0.055991041433370664,"width":0,"height~, text=null, alignHoriz=center, alignVert=center, flipHoriz=null, flipVert=null, font=Arial, height=0.1, wrapWidth=1, bold=null, italic=null, color=#FFFFFF, contrast=1 )
116.44470999998157	EXP	Created feedback = TextStim( name=feedback, win=Window( name=Window, fullscr=true, color=#808080, ~), autoDraw=null, autoLog=true, units=height, pos=[0,0.1], size=undefined, ori=null, opacity=1, depth=-2, clipMask=null, boundingBox={"x":0,"y":0.04400895856662934,"width":0,"height":~, text=null, alignHoriz=center, alignVert=center, flipHoriz=null, flipVert=null, font=Arial, height=0.1, wrapWidth=1, bold=null, italic=null, color=#FFFFFF, contrast=1 )
116.44704999998794	EXP	Created game_over_text = TextStim( name=game_over_text, win=Window( name=Window, fullscr=true, color=#808080, ~), autoDraw=null, autoLog=true, units=height, pos=[0,0], size=undefined, ori=null, opacity=1, depth=null, clipMask=null, boundingBox={"x":-0.4957995783174692,"y":-0.19988801791713326,~, text=Congrats! You win!

Please type the letter “y” if ~, alignHoriz=center, alignVert=center, flipHoriz=null, flipVert=null, font=Arial, height=0.05, wrapWidth=1, bold=null, italic=null, color=#FFFFFF, contrast=1 )
116.59570999999414	EXP	instText: units = height
116.59570999999414	EXP	instText: pos = [0,0]
116.59570999999414	EXP	instText: size = undefined
116.59570999999414	EXP	instText: ori = null
116.59570999999414	EXP	instText: opacity = 1
116.59570999999414	EXP	instText: depth = null
116.59570999999414	EXP	instText: clipMask = null
116.59570999999414	EXP	instText: boundingBox = {"x":0,"y":0,"width":0,"height":0,"type":1}
116.59570999999414	EXP	instText: text = In this game you will be asked to guess a random number from 1 to 1,000 (inclusive). 

Each time you guess, you will receive a hint. That hint will either tell you that your guess was too high or too low. You can use that feedback in your next turn. 

Please note that you must use the number row to type in guesses (not the number pad)! 

Press the space bar to continue...
116.59570999999414	EXP	instText: alignHoriz = center
116.59570999999414	EXP	instText: alignVert = center
116.59570999999414	EXP	instText: flipHoriz = null
116.59570999999414	EXP	instText: flipVert = null
116.59570999999414	EXP	instText: font = Arial
116.59570999999414	EXP	instText: height = 0.05
116.59570999999414	EXP	instText: wrapWidth = 1
116.59570999999414	EXP	instText: bold = null
116.59570999999414	EXP	instText: italic = null
116.59570999999414	EXP	instText: color = #FFFFFF
116.59570999999414	EXP	instText: contrast = 1
116.59570999999414	EXP	text_2: units = height
116.59570999999414	EXP	text_2: pos = [0,0]
116.59570999999414	EXP	text_2: size = undefined
116.59570999999414	EXP	text_2: ori = null
116.59570999999414	EXP	text_2: opacity = 1
116.59570999999414	EXP	text_2: depth = null
116.59570999999414	EXP	text_2: clipMask = null
116.59570999999414	EXP	text_2: boundingBox = {"x":0,"y":0,"width":0,"height":0,"type":1}
116.59570999999414	EXP	text_2: text = Type in your guess and press “enter” in order to submit that guess.

Your final score will be based on a combination of: 1) total time you took to submit each guess, and 2) the number of guesses it took for you to finally get the correct number. You are not permitted to use a calculator or write anything down during the game! 

Press the space bar to start the game…

116.59570999999414	EXP	text_2: alignHoriz = center
116.59570999999414	EXP	text_2: alignVert = center
116.59570999999414	EXP	text_2: flipHoriz = null
116.59570999999414	EXP	text_2: flipVert = null
116.59570999999414	EXP	text_2: font = Arial
116.59570999999414	EXP	text_2: height = 0.05
116.59570999999414	EXP	text_2: wrapWidth = 1
116.59570999999414	EXP	text_2: bold = null
116.59570999999414	EXP	text_2: italic = null
116.59570999999414	EXP	text_2: color = #FFFFFF
116.59570999999414	EXP	text_2: contrast = 1
116.59570999999414	EXP	instr: units = height
116.59570999999414	EXP	instr: pos = [-0.2,0.2]
116.59570999999414	EXP	instr: size = undefined
116.59570999999414	EXP	instr: ori = null
116.59570999999414	EXP	instr: opacity = 1
116.59570999999414	EXP	instr: depth = null
116.59570999999414	EXP	instr: clipMask = null
116.59570999999414	EXP	instr: boundingBox = {"x":0,"y":0,"width":0,"height":0,"type":1}
116.59570999999414	EXP	instr: text = Type your guess below and press “enter” 
116.59570999999414	EXP	instr: alignHoriz = center
116.59570999999414	EXP	instr: alignVert = center
116.59570999999414	EXP	instr: flipHoriz = null
116.59570999999414	EXP	instr: flipVert = null
116.59570999999414	EXP	instr: font = Arial
116.59570999999414	EXP	instr: height = 0.05
116.59570999999414	EXP	instr: wrapWidth = 1
116.59570999999414	EXP	instr: bold = null
116.59570999999414	EXP	instr: italic = null
116.59570999999414	EXP	instr: color = #FFFFFF
116.59570999999414	EXP	instr: contrast = 1
116.59570999999414	EXP	text: units = height
116.59570999999414	EXP	text: pos = [0,0]
116.59570999999414	EXP	text: size = undefined
116.59570999999414	EXP	text: ori = null
116.59570999999414	EXP	text: opacity = 1
116.59570999999414	EXP	text: depth = -1
116.59570999999414	EXP	text: clipMask = null
116.59570999999414	EXP	text: boundingBox = {"x":0,"y":0,"width":0,"height":0,"type":1}
116.59570999999414	EXP	text: text = null
116.59570999999414	EXP	text: alignHoriz = center
116.59570999999414	EXP	text: alignVert = center
116.59570999999414	EXP	text: flipHoriz = null
116.59570999999414	EXP	text: flipVert = null
116.59570999999414	EXP	text: font = Arial
116.59570999999414	EXP	text: height = 0.1
116.59570999999414	EXP	text: wrapWidth = 1
116.59570999999414	EXP	text: bold = null
116.59570999999414	EXP	text: italic = null
116.59570999999414	EXP	text: color = #FFFFFF
116.59570999999414	EXP	text: contrast = 1
116.59570999999414	EXP	feedback: units = height
116.59570999999414	EXP	feedback: pos = [0,0.1]
116.59570999999414	EXP	feedback: size = undefined
116.59570999999414	EXP	feedback: ori = null
116.59570999999414	EXP	feedback: opacity = 1
116.59570999999414	EXP	feedback: depth = -2
116.59570999999414	EXP	feedback: clipMask = null
116.59570999999414	EXP	feedback: boundingBox = {"x":0,"y":0,"width":0,"height":0,"type":1}
116.59570999999414	EXP	feedback: text = null
116.59570999999414	EXP	feedback: alignHoriz = center
116.59570999999414	EXP	feedback: alignVert = center
116.59570999999414	EXP	feedback: flipHoriz = null
116.59570999999414	EXP	feedback: flipVert = null
116.59570999999414	EXP	feedback: font = Arial
116.59570999999414	EXP	feedback: height = 0.1
116.59570999999414	EXP	feedback: wrapWidth = 1
116.59570999999414	EXP	feedback: bold = null
116.59570999999414	EXP	feedback: italic = null
116.59570999999414	EXP	feedback: color = #FFFFFF
116.59570999999414	EXP	feedback: contrast = 1
116.59570999999414	EXP	game_over_text: units = height
116.59570999999414	EXP	game_over_text: pos = [0,0]
116.59570999999414	EXP	game_over_text: size = undefined
116.59570999999414	EXP	game_over_text: ori = null
116.59570999999414	EXP	game_over_text: opacity = 1
116.59570999999414	EXP	game_over_text: depth = null
116.59570999999414	EXP	game_over_text: clipMask = null
116.59570999999414	EXP	game_over_text: boundingBox = {"x":0,"y":0,"width":0,"height":0,"type":1}
116.59570999999414	EXP	game_over_text: text = Congrats! You win!

Please type the letter “y” if you are familiar with binary or bisection search. 
Type the letter “n” if you have never heard of or do not know what binary or bisection search is.
116.59570999999414	EXP	game_over_text: alignHoriz = center
116.59570999999414	EXP	game_over_text: alignVert = center
116.59570999999414	EXP	game_over_text: flipHoriz = null
116.59570999999414	EXP	game_over_text: flipVert = null
116.59570999999414	EXP	game_over_text: font = Arial
116.59570999999414	EXP	game_over_text: height = 0.05
116.59570999999414	EXP	game_over_text: wrapWidth = 1
116.59570999999414	EXP	game_over_text: bold = null
116.59570999999414	EXP	game_over_text: italic = null
116.59570999999414	EXP	game_over_text: color = #FFFFFF
116.59570999999414	EXP	game_over_text: contrast = 1
116.59570999999414	EXP	instText: autoDraw = true
128.79655499997898	DATA	Keydown:  
128.8227649999899	EXP	instText: autoDraw = null
128.8227649999899	EXP	text_2: autoDraw = true
173.84919499998796	DATA	Keydown:  
173.89702499998384	EXP	text_2: autoDraw = null
173.89702499998384	EXP	text: text = null
173.89702499998384	EXP	instr: autoDraw = true
173.89702499998384	EXP	text: autoDraw = true
173.89702499998384	EXP	feedback: autoDraw = true
175.82639499998186	DATA	Keydown: 5
175.8534299999883	EXP	text: text = 5
175.9508949999872	DATA	Keydown: 0
175.97723499999847	EXP	text: text = 50
176.07590999998502	DATA	Keydown: 0
176.09907499997644	EXP	text: text = 500
176.5646649999835	DATA	Keydown: Enter
176.57622499999707	EXP	feedback: text = Too high!
176.57622499999707	EXP	text: text = null
178.9172499999986	DATA	Keydown: 2
178.94843499999843	EXP	text: text = 2
179.76020999997854	DATA	Keydown: 5
179.78037999998196	EXP	text: text = 25
179.93065999998362	DATA	Keydown: 0
179.95095499997842	EXP	text: text = 250
180.13134999998147	DATA	Keydown: Enter
180.14676499998313	EXP	feedback: text = Too low!
180.14676499998313	EXP	text: text = null
184.87719999998808	DATA	Keydown: 3
184.88898499999777	EXP	text: text = 3
184.99334499999532	DATA	Keydown: 0
185.02024499999243	EXP	text: text = 30
185.11442499997793	DATA	Keydown: 0
185.12263999998686	EXP	text: text = 300
185.30122499997378	DATA	Keydown: Enter
185.3263749999751	EXP	feedback: text = Too low!
185.3263749999751	EXP	text: text = null
187.1325599999982	DATA	Keydown: 4
187.15305999998236	EXP	text: text = 4
187.35907499998575	DATA	Keydown: 0
187.38791499999934	EXP	text: text = 40
187.46297999998205	DATA	Keydown: 0
187.4814699999988	EXP	text: text = 400
187.65918999997666	DATA	Keydown: Enter
187.66678499997943	EXP	feedback: text = Too low!
187.66678499997943	EXP	text: text = null
189.12569499999518	DATA	Keydown: 4
189.13581999999587	EXP	text: text = 4
189.26187999997637	DATA	Keydown: 5
189.2815399999963	EXP	text: text = 45
189.45005999997375	DATA	Keydown: 0
189.4689199999848	EXP	text: text = 450
189.607239999983	DATA	Keydown: Enter
189.6400549999962	EXP	feedback: text = Too high!
189.6400549999962	EXP	text: text = null
191.5159299999941	DATA	Keydown: 4
191.53632499999367	EXP	text: text = 4
191.9534299999941	DATA	Keydown: 2
191.9713599999959	EXP	text: text = 42
192.07373999999254	DATA	Keydown: 5
192.08550999997533	EXP	text: text = 425
192.33169499997166	DATA	Keydown: Enter
192.35850999999093	EXP	feedback: text = Too low!
192.35850999999093	EXP	text: text = null
196.69973999998183	DATA	Keydown: 4
196.71016499999678	EXP	text: text = 4
196.77325499997823	DATA	Keydown: 3
196.78205499998876	EXP	text: text = 43
196.9991399999999	DATA	Keydown: 0
197.01089999999385	EXP	text: text = 430
197.1811099999759	DATA	Keydown: Enter
197.20728499998222	EXP	feedback: text = Too low!
197.20728499998222	EXP	text: text = null
198.80680999998003	DATA	Keydown: 4
198.81550499997684	EXP	text: text = 4
200.028559999977	DATA	Keydown: 4
200.03868999998667	EXP	text: text = 44
200.24721499998122	DATA	Keydown: 0
200.27601499998127	EXP	text: text = 440
200.36111999998684	DATA	Keydown: Enter
200.38215499999933	EXP	feedback: text = Too high!
200.38215499999933	EXP	text: text = null
203.19601499999408	DATA	Keydown: 4
203.21703999998863	EXP	text: text = 4
203.30525499998475	DATA	Keydown: 3
203.33102499999222	EXP	text: text = 43
203.4638949999935	DATA	Keydown: 5
203.4891549999884	EXP	text: text = 435
203.71027999999933	DATA	Keydown: Enter
203.73798999999417	EXP	feedback: text = Too high!
203.73798999999417	EXP	text: text = null
204.91693999999552	DATA	Keydown: 4
204.93323499997496	EXP	text: text = 4
204.99946499997168	DATA	Keydown: 3
205.01469499999075	EXP	text: text = 43
205.57897999999113	DATA	Keydown: 4
205.59598999997252	EXP	text: text = 434
205.7238049999869	DATA	Keydown: Enter
205.75370499998098	EXP	feedback: text = Too high!
205.75370499998098	EXP	text: text = null
206.5302649999794	DATA	Keydown: 4
206.54603999998653	EXP	text: text = 4
206.6317749999871	DATA	Keydown: 3
206.64249499997823	EXP	text: text = 43
207.99201499999617	DATA	Keydown: 3
208.01520499997423	EXP	text: text = 433
208.2328999999736	DATA	Keydown: Enter
208.25252499998896	EXP	instr: autoDraw = null
208.25252499998896	EXP	text: autoDraw = null
208.25252499998896	EXP	feedback: autoDraw = null
208.25252499998896	EXP	text: text = null
208.25252499998896	EXP	game_over_text: autoDraw = true
213.21540499999537	DATA	Keydown: y
