0.15600000000000014	EXP	Created Window = Window( name=Window, fullscr=true, color=#808080, units=height, waitBlanking=true, autoLog=true, size=[1333,938] )
43.115	DATA	Keydown: Shift
43.36000000000001	DATA	Keydown: M
43.74400000000001	DATA	Keydown: a
43.844	DATA	Keydown: u
43.96	DATA	Keydown: r
44.066	DATA	Keydown: e
44.261	DATA	Keydown: e
44.359	DATA	Keydown: n
46.608000000000004	EXP	Created instText = TextStim( name=instText, win=Window( name=Window, fullscr=true, color=#808080, ~), autoDraw=null, autoLog=true, units=height, pos=[0,0], size=undefined, ori=null, opacity=1, depth=null, clipMask=null, boundingBox={"x":-0.49716375224880066,"y":-0.36727078891257997~, text=In this game you will be asked to guess a random n~, alignHoriz=center, alignVert=center, flipHoriz=null, flipVert=null, font=Arial, height=0.05, wrapWidth=1, bold=null, italic=null, color=#FFFFFF, contrast=1 )
46.611000000000004	EXP	Created text_2 = TextStim( name=text_2, win=Window( name=Window, fullscr=true, color=#808080, ~), autoDraw=null, autoLog=true, units=height, pos=[0,0], size=undefined, ori=null, opacity=1, depth=null, clipMask=null, boundingBox={"x":-0.4999284235907516,"y":-0.31076759061833686,~, text=Type in your guess and press “enter” in order to s~, alignHoriz=center, alignVert=center, flipHoriz=null, flipVert=null, font=Arial, height=0.05, wrapWidth=1, bold=null, italic=null, color=#FFFFFF, contrast=1 )
46.612	EXP	Created instr = TextStim( name=instr, win=Window( name=Window, fullscr=true, color=#808080, ~), autoDraw=null, autoLog=true, units=height, pos=[-0.2,0.2], size=undefined, ori=null, opacity=1, depth=null, clipMask=null, boundingBox={"x":-0.6539810538546109,"y":0.17174840085287849,"~, text=Type your guess below and press “enter” , alignHoriz=center, alignVert=center, flipHoriz=null, flipVert=null, font=Arial, height=0.05, wrapWidth=1, bold=null, italic=null, color=#FFFFFF, contrast=1 )
46.61600000000001	EXP	Created text = TextStim( name=text, win=Window( name=Window, fullscr=true, color=#808080, ~), autoDraw=null, autoLog=true, units=height, pos=[0,0], size=undefined, ori=null, opacity=1, depth=-1, clipMask=null, boundingBox={"x":0,"y":-0.055970149253731345,"width":0,"height~, text=null, alignHoriz=center, alignVert=center, flipHoriz=null, flipVert=null, font=Arial, height=0.1, wrapWidth=1, bold=null, italic=null, color=#FFFFFF, contrast=1 )
46.617000000000004	EXP	Created feedback = TextStim( name=feedback, win=Window( name=Window, fullscr=true, color=#808080, ~), autoDraw=null, autoLog=true, units=height, pos=[0,0.1], size=undefined, ori=null, opacity=1, depth=-2, clipMask=null, boundingBox={"x":0,"y":0.04402985074626866,"width":0,"height":~, text=null, alignHoriz=center, alignVert=center, flipHoriz=null, flipVert=null, font=Arial, height=0.1, wrapWidth=1, bold=null, italic=null, color=#FFFFFF, contrast=1 )
46.618	EXP	Created game_over_text = TextStim( name=game_over_text, win=Window( name=Window, fullscr=true, color=#808080, ~), autoDraw=null, autoLog=true, units=height, pos=[0,0], size=undefined, ori=null, opacity=1, depth=null, clipMask=null, boundingBox={"x":-0.49299227911780386,"y":-0.19776119402985073~, text=Congrats! You win!

Please type the letter “y” if ~, alignHoriz=center, alignVert=center, flipHoriz=null, flipVert=null, font=Arial, height=0.05, wrapWidth=1, bold=null, italic=null, color=#FFFFFF, contrast=1 )
46.725	EXP	instText: units = height
46.725	EXP	instText: pos = [0,0]
46.725	EXP	instText: size = undefined
46.725	EXP	instText: ori = null
46.725	EXP	instText: opacity = 1
46.725	EXP	instText: depth = null
46.725	EXP	instText: clipMask = null
46.725	EXP	instText: boundingBox = {"x":0,"y":0,"width":0,"height":0,"type":1}
46.725	EXP	instText: text = In this game you will be asked to guess a random number from 1 to 1,000 (inclusive). 

Each time you guess, you will receive a hint. That hint will either tell you that your guess was too high or too low. You can use that feedback in your next turn. 

Please note that you must use the number row to type in guesses (not the number pad)! 

Press the space bar to continue...
46.725	EXP	instText: alignHoriz = center
46.725	EXP	instText: alignVert = center
46.725	EXP	instText: flipHoriz = null
46.725	EXP	instText: flipVert = null
46.725	EXP	instText: font = Arial
46.725	EXP	instText: height = 0.05
46.725	EXP	instText: wrapWidth = 1
46.725	EXP	instText: bold = null
46.725	EXP	instText: italic = null
46.725	EXP	instText: color = #FFFFFF
46.725	EXP	instText: contrast = 1
46.725	EXP	text_2: units = height
46.725	EXP	text_2: pos = [0,0]
46.725	EXP	text_2: size = undefined
46.725	EXP	text_2: ori = null
46.725	EXP	text_2: opacity = 1
46.725	EXP	text_2: depth = null
46.725	EXP	text_2: clipMask = null
46.725	EXP	text_2: boundingBox = {"x":0,"y":0,"width":0,"height":0,"type":1}
46.725	EXP	text_2: text = Type in your guess and press “enter” in order to submit that guess.

Your final score will be based on a combination of: 1) total time you took to submit each guess, and 2) the number of guesses it took for you to finally get the correct number. 

Press the space bar to start the game…

46.725	EXP	text_2: alignHoriz = center
46.725	EXP	text_2: alignVert = center
46.725	EXP	text_2: flipHoriz = null
46.725	EXP	text_2: flipVert = null
46.725	EXP	text_2: font = Arial
46.725	EXP	text_2: height = 0.05
46.725	EXP	text_2: wrapWidth = 1
46.725	EXP	text_2: bold = null
46.725	EXP	text_2: italic = null
46.725	EXP	text_2: color = #FFFFFF
46.725	EXP	text_2: contrast = 1
46.725	EXP	instr: units = height
46.725	EXP	instr: pos = [-0.2,0.2]
46.725	EXP	instr: size = undefined
46.725	EXP	instr: ori = null
46.725	EXP	instr: opacity = 1
46.725	EXP	instr: depth = null
46.725	EXP	instr: clipMask = null
46.725	EXP	instr: boundingBox = {"x":0,"y":0,"width":0,"height":0,"type":1}
46.725	EXP	instr: text = Type your guess below and press “enter” 
46.725	EXP	instr: alignHoriz = center
46.725	EXP	instr: alignVert = center
46.725	EXP	instr: flipHoriz = null
46.725	EXP	instr: flipVert = null
46.725	EXP	instr: font = Arial
46.725	EXP	instr: height = 0.05
46.725	EXP	instr: wrapWidth = 1
46.725	EXP	instr: bold = null
46.725	EXP	instr: italic = null
46.725	EXP	instr: color = #FFFFFF
46.725	EXP	instr: contrast = 1
46.725	EXP	text: units = height
46.725	EXP	text: pos = [0,0]
46.725	EXP	text: size = undefined
46.725	EXP	text: ori = null
46.725	EXP	text: opacity = 1
46.725	EXP	text: depth = -1
46.725	EXP	text: clipMask = null
46.725	EXP	text: boundingBox = {"x":0,"y":0,"width":0,"height":0,"type":1}
46.725	EXP	text: text = null
46.725	EXP	text: alignHoriz = center
46.725	EXP	text: alignVert = center
46.725	EXP	text: flipHoriz = null
46.725	EXP	text: flipVert = null
46.725	EXP	text: font = Arial
46.725	EXP	text: height = 0.1
46.725	EXP	text: wrapWidth = 1
46.725	EXP	text: bold = null
46.725	EXP	text: italic = null
46.725	EXP	text: color = #FFFFFF
46.725	EXP	text: contrast = 1
46.725	EXP	feedback: units = height
46.725	EXP	feedback: pos = [0,0.1]
46.725	EXP	feedback: size = undefined
46.725	EXP	feedback: ori = null
46.725	EXP	feedback: opacity = 1
46.725	EXP	feedback: depth = -2
46.725	EXP	feedback: clipMask = null
46.725	EXP	feedback: boundingBox = {"x":0,"y":0,"width":0,"height":0,"type":1}
46.725	EXP	feedback: text = null
46.725	EXP	feedback: alignHoriz = center
46.725	EXP	feedback: alignVert = center
46.725	EXP	feedback: flipHoriz = null
46.725	EXP	feedback: flipVert = null
46.725	EXP	feedback: font = Arial
46.725	EXP	feedback: height = 0.1
46.725	EXP	feedback: wrapWidth = 1
46.725	EXP	feedback: bold = null
46.725	EXP	feedback: italic = null
46.725	EXP	feedback: color = #FFFFFF
46.725	EXP	feedback: contrast = 1
46.725	EXP	game_over_text: units = height
46.725	EXP	game_over_text: pos = [0,0]
46.725	EXP	game_over_text: size = undefined
46.725	EXP	game_over_text: ori = null
46.725	EXP	game_over_text: opacity = 1
46.725	EXP	game_over_text: depth = null
46.725	EXP	game_over_text: clipMask = null
46.725	EXP	game_over_text: boundingBox = {"x":0,"y":0,"width":0,"height":0,"type":1}
46.725	EXP	game_over_text: text = Congrats! You win!

Please type the letter “y” if you are familiar with binary or bisection search. 
Type the letter “n” if you have never heard of or do not know what binary or bisection search is.
46.725	EXP	game_over_text: alignHoriz = center
46.725	EXP	game_over_text: alignVert = center
46.725	EXP	game_over_text: flipHoriz = null
46.725	EXP	game_over_text: flipVert = null
46.725	EXP	game_over_text: font = Arial
46.725	EXP	game_over_text: height = 0.05
46.725	EXP	game_over_text: wrapWidth = 1
46.725	EXP	game_over_text: bold = null
46.725	EXP	game_over_text: italic = null
46.725	EXP	game_over_text: color = #FFFFFF
46.725	EXP	game_over_text: contrast = 1
46.725	EXP	instText: autoDraw = true
61.547000000000004	DATA	Keydown:  
61.582	EXP	instText: autoDraw = null
61.582	EXP	text_2: autoDraw = true
65.05199999999999	DATA	Keydown: 4
65.084	EXP	text_2: autoDraw = null
65.084	EXP	text: text = null
65.084	EXP	instr: autoDraw = true
65.084	EXP	text: autoDraw = true
65.084	EXP	feedback: autoDraw = true
65.084	EXP	text: text = 4
65.818	DATA	Keydown: Enter
65.836	EXP	feedback: text = Too high!
65.836	EXP	text: text = null
68.791	DATA	Keydown: 2
68.806	EXP	text: text = 2
69.706	DATA	Keydown: Enter
69.722	EXP	feedback: text = Too low!
69.722	EXP	text: text = null
71.28	DATA	Keydown: 3
71.28999999999999	EXP	text: text = 3
71.795	DATA	Keydown: Enter
71.82500000000002	EXP	instr: autoDraw = null
71.82500000000002	EXP	text: autoDraw = null
71.82500000000002	EXP	feedback: autoDraw = null
71.82500000000002	EXP	text: text = null
71.82500000000002	EXP	game_over_text: autoDraw = true
78.732	DATA	Keydown: n
