0.15709499997319654	EXP	Created Window = Window( name=Window, fullscr=true, color=#808080, units=height, waitBlanking=true, autoLog=true, size=[1536,754] )
5.947584999958053	DATA	Keydown: Shift
6.1452099999878556	DATA	Keydown: M
6.257649999985006	DATA	Keydown: e
6.4030849999981	DATA	Keydown: g
6.541419999965001	DATA	Keydown: a
6.69047499995213	DATA	Keydown: n
9.396694999944884	EXP	Created instText = TextStim( name=instText, win=Window( name=Window, fullscr=true, color=#808080, ~), autoDraw=null, autoLog=true, units=height, pos=[0,0], size=undefined, ori=null, opacity=1, depth=null, clipMask=null, boundingBox={"x":-0.4944184401939655,"y":-0.3620689655172414,"~, text=In this game you will be asked to guess a random n~, alignHoriz=center, alignVert=center, flipHoriz=null, flipVert=null, font=Arial, height=0.05, wrapWidth=1, bold=null, italic=null, color=#FFFFFF, contrast=1 )
9.401194999984	EXP	Created text_2 = TextStim( name=text_2, win=Window( name=Window, fullscr=true, color=#808080, ~), autoDraw=null, autoLog=true, units=height, pos=[0,0], size=undefined, ori=null, opacity=1, depth=null, clipMask=null, boundingBox={"x":-0.497728261770557,"y":-0.3620689655172414,"w~, text=Type in your guess and press “enter” in order to s~, alignHoriz=center, alignVert=center, flipHoriz=null, flipVert=null, font=Arial, height=0.05, wrapWidth=1, bold=null, italic=null, color=#FFFFFF, contrast=1 )
9.402254999964498	EXP	Created instr = TextStim( name=instr, win=Window( name=Window, fullscr=true, color=#808080, ~), autoDraw=null, autoLog=true, units=height, pos=[-0.2,0.2], size=undefined, ori=null, opacity=1, depth=null, clipMask=null, boundingBox={"x":-0.6566200317059019,"y":0.17214854111405836,"~, text=Type your guess below and press “enter” , alignHoriz=center, alignVert=center, flipHoriz=null, flipVert=null, font=Arial, height=0.05, wrapWidth=1, bold=null, italic=null, color=#FFFFFF, contrast=1 )
9.475609999964945	EXP	Created text = TextStim( name=text, win=Window( name=Window, fullscr=true, color=#808080, ~), autoDraw=null, autoLog=true, units=height, pos=[0,0], size=undefined, ori=null, opacity=1, depth=-1, clipMask=null, boundingBox={"x":0,"y":-0.055039787798408485,"width":0,"height~, text=null, alignHoriz=center, alignVert=center, flipHoriz=null, flipVert=null, font=Arial, height=0.1, wrapWidth=1, bold=null, italic=null, color=#FFFFFF, contrast=1 )
9.47805499995593	EXP	Created feedback = TextStim( name=feedback, win=Window( name=Window, fullscr=true, color=#808080, ~), autoDraw=null, autoLog=true, units=height, pos=[0,0.1], size=undefined, ori=null, opacity=1, depth=-2, clipMask=null, boundingBox={"x":0,"y":0.04496021220159152,"width":0,"height":~, text=null, alignHoriz=center, alignVert=center, flipHoriz=null, flipVert=null, font=Arial, height=0.1, wrapWidth=1, bold=null, italic=null, color=#FFFFFF, contrast=1 )
9.483064999978524	EXP	Created game_over_text = TextStim( name=game_over_text, win=Window( name=Window, fullscr=true, color=#808080, ~), autoDraw=null, autoLog=true, units=height, pos=[0,0], size=undefined, ori=null, opacity=1, depth=null, clipMask=null, boundingBox={"x":-0.4958580280172414,"y":-0.19496021220159152,~, text=Congrats! You win!

Please type the letter “y” if ~, alignHoriz=center, alignVert=center, flipHoriz=null, flipVert=null, font=Arial, height=0.05, wrapWidth=1, bold=null, italic=null, color=#FFFFFF, contrast=1 )
9.607574999972712	EXP	instText: units = height
9.607574999972712	EXP	instText: pos = [0,0]
9.607574999972712	EXP	instText: size = undefined
9.607574999972712	EXP	instText: ori = null
9.607574999972712	EXP	instText: opacity = 1
9.607574999972712	EXP	instText: depth = null
9.607574999972712	EXP	instText: clipMask = null
9.607574999972712	EXP	instText: boundingBox = {"x":0,"y":0,"width":0,"height":0,"type":1}
9.607574999972712	EXP	instText: text = In this game you will be asked to guess a random number from 1 to 1,000 (inclusive). 

Each time you guess, you will receive a hint. That hint will either tell you that your guess was too high or too low. You can use that feedback in your next turn. 

Please note that you must use the number row to type in guesses (not the number pad)! 

Press the space bar to continue...
9.607574999972712	EXP	instText: alignHoriz = center
9.607574999972712	EXP	instText: alignVert = center
9.607574999972712	EXP	instText: flipHoriz = null
9.607574999972712	EXP	instText: flipVert = null
9.607574999972712	EXP	instText: font = Arial
9.607574999972712	EXP	instText: height = 0.05
9.607574999972712	EXP	instText: wrapWidth = 1
9.607574999972712	EXP	instText: bold = null
9.607574999972712	EXP	instText: italic = null
9.607574999972712	EXP	instText: color = #FFFFFF
9.607574999972712	EXP	instText: contrast = 1
9.607574999972712	EXP	text_2: units = height
9.607574999972712	EXP	text_2: pos = [0,0]
9.607574999972712	EXP	text_2: size = undefined
9.607574999972712	EXP	text_2: ori = null
9.607574999972712	EXP	text_2: opacity = 1
9.607574999972712	EXP	text_2: depth = null
9.607574999972712	EXP	text_2: clipMask = null
9.607574999972712	EXP	text_2: boundingBox = {"x":0,"y":0,"width":0,"height":0,"type":1}
9.607574999972712	EXP	text_2: text = Type in your guess and press “enter” in order to submit that guess.

Your final score will be based on a combination of: 1) total time you took to submit each guess, and 2) the number of guesses it took for you to finally get the correct number. You are not permitted to use a calculator or write anything down during the game! 

Press the space bar to start the game…

9.607574999972712	EXP	text_2: alignHoriz = center
9.607574999972712	EXP	text_2: alignVert = center
9.607574999972712	EXP	text_2: flipHoriz = null
9.607574999972712	EXP	text_2: flipVert = null
9.607574999972712	EXP	text_2: font = Arial
9.607574999972712	EXP	text_2: height = 0.05
9.607574999972712	EXP	text_2: wrapWidth = 1
9.607574999972712	EXP	text_2: bold = null
9.607574999972712	EXP	text_2: italic = null
9.607574999972712	EXP	text_2: color = #FFFFFF
9.607574999972712	EXP	text_2: contrast = 1
9.607574999972712	EXP	instr: units = height
9.607574999972712	EXP	instr: pos = [-0.2,0.2]
9.607574999972712	EXP	instr: size = undefined
9.607574999972712	EXP	instr: ori = null
9.607574999972712	EXP	instr: opacity = 1
9.607574999972712	EXP	instr: depth = null
9.607574999972712	EXP	instr: clipMask = null
9.607574999972712	EXP	instr: boundingBox = {"x":0,"y":0,"width":0,"height":0,"type":1}
9.607574999972712	EXP	instr: text = Type your guess below and press “enter” 
9.607574999972712	EXP	instr: alignHoriz = center
9.607574999972712	EXP	instr: alignVert = center
9.607574999972712	EXP	instr: flipHoriz = null
9.607574999972712	EXP	instr: flipVert = null
9.607574999972712	EXP	instr: font = Arial
9.607574999972712	EXP	instr: height = 0.05
9.607574999972712	EXP	instr: wrapWidth = 1
9.607574999972712	EXP	instr: bold = null
9.607574999972712	EXP	instr: italic = null
9.607574999972712	EXP	instr: color = #FFFFFF
9.607574999972712	EXP	instr: contrast = 1
9.607574999972712	EXP	text: units = height
9.607574999972712	EXP	text: pos = [0,0]
9.607574999972712	EXP	text: size = undefined
9.607574999972712	EXP	text: ori = null
9.607574999972712	EXP	text: opacity = 1
9.607574999972712	EXP	text: depth = -1
9.607574999972712	EXP	text: clipMask = null
9.607574999972712	EXP	text: boundingBox = {"x":0,"y":0,"width":0,"height":0,"type":1}
9.607574999972712	EXP	text: text = null
9.607574999972712	EXP	text: alignHoriz = center
9.607574999972712	EXP	text: alignVert = center
9.607574999972712	EXP	text: flipHoriz = null
9.607574999972712	EXP	text: flipVert = null
9.607574999972712	EXP	text: font = Arial
9.607574999972712	EXP	text: height = 0.1
9.607574999972712	EXP	text: wrapWidth = 1
9.607574999972712	EXP	text: bold = null
9.607574999972712	EXP	text: italic = null
9.607574999972712	EXP	text: color = #FFFFFF
9.607574999972712	EXP	text: contrast = 1
9.607574999972712	EXP	feedback: units = height
9.607574999972712	EXP	feedback: pos = [0,0.1]
9.607574999972712	EXP	feedback: size = undefined
9.607574999972712	EXP	feedback: ori = null
9.607574999972712	EXP	feedback: opacity = 1
9.607574999972712	EXP	feedback: depth = -2
9.607574999972712	EXP	feedback: clipMask = null
9.607574999972712	EXP	feedback: boundingBox = {"x":0,"y":0,"width":0,"height":0,"type":1}
9.607574999972712	EXP	feedback: text = null
9.607574999972712	EXP	feedback: alignHoriz = center
9.607574999972712	EXP	feedback: alignVert = center
9.607574999972712	EXP	feedback: flipHoriz = null
9.607574999972712	EXP	feedback: flipVert = null
9.607574999972712	EXP	feedback: font = Arial
9.607574999972712	EXP	feedback: height = 0.1
9.607574999972712	EXP	feedback: wrapWidth = 1
9.607574999972712	EXP	feedback: bold = null
9.607574999972712	EXP	feedback: italic = null
9.607574999972712	EXP	feedback: color = #FFFFFF
9.607574999972712	EXP	feedback: contrast = 1
9.607574999972712	EXP	game_over_text: units = height
9.607574999972712	EXP	game_over_text: pos = [0,0]
9.607574999972712	EXP	game_over_text: size = undefined
9.607574999972712	EXP	game_over_text: ori = null
9.607574999972712	EXP	game_over_text: opacity = 1
9.607574999972712	EXP	game_over_text: depth = null
9.607574999972712	EXP	game_over_text: clipMask = null
9.607574999972712	EXP	game_over_text: boundingBox = {"x":0,"y":0,"width":0,"height":0,"type":1}
9.607574999972712	EXP	game_over_text: text = Congrats! You win!

Please type the letter “y” if you are familiar with binary or bisection search. 
Type the letter “n” if you have never heard of or do not know what binary or bisection search is.
9.607574999972712	EXP	game_over_text: alignHoriz = center
9.607574999972712	EXP	game_over_text: alignVert = center
9.607574999972712	EXP	game_over_text: flipHoriz = null
9.607574999972712	EXP	game_over_text: flipVert = null
9.607574999972712	EXP	game_over_text: font = Arial
9.607574999972712	EXP	game_over_text: height = 0.05
9.607574999972712	EXP	game_over_text: wrapWidth = 1
9.607574999972712	EXP	game_over_text: bold = null
9.607574999972712	EXP	game_over_text: italic = null
9.607574999972712	EXP	game_over_text: color = #FFFFFF
9.607574999972712	EXP	game_over_text: contrast = 1
9.607574999972712	EXP	instText: autoDraw = true
24.438229999970645	DATA	Keydown:  
24.47488999995403	EXP	instText: autoDraw = null
24.47488999995403	EXP	text_2: autoDraw = true
35.95487499999581	DATA	Keydown:  
36.011124999960884	EXP	text_2: autoDraw = null
36.011124999960884	EXP	text: text = null
36.011124999960884	EXP	instr: autoDraw = true
36.011124999960884	EXP	text: autoDraw = true
36.011124999960884	EXP	feedback: autoDraw = true
39.5334149999544	DATA	Keydown: 1
39.54901499999687	EXP	text: text = 1
40.98656499997014	DATA	Keydown: Backspace
41.001729999959935	EXP	text: text = null
43.05140499997651	DATA	Keydown: 5
43.084039999987	EXP	text: text = 5
43.1421149999951	DATA	Keydown: 0
43.16775499994401	EXP	text: text = 50
44.120874999964144	DATA	Keydown: Backspace
44.15114499995252	EXP	text: text = 5
44.25226499995915	DATA	Keydown: Backspace
44.283994999947026	EXP	text: text = null
44.75264499994228	DATA	Keydown: 5
44.76814999995986	EXP	text: text = 5
44.868299999972805	DATA	Keydown: 0
44.90072999999393	EXP	text: text = 50
44.98520999995526	DATA	Keydown: 0
45.016554999980144	EXP	text: text = 500
45.241334999969695	DATA	Keydown:  
46.06787499994971	DATA	Keydown: Enter
46.101124999986496	EXP	feedback: text = Too high!
46.101124999986496	EXP	text: text = null
48.01992999995127	DATA	Keydown: 4
48.05103499995312	EXP	text: text = 4
48.13630499999272	DATA	Keydown: 0
48.16759499994805	EXP	text: text = 40
48.23847499996191	DATA	Keydown: 0
48.26767999998992	EXP	text: text = 400
48.5181749999756	DATA	Keydown: Enter
48.55092499998864	EXP	feedback: text = Too low!
48.55092499998864	EXP	text: text = null
49.83621499995934	DATA	Keydown: 4
49.85086999996565	EXP	text: text = 4
49.93513499997789	DATA	Keydown: 5
49.950389999954496	EXP	text: text = 45
50.05246999999508	DATA	Keydown: 0
50.084219999960624	EXP	text: text = 450
50.285094999999274	DATA	Keydown: Enter
50.31752499996219	EXP	feedback: text = Too high!
50.31752499996219	EXP	text: text = null
51.719139999942854	DATA	Keydown: 4
51.74951499997405	EXP	text: text = 4
51.92004999995697	DATA	Keydown: 2
51.95090999995591	EXP	text: text = 42
52.085874999989755	DATA	Keydown: 5
52.11756999994395	EXP	text: text = 425
52.20086999994237	DATA	Keydown: Enter
52.23351999995066	EXP	feedback: text = Too low!
52.23351999995066	EXP	text: text = null
55.085309999994934	DATA	Keydown: 4
55.100809999974445	EXP	text: text = 4
55.18524499994237	DATA	Keydown: 3
55.217304999998305	EXP	text: text = 43
55.2690649999422	DATA	Keydown: 0
55.284069999994244	EXP	text: text = 430
55.61760499997763	DATA	Keydown: Enter
55.65008499997202	EXP	feedback: text = Too low!
55.65008499997202	EXP	text: text = null
56.92217499995604	DATA	Keydown: 4
56.93309499998577	EXP	text: text = 4
57.0866049999604	DATA	Keydown: 4
57.10085499996785	EXP	text: text = 44
57.84064499998931	DATA	Keydown: 5
57.85064499999862	EXP	text: text = 445
57.972319999942556	DATA	Keydown: Enter
58.000054999953136	EXP	feedback: text = Too high!
58.000054999953136	EXP	text: text = null
59.485419999982696	DATA	Keydown: 4
59.50070999999298	EXP	text: text = 4
59.635449999943376	DATA	Keydown: 4
59.65086999995401	EXP	text: text = 44
59.792064999986906	DATA	Keydown: 3
59.800434999982826	EXP	text: text = 443
59.96768499998143	DATA	Keydown: Enter
59.983589999959804	EXP	feedback: text = Too high!
59.983589999959804	EXP	text: text = null
62.65042999997968	DATA	Keydown: 4
62.66645999997854	EXP	text: text = 4
62.85785499995109	DATA	Keydown: 4
62.88341999996919	EXP	text: text = 44
63.25350999995135	DATA	Keydown: 2
63.28366499999538	EXP	text: text = 442
63.38419499999145	DATA	Keydown: Enter
63.40030999999726	EXP	feedback: text = Too high!
63.40030999999726	EXP	text: text = null
64.06877999997232	DATA	Keydown: 4
64.08361499995226	EXP	text: text = 4
64.20163499994669	DATA	Keydown: 4
64.21702499996172	EXP	text: text = 44
64.60552499996265	DATA	Keydown: 1
64.6170099999872	EXP	text: text = 441
64.77507499995409	DATA	Keydown: Enter
64.79999999998836	EXP	feedback: text = Too high!
64.79999999998836	EXP	text: text = null
65.42194499995094	DATA	Keydown: 4
65.45022999995854	EXP	text: text = 4
65.55594499997096	DATA	Keydown: 4
65.566754999978	EXP	text: text = 44
66.01836999994703	DATA	Keydown: 0
66.04862499999581	EXP	text: text = 440
66.26938999997219	DATA	Keydown: Enter
66.28334499994526	EXP	feedback: text = Too high!
66.28334499994526	EXP	text: text = null
68.1512249999796	DATA	Keydown: 4
68.16700999997556	EXP	text: text = 4
68.35194499994395	DATA	Keydown: 3
68.38286499999231	EXP	text: text = 43
68.48773999995319	DATA	Keydown: 9
68.51622499997029	EXP	text: text = 439
68.75047999998787	DATA	Keydown: Enter
68.78300999995554	EXP	feedback: text = Too high!
68.78300999995554	EXP	text: text = null
69.68619999999646	DATA	Keydown: 4
69.69977999996627	EXP	text: text = 4
69.7846599999466	DATA	Keydown: 3
69.80000999994809	EXP	text: text = 43
69.98533499997575	DATA	Keydown: 8
70.01638999994611	EXP	text: text = 438
70.25077499996405	DATA	Keydown: Enter
70.26641999999993	EXP	feedback: text = Too high!
70.26641999999993	EXP	text: text = null
72.61853999999585	DATA	Keydown: 4
72.63330499996664	EXP	text: text = 4
72.6752999999444	DATA	Keydown: 3
72.69961499999044	EXP	text: text = 43
72.7886099999887	DATA	Keydown: 7
72.81646999996156	EXP	text: text = 437
73.10163499996997	DATA	Keydown: Enter
73.13245999999344	EXP	feedback: text = Too high!
73.13245999999344	EXP	text: text = null
76.03432499995688	DATA	Keydown: 4
76.04978499998106	EXP	text: text = 4
78.33330499997828	DATA	Keydown: 3
78.34924499999033	EXP	text: text = 43
78.42300999996951	DATA	Keydown: 9
78.43269999994664	EXP	text: text = 439
79.08281499997247	DATA	Keydown: Backspace
79.09830499999225	EXP	text: text = 43
79.30121499998495	DATA	Keydown: 0
79.31598499999382	EXP	text: text = 430
79.48346999997739	DATA	Keydown: Enter
79.51598999998532	EXP	feedback: text = Too low!
79.51598999998532	EXP	text: text = null
81.08404999994673	DATA	Keydown: 4
81.09935499995481	EXP	text: text = 4
81.1841199999908	DATA	Keydown: 3
81.19940499996301	EXP	text: text = 43
81.98638999997638	DATA	Keydown: 2
81.99881499999901	EXP	text: text = 432
82.09945499995956	DATA	Keydown: Enter
82.13222999998834	EXP	feedback: text = Too low!
82.13222999998834	EXP	text: text = null
83.26847499998985	DATA	Keydown: 4
83.29911999998149	EXP	text: text = 4
83.53771999996388	DATA	Keydown: 4
83.56419999996433	EXP	text: text = 44
84.45062999997754	DATA	Keydown: Backspace
84.46594499994535	EXP	text: text = 4
84.75068499997724	DATA	Keydown: 3
84.78224999998929	EXP	text: text = 43
84.89901499997359	DATA	Keydown: 3
84.9307999999728	EXP	text: text = 433
85.04937499994412	DATA	Keydown: Enter
85.08485999994446	EXP	instr: autoDraw = null
85.08485999994446	EXP	text: autoDraw = null
85.08485999994446	EXP	feedback: autoDraw = null
85.08485999994446	EXP	text: text = null
85.08485999994446	EXP	game_over_text: autoDraw = true
90.97429999994347	DATA	Keydown: n
