0.07999999999999963	EXP	Created Window = Window( name=Window, fullscr=true, color=#808080, units=height, waitBlanking=true, autoLog=true, size=[1482,994] )
3.8639999999999994	DATA	Keydown: Shift
4.122	DATA	Keydown: M
4.244999999999999	DATA	Keydown: e
4.381	DATA	Keydown: l
4.461	DATA	Keydown: i
4.551	DATA	Keydown: s
4.709	DATA	Keydown: s
4.808999999999999	DATA	Keydown: a
5.472999999999999	DATA	Keydown:  
5.664	DATA	Keydown: Shift
5.9670000000000005	DATA	Keydown: G
6.161999999999999	DATA	Keydown: i
6.34	DATA	Keydown: n
6.462999999999999	DATA	Keydown: s
6.554	DATA	Keydown: b
6.645	DATA	Keydown: u
6.756	DATA	Keydown: r
6.901	DATA	Keydown: g
12.921999999999999	EXP	Created instText = TextStim( name=instText, win=Window( name=Window, fullscr=true, color=#808080, ~), autoDraw=null, autoLog=true, units=height, pos=[0,0], size=undefined, ori=null, opacity=1, depth=null, clipMask=null, boundingBox={"x":-0.49910056039361167,"y":-0.3727364185110664,~, text=In this game you will be asked to guess a random n~, alignHoriz=center, alignVert=center, flipHoriz=null, flipVert=null, font=Arial, height=0.05, wrapWidth=1, bold=null, italic=null, color=#FFFFFF, contrast=1 )
12.924	EXP	Created text_2 = TextStim( name=text_2, win=Window( name=Window, fullscr=true, color=#808080, ~), autoDraw=null, autoLog=true, units=height, pos=[0,0], size=undefined, ori=null, opacity=1, depth=null, clipMask=null, boundingBox={"x":-0.4571741975289235,"y":-0.3153923541247485,"~, text=Type in your guess and press “enter” in order to s~, alignHoriz=center, alignVert=center, flipHoriz=null, flipVert=null, font=Arial, height=0.05, wrapWidth=1, bold=null, italic=null, color=#FFFFFF, contrast=1 )
12.926	EXP	Created instr = TextStim( name=instr, win=Window( name=Window, fullscr=true, color=#808080, ~), autoDraw=null, autoLog=true, units=height, pos=[-0.2,0.2], size=undefined, ori=null, opacity=1, depth=null, clipMask=null, boundingBox={"x":-0.6557496345259055,"y":0.17132796780684106,"~, text=Type your guess below and press “enter” , alignHoriz=center, alignVert=center, flipHoriz=null, flipVert=null, font=Arial, height=0.05, wrapWidth=1, bold=null, italic=null, color=#FFFFFF, contrast=1 )
12.927999999999999	EXP	Created text = TextStim( name=text, win=Window( name=Window, fullscr=true, color=#808080, ~), autoDraw=null, autoLog=true, units=height, pos=[0,0], size=undefined, ori=null, opacity=1, depth=-1, clipMask=null, boundingBox={"x":0,"y":-0.05583501006036217,"width":0,"height"~, text=null, alignHoriz=center, alignVert=center, flipHoriz=null, flipVert=null, font=Arial, height=0.1, wrapWidth=1, bold=null, italic=null, color=#FFFFFF, contrast=1 )
12.929	EXP	Created feedback = TextStim( name=feedback, win=Window( name=Window, fullscr=true, color=#808080, ~), autoDraw=null, autoLog=true, units=height, pos=[0,0.1], size=undefined, ori=null, opacity=1, depth=-2, clipMask=null, boundingBox={"x":0,"y":0.044164989939637835,"width":0,"height"~, text=null, alignHoriz=center, alignVert=center, flipHoriz=null, flipVert=null, font=Arial, height=0.1, wrapWidth=1, bold=null, italic=null, color=#FFFFFF, contrast=1 )
12.93	EXP	Created game_over_text = TextStim( name=game_over_text, win=Window( name=Window, fullscr=true, color=#808080, ~), autoDraw=null, autoLog=true, units=height, pos=[0,0], size=undefined, ori=null, opacity=1, depth=null, clipMask=null, boundingBox={"x":-0.49491283639336014,"y":-0.2007042253521127,~, text=Congrats! You win!

Please type the letter “y” if ~, alignHoriz=center, alignVert=center, flipHoriz=null, flipVert=null, font=Arial, height=0.05, wrapWidth=1, bold=null, italic=null, color=#FFFFFF, contrast=1 )
12.962	EXP	instText: units = height
12.962	EXP	instText: pos = [0,0]
12.962	EXP	instText: size = undefined
12.962	EXP	instText: ori = null
12.962	EXP	instText: opacity = 1
12.962	EXP	instText: depth = null
12.962	EXP	instText: clipMask = null
12.962	EXP	instText: boundingBox = {"x":0,"y":0,"width":0,"height":0,"type":1}
12.962	EXP	instText: text = In this game you will be asked to guess a random number from 1 to 1,000 (inclusive). 

Each time you guess, you will receive a hint. That hint will either tell you that your guess was too high or too low. You can use that feedback in your next turn. 

Please note that you must use the number row to type in guesses (not the number pad)! 

Press the space bar to continue...
12.962	EXP	instText: alignHoriz = center
12.962	EXP	instText: alignVert = center
12.962	EXP	instText: flipHoriz = null
12.962	EXP	instText: flipVert = null
12.962	EXP	instText: font = Arial
12.962	EXP	instText: height = 0.05
12.962	EXP	instText: wrapWidth = 1
12.962	EXP	instText: bold = null
12.962	EXP	instText: italic = null
12.962	EXP	instText: color = #FFFFFF
12.962	EXP	instText: contrast = 1
12.962	EXP	text_2: units = height
12.962	EXP	text_2: pos = [0,0]
12.962	EXP	text_2: size = undefined
12.962	EXP	text_2: ori = null
12.962	EXP	text_2: opacity = 1
12.962	EXP	text_2: depth = null
12.962	EXP	text_2: clipMask = null
12.962	EXP	text_2: boundingBox = {"x":0,"y":0,"width":0,"height":0,"type":1}
12.962	EXP	text_2: text = Type in your guess and press “enter” in order to submit that guess.

Your final score will be based on a combination of: 1) total time you took to submit each guess, and 2) the number of guesses it took for you to finally get the correct number. 

Press the space bar to start the game…

12.962	EXP	text_2: alignHoriz = center
12.962	EXP	text_2: alignVert = center
12.962	EXP	text_2: flipHoriz = null
12.962	EXP	text_2: flipVert = null
12.962	EXP	text_2: font = Arial
12.962	EXP	text_2: height = 0.05
12.962	EXP	text_2: wrapWidth = 1
12.962	EXP	text_2: bold = null
12.962	EXP	text_2: italic = null
12.962	EXP	text_2: color = #FFFFFF
12.962	EXP	text_2: contrast = 1
12.962	EXP	instr: units = height
12.962	EXP	instr: pos = [-0.2,0.2]
12.962	EXP	instr: size = undefined
12.962	EXP	instr: ori = null
12.962	EXP	instr: opacity = 1
12.962	EXP	instr: depth = null
12.962	EXP	instr: clipMask = null
12.962	EXP	instr: boundingBox = {"x":0,"y":0,"width":0,"height":0,"type":1}
12.962	EXP	instr: text = Type your guess below and press “enter” 
12.962	EXP	instr: alignHoriz = center
12.962	EXP	instr: alignVert = center
12.962	EXP	instr: flipHoriz = null
12.962	EXP	instr: flipVert = null
12.962	EXP	instr: font = Arial
12.962	EXP	instr: height = 0.05
12.962	EXP	instr: wrapWidth = 1
12.962	EXP	instr: bold = null
12.962	EXP	instr: italic = null
12.962	EXP	instr: color = #FFFFFF
12.962	EXP	instr: contrast = 1
12.962	EXP	text: units = height
12.962	EXP	text: pos = [0,0]
12.962	EXP	text: size = undefined
12.962	EXP	text: ori = null
12.962	EXP	text: opacity = 1
12.962	EXP	text: depth = -1
12.962	EXP	text: clipMask = null
12.962	EXP	text: boundingBox = {"x":0,"y":0,"width":0,"height":0,"type":1}
12.962	EXP	text: text = null
12.962	EXP	text: alignHoriz = center
12.962	EXP	text: alignVert = center
12.962	EXP	text: flipHoriz = null
12.962	EXP	text: flipVert = null
12.962	EXP	text: font = Arial
12.962	EXP	text: height = 0.1
12.962	EXP	text: wrapWidth = 1
12.962	EXP	text: bold = null
12.962	EXP	text: italic = null
12.962	EXP	text: color = #FFFFFF
12.962	EXP	text: contrast = 1
12.962	EXP	feedback: units = height
12.962	EXP	feedback: pos = [0,0.1]
12.962	EXP	feedback: size = undefined
12.962	EXP	feedback: ori = null
12.962	EXP	feedback: opacity = 1
12.962	EXP	feedback: depth = -2
12.962	EXP	feedback: clipMask = null
12.962	EXP	feedback: boundingBox = {"x":0,"y":0,"width":0,"height":0,"type":1}
12.962	EXP	feedback: text = null
12.962	EXP	feedback: alignHoriz = center
12.962	EXP	feedback: alignVert = center
12.962	EXP	feedback: flipHoriz = null
12.962	EXP	feedback: flipVert = null
12.962	EXP	feedback: font = Arial
12.962	EXP	feedback: height = 0.1
12.962	EXP	feedback: wrapWidth = 1
12.962	EXP	feedback: bold = null
12.962	EXP	feedback: italic = null
12.962	EXP	feedback: color = #FFFFFF
12.962	EXP	feedback: contrast = 1
12.962	EXP	game_over_text: units = height
12.962	EXP	game_over_text: pos = [0,0]
12.962	EXP	game_over_text: size = undefined
12.962	EXP	game_over_text: ori = null
12.962	EXP	game_over_text: opacity = 1
12.962	EXP	game_over_text: depth = null
12.962	EXP	game_over_text: clipMask = null
12.962	EXP	game_over_text: boundingBox = {"x":0,"y":0,"width":0,"height":0,"type":1}
12.962	EXP	game_over_text: text = Congrats! You win!

Please type the letter “y” if you are familiar with binary or bisection search. 
Type the letter “n” if you have never heard of or do not know what binary or bisection search is.
12.962	EXP	game_over_text: alignHoriz = center
12.962	EXP	game_over_text: alignVert = center
12.962	EXP	game_over_text: flipHoriz = null
12.962	EXP	game_over_text: flipVert = null
12.962	EXP	game_over_text: font = Arial
12.962	EXP	game_over_text: height = 0.05
12.962	EXP	game_over_text: wrapWidth = 1
12.962	EXP	game_over_text: bold = null
12.962	EXP	game_over_text: italic = null
12.962	EXP	game_over_text: color = #FFFFFF
12.962	EXP	game_over_text: contrast = 1
12.962	EXP	instText: autoDraw = true
15.966	DATA	Mouse: wheel shift=(-1,0), pos=(977,771)
15.975	DATA	Mouse: wheel shift=(-3,0), pos=(977,771)
15.99	DATA	Mouse: wheel shift=(-4,0), pos=(977,771)
15.999	DATA	Mouse: wheel shift=(-2,0), pos=(976,771)
16.009	DATA	Mouse: wheel shift=(-2,0), pos=(976,772)
16.024	DATA	Mouse: wheel shift=(-2,0), pos=(974,773)
16.73	DATA	Mouse: wheel shift=(0,-1), pos=(999,843)
16.742	DATA	Mouse: wheel shift=(0,-1), pos=(999,843)
16.751	DATA	Mouse: wheel shift=(0,-2), pos=(999,843)
16.775000000000002	DATA	Mouse: wheel shift=(0,-1), pos=(999,843)
16.785	DATA	Mouse: wheel shift=(0,-1), pos=(999,843)
16.797	DATA	Mouse: wheel shift=(0,-1), pos=(999,843)
16.809	DATA	Mouse: wheel shift=(0,-1), pos=(999,843)
16.819000000000003	DATA	Mouse: wheel shift=(0,-1), pos=(999,843)
16.830000000000002	DATA	Mouse: wheel shift=(0,-1), pos=(999,843)
16.858	DATA	Mouse: wheel shift=(0,-1), pos=(999,843)
36.467	DATA	Keydown:  
36.489	EXP	instText: autoDraw = null
36.489	EXP	text_2: autoDraw = true
53.073	DATA	Keydown:  
53.097	EXP	text_2: autoDraw = null
53.097	EXP	text: text = null
53.097	EXP	instr: autoDraw = true
53.097	EXP	text: autoDraw = true
53.097	EXP	feedback: autoDraw = true
55.391	DATA	Keydown: 5
55.4	EXP	text: text = 5
55.55	DATA	Keydown: 0
55.567	EXP	text: text = 50
55.626	DATA	Keydown: 0
55.634	EXP	text: text = 500
56.211	DATA	Keydown: Enter
56.217999999999996	EXP	feedback: text = Too high!
56.217999999999996	EXP	text: text = null
57.830999999999996	DATA	Keydown: 2
57.835	EXP	text: text = 2
58.226	DATA	Keydown: 5
58.237	EXP	text: text = 25
58.372	DATA	Keydown: 0
58.387	EXP	text: text = 250
58.562999999999995	DATA	Keydown: Enter
58.57	EXP	feedback: text = Too low!
58.57	EXP	text: text = null
60.048	DATA	Keydown: 3
60.055	EXP	text: text = 3
60.464	DATA	Keydown: 7
60.472	EXP	text: text = 37
60.768	DATA	Keydown: 5
60.771	EXP	text: text = 375
61.073	DATA	Keydown: Enter
61.089999999999996	EXP	feedback: text = Too low!
61.089999999999996	EXP	text: text = null
63.513	DATA	Keydown: 4
63.526	EXP	text: text = 4
63.817	DATA	Keydown: 2
63.826	EXP	text: text = 42
63.943000000000005	DATA	Keydown: 5
63.96	EXP	text: text = 425
64.256	DATA	Keydown: Enter
64.259	EXP	feedback: text = Too low!
64.259	EXP	text: text = null
66.82100000000001	DATA	Keydown: 4
66.83000000000001	EXP	text: text = 4
67.65400000000001	DATA	Keydown: 6
67.664	EXP	text: text = 46
68.003	DATA	Keydown: 0
68.01400000000001	EXP	text: text = 460
68.283	DATA	Keydown: Enter
68.298	EXP	feedback: text = Too high!
68.298	EXP	text: text = null
70.051	DATA	Keydown: 4
70.06700000000001	EXP	text: text = 4
71.546	DATA	Keydown: 4
71.551	EXP	text: text = 44
71.67	DATA	Keydown: 5
71.685	EXP	text: text = 445
71.962	DATA	Keydown: Enter
71.968	EXP	feedback: text = Too low!
71.968	EXP	text: text = null
73.459	DATA	Keydown: 4
73.46900000000001	EXP	text: text = 4
74.22300000000001	DATA	Keydown: 5
74.238	EXP	text: text = 45
74.596	DATA	Keydown: 3
74.605	EXP	text: text = 453
74.831	DATA	Keydown: Enter
74.83800000000001	EXP	feedback: text = Too high!
74.83800000000001	EXP	text: text = null
76.215	DATA	Keydown: 4
76.22300000000001	EXP	text: text = 4
77.59100000000001	DATA	Keydown: 5
77.608	EXP	text: text = 45
77.801	DATA	Keydown: 0
77.808	EXP	text: text = 450
78.08300000000001	DATA	Keydown: Enter
78.09200000000001	EXP	feedback: text = Too low!
78.09200000000001	EXP	text: text = null
80.19800000000001	DATA	Keydown: 4
80.21100000000001	EXP	text: text = 4
80.412	DATA	Keydown: 5
80.42800000000001	EXP	text: text = 45
80.771	DATA	Keydown: 1
80.778	EXP	text: text = 451
81.03	DATA	Keydown: Enter
81.045	EXP	feedback: text = Too low!
81.045	EXP	text: text = null
82.147	DATA	Keydown: 4
82.162	EXP	text: text = 4
82.33600000000001	DATA	Keydown: 5
82.34700000000001	EXP	text: text = 45
82.63000000000001	DATA	Keydown: 2
82.647	EXP	text: text = 452
82.95500000000001	DATA	Keydown: Enter
82.97600000000001	EXP	instr: autoDraw = null
82.97600000000001	EXP	text: autoDraw = null
82.97600000000001	EXP	feedback: autoDraw = null
82.97600000000001	EXP	text: text = null
82.97600000000001	EXP	game_over_text: autoDraw = true
99.684	DATA	Keydown: y
