0.10306499999933294	EXP	Created Window = Window( name=Window, fullscr=true, color=#808080, units=height, waitBlanking=true, autoLog=true, size=[1204,656] )
5.435825000000477	EXP	Created instText = TextStim( name=instText, win=Window( name=Window, fullscr=true, color=#808080, ~), autoDraw=null, autoLog=true, units=height, pos=[0,0], size=undefined, ori=null, opacity=1, depth=null, clipMask=null, boundingBox={"x":-0.4991309933546113,"y":-0.3666158536585366,"~, text=In this game you will be asked to guess a random n~, alignHoriz=center, alignVert=center, flipHoriz=null, flipVert=null, font=Arial, height=0.05, wrapWidth=1, bold=null, italic=null, color=#FFFFFF, contrast=1 )
5.437934999998106	EXP	Created text_2 = TextStim( name=text_2, win=Window( name=Window, fullscr=true, color=#808080, ~), autoDraw=null, autoLog=true, units=height, pos=[0,0], size=undefined, ori=null, opacity=1, depth=null, clipMask=null, boundingBox={"x":-0.49680979658917684,"y":-0.3666158536585366,~, text=Type in your guess and press “enter” in order to s~, alignHoriz=center, alignVert=center, flipHoriz=null, flipVert=null, font=Arial, height=0.05, wrapWidth=1, bold=null, italic=null, color=#FFFFFF, contrast=1 )
5.438694999997097	EXP	Created instr = TextStim( name=instr, win=Window( name=Window, fullscr=true, color=#808080, ~), autoDraw=null, autoLog=true, units=height, pos=[-0.2,0.2], size=undefined, ori=null, opacity=1, depth=null, clipMask=null, boundingBox={"x":-0.6557774241377667,"y":0.1717987804878049,"w~, text=Type your guess below and press “enter” , alignHoriz=center, alignVert=center, flipHoriz=null, flipVert=null, font=Arial, height=0.05, wrapWidth=1, bold=null, italic=null, color=#FFFFFF, contrast=1 )
5.442654999998922	EXP	Created text = TextStim( name=text, win=Window( name=Window, fullscr=true, color=#808080, ~), autoDraw=null, autoLog=true, units=height, pos=[0,0], size=undefined, ori=null, opacity=1, depth=-1, clipMask=null, boundingBox={"x":0,"y":-0.056402439024390245,"width":0,"height~, text=null, alignHoriz=center, alignVert=center, flipHoriz=null, flipVert=null, font=Arial, height=0.1, wrapWidth=1, bold=null, italic=null, color=#FFFFFF, contrast=1 )
5.443409999999858	EXP	Created feedback = TextStim( name=feedback, win=Window( name=Window, fullscr=true, color=#808080, ~), autoDraw=null, autoLog=true, units=height, pos=[0,0.1], size=undefined, ori=null, opacity=1, depth=-2, clipMask=null, boundingBox={"x":0,"y":0.04359756097560976,"width":0,"height":~, text=null, alignHoriz=center, alignVert=center, flipHoriz=null, flipVert=null, font=Arial, height=0.1, wrapWidth=1, bold=null, italic=null, color=#FFFFFF, contrast=1 )
5.444634999999835	EXP	Created game_over_text = TextStim( name=game_over_text, win=Window( name=Window, fullscr=true, color=#808080, ~), autoDraw=null, autoLog=true, units=height, pos=[0,0], size=undefined, ori=null, opacity=1, depth=null, clipMask=null, boundingBox={"x":-0.49494301400533536,"y":-0.19740853658536586~, text=Congrats! You win!

Please type the letter “y” if ~, alignHoriz=center, alignVert=center, flipHoriz=null, flipVert=null, font=Arial, height=0.05, wrapWidth=1, bold=null, italic=null, color=#FFFFFF, contrast=1 )
5.505779999999504	EXP	instText: units = height
5.505779999999504	EXP	instText: pos = [0,0]
5.505779999999504	EXP	instText: size = undefined
5.505779999999504	EXP	instText: ori = null
5.505779999999504	EXP	instText: opacity = 1
5.505779999999504	EXP	instText: depth = null
5.505779999999504	EXP	instText: clipMask = null
5.505779999999504	EXP	instText: boundingBox = {"x":0,"y":0,"width":0,"height":0,"type":1}
5.505779999999504	EXP	instText: text = In this game you will be asked to guess a random number from 1 to 1,000 (inclusive). 

Each time you guess, you will receive a hint. That hint will either tell you that your guess was too high or too low. You can use that feedback in your next turn. 

Please note that you must use the number row to type in guesses (not the number pad)! 

Press the space bar to continue...
5.505779999999504	EXP	instText: alignHoriz = center
5.505779999999504	EXP	instText: alignVert = center
5.505779999999504	EXP	instText: flipHoriz = null
5.505779999999504	EXP	instText: flipVert = null
5.505779999999504	EXP	instText: font = Arial
5.505779999999504	EXP	instText: height = 0.05
5.505779999999504	EXP	instText: wrapWidth = 1
5.505779999999504	EXP	instText: bold = null
5.505779999999504	EXP	instText: italic = null
5.505779999999504	EXP	instText: color = #FFFFFF
5.505779999999504	EXP	instText: contrast = 1
5.505779999999504	EXP	text_2: units = height
5.505779999999504	EXP	text_2: pos = [0,0]
5.505779999999504	EXP	text_2: size = undefined
5.505779999999504	EXP	text_2: ori = null
5.505779999999504	EXP	text_2: opacity = 1
5.505779999999504	EXP	text_2: depth = null
5.505779999999504	EXP	text_2: clipMask = null
5.505779999999504	EXP	text_2: boundingBox = {"x":0,"y":0,"width":0,"height":0,"type":1}
5.505779999999504	EXP	text_2: text = Type in your guess and press “enter” in order to submit that guess.

Your final score will be based on a combination of: 1) total time you took to submit each guess, and 2) the number of guesses it took for you to finally get the correct number. You are not permitted to use a calculator or write anything down during the game! 

Press the space bar to start the game…

5.505779999999504	EXP	text_2: alignHoriz = center
5.505779999999504	EXP	text_2: alignVert = center
5.505779999999504	EXP	text_2: flipHoriz = null
5.505779999999504	EXP	text_2: flipVert = null
5.505779999999504	EXP	text_2: font = Arial
5.505779999999504	EXP	text_2: height = 0.05
5.505779999999504	EXP	text_2: wrapWidth = 1
5.505779999999504	EXP	text_2: bold = null
5.505779999999504	EXP	text_2: italic = null
5.505779999999504	EXP	text_2: color = #FFFFFF
5.505779999999504	EXP	text_2: contrast = 1
5.505779999999504	EXP	instr: units = height
5.505779999999504	EXP	instr: pos = [-0.2,0.2]
5.505779999999504	EXP	instr: size = undefined
5.505779999999504	EXP	instr: ori = null
5.505779999999504	EXP	instr: opacity = 1
5.505779999999504	EXP	instr: depth = null
5.505779999999504	EXP	instr: clipMask = null
5.505779999999504	EXP	instr: boundingBox = {"x":0,"y":0,"width":0,"height":0,"type":1}
5.505779999999504	EXP	instr: text = Type your guess below and press “enter” 
5.505779999999504	EXP	instr: alignHoriz = center
5.505779999999504	EXP	instr: alignVert = center
5.505779999999504	EXP	instr: flipHoriz = null
5.505779999999504	EXP	instr: flipVert = null
5.505779999999504	EXP	instr: font = Arial
5.505779999999504	EXP	instr: height = 0.05
5.505779999999504	EXP	instr: wrapWidth = 1
5.505779999999504	EXP	instr: bold = null
5.505779999999504	EXP	instr: italic = null
5.505779999999504	EXP	instr: color = #FFFFFF
5.505779999999504	EXP	instr: contrast = 1
5.505779999999504	EXP	text: units = height
5.505779999999504	EXP	text: pos = [0,0]
5.505779999999504	EXP	text: size = undefined
5.505779999999504	EXP	text: ori = null
5.505779999999504	EXP	text: opacity = 1
5.505779999999504	EXP	text: depth = -1
5.505779999999504	EXP	text: clipMask = null
5.505779999999504	EXP	text: boundingBox = {"x":0,"y":0,"width":0,"height":0,"type":1}
5.505779999999504	EXP	text: text = null
5.505779999999504	EXP	text: alignHoriz = center
5.505779999999504	EXP	text: alignVert = center
5.505779999999504	EXP	text: flipHoriz = null
5.505779999999504	EXP	text: flipVert = null
5.505779999999504	EXP	text: font = Arial
5.505779999999504	EXP	text: height = 0.1
5.505779999999504	EXP	text: wrapWidth = 1
5.505779999999504	EXP	text: bold = null
5.505779999999504	EXP	text: italic = null
5.505779999999504	EXP	text: color = #FFFFFF
5.505779999999504	EXP	text: contrast = 1
5.505779999999504	EXP	feedback: units = height
5.505779999999504	EXP	feedback: pos = [0,0.1]
5.505779999999504	EXP	feedback: size = undefined
5.505779999999504	EXP	feedback: ori = null
5.505779999999504	EXP	feedback: opacity = 1
5.505779999999504	EXP	feedback: depth = -2
5.505779999999504	EXP	feedback: clipMask = null
5.505779999999504	EXP	feedback: boundingBox = {"x":0,"y":0,"width":0,"height":0,"type":1}
5.505779999999504	EXP	feedback: text = null
5.505779999999504	EXP	feedback: alignHoriz = center
5.505779999999504	EXP	feedback: alignVert = center
5.505779999999504	EXP	feedback: flipHoriz = null
5.505779999999504	EXP	feedback: flipVert = null
5.505779999999504	EXP	feedback: font = Arial
5.505779999999504	EXP	feedback: height = 0.1
5.505779999999504	EXP	feedback: wrapWidth = 1
5.505779999999504	EXP	feedback: bold = null
5.505779999999504	EXP	feedback: italic = null
5.505779999999504	EXP	feedback: color = #FFFFFF
5.505779999999504	EXP	feedback: contrast = 1
5.505779999999504	EXP	game_over_text: units = height
5.505779999999504	EXP	game_over_text: pos = [0,0]
5.505779999999504	EXP	game_over_text: size = undefined
5.505779999999504	EXP	game_over_text: ori = null
5.505779999999504	EXP	game_over_text: opacity = 1
5.505779999999504	EXP	game_over_text: depth = null
5.505779999999504	EXP	game_over_text: clipMask = null
5.505779999999504	EXP	game_over_text: boundingBox = {"x":0,"y":0,"width":0,"height":0,"type":1}
5.505779999999504	EXP	game_over_text: text = Congrats! You win!

Please type the letter “y” if you are familiar with binary or bisection search. 
Type the letter “n” if you have never heard of or do not know what binary or bisection search is.
5.505779999999504	EXP	game_over_text: alignHoriz = center
5.505779999999504	EXP	game_over_text: alignVert = center
5.505779999999504	EXP	game_over_text: flipHoriz = null
5.505779999999504	EXP	game_over_text: flipVert = null
5.505779999999504	EXP	game_over_text: font = Arial
5.505779999999504	EXP	game_over_text: height = 0.05
5.505779999999504	EXP	game_over_text: wrapWidth = 1
5.505779999999504	EXP	game_over_text: bold = null
5.505779999999504	EXP	game_over_text: italic = null
5.505779999999504	EXP	game_over_text: color = #FFFFFF
5.505779999999504	EXP	game_over_text: contrast = 1
5.505779999999504	EXP	instText: autoDraw = true
7.232244999999239	DATA	Mouse: 0 button down, pos=(850.2421875,669.1640625)
7.2383649999974295	DATA	Mouse: 0 button down, pos=(850.2421875,669.1640625)
7.63298500000019	DATA	Keydown:  
7.654520000000048	EXP	instText: autoDraw = null
7.654520000000048	EXP	text_2: autoDraw = true
12.867679999999382	DATA	Keydown:  
12.895959999998013	EXP	text_2: autoDraw = null
12.895959999998013	EXP	text: text = null
12.895959999998013	EXP	instr: autoDraw = true
12.895959999998013	EXP	text: autoDraw = true
12.895959999998013	EXP	feedback: autoDraw = true
15.716129999997065	DATA	Keydown: 5
15.732884999997623	EXP	text: text = 5
16.051824999998644	DATA	Keydown: 0
16.067259999999806	EXP	text: text = 50
16.249369999997725	DATA	Keydown: 0
16.265544999998383	EXP	text: text = 500
16.547159999998257	DATA	Keydown: Enter
16.566869999998744	EXP	feedback: text = Too high!
16.566869999998744	EXP	text: text = null
18.99978999999803	DATA	Keydown: 2
19.01718499999697	EXP	text: text = 2
19.221474999998463	DATA	Keydown: 5
19.233799999998155	EXP	text: text = 25
20.43434999999954	DATA	Keydown: 0
20.446884999997565	EXP	text: text = 250
20.75409999999829	DATA	Keydown: Enter
20.766364999999496	EXP	feedback: text = Too low!
20.766364999999496	EXP	text: text = null
22.783219999997527	DATA	Keydown: 3
22.8003699999972	EXP	text: text = 3
23.090299999999843	DATA	Keydown: 7
23.099790000000212	EXP	text: text = 37
24.41756499999974	DATA	Keydown: 5
24.43326999999772	EXP	text: text = 375
24.63393999999971	DATA	Keydown: Enter
24.648959999998624	EXP	feedback: text = Too low!
24.648959999998624	EXP	text: text = null
29.35253499999817	DATA	Keydown: 4
29.365634999998292	EXP	text: text = 4
29.465069999998377	DATA	Keydown: 3
29.48171000000002	EXP	text: text = 43
29.668409999998403	DATA	Keydown: 0
29.678259999996953	EXP	text: text = 430
30.031714999997348	DATA	Keydown: Enter
30.044519999999466	EXP	feedback: text = Too low!
30.044519999999466	EXP	text: text = null
34.19884499999898	DATA	Keydown: 4
34.216614999997546	EXP	text: text = 4
34.53686999999991	DATA	Keydown: 6
34.54997000000003	EXP	text: text = 46
34.68465499999729	DATA	Keydown: 5
34.69677500000034	EXP	text: text = 465
34.95156499999939	DATA	Keydown: Enter
34.96298999999999	EXP	feedback: text = Too high!
34.96298999999999	EXP	text: text = null
39.45276499999818	DATA	Keydown: 4
39.465964999999414	EXP	text: text = 4
39.68690499999866	DATA	Keydown: 4
39.701239999998506	EXP	text: text = 44
40.19929499999853	DATA	Keydown: 7
40.21785999999702	EXP	text: text = 447
40.39813999999751	DATA	Keydown: Enter
40.41780999999901	EXP	feedback: text = Too high!
40.41780999999901	EXP	text: text = null
45.21362500000032	DATA	Keydown: 4
45.23405499999717	EXP	text: text = 4
45.71993999999904	DATA	Keydown: 3
45.733704999998736	EXP	text: text = 43
46.35602499999732	DATA	Keydown: 8
46.36592000000019	EXP	text: text = 438
46.887080000000424	DATA	Keydown: Enter
46.90056999999797	EXP	feedback: text = Too high!
46.90056999999797	EXP	text: text = null
49.636005000000296	DATA	Keydown: 4
49.64980999999898	EXP	text: text = 4
49.86723999999958	DATA	Keydown: 3
49.88058999999703	EXP	text: text = 43
50.083394999997836	DATA	Keydown: 4
50.10100500000044	EXP	text: text = 434
50.39936499999749	DATA	Keydown: Enter
50.41764999999941	EXP	feedback: text = Too high!
50.41764999999941	EXP	text: text = null
51.67163499999879	DATA	Keydown: 4
51.683939999998984	EXP	text: text = 4
51.95360499999879	DATA	Keydown: 3
51.967649999998685	EXP	text: text = 43
52.180459999999584	DATA	Keydown: 2
52.201084999996965	EXP	text: text = 432
52.50190499999735	DATA	Keydown: Enter
52.51666499999919	EXP	feedback: text = Too low!
52.51666499999919	EXP	text: text = null
53.63882999999987	DATA	Keydown: 4
53.65381499999785	EXP	text: text = 4
53.801619999998366	DATA	Keydown: 3
53.815669999999955	EXP	text: text = 43
54.000794999999925	DATA	Keydown: 3
54.017345000000205	EXP	text: text = 433
54.22373999999763	DATA	Keydown: Enter
54.24920999999813	EXP	instr: autoDraw = null
54.24920999999813	EXP	text: autoDraw = null
54.24920999999813	EXP	feedback: autoDraw = null
54.24920999999813	EXP	text: text = null
54.24920999999813	EXP	game_over_text: autoDraw = true
57.03912499999933	DATA	Keydown: y
