0.07299999999999995	EXP	Created Window = Window( name=Window, fullscr=true, color=#808080, units=height, waitBlanking=true, autoLog=true, size=[1280,651] )
7.729	DATA	Keydown: Shift
7.896	DATA	Keydown: P
8.096	DATA	Keydown: a
8.521	DATA	Keydown: u
8.786000000000001	DATA	Keydown: l
10.356000000000002	EXP	Created instText = TextStim( name=instText, win=Window( name=Window, fullscr=true, color=#808080, ~), autoDraw=null, autoLog=true, units=height, pos=[0,0], size=undefined, ori=null, opacity=1, depth=null, clipMask=null, boundingBox={"x":-0.49729645197292627,"y":-0.3794162826420891,~, text=In this game you will be asked to guess a random n~, alignHoriz=center, alignVert=center, flipHoriz=null, flipVert=null, font=Arial, height=0.05, wrapWidth=1, bold=null, italic=null, color=#FFFFFF, contrast=1 )
10.358	EXP	Created text_2 = TextStim( name=text_2, win=Window( name=Window, fullscr=true, color=#808080, ~), autoDraw=null, autoLog=true, units=height, pos=[0,0], size=undefined, ori=null, opacity=1, depth=null, clipMask=null, boundingBox={"x":-0.46071361067108296,"y":-0.3210445468509985,~, text=Type in your guess and press “enter” in order to s~, alignHoriz=center, alignVert=center, flipHoriz=null, flipVert=null, font=Arial, height=0.05, wrapWidth=1, bold=null, italic=null, color=#FFFFFF, contrast=1 )
10.359000000000002	EXP	Created instr = TextStim( name=instr, win=Window( name=Window, fullscr=true, color=#808080, ~), autoDraw=null, autoLog=true, units=height, pos=[-0.2,0.2], size=undefined, ori=null, opacity=1, depth=null, clipMask=null, boundingBox={"x":-0.6592780187932028,"y":0.1708141321044547,"w~, text=Type your guess below and press “enter” , alignHoriz=center, alignVert=center, flipHoriz=null, flipVert=null, font=Arial, height=0.05, wrapWidth=1, bold=null, italic=null, color=#FFFFFF, contrast=1 )
10.362000000000002	EXP	Created text = TextStim( name=text, win=Window( name=Window, fullscr=true, color=#808080, ~), autoDraw=null, autoLog=true, units=height, pos=[0,0], size=undefined, ori=null, opacity=1, depth=-1, clipMask=null, boundingBox={"x":0,"y":-0.05606758832565284,"width":0,"height"~, text=null, alignHoriz=center, alignVert=center, flipHoriz=null, flipVert=null, font=Arial, height=0.1, wrapWidth=1, bold=null, italic=null, color=#FFFFFF, contrast=1 )
10.363	EXP	Created feedback = TextStim( name=feedback, win=Window( name=Window, fullscr=true, color=#808080, ~), autoDraw=null, autoLog=true, units=height, pos=[0,0.1], size=undefined, ori=null, opacity=1, depth=-2, clipMask=null, boundingBox={"x":0,"y":0.043932411674347166,"width":0,"height"~, text=null, alignHoriz=center, alignVert=center, flipHoriz=null, flipVert=null, font=Arial, height=0.1, wrapWidth=1, bold=null, italic=null, color=#FFFFFF, contrast=1 )
10.365000000000002	EXP	Created game_over_text = TextStim( name=game_over_text, win=Window( name=Window, fullscr=true, color=#808080, ~), autoDraw=null, autoLog=true, units=height, pos=[0,0], size=undefined, ori=null, opacity=1, depth=null, clipMask=null, boundingBox={"x":-0.49874441964285715,"y":-0.20430107526881722~, text=Congrats! You win!

Please type the letter “y” if ~, alignHoriz=center, alignVert=center, flipHoriz=null, flipVert=null, font=Arial, height=0.05, wrapWidth=1, bold=null, italic=null, color=#FFFFFF, contrast=1 )
10.398	EXP	instText: units = height
10.398	EXP	instText: pos = [0,0]
10.398	EXP	instText: size = undefined
10.398	EXP	instText: ori = null
10.398	EXP	instText: opacity = 1
10.398	EXP	instText: depth = null
10.398	EXP	instText: clipMask = null
10.398	EXP	instText: boundingBox = {"x":0,"y":0,"width":0,"height":0,"type":1}
10.398	EXP	instText: text = In this game you will be asked to guess a random number from 1 to 1,000 (inclusive). 

Each time you guess, you will receive a hint. That hint will either tell you that your guess was too high or too low. You can use that feedback in your next turn. 

Please note that you must use the number row to type in guesses (not the number pad)! 

Press the space bar to continue...
10.398	EXP	instText: alignHoriz = center
10.398	EXP	instText: alignVert = center
10.398	EXP	instText: flipHoriz = null
10.398	EXP	instText: flipVert = null
10.398	EXP	instText: font = Arial
10.398	EXP	instText: height = 0.05
10.398	EXP	instText: wrapWidth = 1
10.398	EXP	instText: bold = null
10.398	EXP	instText: italic = null
10.398	EXP	instText: color = #FFFFFF
10.398	EXP	instText: contrast = 1
10.398	EXP	text_2: units = height
10.398	EXP	text_2: pos = [0,0]
10.398	EXP	text_2: size = undefined
10.398	EXP	text_2: ori = null
10.398	EXP	text_2: opacity = 1
10.398	EXP	text_2: depth = null
10.398	EXP	text_2: clipMask = null
10.398	EXP	text_2: boundingBox = {"x":0,"y":0,"width":0,"height":0,"type":1}
10.398	EXP	text_2: text = Type in your guess and press “enter” in order to submit that guess.

Your final score will be based on a combination of: 1) total time you took to submit each guess, and 2) the number of guesses it took for you to finally get the correct number. 

Press the space bar to start the game…

10.398	EXP	text_2: alignHoriz = center
10.398	EXP	text_2: alignVert = center
10.398	EXP	text_2: flipHoriz = null
10.398	EXP	text_2: flipVert = null
10.398	EXP	text_2: font = Arial
10.398	EXP	text_2: height = 0.05
10.398	EXP	text_2: wrapWidth = 1
10.398	EXP	text_2: bold = null
10.398	EXP	text_2: italic = null
10.398	EXP	text_2: color = #FFFFFF
10.398	EXP	text_2: contrast = 1
10.398	EXP	instr: units = height
10.398	EXP	instr: pos = [-0.2,0.2]
10.398	EXP	instr: size = undefined
10.398	EXP	instr: ori = null
10.398	EXP	instr: opacity = 1
10.398	EXP	instr: depth = null
10.398	EXP	instr: clipMask = null
10.398	EXP	instr: boundingBox = {"x":0,"y":0,"width":0,"height":0,"type":1}
10.398	EXP	instr: text = Type your guess below and press “enter” 
10.398	EXP	instr: alignHoriz = center
10.398	EXP	instr: alignVert = center
10.398	EXP	instr: flipHoriz = null
10.398	EXP	instr: flipVert = null
10.398	EXP	instr: font = Arial
10.398	EXP	instr: height = 0.05
10.398	EXP	instr: wrapWidth = 1
10.398	EXP	instr: bold = null
10.398	EXP	instr: italic = null
10.398	EXP	instr: color = #FFFFFF
10.398	EXP	instr: contrast = 1
10.398	EXP	text: units = height
10.398	EXP	text: pos = [0,0]
10.398	EXP	text: size = undefined
10.398	EXP	text: ori = null
10.398	EXP	text: opacity = 1
10.398	EXP	text: depth = -1
10.398	EXP	text: clipMask = null
10.398	EXP	text: boundingBox = {"x":0,"y":0,"width":0,"height":0,"type":1}
10.398	EXP	text: text = null
10.398	EXP	text: alignHoriz = center
10.398	EXP	text: alignVert = center
10.398	EXP	text: flipHoriz = null
10.398	EXP	text: flipVert = null
10.398	EXP	text: font = Arial
10.398	EXP	text: height = 0.1
10.398	EXP	text: wrapWidth = 1
10.398	EXP	text: bold = null
10.398	EXP	text: italic = null
10.398	EXP	text: color = #FFFFFF
10.398	EXP	text: contrast = 1
10.398	EXP	feedback: units = height
10.398	EXP	feedback: pos = [0,0.1]
10.398	EXP	feedback: size = undefined
10.398	EXP	feedback: ori = null
10.398	EXP	feedback: opacity = 1
10.398	EXP	feedback: depth = -2
10.398	EXP	feedback: clipMask = null
10.398	EXP	feedback: boundingBox = {"x":0,"y":0,"width":0,"height":0,"type":1}
10.398	EXP	feedback: text = null
10.398	EXP	feedback: alignHoriz = center
10.398	EXP	feedback: alignVert = center
10.398	EXP	feedback: flipHoriz = null
10.398	EXP	feedback: flipVert = null
10.398	EXP	feedback: font = Arial
10.398	EXP	feedback: height = 0.1
10.398	EXP	feedback: wrapWidth = 1
10.398	EXP	feedback: bold = null
10.398	EXP	feedback: italic = null
10.398	EXP	feedback: color = #FFFFFF
10.398	EXP	feedback: contrast = 1
10.398	EXP	game_over_text: units = height
10.398	EXP	game_over_text: pos = [0,0]
10.398	EXP	game_over_text: size = undefined
10.398	EXP	game_over_text: ori = null
10.398	EXP	game_over_text: opacity = 1
10.398	EXP	game_over_text: depth = null
10.398	EXP	game_over_text: clipMask = null
10.398	EXP	game_over_text: boundingBox = {"x":0,"y":0,"width":0,"height":0,"type":1}
10.398	EXP	game_over_text: text = Congrats! You win!

Please type the letter “y” if you are familiar with binary or bisection search. 
Type the letter “n” if you have never heard of or do not know what binary or bisection search is.
10.398	EXP	game_over_text: alignHoriz = center
10.398	EXP	game_over_text: alignVert = center
10.398	EXP	game_over_text: flipHoriz = null
10.398	EXP	game_over_text: flipVert = null
10.398	EXP	game_over_text: font = Arial
10.398	EXP	game_over_text: height = 0.05
10.398	EXP	game_over_text: wrapWidth = 1
10.398	EXP	game_over_text: bold = null
10.398	EXP	game_over_text: italic = null
10.398	EXP	game_over_text: color = #FFFFFF
10.398	EXP	game_over_text: contrast = 1
10.398	EXP	instText: autoDraw = true
33.591	DATA	Mouse: 0 button down, pos=(610,631)
33.672000000000004	DATA	Mouse: 0 button down, pos=(610,631)
34.538000000000004	DATA	Mouse: 0 button down, pos=(611,678)
34.61600000000001	DATA	Mouse: 0 button down, pos=(611,678)
35.79600000000001	DATA	Mouse: wheel shift=(0,1), pos=(801,707)
38.341	DATA	Mouse: 0 button down, pos=(806,640)
38.5	DATA	Mouse: 0 button down, pos=(806,640)
38.591	DATA	Keydown:  
38.618	EXP	instText: autoDraw = null
38.618	EXP	text_2: autoDraw = true
46.99	DATA	Keydown:  
47.007000000000005	EXP	text_2: autoDraw = null
47.007000000000005	EXP	text: text = null
47.007000000000005	EXP	instr: autoDraw = true
47.007000000000005	EXP	text: autoDraw = true
47.007000000000005	EXP	feedback: autoDraw = true
52.838	DATA	Keydown: 8
52.845000000000006	EXP	text: text = 8
53.118	DATA	Keydown: 7
53.13	EXP	text: text = 87
53.526	DATA	Keydown: 7
53.53	EXP	text: text = 877
55.598000000000006	DATA	Keydown: Enter
55.615	EXP	feedback: text = Too high!
55.615	EXP	text: text = null
59.249	DATA	Keydown: 7
59.267	EXP	text: text = 7
60.038000000000004	DATA	Keydown: 7
60.050000000000004	EXP	text: text = 77
60.23800000000001	DATA	Keydown: 7
60.25000000000001	EXP	text: text = 777
60.71	DATA	Keydown: Enter
60.717000000000006	EXP	feedback: text = Too low!
60.717000000000006	EXP	text: text = null
63.678000000000004	DATA	Keydown: 8
63.68500000000001	EXP	text: text = 8
64.727	DATA	Keydown: 1
64.73599999999999	EXP	text: text = 81
64.862	DATA	Keydown: 1
64.869	EXP	text: text = 811
65.48599999999999	DATA	Keydown: Enter
65.503	EXP	feedback: text = Too high!
65.503	EXP	text: text = null
67.695	DATA	Keydown: 7
67.70300000000002	EXP	text: text = 7
68.422	DATA	Keydown: 9
68.438	EXP	text: text = 79
68.574	DATA	Keydown: 9
68.587	EXP	text: text = 799
68.99799999999999	DATA	Keydown: Enter
69.003	EXP	feedback: text = Too low!
69.003	EXP	text: text = null
72.07199999999999	DATA	Keydown: 8
72.089	EXP	text: text = 8
72.78999999999999	DATA	Keydown: 0
72.806	EXP	text: text = 80
73.55799999999999	DATA	Keydown: 3
73.573	EXP	text: text = 803
74.03099999999999	DATA	Keydown: Enter
74.03999999999999	EXP	feedback: text = Too low!
74.03999999999999	EXP	text: text = null
76.11	DATA	Keydown: 8
76.124	EXP	text: text = 8
76.446	DATA	Keydown: 0
76.457	EXP	text: text = 80
77.008	DATA	Keydown: 6
77.02499999999999	EXP	text: text = 806
77.374	DATA	Keydown: Enter
77.392	EXP	feedback: text = Too high!
77.392	EXP	text: text = null
79.399	DATA	Keydown: 8
79.40899999999999	EXP	text: text = 8
79.75099999999999	DATA	Keydown: 0
79.75999999999999	EXP	text: text = 80
80.262	DATA	Keydown: 5
80.277	EXP	text: text = 805
80.694	DATA	Keydown: Enter
80.719	EXP	instr: autoDraw = null
80.719	EXP	text: autoDraw = null
80.719	EXP	feedback: autoDraw = null
80.719	EXP	text: text = null
80.719	EXP	game_over_text: autoDraw = true
88.53999999999999	DATA	Keydown: n
