0.20799999999999996	EXP	Created Window = Window( name=Window, fullscr=true, color=#808080, units=height, waitBlanking=true, autoLog=true, size=[1600,730] )
7.354	DATA	Keydown: Shift
7.419999999999999	DATA	Keydown: S
7.518999999999999	DATA	Keydown: t
7.617999999999999	DATA	Keydown: e
7.671	DATA	Keydown: p
7.835	DATA	Keydown: h
7.919999999999999	DATA	Keydown: a
8.007000000000001	DATA	Keydown: n
8.07	DATA	Keydown: i
8.127	DATA	Keydown: e
8.188	DATA	Keydown:  
8.255	DATA	Keydown: Shift
8.327	DATA	Keydown: M
8.455	DATA	Keydown: i
8.591000000000001	DATA	Keydown: l
8.72	DATA	Keydown: l
8.791	DATA	Keydown: e
8.837000000000002	DATA	Keydown: r
15.345000000000002	EXP	Created instText = TextStim( name=instText, win=Window( name=Window, fullscr=true, color=#808080, ~), autoDraw=null, autoLog=true, units=height, pos=[0,0], size=undefined, ori=null, opacity=1, depth=null, clipMask=null, boundingBox={"x":-0.49730592492508563,"y":-0.36506849315068496~, text=In this game you will be asked to guess a random n~, alignHoriz=center, alignVert=center, flipHoriz=null, flipVert=null, font=Arial, height=0.05, wrapWidth=1, bold=null, italic=null, color=#FFFFFF, contrast=1 )
15.349	EXP	Created text_2 = TextStim( name=text_2, win=Window( name=Window, fullscr=true, color=#808080, ~), autoDraw=null, autoLog=true, units=height, pos=[0,0], size=undefined, ori=null, opacity=1, depth=null, clipMask=null, boundingBox={"x":-0.46074202028039385,"y":-0.3089041095890411,~, text=Type in your guess and press “enter” in order to s~, alignHoriz=center, alignVert=center, flipHoriz=null, flipVert=null, font=Arial, height=0.05, wrapWidth=1, bold=null, italic=null, color=#FFFFFF, contrast=1 )
15.350999999999999	EXP	Created instr = TextStim( name=instr, win=Window( name=Window, fullscr=true, color=#808080, ~), autoDraw=null, autoLog=true, units=height, pos=[-0.2,0.2], size=undefined, ori=null, opacity=1, depth=null, clipMask=null, boundingBox={"x":-0.6592922262949487,"y":0.1719178082191781,"w~, text=Type your guess below and press “enter” , alignHoriz=center, alignVert=center, flipHoriz=null, flipVert=null, font=Arial, height=0.05, wrapWidth=1, bold=null, italic=null, color=#FFFFFF, contrast=1 )
15.356000000000002	EXP	Created text = TextStim( name=text, win=Window( name=Window, fullscr=true, color=#808080, ~), autoDraw=null, autoLog=true, units=height, pos=[0,0], size=undefined, ori=null, opacity=1, depth=-1, clipMask=null, boundingBox={"x":0,"y":-0.056164383561643834,"width":0,"height~, text=null, alignHoriz=center, alignVert=center, flipHoriz=null, flipVert=null, font=Arial, height=0.1, wrapWidth=1, bold=null, italic=null, color=#FFFFFF, contrast=1 )
15.358	EXP	Created feedback = TextStim( name=feedback, win=Window( name=Window, fullscr=true, color=#808080, ~), autoDraw=null, autoLog=true, units=height, pos=[0,0.1], size=undefined, ori=null, opacity=1, depth=-2, clipMask=null, boundingBox={"x":0,"y":0.04383561643835617,"width":0,"height":~, text=null, alignHoriz=center, alignVert=center, flipHoriz=null, flipVert=null, font=Arial, height=0.1, wrapWidth=1, bold=null, italic=null, color=#FFFFFF, contrast=1 )
15.36	EXP	Created game_over_text = TextStim( name=game_over_text, win=Window( name=Window, fullscr=true, color=#808080, ~), autoDraw=null, autoLog=true, units=height, pos=[0,0], size=undefined, ori=null, opacity=1, depth=null, clipMask=null, boundingBox={"x":-0.49877854438677227,"y":-0.19657534246575342~, text=Congrats! You win!

Please type the letter “y” if ~, alignHoriz=center, alignVert=center, flipHoriz=null, flipVert=null, font=Arial, height=0.05, wrapWidth=1, bold=null, italic=null, color=#FFFFFF, contrast=1 )
15.402000000000001	EXP	instText: units = height
15.402000000000001	EXP	instText: pos = [0,0]
15.402000000000001	EXP	instText: size = undefined
15.402000000000001	EXP	instText: ori = null
15.402000000000001	EXP	instText: opacity = 1
15.402000000000001	EXP	instText: depth = null
15.402000000000001	EXP	instText: clipMask = null
15.402000000000001	EXP	instText: boundingBox = {"x":0,"y":0,"width":0,"height":0,"type":1}
15.402000000000001	EXP	instText: text = In this game you will be asked to guess a random number from 1 to 1,000 (inclusive). 

Each time you guess, you will receive a hint. That hint will either tell you that your guess was too high or too low. You can use that feedback in your next turn. 

Please note that you must use the number row to type in guesses (not the number pad)! 

Press the space bar to continue...
15.402000000000001	EXP	instText: alignHoriz = center
15.402000000000001	EXP	instText: alignVert = center
15.402000000000001	EXP	instText: flipHoriz = null
15.402000000000001	EXP	instText: flipVert = null
15.402000000000001	EXP	instText: font = Arial
15.402000000000001	EXP	instText: height = 0.05
15.402000000000001	EXP	instText: wrapWidth = 1
15.402000000000001	EXP	instText: bold = null
15.402000000000001	EXP	instText: italic = null
15.402000000000001	EXP	instText: color = #FFFFFF
15.402000000000001	EXP	instText: contrast = 1
15.402000000000001	EXP	text_2: units = height
15.402000000000001	EXP	text_2: pos = [0,0]
15.402000000000001	EXP	text_2: size = undefined
15.402000000000001	EXP	text_2: ori = null
15.402000000000001	EXP	text_2: opacity = 1
15.402000000000001	EXP	text_2: depth = null
15.402000000000001	EXP	text_2: clipMask = null
15.402000000000001	EXP	text_2: boundingBox = {"x":0,"y":0,"width":0,"height":0,"type":1}
15.402000000000001	EXP	text_2: text = Type in your guess and press “enter” in order to submit that guess.

Your final score will be based on a combination of: 1) total time you took to submit each guess, and 2) the number of guesses it took for you to finally get the correct number. 

Press the space bar to start the game…

15.402000000000001	EXP	text_2: alignHoriz = center
15.402000000000001	EXP	text_2: alignVert = center
15.402000000000001	EXP	text_2: flipHoriz = null
15.402000000000001	EXP	text_2: flipVert = null
15.402000000000001	EXP	text_2: font = Arial
15.402000000000001	EXP	text_2: height = 0.05
15.402000000000001	EXP	text_2: wrapWidth = 1
15.402000000000001	EXP	text_2: bold = null
15.402000000000001	EXP	text_2: italic = null
15.402000000000001	EXP	text_2: color = #FFFFFF
15.402000000000001	EXP	text_2: contrast = 1
15.402000000000001	EXP	instr: units = height
15.402000000000001	EXP	instr: pos = [-0.2,0.2]
15.402000000000001	EXP	instr: size = undefined
15.402000000000001	EXP	instr: ori = null
15.402000000000001	EXP	instr: opacity = 1
15.402000000000001	EXP	instr: depth = null
15.402000000000001	EXP	instr: clipMask = null
15.402000000000001	EXP	instr: boundingBox = {"x":0,"y":0,"width":0,"height":0,"type":1}
15.402000000000001	EXP	instr: text = Type your guess below and press “enter” 
15.402000000000001	EXP	instr: alignHoriz = center
15.402000000000001	EXP	instr: alignVert = center
15.402000000000001	EXP	instr: flipHoriz = null
15.402000000000001	EXP	instr: flipVert = null
15.402000000000001	EXP	instr: font = Arial
15.402000000000001	EXP	instr: height = 0.05
15.402000000000001	EXP	instr: wrapWidth = 1
15.402000000000001	EXP	instr: bold = null
15.402000000000001	EXP	instr: italic = null
15.402000000000001	EXP	instr: color = #FFFFFF
15.402000000000001	EXP	instr: contrast = 1
15.402000000000001	EXP	text: units = height
15.402000000000001	EXP	text: pos = [0,0]
15.402000000000001	EXP	text: size = undefined
15.402000000000001	EXP	text: ori = null
15.402000000000001	EXP	text: opacity = 1
15.402000000000001	EXP	text: depth = -1
15.402000000000001	EXP	text: clipMask = null
15.402000000000001	EXP	text: boundingBox = {"x":0,"y":0,"width":0,"height":0,"type":1}
15.402000000000001	EXP	text: text = null
15.402000000000001	EXP	text: alignHoriz = center
15.402000000000001	EXP	text: alignVert = center
15.402000000000001	EXP	text: flipHoriz = null
15.402000000000001	EXP	text: flipVert = null
15.402000000000001	EXP	text: font = Arial
15.402000000000001	EXP	text: height = 0.1
15.402000000000001	EXP	text: wrapWidth = 1
15.402000000000001	EXP	text: bold = null
15.402000000000001	EXP	text: italic = null
15.402000000000001	EXP	text: color = #FFFFFF
15.402000000000001	EXP	text: contrast = 1
15.402000000000001	EXP	feedback: units = height
15.402000000000001	EXP	feedback: pos = [0,0.1]
15.402000000000001	EXP	feedback: size = undefined
15.402000000000001	EXP	feedback: ori = null
15.402000000000001	EXP	feedback: opacity = 1
15.402000000000001	EXP	feedback: depth = -2
15.402000000000001	EXP	feedback: clipMask = null
15.402000000000001	EXP	feedback: boundingBox = {"x":0,"y":0,"width":0,"height":0,"type":1}
15.402000000000001	EXP	feedback: text = null
15.402000000000001	EXP	feedback: alignHoriz = center
15.402000000000001	EXP	feedback: alignVert = center
15.402000000000001	EXP	feedback: flipHoriz = null
15.402000000000001	EXP	feedback: flipVert = null
15.402000000000001	EXP	feedback: font = Arial
15.402000000000001	EXP	feedback: height = 0.1
15.402000000000001	EXP	feedback: wrapWidth = 1
15.402000000000001	EXP	feedback: bold = null
15.402000000000001	EXP	feedback: italic = null
15.402000000000001	EXP	feedback: color = #FFFFFF
15.402000000000001	EXP	feedback: contrast = 1
15.402000000000001	EXP	game_over_text: units = height
15.402000000000001	EXP	game_over_text: pos = [0,0]
15.402000000000001	EXP	game_over_text: size = undefined
15.402000000000001	EXP	game_over_text: ori = null
15.402000000000001	EXP	game_over_text: opacity = 1
15.402000000000001	EXP	game_over_text: depth = null
15.402000000000001	EXP	game_over_text: clipMask = null
15.402000000000001	EXP	game_over_text: boundingBox = {"x":0,"y":0,"width":0,"height":0,"type":1}
15.402000000000001	EXP	game_over_text: text = Congrats! You win!

Please type the letter “y” if you are familiar with binary or bisection search. 
Type the letter “n” if you have never heard of or do not know what binary or bisection search is.
15.402000000000001	EXP	game_over_text: alignHoriz = center
15.402000000000001	EXP	game_over_text: alignVert = center
15.402000000000001	EXP	game_over_text: flipHoriz = null
15.402000000000001	EXP	game_over_text: flipVert = null
15.402000000000001	EXP	game_over_text: font = Arial
15.402000000000001	EXP	game_over_text: height = 0.05
15.402000000000001	EXP	game_over_text: wrapWidth = 1
15.402000000000001	EXP	game_over_text: bold = null
15.402000000000001	EXP	game_over_text: italic = null
15.402000000000001	EXP	game_over_text: color = #FFFFFF
15.402000000000001	EXP	game_over_text: contrast = 1
15.402000000000001	EXP	instText: autoDraw = true
27.757	DATA	Keydown:  
27.78	EXP	instText: autoDraw = null
27.78	EXP	text_2: autoDraw = true
33.779	DATA	Keydown:  
33.812	EXP	text_2: autoDraw = null
33.812	EXP	text: text = null
33.812	EXP	instr: autoDraw = true
33.812	EXP	text: autoDraw = true
33.812	EXP	feedback: autoDraw = true
36.614	DATA	Keydown: 5
36.629	EXP	text: text = 5
36.719	DATA	Keydown: 0
36.730000000000004	EXP	text: text = 50
36.813	DATA	Keydown: 0
36.831	EXP	text: text = 500
37.032000000000004	DATA	Keydown: Enter
37.048	EXP	feedback: text = Too high!
37.048	EXP	text: text = null
39.301	DATA	Keydown: 2
39.316	EXP	text: text = 2
39.434	DATA	Keydown: 5
39.45	EXP	text: text = 25
39.692	DATA	Keydown: 0
39.703	EXP	text: text = 250
39.906	DATA	Keydown: Enter
39.919000000000004	EXP	feedback: text = Too low!
39.919000000000004	EXP	text: text = null
42.872	DATA	Keydown: 3
42.888	EXP	text: text = 3
42.96	DATA	Keydown: 5
42.971000000000004	EXP	text: text = 35
43.007	DATA	Keydown: 0
43.021	EXP	text: text = 350
43.206	DATA	Keydown: Enter
43.222	EXP	feedback: text = Too low!
43.222	EXP	text: text = null
44.879	DATA	Keydown: 4
44.89	EXP	text: text = 4
44.959	DATA	Keydown: 5
44.973	EXP	text: text = 45
45.007	DATA	Keydown: 0
45.022	EXP	text: text = 450
45.208	DATA	Keydown: Enter
45.223	EXP	feedback: text = Too high!
45.223	EXP	text: text = null
46.614	DATA	Keydown: 4
46.625	EXP	text: text = 4
46.679	DATA	Keydown: 0
46.692	EXP	text: text = 40
46.776	DATA	Keydown: 0
46.791000000000004	EXP	text: text = 400
46.976	DATA	Keydown: Enter
46.992	EXP	feedback: text = Too low!
46.992	EXP	text: text = null
49.335	DATA	Keydown: 4
49.344	EXP	text: text = 4
49.513	DATA	Keydown: 2
49.528	EXP	text: text = 42
49.631	DATA	Keydown: 5
49.645	EXP	text: text = 425
49.783	DATA	Keydown: Enter
49.794000000000004	EXP	feedback: text = Too high!
49.794000000000004	EXP	text: text = null
52.284	DATA	Keydown: 4
52.296	EXP	text: text = 4
53.401	DATA	Keydown: 1
53.416000000000004	EXP	text: text = 41
53.519	DATA	Keydown: 5
53.532000000000004	EXP	text: text = 415
53.655	DATA	Keydown: Enter
53.665	EXP	feedback: text = Too high!
53.665	EXP	text: text = null
56.435	DATA	Keydown: 4
56.452	EXP	text: text = 4
57.405	DATA	Keydown: 1
57.42	EXP	text: text = 41
57.504	DATA	Keydown: 0
57.519	EXP	text: text = 410
57.721000000000004	DATA	Keydown: Enter
57.735	EXP	feedback: text = Too high!
57.735	EXP	text: text = null
59.488	DATA	Keydown: 4
59.504	EXP	text: text = 4
59.655	DATA	Keydown: 0
59.67	EXP	text: text = 40
59.927	DATA	Keydown: 5
59.939	EXP	text: text = 405
60.056	DATA	Keydown: Enter
60.072	EXP	feedback: text = Too low!
60.072	EXP	text: text = null
62.124	DATA	Keydown: 4
62.14	EXP	text: text = 4
62.224000000000004	DATA	Keydown: 0
62.24	EXP	text: text = 40
62.575	DATA	Keydown: 7
62.591	EXP	text: text = 407
62.679	DATA	Keydown: Enter
62.691	EXP	feedback: text = Too low!
62.691	EXP	text: text = null
63.925	DATA	Keydown: 4
63.94200000000001	EXP	text: text = 4
64.031	DATA	Keydown: 0
64.042	EXP	text: text = 40
64.214	DATA	Keydown: 8
64.226	EXP	text: text = 408
64.415	DATA	Keydown: Enter
64.433	EXP	instr: autoDraw = null
64.433	EXP	text: autoDraw = null
64.433	EXP	feedback: autoDraw = null
64.433	EXP	text: text = null
64.433	EXP	game_over_text: autoDraw = true
71.468	DATA	Keydown: y
